[17/02/2025 01:06:03][TRADE]Catoncio_1 traded 5x Ghast Tear for 64x Apple in shop botanicos on page "Page 47386"
[17/02/2025 01:06:08][TRADE]Catoncio_1 traded 5x Ghast Tear for 64x Sugar Cane in shop botanicos on page "Page 47386"
[17/02/2025 01:06:14][TRADE]Catoncio_1 traded 5x Ghast Tear for 64x Wheat in shop botanicos on page "Page 47386"
[17/02/2025 01:06:18][TRADE]Catoncio_1 traded 5x Ghast Tear for 64x Cactus in shop botanicos on page "Page 47386"
[17/02/2025 01:06:18][TRADE]Catoncio_1 traded 5x Ghast Tear for 64x Lily Pad in shop botanicos on page "Page 47386"
[17/02/2025 01:06:20][TRADE]Catoncio_1 traded 5x Ghast Tear for 64x Wheat in shop botanicos on page "Page 47386"
[17/02/2025 01:06:22][TRADE]Catoncio_1 traded 5x Ghast Tear for 64x Sea Pickle in shop botanicos on page "Page 47386"
[17/02/2025 01:06:22][TRADE]Catoncio_1 traded 5x Ghast Tear for 64x Sea Pickle in shop botanicos on page "Page 47386"
[17/02/2025 01:06:23][TRADE]Catoncio_1 traded 5x Ghast Tear for 64x Carrot in shop botanicos on page "Page 47386"
[17/02/2025 14:37:51][TRADE]Catoncio_1 traded 25x Ghast Tear for 64x Apple in shop botanicos on page "Page 47386"
[17/02/2025 14:37:51][TRADE]Catoncio_1 traded 25x Ghast Tear for 64x Carrot in shop botanicos on page "Page 47386"
[17/02/2025 14:37:52][TRADE]Catoncio_1 traded 25x Ghast Tear for 64x Potato in shop botanicos on page "Page 47386"
[17/02/2025 14:37:52][TRADE]Catoncio_1 traded 25x Ghast Tear for 64x Melon Slice in shop botanicos on page "Page 47386"
[17/02/2025 14:37:56][TRADE]Catoncio_1 traded 25x Ghast Tear for 64x Beetroot in shop botanicos on page "Page 47386"
[17/02/2025 14:37:57][TRADE]Catoncio_1 traded 25x Ghast Tear for 64x Bamboo in shop botanicos on page "Page 47386"
[17/02/2025 14:37:57][TRADE]Catoncio_1 traded 25x Ghast Tear for 64x Beetroot in shop botanicos on page "Page 47386"
[17/02/2025 14:37:58][TRADE]Catoncio_1 traded 25x Ghast Tear for 64x Cocoa Beans in shop botanicos on page "Page 47386"
[17/02/2025 14:37:59][TRADE]Catoncio_1 traded 25x Ghast Tear for 64x Kelp in shop botanicos on page "Page 47386"
[17/02/2025 14:37:59][TRADE]Catoncio_1 traded 25x Ghast Tear for 64x Carrot in shop botanicos on page "Page 47386"
[17/02/2025 14:38:00][TRADE]Catoncio_1 traded 25x Ghast Tear for 64x Kelp in shop botanicos on page "Page 47386"
[17/02/2025 14:38:00][TRADE]Catoncio_1 traded 25x Ghast Tear for 64x Cactus in shop botanicos on page "Page 47386"
[17/02/2025 14:38:02][TRADE]Catoncio_1 traded 25x Ghast Tear for 64x Wheat in shop botanicos on page "Page 47386"
[17/02/2025 14:38:03][TRADE]Catoncio_1 traded 25x Ghast Tear for 64x Carrot in shop botanicos on page "Page 47386"
[17/02/2025 14:38:04][TRADE]Catoncio_1 traded 25x Ghast Tear for 64x Pumpkin in shop botanicos on page "Page 47386"
[17/02/2025 14:38:06][TRADE]Catoncio_1 traded 25x Ghast Tear for 64x Potato in shop botanicos on page "Page 47386"
[17/02/2025 14:44:21][TRADE]Catoncio_1 traded 25x Ghast Tear for 64x Apple in shop botanicos on page "Page 47386"
[17/02/2025 14:44:22][TRADE]Catoncio_1 traded 25x Ghast Tear for 64x Carrot in shop botanicos on page "Page 47386"
[17/02/2025 14:44:22][TRADE]Catoncio_1 traded 25x Ghast Tear for 64x Potato in shop botanicos on page "Page 47386"
[17/02/2025 14:44:23][TRADE]Catoncio_1 traded 25x Ghast Tear for 64x Melon Slice in shop botanicos on page "Page 47386"
[17/02/2025 14:44:23][TRADE]Catoncio_1 traded 25x Ghast Tear for 64x Sugar Cane in shop botanicos on page "Page 47386"
[17/02/2025 14:44:24][TRADE]Catoncio_1 traded 25x Ghast Tear for 64x Potato in shop botanicos on page "Page 47386"
[17/02/2025 14:44:25][TRADE]Catoncio_1 traded 25x Ghast Tear for 64x Beetroot in shop botanicos on page "Page 47386"
[17/02/2025 14:44:26][TRADE]Catoncio_1 traded 25x Ghast Tear for 64x Beetroot in shop botanicos on page "Page 47386"
[17/02/2025 14:44:26][TRADE]Catoncio_1 traded 25x Ghast Tear for 64x Wheat in shop botanicos on page "Page 47386"
[17/02/2025 14:44:27][TRADE]Catoncio_1 traded 25x Ghast Tear for 64x Cocoa Beans in shop botanicos on page "Page 47386"
[17/02/2025 14:44:28][TRADE]Catoncio_1 traded 25x Ghast Tear for 64x Carrot in shop botanicos on page "Page 47386"
[17/02/2025 14:44:30][TRADE]Catoncio_1 traded 25x Ghast Tear for 64x Lily Pad in shop botanicos on page "Page 47386"
[17/02/2025 14:44:32][TRADE]Catoncio_1 traded 25x Ghast Tear for 64x Sea Pickle in shop botanicos on page "Page 47386"
[17/02/2025 14:51:09][TRADE]Catoncio_1 traded 25x Ghast Tear for 64x Apple in shop botanicos on page "Page 47386"
[17/02/2025 14:51:09][TRADE]Catoncio_1 traded 25x Ghast Tear for 64x Carrot in shop botanicos on page "Page 47386"
[17/02/2025 14:51:13][TRADE]Catoncio_1 traded 25x Ghast Tear for 64x Beetroot in shop botanicos on page "Page 47386"
[17/02/2025 14:51:14][TRADE]Catoncio_1 traded 25x Ghast Tear for 64x Bamboo in shop botanicos on page "Page 47386"
[17/02/2025 14:51:15][TRADE]Catoncio_1 traded 25x Ghast Tear for 64x Pumpkin in shop botanicos on page "Page 47386"
[17/02/2025 14:51:15][TRADE]Catoncio_1 traded 25x Ghast Tear for 64x Carrot in shop botanicos on page "Page 47386"
[17/02/2025 14:51:16][TRADE]Catoncio_1 traded 25x Ghast Tear for 64x Sea Pickle in shop botanicos on page "Page 47386"
[17/02/2025 14:51:16][TRADE]Catoncio_1 traded 25x Ghast Tear for 64x Beetroot in shop botanicos on page "Page 47386"
[17/02/2025 14:51:17][TRADE]Catoncio_1 traded 25x Ghast Tear for 64x Wheat in shop botanicos on page "Page 47386"
[17/02/2025 14:51:18][TRADE]Catoncio_1 traded 25x Ghast Tear for 64x Cocoa Beans in shop botanicos on page "Page 47386"
[17/02/2025 14:51:18][TRADE]Catoncio_1 traded 25x Ghast Tear for 64x Kelp in shop botanicos on page "Page 47386"
[17/02/2025 14:51:19][TRADE]Catoncio_1 traded 25x Ghast Tear for 64x Carrot in shop botanicos on page "Page 47386"
[17/02/2025 14:51:19][TRADE]Catoncio_1 traded 25x Ghast Tear for 64x Kelp in shop botanicos on page "Page 47386"
[17/02/2025 14:51:20][TRADE]Catoncio_1 traded 25x Ghast Tear for 64x Cactus in shop botanicos on page "Page 47386"
[17/02/2025 14:51:20][TRADE]Catoncio_1 traded 25x Ghast Tear for 64x Lily Pad in shop botanicos on page "Page 47386"
[17/02/2025 14:51:21][TRADE]Catoncio_1 traded 25x Ghast Tear for 64x Wheat in shop botanicos on page "Page 47386"
[17/02/2025 14:57:00][TRADE]Catoncio_1 traded 25x Ghast Tear for 64x Apple in shop botanicos on page "Page 47386"
[17/02/2025 14:57:01][TRADE]Catoncio_1 traded 25x Ghast Tear for 64x Carrot in shop botanicos on page "Page 47386"
[17/02/2025 14:57:01][TRADE]Catoncio_1 traded 25x Ghast Tear for 64x Potato in shop botanicos on page "Page 47386"
[17/02/2025 14:57:02][TRADE]Catoncio_1 traded 25x Ghast Tear for 64x Melon Slice in shop botanicos on page "Page 47386"
[17/02/2025 14:57:02][TRADE]Catoncio_1 traded 25x Ghast Tear for 64x Sugar Cane in shop botanicos on page "Page 47386"
[17/02/2025 14:57:03][TRADE]Catoncio_1 traded 25x Ghast Tear for 64x Potato in shop botanicos on page "Page 47386"
[17/02/2025 14:57:03][TRADE]Catoncio_1 traded 25x Ghast Tear for 64x Beetroot in shop botanicos on page "Page 47386"
[17/02/2025 14:57:05][TRADE]Catoncio_1 traded 25x Ghast Tear for 64x Beetroot in shop botanicos on page "Page 47386"
[17/02/2025 14:57:05][TRADE]Catoncio_1 traded 25x Ghast Tear for 64x Wheat in shop botanicos on page "Page 47386"
[17/02/2025 14:57:06][TRADE]Catoncio_1 traded 25x Ghast Tear for 64x Cocoa Beans in shop botanicos on page "Page 47386"
[17/02/2025 14:57:06][TRADE]Catoncio_1 traded 25x Ghast Tear for 64x Carrot in shop botanicos on page "Page 47386"
[17/02/2025 14:57:07][TRADE]Catoncio_1 traded 25x Ghast Tear for 64x Kelp in shop botanicos on page "Page 47386"
[17/02/2025 14:57:07][TRADE]Catoncio_1 traded 25x Ghast Tear for 64x Lily Pad in shop botanicos on page "Page 47386"
[17/02/2025 14:57:08][TRADE]Catoncio_1 traded 25x Ghast Tear for 64x Cactus in shop botanicos on page "Page 47386"
[17/02/2025 14:57:09][TRADE]Catoncio_1 traded 25x Ghast Tear for 64x Wheat in shop botanicos on page "Page 47386"
[17/02/2025 14:57:09][TRADE]Catoncio_1 traded 25x Ghast Tear for 64x Sea Pickle in shop botanicos on page "Page 47386"
[17/02/2025 14:57:10][TRADE]Catoncio_1 traded 25x Ghast Tear for 64x Carrot in shop botanicos on page "Page 47386"
[17/02/2025 15:08:32][TRADE]Catoncio_1 traded 25x Ghast Tear for 64x Apple in shop botanicos on page "Page 47386"
[17/02/2025 15:08:32][TRADE]Catoncio_1 traded 25x Ghast Tear for 64x Potato in shop botanicos on page "Page 47386"
[17/02/2025 15:08:32][TRADE]Catoncio_1 traded 25x Ghast Tear for 64x Melon Slice in shop botanicos on page "Page 47386"
[17/02/2025 15:08:33][TRADE]Catoncio_1 traded 25x Ghast Tear for 64x Potato in shop botanicos on page "Page 47386"
[17/02/2025 15:08:34][TRADE]Catoncio_1 traded 25x Ghast Tear for 64x Beetroot in shop botanicos on page "Page 47386"
[17/02/2025 15:08:35][TRADE]Catoncio_1 traded 25x Ghast Tear for 64x Pumpkin in shop botanicos on page "Page 47386"
[17/02/2025 15:08:35][TRADE]Catoncio_1 traded 25x Ghast Tear for 64x Carrot in shop botanicos on page "Page 47386"
[17/02/2025 15:08:35][TRADE]Catoncio_1 traded 25x Ghast Tear for 64x Sea Pickle in shop botanicos on page "Page 47386"
[17/02/2025 15:08:36][TRADE]Catoncio_1 traded 25x Ghast Tear for 64x Beetroot in shop botanicos on page "Page 47386"
[17/02/2025 15:08:37][TRADE]Catoncio_1 traded 25x Ghast Tear for 64x Cocoa Beans in shop botanicos on page "Page 47386"
[17/02/2025 15:08:38][TRADE]Catoncio_1 traded 25x Ghast Tear for 64x Cactus in shop botanicos on page "Page 47386"
[17/02/2025 15:08:39][TRADE]Catoncio_1 traded 25x Ghast Tear for 64x Wheat in shop botanicos on page "Page 47386"
[17/02/2025 15:08:43][TRADE]Catoncio_1 traded 25x Ghast Tear for 64x Carrot in shop botanicos on page "Page 47386"
[17/02/2025 15:08:47][TRADE]Catoncio_1 traded 25x Ghast Tear for 64x Carrot in shop botanicos on page "Page 47386"
[17/02/2025 15:09:38][TRADE]Catoncio_1 traded 64x Apple for 50x Ghast Tear in shop botanicos on page "Page 46136"
[17/02/2025 15:09:43][TRADE]Catoncio_1 traded 25x Ghast Tear for 64x Apple in shop botanicos on page "Page 47386"
[17/02/2025 15:09:44][TRADE]Catoncio_1 traded 25x Ghast Tear for 64x Carrot in shop botanicos on page "Page 47386"
[17/02/2025 15:09:44][TRADE]Catoncio_1 traded 25x Ghast Tear for 64x Melon Slice in shop botanicos on page "Page 47386"
[17/02/2025 15:09:45][TRADE]Catoncio_1 traded 25x Ghast Tear for 64x Sugar Cane in shop botanicos on page "Page 47386"
[17/02/2025 15:09:45][TRADE]Catoncio_1 traded 25x Ghast Tear for 64x Potato in shop botanicos on page "Page 47386"
[17/02/2025 15:09:47][TRADE]Catoncio_1 traded 25x Ghast Tear for 64x Beetroot in shop botanicos on page "Page 47386"
[17/02/2025 15:09:47][TRADE]Catoncio_1 traded 25x Ghast Tear for 64x Bamboo in shop botanicos on page "Page 47386"
[17/02/2025 15:09:47][TRADE]Catoncio_1 traded 25x Ghast Tear for 64x Pumpkin in shop botanicos on page "Page 47386"
[17/02/2025 15:09:48][TRADE]Catoncio_1 traded 25x Ghast Tear for 64x Carrot in shop botanicos on page "Page 47386"
[17/02/2025 15:09:48][TRADE]Catoncio_1 traded 25x Ghast Tear for 64x Sea Pickle in shop botanicos on page "Page 47386"
[17/02/2025 15:09:49][TRADE]Catoncio_1 traded 25x Ghast Tear for 64x Beetroot in shop botanicos on page "Page 47386"
[17/02/2025 15:09:49][TRADE]Catoncio_1 traded 25x Ghast Tear for 64x Wheat in shop botanicos on page "Page 47386"
[17/02/2025 15:09:49][TRADE]Catoncio_1 traded 25x Ghast Tear for 64x Cocoa Beans in shop botanicos on page "Page 47386"
[17/02/2025 15:09:50][TRADE]Catoncio_1 traded 25x Ghast Tear for 64x Kelp in shop botanicos on page "Page 47386"
[17/02/2025 15:09:50][TRADE]Catoncio_1 traded 25x Ghast Tear for 64x Carrot in shop botanicos on page "Page 47386"
[17/02/2025 15:09:50][TRADE]Catoncio_1 traded 25x Ghast Tear for 64x Kelp in shop botanicos on page "Page 47386"
[17/02/2025 15:09:51][TRADE]Catoncio_1 traded 25x Ghast Tear for 64x Lily Pad in shop botanicos on page "Page 47386"
[17/02/2025 15:09:52][TRADE]Catoncio_1 traded 25x Ghast Tear for 64x Wheat in shop botanicos on page "Page 47386"
[17/02/2025 15:09:53][TRADE]Catoncio_1 traded 25x Ghast Tear for 64x Pumpkin in shop botanicos on page "Page 47386"
[17/02/2025 15:09:53][TRADE]Catoncio_1 traded 25x Ghast Tear for 64x Beetroot in shop botanicos on page "Page 47386"
[17/02/2025 15:09:54][TRADE]Catoncio_1 traded 25x Ghast Tear for 64x Wheat in shop botanicos on page "Page 47386"
[17/02/2025 15:09:55][TRADE]Catoncio_1 traded 25x Ghast Tear for 64x Carrot in shop botanicos on page "Page 47386"
[17/02/2025 15:10:00][TRADE]Catoncio_1 traded 25x Ghast Tear for 64x Wheat in shop botanicos on page "Page 47386"
[17/02/2025 15:10:01][TRADE]Catoncio_1 traded 25x Ghast Tear for 64x Beetroot in shop botanicos on page "Page 47386"
[17/02/2025 15:10:04][TRADE]Catoncio_1 traded 25x Ghast Tear for 64x Potato in shop botanicos on page "Page 47386"
[17/02/2025 15:10:05][TRADE]Catoncio_1 traded 25x Ghast Tear for 64x Bamboo in shop botanicos on page "Page 47386"
[17/02/2025 15:10:31][TRADE]Catoncio_1 traded 25x Ghast Tear for 64x Potato in shop botanicos on page "Page 47386"
[17/02/2025 15:10:32][TRADE]Catoncio_1 traded 25x Ghast Tear for 64x Lily Pad in shop botanicos on page "Page 47386"
[17/02/2025 15:10:33][TRADE]Catoncio_1 traded 25x Ghast Tear for 64x Cactus in shop botanicos on page "Page 47386"
[17/02/2025 15:10:35][TRADE]Catoncio_1 traded 25x Ghast Tear for 64x Kelp in shop botanicos on page "Page 47386"
[17/02/2025 15:10:35][TRADE]Catoncio_1 traded 25x Ghast Tear for 64x Kelp in shop botanicos on page "Page 47386"
[17/02/2025 15:10:39][TRADE]Catoncio_1 traded 25x Ghast Tear for 64x Sugar Cane in shop botanicos on page "Page 47386"
[17/02/2025 15:11:14][TRADE]Catoncio_1 traded 25x Ghast Tear for 64x Sea Pickle in shop botanicos on page "Page 47386"
[17/02/2025 15:25:34][TRADE]Catoncio_1 traded 25x Ghast Tear for 64x Potato in shop botanicos on page "Page 47386"
[17/02/2025 15:25:35][TRADE]Catoncio_1 traded 25x Ghast Tear for 64x Sugar Cane in shop botanicos on page "Page 47386"
[17/02/2025 15:25:36][TRADE]Catoncio_1 traded 25x Ghast Tear for 64x Potato in shop botanicos on page "Page 47386"
[17/02/2025 15:25:37][TRADE]Catoncio_1 traded 25x Ghast Tear for 64x Beetroot in shop botanicos on page "Page 47386"
[17/02/2025 15:25:38][TRADE]Catoncio_1 traded 25x Ghast Tear for 64x Beetroot in shop botanicos on page "Page 47386"
[17/02/2025 15:25:38][TRADE]Catoncio_1 traded 25x Ghast Tear for 64x Wheat in shop botanicos on page "Page 47386"
[17/02/2025 15:25:38][TRADE]Catoncio_1 traded 25x Ghast Tear for 64x Cocoa Beans in shop botanicos on page "Page 47386"
[17/02/2025 15:25:39][TRADE]Catoncio_1 traded 25x Ghast Tear for 64x Kelp in shop botanicos on page "Page 47386"
[17/02/2025 15:25:39][TRADE]Catoncio_1 traded 25x Ghast Tear for 64x Carrot in shop botanicos on page "Page 47386"
[17/02/2025 15:25:41][TRADE]Catoncio_1 traded 25x Ghast Tear for 64x Lily Pad in shop botanicos on page "Page 47386"
[17/02/2025 15:25:41][TRADE]Catoncio_1 traded 25x Ghast Tear for 64x Wheat in shop botanicos on page "Page 47386"
[17/02/2025 15:25:42][TRADE]Catoncio_1 traded 25x Ghast Tear for 64x Wheat in shop botanicos on page "Page 47386"
[17/02/2025 15:25:43][TRADE]Catoncio_1 traded 25x Ghast Tear for 64x Sea Pickle in shop botanicos on page "Page 47386"
[17/02/2025 15:25:43][TRADE]Catoncio_1 traded 25x Ghast Tear for 64x Carrot in shop botanicos on page "Page 47386"
[17/02/2025 15:25:44][TRADE]Catoncio_1 traded 25x Ghast Tear for 64x Pumpkin in shop botanicos on page "Page 47386"
[17/02/2025 15:25:46][TRADE]Catoncio_1 traded 25x Ghast Tear for 64x Lily Pad in shop botanicos on page "Page 47386"
[17/02/2025 15:26:50][TRADE]Catoncio_1 traded 25x Ghast Tear for 64x Apple in shop botanicos on page "Page 47386"
[17/02/2025 15:26:51][TRADE]Catoncio_1 traded 25x Ghast Tear for 64x Apple in shop botanicos on page "Page 47386"
[17/02/2025 15:26:51][TRADE]Catoncio_1 traded 25x Ghast Tear for 64x Carrot in shop botanicos on page "Page 47386"
[17/02/2025 15:26:51][TRADE]Catoncio_1 traded 25x Ghast Tear for 64x Carrot in shop botanicos on page "Page 47386"
[17/02/2025 15:26:52][TRADE]Catoncio_1 traded 25x Ghast Tear for 64x Potato in shop botanicos on page "Page 47386"
[17/02/2025 15:26:52][TRADE]Catoncio_1 traded 25x Ghast Tear for 64x Potato in shop botanicos on page "Page 47386"
[17/02/2025 15:26:53][TRADE]Catoncio_1 traded 25x Ghast Tear for 64x Melon Slice in shop botanicos on page "Page 47386"
[17/02/2025 15:26:53][TRADE]Catoncio_1 traded 25x Ghast Tear for 64x Sugar Cane in shop botanicos on page "Page 47386"
[17/02/2025 15:26:54][TRADE]Catoncio_1 traded 25x Ghast Tear for 64x Potato in shop botanicos on page "Page 47386"
[17/02/2025 15:26:54][TRADE]Catoncio_1 traded 25x Ghast Tear for 64x Potato in shop botanicos on page "Page 47386"
[17/02/2025 15:26:55][TRADE]Catoncio_1 traded 25x Ghast Tear for 64x Beetroot in shop botanicos on page "Page 47386"
[17/02/2025 15:26:57][TRADE]Catoncio_1 traded 25x Ghast Tear for 64x Beetroot in shop botanicos on page "Page 47386"
[17/02/2025 15:26:58][TRADE]Catoncio_1 traded 25x Ghast Tear for 64x Wheat in shop botanicos on page "Page 47386"
[17/02/2025 15:26:58][TRADE]Catoncio_1 traded 25x Ghast Tear for 64x Wheat in shop botanicos on page "Page 47386"
[17/02/2025 15:26:58][TRADE]Catoncio_1 traded 25x Ghast Tear for 64x Cocoa Beans in shop botanicos on page "Page 47386"
[17/02/2025 15:26:59][TRADE]Catoncio_1 traded 25x Ghast Tear for 64x Cocoa Beans in shop botanicos on page "Page 47386"
[17/02/2025 15:26:59][TRADE]Catoncio_1 traded 25x Ghast Tear for 64x Carrot in shop botanicos on page "Page 47386"
[17/02/2025 15:26:59][TRADE]Catoncio_1 traded 25x Ghast Tear for 64x Kelp in shop botanicos on page "Page 47386"
[17/02/2025 15:27:00][TRADE]Catoncio_1 traded 25x Ghast Tear for 64x Kelp in shop botanicos on page "Page 47386"
[17/02/2025 15:27:01][TRADE]Catoncio_1 traded 25x Ghast Tear for 64x Cactus in shop botanicos on page "Page 47386"
[17/02/2025 15:27:02][TRADE]Catoncio_1 traded 25x Ghast Tear for 64x Lily Pad in shop botanicos on page "Page 47386"
[17/02/2025 15:27:03][TRADE]Catoncio_1 traded 25x Ghast Tear for 64x Wheat in shop botanicos on page "Page 47386"
[17/02/2025 15:27:04][TRADE]Catoncio_1 traded 25x Ghast Tear for 64x Sea Pickle in shop botanicos on page "Page 47386"
[17/02/2025 15:27:05][TRADE]Catoncio_1 traded 25x Ghast Tear for 64x Carrot in shop botanicos on page "Page 47386"
[17/02/2025 15:27:05][TRADE]Catoncio_1 traded 25x Ghast Tear for 64x Carrot in shop botanicos on page "Page 47386"
[17/02/2025 15:27:08][TRADE]Catoncio_1 traded 25x Ghast Tear for 64x Carrot in shop botanicos on page "Page 47386"
[17/02/2025 15:27:08][TRADE]Catoncio_1 traded 25x Ghast Tear for 64x Carrot in shop botanicos on page "Page 47386"
[17/02/2025 15:27:55][TRADE]Catoncio_1 traded 25x Ghast Tear for 64x Apple in shop botanicos on page "Page 47386"
[17/02/2025 15:27:56][TRADE]Catoncio_1 traded 25x Ghast Tear for 64x Melon Slice in shop botanicos on page "Page 47386"
[17/02/2025 15:27:57][TRADE]Catoncio_1 traded 25x Ghast Tear for 64x Bamboo in shop botanicos on page "Page 47386"
[17/02/2025 15:27:58][TRADE]Catoncio_1 traded 25x Ghast Tear for 64x Bamboo in shop botanicos on page "Page 47386"
[17/02/2025 15:27:59][TRADE]Catoncio_1 traded 25x Ghast Tear for 64x Kelp in shop botanicos on page "Page 47386"
[17/02/2025 15:28:00][TRADE]Catoncio_1 traded 25x Ghast Tear for 64x Carrot in shop botanicos on page "Page 47386"
[17/02/2025 15:28:03][TRADE]Catoncio_1 traded 25x Ghast Tear for 64x Lily Pad in shop botanicos on page "Page 47386"
[17/02/2025 15:28:04][TRADE]Catoncio_1 traded 25x Ghast Tear for 64x Kelp in shop botanicos on page "Page 47386"
[17/02/2025 15:28:06][TRADE]Catoncio_1 traded 25x Ghast Tear for 64x Cocoa Beans in shop botanicos on page "Page 47386"
[17/02/2025 15:29:39][TRADE]luiguiwar traded 25x Ghast Tear for 64x Apple in shop botanicos on page "Page 47386"
[17/02/2025 15:29:39][TRADE]luiguiwar traded 25x Ghast Tear for 64x Carrot in shop botanicos on page "Page 47386"
[17/02/2025 15:29:43][TRADE]luiguiwar traded 25x Ghast Tear for 64x Apple in shop botanicos on page "Page 47386"
[17/02/2025 15:29:43][TRADE]luiguiwar traded 25x Ghast Tear for 64x Carrot in shop botanicos on page "Page 47386"
[17/02/2025 15:29:43][TRADE]luiguiwar traded 25x Ghast Tear for 64x Apple in shop botanicos on page "Page 47386"
[17/02/2025 15:29:46][TRADE]luiguiwar traded 25x Ghast Tear for 64x Kelp in shop botanicos on page "Page 47386"
[17/02/2025 15:29:46][TRADE]luiguiwar traded 25x Ghast Tear for 64x Wheat in shop botanicos on page "Page 47386"
[17/02/2025 15:29:47][TRADE]luiguiwar traded 25x Ghast Tear for 64x Melon Slice in shop botanicos on page "Page 47386"
[17/02/2025 15:29:47][TRADE]luiguiwar traded 25x Ghast Tear for 64x Melon Slice in shop botanicos on page "Page 47386"
[17/02/2025 15:29:47][TRADE]luiguiwar traded 25x Ghast Tear for 64x Sugar Cane in shop botanicos on page "Page 47386"
[17/02/2025 15:29:48][TRADE]luiguiwar traded 25x Ghast Tear for 64x Wheat in shop botanicos on page "Page 47386"
[17/02/2025 15:29:50][TRADE]luiguiwar traded 25x Ghast Tear for 64x Beetroot in shop botanicos on page "Page 47386"
[17/02/2025 15:29:50][TRADE]luiguiwar traded 25x Ghast Tear for 64x Potato in shop botanicos on page "Page 47386"
[17/02/2025 15:29:50][TRADE]luiguiwar traded 25x Ghast Tear for 64x Beetroot in shop botanicos on page "Page 47386"
[17/02/2025 15:29:52][TRADE]luiguiwar traded 25x Ghast Tear for 64x Carrot in shop botanicos on page "Page 47386"
[17/02/2025 15:34:04][TRADE]NivlekNot traded 25x Ghast Tear for 64x Beetroot in shop botanicos on page "Page 47386"
[17/02/2025 15:34:04][TRADE]NivlekNot traded 25x Ghast Tear for 64x Beetroot in shop botanicos on page "Page 47386"
[17/02/2025 15:34:05][TRADE]NivlekNot traded 25x Ghast Tear for 64x Beetroot in shop botanicos on page "Page 47386"
[17/02/2025 15:34:05][TRADE]NivlekNot traded 25x Ghast Tear for 64x Beetroot in shop botanicos on page "Page 47386"
[17/02/2025 15:34:05][TRADE]NivlekNot traded 25x Ghast Tear for 64x Beetroot in shop botanicos on page "Page 47386"
[17/02/2025 15:34:07][TRADE]NivlekNot traded 25x Ghast Tear for 64x Cocoa Beans in shop botanicos on page "Page 47386"
[17/02/2025 15:34:10][TRADE]NivlekNot traded 25x Ghast Tear for 64x Kelp in shop botanicos on page "Page 47386"
[17/02/2025 15:34:11][TRADE]NivlekNot traded 25x Ghast Tear for 64x Lily Pad in shop botanicos on page "Page 47386"
[17/02/2025 15:34:12][TRADE]NivlekNot traded 25x Ghast Tear for 64x Pumpkin in shop botanicos on page "Page 47386"
[17/02/2025 15:34:14][TRADE]NivlekNot traded 25x Ghast Tear for 64x Cocoa Beans in shop botanicos on page "Page 47386"
[17/02/2025 15:34:24][TRADE]NivlekNot traded 25x Ghast Tear for 64x Bamboo in shop botanicos on page "Page 47386"
[17/02/2025 15:34:25][TRADE]NivlekNot traded 25x Ghast Tear for 64x Beetroot in shop botanicos on page "Page 47386"
[17/02/2025 15:34:33][TRADE]NivlekNot traded 25x Ghast Tear for 64x Carrot in shop botanicos on page "Page 47386"
[17/02/2025 15:34:37][TRADE]NivlekNot traded 25x Ghast Tear for 64x Apple in shop botanicos on page "Page 47386"
[17/02/2025 15:34:37][TRADE]NivlekNot traded 25x Ghast Tear for 64x Apple in shop botanicos on page "Page 47386"
[17/02/2025 15:37:56][TRADE]Catoncio_1 traded 25x Ghast Tear for 64x Apple in shop botanicos on page "Page 47386"
[17/02/2025 15:37:56][TRADE]Catoncio_1 traded 25x Ghast Tear for 64x Apple in shop botanicos on page "Page 47386"
[17/02/2025 15:37:58][TRADE]Catoncio_1 traded 25x Ghast Tear for 64x Carrot in shop botanicos on page "Page 47386"
[17/02/2025 15:37:59][TRADE]Catoncio_1 traded 25x Ghast Tear for 64x Carrot in shop botanicos on page "Page 47386"
[17/02/2025 15:38:00][TRADE]Catoncio_1 traded 25x Ghast Tear for 64x Potato in shop botanicos on page "Page 47386"
[17/02/2025 15:38:01][TRADE]Catoncio_1 traded 25x Ghast Tear for 64x Melon Slice in shop botanicos on page "Page 47386"
[17/02/2025 15:38:03][TRADE]Catoncio_1 traded 25x Ghast Tear for 64x Sugar Cane in shop botanicos on page "Page 47386"
[17/02/2025 15:38:04][TRADE]Catoncio_1 traded 25x Ghast Tear for 64x Potato in shop botanicos on page "Page 47386"
[17/02/2025 15:38:04][TRADE]Catoncio_1 traded 25x Ghast Tear for 64x Potato in shop botanicos on page "Page 47386"
[17/02/2025 15:38:05][TRADE]Catoncio_1 traded 25x Ghast Tear for 64x Beetroot in shop botanicos on page "Page 47386"
[17/02/2025 15:38:06][TRADE]Catoncio_1 traded 25x Ghast Tear for 64x Bamboo in shop botanicos on page "Page 47386"
[17/02/2025 15:38:07][TRADE]Catoncio_1 traded 25x Ghast Tear for 64x Beetroot in shop botanicos on page "Page 47386"
[17/02/2025 15:38:08][TRADE]Catoncio_1 traded 25x Ghast Tear for 64x Beetroot in shop botanicos on page "Page 47386"
[17/02/2025 15:38:09][TRADE]Catoncio_1 traded 25x Ghast Tear for 64x Wheat in shop botanicos on page "Page 47386"
[17/02/2025 15:38:09][TRADE]Catoncio_1 traded 25x Ghast Tear for 64x Wheat in shop botanicos on page "Page 47386"
[17/02/2025 15:38:10][TRADE]Catoncio_1 traded 25x Ghast Tear for 64x Cocoa Beans in shop botanicos on page "Page 47386"
[17/02/2025 15:38:11][TRADE]Catoncio_1 traded 25x Ghast Tear for 64x Kelp in shop botanicos on page "Page 47386"
[17/02/2025 15:38:12][TRADE]Catoncio_1 traded 25x Ghast Tear for 64x Carrot in shop botanicos on page "Page 47386"
[17/02/2025 15:38:14][TRADE]Catoncio_1 traded 25x Ghast Tear for 64x Kelp in shop botanicos on page "Page 47386"
[17/02/2025 15:38:15][TRADE]Catoncio_1 traded 25x Ghast Tear for 64x Cactus in shop botanicos on page "Page 47386"
[17/02/2025 15:38:15][TRADE]Catoncio_1 traded 25x Ghast Tear for 64x Cactus in shop botanicos on page "Page 47386"
[17/02/2025 15:38:16][TRADE]Catoncio_1 traded 25x Ghast Tear for 64x Lily Pad in shop botanicos on page "Page 47386"
[17/02/2025 15:38:17][TRADE]Catoncio_1 traded 25x Ghast Tear for 64x Pumpkin in shop botanicos on page "Page 47386"
[17/02/2025 15:38:19][TRADE]Catoncio_1 traded 25x Ghast Tear for 64x Wheat in shop botanicos on page "Page 47386"
[17/02/2025 15:38:20][TRADE]Catoncio_1 traded 25x Ghast Tear for 64x Sea Pickle in shop botanicos on page "Page 47386"
[17/02/2025 15:38:51][TRADE]NivlekNot traded 25x Ghast Tear for 64x Pumpkin in shop botanicos on page "Page 47386"
[17/02/2025 15:39:25][TRADE]NivlekNot traded 25x Ghast Tear for 64x Bamboo in shop botanicos on page "Page 47386"
[17/02/2025 15:39:27][TRADE]NivlekNot traded 25x Ghast Tear for 64x Lily Pad in shop botanicos on page "Page 47386"
[17/02/2025 15:39:28][TRADE]Catoncio_1 traded 25x Ghast Tear for 64x Carrot in shop botanicos on page "Page 47386"
[17/02/2025 15:39:28][TRADE]NivlekNot traded 25x Ghast Tear for 64x Lily Pad in shop botanicos on page "Page 47386"
[17/02/2025 15:39:30][TRADE]NivlekNot traded 25x Ghast Tear for 64x Sugar Cane in shop botanicos on page "Page 47386"
[17/02/2025 15:39:31][TRADE]NivlekNot traded 25x Ghast Tear for 64x Sugar Cane in shop botanicos on page "Page 47386"
[17/02/2025 15:39:31][TRADE]NivlekNot traded 25x Ghast Tear for 64x Sugar Cane in shop botanicos on page "Page 47386"
[17/02/2025 15:39:33][TRADE]NivlekNot traded 25x Ghast Tear for 64x Carrot in shop botanicos on page "Page 47386"
[17/02/2025 15:39:35][TRADE]NivlekNot traded 25x Ghast Tear for 64x Kelp in shop botanicos on page "Page 47386"
[17/02/2025 15:39:36][TRADE]NivlekNot traded 25x Ghast Tear for 64x Carrot in shop botanicos on page "Page 47386"
[17/02/2025 15:39:41][TRADE]NivlekNot traded 25x Ghast Tear for 64x Melon Slice in shop botanicos on page "Page 47386"
[17/02/2025 15:39:41][TRADE]NivlekNot traded 25x Ghast Tear for 64x Melon Slice in shop botanicos on page "Page 47386"
[17/02/2025 15:39:45][TRADE]NivlekNot traded 25x Ghast Tear for 64x Apple in shop botanicos on page "Page 47386"
[17/02/2025 15:39:53][TRADE]NivlekNot traded 25x Ghast Tear for 64x Beetroot in shop botanicos on page "Page 47386"
[17/02/2025 15:39:55][TRADE]NivlekNot traded 25x Ghast Tear for 64x Carrot in shop botanicos on page "Page 47386"
[17/02/2025 15:40:00][TRADE]NivlekNot traded 25x Ghast Tear for 64x Carrot in shop botanicos on page "Page 47386"
[17/02/2025 15:40:06][TRADE]NivlekNot traded 64x Pumpkin for 50x Ghast Tear in shop botanicos on page "Page 46136"
[17/02/2025 15:40:08][TRADE]NivlekNot traded 64x Carrot for 50x Ghast Tear in shop botanicos on page "Page 46136"
[17/02/2025 15:40:09][TRADE]NivlekNot traded 64x Carrot for 50x Ghast Tear in shop botanicos on page "Page 46136"
[17/02/2025 15:40:12][TRADE]NivlekNot traded 25x Ghast Tear for 64x Carrot in shop botanicos on page "Page 47386"
[17/02/2025 15:40:13][TRADE]NivlekNot traded 25x Ghast Tear for 64x Carrot in shop botanicos on page "Page 47386"
[17/02/2025 15:40:13][TRADE]NivlekNot traded 25x Ghast Tear for 64x Carrot in shop botanicos on page "Page 47386"
[17/02/2025 15:40:14][TRADE]NivlekNot traded 25x Ghast Tear for 64x Carrot in shop botanicos on page "Page 47386"
[17/02/2025 16:02:34][TRADE]luiguiwar traded 25x Ghast Tear for 64x Apple in shop botanicos on page "Page 47386"
[17/02/2025 16:02:37][TRADE]luiguiwar traded 25x Ghast Tear for 64x Carrot in shop botanicos on page "Page 47386"
[17/02/2025 16:02:37][TRADE]luiguiwar traded 25x Ghast Tear for 64x Potato in shop botanicos on page "Page 47386"
[17/02/2025 16:02:38][TRADE]luiguiwar traded 25x Ghast Tear for 64x Melon Slice in shop botanicos on page "Page 47386"
[17/02/2025 16:02:38][TRADE]luiguiwar traded 25x Ghast Tear for 64x Sugar Cane in shop botanicos on page "Page 47386"
[17/02/2025 16:02:39][TRADE]luiguiwar traded 25x Ghast Tear for 64x Potato in shop botanicos on page "Page 47386"
[17/02/2025 16:02:39][TRADE]luiguiwar traded 25x Ghast Tear for 64x Beetroot in shop botanicos on page "Page 47386"
[17/02/2025 16:02:40][TRADE]luiguiwar traded 25x Ghast Tear for 64x Bamboo in shop botanicos on page "Page 47386"
[17/02/2025 16:02:40][TRADE]luiguiwar traded 25x Ghast Tear for 64x Beetroot in shop botanicos on page "Page 47386"
[17/02/2025 16:02:41][TRADE]luiguiwar traded 25x Ghast Tear for 64x Wheat in shop botanicos on page "Page 47386"
[17/02/2025 16:02:42][TRADE]luiguiwar traded 25x Ghast Tear for 64x Cocoa Beans in shop botanicos on page "Page 47386"
[17/02/2025 16:02:42][TRADE]luiguiwar traded 25x Ghast Tear for 64x Kelp in shop botanicos on page "Page 47386"
[17/02/2025 16:02:44][TRADE]luiguiwar traded 25x Ghast Tear for 64x Kelp in shop botanicos on page "Page 47386"
[17/02/2025 16:02:44][TRADE]luiguiwar traded 25x Ghast Tear for 64x Cactus in shop botanicos on page "Page 47386"
[17/02/2025 16:02:44][TRADE]luiguiwar traded 25x Ghast Tear for 64x Lily Pad in shop botanicos on page "Page 47386"
[17/02/2025 16:02:47][TRADE]luiguiwar traded 25x Ghast Tear for 64x Carrot in shop botanicos on page "Page 47386"
[17/02/2025 16:02:47][TRADE]luiguiwar traded 25x Ghast Tear for 64x Pumpkin in shop botanicos on page "Page 47386"
[17/02/2025 16:02:52][TRADE]luiguiwar traded 25x Ghast Tear for 64x Wheat in shop botanicos on page "Page 47386"
[17/02/2025 16:03:30][TRADE]NivlekNot traded 25x Ghast Tear for 64x Apple in shop botanicos on page "Page 47386"
[17/02/2025 16:03:30][TRADE]NivlekNot traded 25x Ghast Tear for 64x Apple in shop botanicos on page "Page 47386"
[17/02/2025 16:03:31][TRADE]NivlekNot traded 25x Ghast Tear for 64x Carrot in shop botanicos on page "Page 47386"
[17/02/2025 16:03:32][TRADE]NivlekNot traded 25x Ghast Tear for 64x Potato in shop botanicos on page "Page 47386"
[17/02/2025 16:03:32][TRADE]NivlekNot traded 25x Ghast Tear for 64x Melon Slice in shop botanicos on page "Page 47386"
[17/02/2025 16:03:32][TRADE]NivlekNot traded 25x Ghast Tear for 64x Sugar Cane in shop botanicos on page "Page 47386"
[17/02/2025 16:03:32][TRADE]NivlekNot traded 25x Ghast Tear for 64x Potato in shop botanicos on page "Page 47386"
[17/02/2025 16:03:32][TRADE]NivlekNot traded 25x Ghast Tear for 64x Beetroot in shop botanicos on page "Page 47386"
[17/02/2025 16:03:33][TRADE]NivlekNot traded 25x Ghast Tear for 64x Bamboo in shop botanicos on page "Page 47386"
[17/02/2025 16:03:33][TRADE]NivlekNot traded 25x Ghast Tear for 64x Beetroot in shop botanicos on page "Page 47386"
[17/02/2025 16:03:33][TRADE]NivlekNot traded 25x Ghast Tear for 64x Cocoa Beans in shop botanicos on page "Page 47386"
[17/02/2025 16:03:34][TRADE]NivlekNot traded 25x Ghast Tear for 64x Kelp in shop botanicos on page "Page 47386"
[17/02/2025 16:03:34][TRADE]NivlekNot traded 25x Ghast Tear for 64x Carrot in shop botanicos on page "Page 47386"
[17/02/2025 16:03:34][TRADE]NivlekNot traded 25x Ghast Tear for 64x Kelp in shop botanicos on page "Page 47386"
[17/02/2025 16:03:34][TRADE]NivlekNot traded 25x Ghast Tear for 64x Cactus in shop botanicos on page "Page 47386"
[17/02/2025 16:03:35][TRADE]NivlekNot traded 25x Ghast Tear for 64x Lily Pad in shop botanicos on page "Page 47386"
[17/02/2025 16:03:35][TRADE]NivlekNot traded 25x Ghast Tear for 64x Wheat in shop botanicos on page "Page 47386"
[17/02/2025 16:03:35][TRADE]NivlekNot traded 25x Ghast Tear for 64x Sea Pickle in shop botanicos on page "Page 47386"
[17/02/2025 16:03:36][TRADE]NivlekNot traded 25x Ghast Tear for 64x Carrot in shop botanicos on page "Page 47386"
[17/02/2025 16:03:37][TRADE]NivlekNot traded 25x Ghast Tear for 64x Pumpkin in shop botanicos on page "Page 47386"
[17/02/2025 16:03:57][TRADE]luiguiwar traded 25x Ghast Tear for 64x Sea Pickle in shop botanicos on page "Page 47386"
[17/02/2025 16:05:16][TRADE]luiguiwar traded 25x Ghast Tear for 64x Apple in shop botanicos on page "Page 47386"
[17/02/2025 16:05:17][TRADE]luiguiwar traded 25x Ghast Tear for 64x Carrot in shop botanicos on page "Page 47386"
[17/02/2025 16:05:18][TRADE]luiguiwar traded 25x Ghast Tear for 64x Potato in shop botanicos on page "Page 47386"
[17/02/2025 16:05:18][TRADE]luiguiwar traded 25x Ghast Tear for 64x Potato in shop botanicos on page "Page 47386"
[17/02/2025 16:05:20][TRADE]luiguiwar traded 25x Ghast Tear for 64x Potato in shop botanicos on page "Page 47386"
[17/02/2025 16:05:20][TRADE]luiguiwar traded 25x Ghast Tear for 64x Beetroot in shop botanicos on page "Page 47386"
[17/02/2025 16:05:21][TRADE]luiguiwar traded 25x Ghast Tear for 64x Beetroot in shop botanicos on page "Page 47386"
[17/02/2025 16:05:22][TRADE]luiguiwar traded 25x Ghast Tear for 64x Wheat in shop botanicos on page "Page 47386"
[17/02/2025 16:05:22][TRADE]luiguiwar traded 25x Ghast Tear for 64x Cocoa Beans in shop botanicos on page "Page 47386"
[17/02/2025 16:05:23][TRADE]luiguiwar traded 25x Ghast Tear for 64x Carrot in shop botanicos on page "Page 47386"
[17/02/2025 16:05:23][TRADE]luiguiwar traded 25x Ghast Tear for 64x Kelp in shop botanicos on page "Page 47386"
[17/02/2025 16:05:24][TRADE]luiguiwar traded 25x Ghast Tear for 64x Lily Pad in shop botanicos on page "Page 47386"
[17/02/2025 16:05:24][TRADE]luiguiwar traded 25x Ghast Tear for 64x Wheat in shop botanicos on page "Page 47386"
[17/02/2025 16:05:25][TRADE]luiguiwar traded 25x Ghast Tear for 64x Sea Pickle in shop botanicos on page "Page 47386"
[17/02/2025 16:05:25][TRADE]luiguiwar traded 25x Ghast Tear for 64x Carrot in shop botanicos on page "Page 47386"
[17/02/2025 16:05:27][TRADE]luiguiwar traded 25x Ghast Tear for 64x Carrot in shop botanicos on page "Page 47386"
[17/02/2025 16:05:28][TRADE]luiguiwar traded 25x Ghast Tear for 64x Carrot in shop botanicos on page "Page 47386"
[17/02/2025 16:31:49][TRADE]luiguiwar traded 12x Ghast Tear for 64x Carrot in shop botanicos on page "Page 47386"
[17/02/2025 16:31:49][TRADE]luiguiwar traded 12x Ghast Tear for 64x Potato in shop botanicos on page "Page 47386"
[17/02/2025 16:31:50][TRADE]luiguiwar traded 12x Ghast Tear for 64x Sugar Cane in shop botanicos on page "Page 47386"
[17/02/2025 16:31:51][TRADE]luiguiwar traded 12x Ghast Tear for 64x Potato in shop botanicos on page "Page 47386"
[17/02/2025 16:31:52][TRADE]luiguiwar traded 12x Ghast Tear for 64x Beetroot in shop botanicos on page "Page 47386"
[17/02/2025 16:31:52][TRADE]luiguiwar traded 12x Ghast Tear for 64x Bamboo in shop botanicos on page "Page 47386"
[17/02/2025 16:31:53][TRADE]luiguiwar traded 12x Ghast Tear for 64x Beetroot in shop botanicos on page "Page 47386"
[17/02/2025 16:31:53][TRADE]luiguiwar traded 12x Ghast Tear for 64x Carrot in shop botanicos on page "Page 47386"
[17/02/2025 16:31:54][TRADE]luiguiwar traded 12x Ghast Tear for 64x Pumpkin in shop botanicos on page "Page 47386"
[17/02/2025 16:31:54][TRADE]luiguiwar traded 12x Ghast Tear for 64x Sea Pickle in shop botanicos on page "Page 47386"
[17/02/2025 16:31:55][TRADE]luiguiwar traded 12x Ghast Tear for 64x Wheat in shop botanicos on page "Page 47386"
[17/02/2025 16:31:55][TRADE]luiguiwar traded 12x Ghast Tear for 64x Cocoa Beans in shop botanicos on page "Page 47386"
[17/02/2025 16:31:55][TRADE]luiguiwar traded 12x Ghast Tear for 64x Kelp in shop botanicos on page "Page 47386"
[17/02/2025 16:31:56][TRADE]luiguiwar traded 12x Ghast Tear for 64x Carrot in shop botanicos on page "Page 47386"
[17/02/2025 16:31:56][TRADE]luiguiwar traded 12x Ghast Tear for 64x Lily Pad in shop botanicos on page "Page 47386"
[17/02/2025 16:31:57][TRADE]luiguiwar traded 12x Ghast Tear for 64x Lily Pad in shop botanicos on page "Page 47386"
[17/02/2025 16:31:57][TRADE]luiguiwar traded 12x Ghast Tear for 64x Wheat in shop botanicos on page "Page 47386"
[17/02/2025 16:31:58][TRADE]luiguiwar traded 12x Ghast Tear for 64x Cactus in shop botanicos on page "Page 47386"
[17/02/2025 16:31:59][TRADE]luiguiwar traded 12x Ghast Tear for 64x Kelp in shop botanicos on page "Page 47386"
[17/02/2025 16:32:22][TRADE]luiguiwar traded 12x Ghast Tear for 64x Apple in shop botanicos on page "Page 47386"
[17/02/2025 16:32:23][TRADE]luiguiwar traded 12x Ghast Tear for 64x Apple in shop botanicos on page "Page 47386"
[17/02/2025 16:32:23][TRADE]luiguiwar traded 12x Ghast Tear for 64x Carrot in shop botanicos on page "Page 47386"
[17/02/2025 16:32:24][TRADE]luiguiwar traded 12x Ghast Tear for 64x Potato in shop botanicos on page "Page 47386"
[17/02/2025 16:32:24][TRADE]luiguiwar traded 12x Ghast Tear for 64x Melon Slice in shop botanicos on page "Page 47386"
[17/02/2025 16:32:25][TRADE]luiguiwar traded 12x Ghast Tear for 64x Sugar Cane in shop botanicos on page "Page 47386"
[17/02/2025 16:32:26][TRADE]luiguiwar traded 12x Ghast Tear for 64x Beetroot in shop botanicos on page "Page 47386"
[17/02/2025 16:32:27][TRADE]luiguiwar traded 12x Ghast Tear for 64x Wheat in shop botanicos on page "Page 47386"
[17/02/2025 16:32:27][TRADE]luiguiwar traded 12x Ghast Tear for 64x Cocoa Beans in shop botanicos on page "Page 47386"
[17/02/2025 16:32:28][TRADE]luiguiwar traded 12x Ghast Tear for 64x Carrot in shop botanicos on page "Page 47386"
[17/02/2025 16:32:28][TRADE]luiguiwar traded 12x Ghast Tear for 64x Kelp in shop botanicos on page "Page 47386"
[17/02/2025 16:32:29][TRADE]luiguiwar traded 12x Ghast Tear for 64x Cactus in shop botanicos on page "Page 47386"
[17/02/2025 16:32:30][TRADE]luiguiwar traded 12x Ghast Tear for 64x Wheat in shop botanicos on page "Page 47386"
[17/02/2025 16:32:30][TRADE]luiguiwar traded 12x Ghast Tear for 64x Carrot in shop botanicos on page "Page 47386"
[17/02/2025 16:32:31][TRADE]luiguiwar traded 12x Ghast Tear for 64x Pumpkin in shop botanicos on page "Page 47386"
[17/02/2025 16:32:32][TRADE]luiguiwar traded 12x Ghast Tear for 64x Potato in shop botanicos on page "Page 47386"
[17/02/2025 16:33:04][TRADE]luiguiwar traded 12x Ghast Tear for 64x Sea Pickle in shop botanicos on page "Page 47386"
[17/02/2025 16:53:41][TRADE]Catoncio_1 traded 30x Ghast Tear for 64x Beetroot in shop botanicos on page "Page 59217"
[17/02/2025 17:10:22][TRADE]Catoncio_1 traded 30x Ghast Tear for 64x Kelp in shop botanicos on page "Page 59217"
[17/02/2025 17:10:24][TRADE]Catoncio_1 traded 30x Ghast Tear for 64x Kelp in shop botanicos on page "Page 59217"
[17/02/2025 17:10:24][TRADE]Catoncio_1 traded 30x Ghast Tear for 64x Kelp in shop botanicos on page "Page 59217"
[17/02/2025 17:10:26][TRADE]Catoncio_1 traded 30x Ghast Tear for 64x Kelp in shop botanicos on page "Page 59217"
[17/02/2025 17:10:27][TRADE]Catoncio_1 traded 30x Ghast Tear for 64x Kelp in shop botanicos on page "Page 59217"
[17/02/2025 17:10:28][TRADE]Catoncio_1 traded 30x Ghast Tear for 64x Kelp in shop botanicos on page "Page 59217"
[17/02/2025 17:10:29][TRADE]Catoncio_1 traded 30x Ghast Tear for 64x Melon Slice in shop botanicos on page "Page 59217"
[17/02/2025 17:10:31][TRADE]Catoncio_1 traded 30x Ghast Tear for 64x Sweet Berries in shop botanicos on page "Page 59217"
[17/02/2025 17:10:32][TRADE]Catoncio_1 traded 30x Ghast Tear for 64x Sweet Berries in shop botanicos on page "Page 59217"
[17/02/2025 17:10:34][TRADE]Catoncio_1 traded 30x Ghast Tear for 64x Sweet Berries in shop botanicos on page "Page 59217"
[17/02/2025 17:10:36][TRADE]Catoncio_1 traded 30x Ghast Tear for 64x Sweet Berries in shop botanicos on page "Page 59217"
[17/02/2025 17:10:37][TRADE]Catoncio_1 traded 30x Ghast Tear for 64x Sweet Berries in shop botanicos on page "Page 59217"
[17/02/2025 17:10:38][TRADE]Catoncio_1 traded 30x Ghast Tear for 64x Sweet Berries in shop botanicos on page "Page 59217"
[17/02/2025 17:10:39][TRADE]Catoncio_1 traded 30x Ghast Tear for 64x Sweet Berries in shop botanicos on page "Page 59217"
[17/02/2025 17:10:41][TRADE]Catoncio_1 traded 30x Ghast Tear for 64x Sweet Berries in shop botanicos on page "Page 59217"
[17/02/2025 17:10:42][TRADE]Catoncio_1 traded 30x Ghast Tear for 64x Sweet Berries in shop botanicos on page "Page 59217"
[17/02/2025 17:10:43][TRADE]Catoncio_1 traded 30x Ghast Tear for 64x Sweet Berries in shop botanicos on page "Page 59217"
[17/02/2025 17:10:45][TRADE]Catoncio_1 traded 30x Ghast Tear for 64x Sweet Berries in shop botanicos on page "Page 59217"
[17/02/2025 17:10:46][TRADE]Catoncio_1 traded 30x Ghast Tear for 64x Sweet Berries in shop botanicos on page "Page 59217"
[17/02/2025 17:10:47][TRADE]Catoncio_1 traded 30x Ghast Tear for 64x Sweet Berries in shop botanicos on page "Page 59217"
[17/02/2025 17:10:49][TRADE]Catoncio_1 traded 30x Ghast Tear for 64x Melon Slice in shop botanicos on page "Page 59217"
[17/02/2025 17:10:50][TRADE]Catoncio_1 traded 30x Ghast Tear for 64x Apple in shop botanicos on page "Page 59217"
[17/02/2025 17:10:51][TRADE]Catoncio_1 traded 30x Ghast Tear for 64x Apple in shop botanicos on page "Page 59217"
[17/02/2025 17:10:52][TRADE]Catoncio_1 traded 30x Ghast Tear for 64x Beetroot in shop botanicos on page "Page 59217"
[17/02/2025 17:10:54][TRADE]Catoncio_1 traded 30x Ghast Tear for 64x Apple in shop botanicos on page "Page 59217"
[17/02/2025 17:10:55][TRADE]Catoncio_1 traded 30x Ghast Tear for 64x Apple in shop botanicos on page "Page 59217"
[17/02/2025 17:10:57][TRADE]Catoncio_1 traded 30x Ghast Tear for 64x Apple in shop botanicos on page "Page 59217"
[17/02/2025 17:10:57][TRADE]Catoncio_1 traded 30x Ghast Tear for 64x Apple in shop botanicos on page "Page 59217"
[17/02/2025 17:10:59][TRADE]Catoncio_1 traded 30x Ghast Tear for 64x Apple in shop botanicos on page "Page 59217"
[17/02/2025 17:13:37][TRADE]Catoncio_1 traded 30x Ghast Tear for 64x Sweet Berries in shop botanicos on page "Page 59217"
[17/02/2025 17:13:38][TRADE]Catoncio_1 traded 30x Ghast Tear for 64x Sweet Berries in shop botanicos on page "Page 59217"
[17/02/2025 17:13:39][TRADE]Catoncio_1 traded 30x Ghast Tear for 64x Sweet Berries in shop botanicos on page "Page 59217"
[17/02/2025 17:13:41][TRADE]Catoncio_1 traded 30x Ghast Tear for 64x Melon Slice in shop botanicos on page "Page 59217"
[17/02/2025 17:13:43][TRADE]Catoncio_1 traded 30x Ghast Tear for 64x Sweet Berries in shop botanicos on page "Page 59217"
[17/02/2025 17:13:45][TRADE]Catoncio_1 traded 30x Ghast Tear for 64x Apple in shop botanicos on page "Page 59217"
[17/02/2025 17:13:47][TRADE]Catoncio_1 traded 30x Ghast Tear for 64x Kelp in shop botanicos on page "Page 59217"
[17/02/2025 17:13:50][TRADE]Catoncio_1 traded 30x Ghast Tear for 64x Sweet Berries in shop botanicos on page "Page 59217"
[17/02/2025 17:32:42][TRADE]Catoncio_1 traded 30x Ghast Tear for 64x Sweet Berries in shop botanicos on page "Page 59217"
[17/02/2025 17:33:42][TRADE]Catoncio_1 traded 30x Ghast Tear for 64x Apple in shop botanicos on page "Page 59217"
[17/02/2025 17:33:42][TRADE]Catoncio_1 traded 30x Ghast Tear for 64x Apple in shop botanicos on page "Page 59217"
[17/02/2025 17:33:43][TRADE]Catoncio_1 traded 30x Ghast Tear for 64x Apple in shop botanicos on page "Page 59217"
[17/02/2025 17:33:43][TRADE]Catoncio_1 traded 30x Ghast Tear for 64x Apple in shop botanicos on page "Page 59217"
[17/02/2025 17:33:44][TRADE]Catoncio_1 traded 30x Ghast Tear for 64x Apple in shop botanicos on page "Page 59217"
[17/02/2025 17:33:44][TRADE]Catoncio_1 traded 30x Ghast Tear for 64x Sweet Berries in shop botanicos on page "Page 59217"
[17/02/2025 17:33:44][TRADE]Catoncio_1 traded 30x Ghast Tear for 64x Sweet Berries in shop botanicos on page "Page 59217"
[17/02/2025 17:33:44][TRADE]Catoncio_1 traded 30x Ghast Tear for 64x Sweet Berries in shop botanicos on page "Page 59217"
[17/02/2025 17:33:45][TRADE]Catoncio_1 traded 30x Ghast Tear for 64x Sweet Berries in shop botanicos on page "Page 59217"
[17/02/2025 17:33:45][TRADE]Catoncio_1 traded 30x Ghast Tear for 64x Sweet Berries in shop botanicos on page "Page 59217"
[17/02/2025 17:33:45][TRADE]Catoncio_1 traded 30x Ghast Tear for 64x Kelp in shop botanicos on page "Page 59217"
[17/02/2025 17:33:46][TRADE]Catoncio_1 traded 30x Ghast Tear for 64x Kelp in shop botanicos on page "Page 59217"
[17/02/2025 17:33:46][TRADE]Catoncio_1 traded 30x Ghast Tear for 64x Sweet Berries in shop botanicos on page "Page 59217"
[17/02/2025 17:33:46][TRADE]Catoncio_1 traded 30x Ghast Tear for 64x Kelp in shop botanicos on page "Page 59217"
[17/02/2025 17:33:47][TRADE]Catoncio_1 traded 30x Ghast Tear for 64x Kelp in shop botanicos on page "Page 59217"
[17/02/2025 17:33:47][TRADE]Catoncio_1 traded 30x Ghast Tear for 64x Melon Slice in shop botanicos on page "Page 59217"
[17/02/2025 17:33:47][TRADE]Catoncio_1 traded 30x Ghast Tear for 64x Melon Slice in shop botanicos on page "Page 59217"
[17/02/2025 17:33:47][TRADE]Catoncio_1 traded 30x Ghast Tear for 64x Sweet Berries in shop botanicos on page "Page 59217"
[17/02/2025 17:33:48][TRADE]Catoncio_1 traded 30x Ghast Tear for 64x Sweet Berries in shop botanicos on page "Page 59217"
[17/02/2025 17:33:49][TRADE]Catoncio_1 traded 30x Ghast Tear for 64x Sweet Berries in shop botanicos on page "Page 59217"
[17/02/2025 17:33:52][TRADE]Catoncio_1 traded 30x Ghast Tear for 64x Melon Slice in shop botanicos on page "Page 59217"
[17/02/2025 17:33:53][TRADE]Catoncio_1 traded 30x Ghast Tear for 64x Sweet Berries in shop botanicos on page "Page 59217"
[17/02/2025 17:33:55][TRADE]Catoncio_1 traded 30x Ghast Tear for 64x Beetroot in shop botanicos on page "Page 59217"
[17/02/2025 17:33:56][TRADE]Catoncio_1 traded 30x Ghast Tear for 64x Apple in shop botanicos on page "Page 59217"
[17/02/2025 17:33:58][TRADE]Catoncio_1 traded 30x Ghast Tear for 64x Sweet Berries in shop botanicos on page "Page 59217"
[17/02/2025 17:34:00][TRADE]Catoncio_1 traded 30x Ghast Tear for 64x Kelp in shop botanicos on page "Page 59217"
[17/02/2025 17:34:02][TRADE]Catoncio_1 traded 30x Ghast Tear for 64x Beetroot in shop botanicos on page "Page 59217"
[17/02/2025 17:34:13][TRADE]Catoncio_1 traded 30x Ghast Tear for 64x Kelp in shop botanicos on page "Page 59217"
[17/02/2025 17:34:15][TRADE]Catoncio_1 traded 30x Ghast Tear for 64x Kelp in shop botanicos on page "Page 59217"
[17/02/2025 17:34:17][TRADE]Catoncio_1 traded 30x Ghast Tear for 64x Apple in shop botanicos on page "Page 59217"
[17/02/2025 17:34:19][TRADE]Catoncio_1 traded 30x Ghast Tear for 64x Sweet Berries in shop botanicos on page "Page 59217"
[17/02/2025 17:34:20][TRADE]Catoncio_1 traded 30x Ghast Tear for 64x Sweet Berries in shop botanicos on page "Page 59217"
[17/02/2025 17:34:24][TRADE]Catoncio_1 traded 30x Ghast Tear for 64x Sweet Berries in shop botanicos on page "Page 59217"
[17/02/2025 17:34:27][TRADE]Catoncio_1 traded 30x Ghast Tear for 64x Sweet Berries in shop botanicos on page "Page 59217"
[17/02/2025 17:34:28][TRADE]Catoncio_1 traded 30x Ghast Tear for 64x Sweet Berries in shop botanicos on page "Page 59217"
[17/02/2025 17:34:30][TRADE]Catoncio_1 traded 30x Ghast Tear for 64x Apple in shop botanicos on page "Page 59217"
[17/02/2025 20:23:42][TRADE]luiguiwar traded 12x Ghast Tear for 64x Apple in shop botanicos on page "Page 47386"
[17/02/2025 20:23:43][TRADE]luiguiwar traded 12x Ghast Tear for 64x Apple in shop botanicos on page "Page 47386"
[17/02/2025 20:23:44][TRADE]luiguiwar traded 12x Ghast Tear for 64x Carrot in shop botanicos on page "Page 47386"
[17/02/2025 20:23:44][TRADE]luiguiwar traded 12x Ghast Tear for 64x Potato in shop botanicos on page "Page 47386"
[17/02/2025 20:23:45][TRADE]luiguiwar traded 12x Ghast Tear for 64x Melon Slice in shop botanicos on page "Page 47386"
[17/02/2025 20:23:45][TRADE]luiguiwar traded 12x Ghast Tear for 64x Sugar Cane in shop botanicos on page "Page 47386"
[17/02/2025 20:23:46][TRADE]luiguiwar traded 12x Ghast Tear for 64x Potato in shop botanicos on page "Page 47386"
[17/02/2025 20:23:47][TRADE]luiguiwar traded 12x Ghast Tear for 64x Beetroot in shop botanicos on page "Page 47386"
[17/02/2025 20:23:47][TRADE]luiguiwar traded 12x Ghast Tear for 64x Bamboo in shop botanicos on page "Page 47386"
[17/02/2025 20:23:48][TRADE]luiguiwar traded 12x Ghast Tear for 64x Beetroot in shop botanicos on page "Page 47386"
[17/02/2025 20:23:48][TRADE]luiguiwar traded 12x Ghast Tear for 64x Wheat in shop botanicos on page "Page 47386"
[17/02/2025 20:23:49][TRADE]luiguiwar traded 12x Ghast Tear for 64x Cocoa Beans in shop botanicos on page "Page 47386"
[17/02/2025 20:23:49][TRADE]luiguiwar traded 12x Ghast Tear for 64x Cocoa Beans in shop botanicos on page "Page 47386"
[17/02/2025 20:23:49][TRADE]luiguiwar traded 12x Ghast Tear for 64x Kelp in shop botanicos on page "Page 47386"
[17/02/2025 20:23:50][TRADE]luiguiwar traded 12x Ghast Tear for 64x Carrot in shop botanicos on page "Page 47386"
[17/02/2025 20:23:50][TRADE]luiguiwar traded 12x Ghast Tear for 64x Cactus in shop botanicos on page "Page 47386"
[17/02/2025 20:23:51][TRADE]luiguiwar traded 12x Ghast Tear for 64x Lily Pad in shop botanicos on page "Page 47386"
[17/02/2025 20:23:52][TRADE]luiguiwar traded 12x Ghast Tear for 64x Carrot in shop botanicos on page "Page 47386"
[17/02/2025 20:23:52][TRADE]luiguiwar traded 12x Ghast Tear for 64x Pumpkin in shop botanicos on page "Page 47386"
[17/02/2025 20:23:54][TRADE]luiguiwar traded 12x Ghast Tear for 64x Beetroot in shop botanicos on page "Page 47386"
[17/02/2025 20:23:56][TRADE]luiguiwar traded 12x Ghast Tear for 64x Carrot in shop botanicos on page "Page 47386"
[17/02/2025 20:24:14][TRADE]luiguiwar traded 12x Ghast Tear for 64x Carrot in shop botanicos on page "Page 47386"
[17/02/2025 20:24:15][TRADE]luiguiwar traded 12x Ghast Tear for 64x Potato in shop botanicos on page "Page 47386"
[17/02/2025 20:24:16][TRADE]luiguiwar traded 12x Ghast Tear for 64x Beetroot in shop botanicos on page "Page 47386"
[17/02/2025 20:24:16][TRADE]luiguiwar traded 12x Ghast Tear for 64x Potato in shop botanicos on page "Page 47386"
[17/02/2025 20:24:17][TRADE]luiguiwar traded 12x Ghast Tear for 64x Bamboo in shop botanicos on page "Page 47386"
[17/02/2025 20:24:18][TRADE]luiguiwar traded 12x Ghast Tear for 64x Beetroot in shop botanicos on page "Page 47386"
[17/02/2025 20:24:18][TRADE]luiguiwar traded 12x Ghast Tear for 64x Wheat in shop botanicos on page "Page 47386"
[17/02/2025 20:24:19][TRADE]luiguiwar traded 12x Ghast Tear for 64x Kelp in shop botanicos on page "Page 47386"
[17/02/2025 20:24:19][TRADE]luiguiwar traded 12x Ghast Tear for 64x Kelp in shop botanicos on page "Page 47386"
[17/02/2025 20:24:20][TRADE]luiguiwar traded 12x Ghast Tear for 64x Lily Pad in shop botanicos on page "Page 47386"
[17/02/2025 20:24:20][TRADE]luiguiwar traded 12x Ghast Tear for 64x Wheat in shop botanicos on page "Page 47386"
[17/02/2025 20:24:21][TRADE]luiguiwar traded 12x Ghast Tear for 64x Carrot in shop botanicos on page "Page 47386"
[17/02/2025 20:24:22][TRADE]luiguiwar traded 12x Ghast Tear for 64x Pumpkin in shop botanicos on page "Page 47386"
[17/02/2025 20:24:24][TRADE]luiguiwar traded 12x Ghast Tear for 64x Wheat in shop botanicos on page "Page 47386"
[17/02/2025 20:24:29][TRADE]luiguiwar traded 12x Ghast Tear for 64x Sugar Cane in shop botanicos on page "Page 47386"
[17/02/2025 21:34:13][TRADE]luiguiwar traded 12x Ghast Tear for 64x Apple in shop botanicos on page "Page 47386"
[17/02/2025 21:34:14][TRADE]luiguiwar traded 12x Ghast Tear for 64x Carrot in shop botanicos on page "Page 47386"
[17/02/2025 21:34:15][TRADE]luiguiwar traded 12x Ghast Tear for 64x Potato in shop botanicos on page "Page 47386"
[17/02/2025 21:34:15][TRADE]luiguiwar traded 12x Ghast Tear for 64x Potato in shop botanicos on page "Page 47386"
[17/02/2025 21:34:16][TRADE]luiguiwar traded 12x Ghast Tear for 64x Cactus in shop botanicos on page "Page 47386"
[17/02/2025 21:34:16][TRADE]luiguiwar traded 12x Ghast Tear for 64x Lily Pad in shop botanicos on page "Page 47386"
[17/02/2025 21:34:16][TRADE]luiguiwar traded 12x Ghast Tear for 64x Kelp in shop botanicos on page "Page 47386"
[17/02/2025 21:34:17][TRADE]luiguiwar traded 12x Ghast Tear for 64x Wheat in shop botanicos on page "Page 47386"
[17/02/2025 21:34:17][TRADE]luiguiwar traded 12x Ghast Tear for 64x Beetroot in shop botanicos on page "Page 47386"
[17/02/2025 21:34:18][TRADE]luiguiwar traded 12x Ghast Tear for 64x Potato in shop botanicos on page "Page 47386"
[17/02/2025 21:34:18][TRADE]luiguiwar traded 12x Ghast Tear for 64x Beetroot in shop botanicos on page "Page 47386"
[17/02/2025 21:34:18][TRADE]luiguiwar traded 12x Ghast Tear for 64x Pumpkin in shop botanicos on page "Page 47386"
[17/02/2025 21:34:26][TRADE]luiguiwar traded 12x Ghast Tear for 64x Bamboo in shop botanicos on page "Page 47386"
[17/02/2025 21:34:27][TRADE]luiguiwar traded 12x Ghast Tear for 64x Wheat in shop botanicos on page "Page 47386"
[17/02/2025 21:34:27][TRADE]luiguiwar traded 12x Ghast Tear for 64x Cocoa Beans in shop botanicos on page "Page 47386"
[17/02/2025 21:34:28][TRADE]luiguiwar traded 12x Ghast Tear for 64x Carrot in shop botanicos on page "Page 47386"
[17/02/2025 21:34:28][TRADE]luiguiwar traded 12x Ghast Tear for 64x Kelp in shop botanicos on page "Page 47386"
[17/02/2025 21:34:29][TRADE]luiguiwar traded 12x Ghast Tear for 64x Wheat in shop botanicos on page "Page 47386"
[17/02/2025 21:34:30][TRADE]luiguiwar traded 12x Ghast Tear for 64x Sea Pickle in shop botanicos on page "Page 47386"
[17/02/2025 21:34:31][TRADE]luiguiwar traded 12x Ghast Tear for 64x Carrot in shop botanicos on page "Page 47386"
[17/02/2025 21:35:17][TRADE]luiguiwar traded 12x Ghast Tear for 64x Apple in shop botanicos on page "Page 47386"
[17/02/2025 21:35:17][TRADE]luiguiwar traded 12x Ghast Tear for 64x Carrot in shop botanicos on page "Page 47386"
[17/02/2025 21:35:19][TRADE]luiguiwar traded 12x Ghast Tear for 64x Potato in shop botanicos on page "Page 47386"
[17/02/2025 21:35:19][TRADE]luiguiwar traded 12x Ghast Tear for 64x Melon Slice in shop botanicos on page "Page 47386"
[17/02/2025 21:35:20][TRADE]luiguiwar traded 12x Ghast Tear for 64x Sugar Cane in shop botanicos on page "Page 47386"
[17/02/2025 21:35:20][TRADE]luiguiwar traded 12x Ghast Tear for 64x Potato in shop botanicos on page "Page 47386"
[17/02/2025 21:35:20][TRADE]luiguiwar traded 12x Ghast Tear for 64x Beetroot in shop botanicos on page "Page 47386"
[17/02/2025 21:35:21][TRADE]luiguiwar traded 12x Ghast Tear for 64x Bamboo in shop botanicos on page "Page 47386"
[17/02/2025 21:35:21][TRADE]luiguiwar traded 12x Ghast Tear for 64x Carrot in shop botanicos on page "Page 47386"
[17/02/2025 21:35:22][TRADE]luiguiwar traded 12x Ghast Tear for 64x Beetroot in shop botanicos on page "Page 47386"
[17/02/2025 21:35:22][TRADE]luiguiwar traded 12x Ghast Tear for 64x Wheat in shop botanicos on page "Page 47386"
[17/02/2025 21:35:23][TRADE]luiguiwar traded 12x Ghast Tear for 64x Cocoa Beans in shop botanicos on page "Page 47386"
[17/02/2025 21:35:23][TRADE]luiguiwar traded 12x Ghast Tear for 64x Kelp in shop botanicos on page "Page 47386"
[17/02/2025 21:35:24][TRADE]luiguiwar traded 12x Ghast Tear for 64x Carrot in shop botanicos on page "Page 47386"
[17/02/2025 21:35:24][TRADE]luiguiwar traded 12x Ghast Tear for 64x Cactus in shop botanicos on page "Page 47386"
[17/02/2025 21:35:25][TRADE]luiguiwar traded 12x Ghast Tear for 64x Lily Pad in shop botanicos on page "Page 47386"
[17/02/2025 21:35:25][TRADE]luiguiwar traded 12x Ghast Tear for 64x Wheat in shop botanicos on page "Page 47386"
[17/02/2025 23:08:36][TRADE]luiguiwar traded 12x Ghast Tear for 64x Apple in shop botanicos on page "Page 47386"
[17/02/2025 23:08:37][TRADE]luiguiwar traded 12x Ghast Tear for 64x Carrot in shop botanicos on page "Page 47386"
[17/02/2025 23:08:37][TRADE]luiguiwar traded 12x Ghast Tear for 64x Carrot in shop botanicos on page "Page 47386"
[17/02/2025 23:08:38][TRADE]luiguiwar traded 12x Ghast Tear for 64x Potato in shop botanicos on page "Page 47386"
[17/02/2025 23:08:39][TRADE]luiguiwar traded 12x Ghast Tear for 64x Melon Slice in shop botanicos on page "Page 47386"
[17/02/2025 23:08:40][TRADE]luiguiwar traded 12x Ghast Tear for 64x Sugar Cane in shop botanicos on page "Page 47386"
[17/02/2025 23:08:40][TRADE]luiguiwar traded 12x Ghast Tear for 64x Potato in shop botanicos on page "Page 47386"
[17/02/2025 23:08:41][TRADE]luiguiwar traded 12x Ghast Tear for 64x Beetroot in shop botanicos on page "Page 47386"
[17/02/2025 23:08:41][TRADE]luiguiwar traded 12x Ghast Tear for 64x Beetroot in shop botanicos on page "Page 47386"
[17/02/2025 23:08:42][TRADE]luiguiwar traded 12x Ghast Tear for 64x Bamboo in shop botanicos on page "Page 47386"
[17/02/2025 23:08:42][TRADE]luiguiwar traded 12x Ghast Tear for 64x Pumpkin in shop botanicos on page "Page 47386"
[17/02/2025 23:08:43][TRADE]luiguiwar traded 12x Ghast Tear for 64x Carrot in shop botanicos on page "Page 47386"
[17/02/2025 23:08:44][TRADE]luiguiwar traded 12x Ghast Tear for 64x Sea Pickle in shop botanicos on page "Page 47386"
[17/02/2025 23:08:44][TRADE]luiguiwar traded 12x Ghast Tear for 64x Wheat in shop botanicos on page "Page 47386"
[17/02/2025 23:08:44][TRADE]luiguiwar traded 12x Ghast Tear for 64x Beetroot in shop botanicos on page "Page 47386"
[17/02/2025 23:08:45][TRADE]luiguiwar traded 12x Ghast Tear for 64x Cocoa Beans in shop botanicos on page "Page 47386"
[17/02/2025 23:08:46][TRADE]luiguiwar traded 12x Ghast Tear for 64x Carrot in shop botanicos on page "Page 47386"
[17/02/2025 23:08:46][TRADE]luiguiwar traded 12x Ghast Tear for 64x Kelp in shop botanicos on page "Page 47386"
[17/02/2025 23:08:47][TRADE]luiguiwar traded 12x Ghast Tear for 64x Lily Pad in shop botanicos on page "Page 47386"
[17/02/2025 23:08:48][TRADE]luiguiwar traded 12x Ghast Tear for 64x Wheat in shop botanicos on page "Page 47386"
[17/02/2025 23:08:51][TRADE]luiguiwar traded 12x Ghast Tear for 64x Cocoa Beans in shop botanicos on page "Page 47386"
[17/02/2025 23:09:10][TRADE]luiguiwar traded 12x Ghast Tear for 64x Apple in shop botanicos on page "Page 47386"
[17/02/2025 23:09:11][TRADE]luiguiwar traded 12x Ghast Tear for 64x Apple in shop botanicos on page "Page 47386"
[17/02/2025 23:09:13][TRADE]luiguiwar traded 12x Ghast Tear for 64x Potato in shop botanicos on page "Page 47386"
[17/02/2025 23:09:13][TRADE]luiguiwar traded 12x Ghast Tear for 64x Potato in shop botanicos on page "Page 47386"
[17/02/2025 23:09:15][TRADE]luiguiwar traded 12x Ghast Tear for 64x Melon Slice in shop botanicos on page "Page 47386"
[17/02/2025 23:09:17][TRADE]luiguiwar traded 12x Ghast Tear for 64x Sugar Cane in shop botanicos on page "Page 47386"
[17/02/2025 23:09:19][TRADE]luiguiwar traded 12x Ghast Tear for 64x Potato in shop botanicos on page "Page 47386"
[17/02/2025 23:09:22][TRADE]luiguiwar traded 12x Ghast Tear for 64x Bamboo in shop botanicos on page "Page 47386"
[17/02/2025 23:09:23][TRADE]luiguiwar traded 12x Ghast Tear for 64x Beetroot in shop botanicos on page "Page 47386"
[17/02/2025 23:09:24][TRADE]luiguiwar traded 12x Ghast Tear for 64x Wheat in shop botanicos on page "Page 47386"
[17/02/2025 23:09:25][TRADE]luiguiwar traded 12x Ghast Tear for 64x Cocoa Beans in shop botanicos on page "Page 47386"
[17/02/2025 23:09:26][TRADE]luiguiwar traded 12x Ghast Tear for 64x Kelp in shop botanicos on page "Page 47386"
[17/02/2025 23:09:27][TRADE]luiguiwar traded 12x Ghast Tear for 64x Kelp in shop botanicos on page "Page 47386"
[17/02/2025 23:09:29][TRADE]luiguiwar traded 12x Ghast Tear for 64x Cactus in shop botanicos on page "Page 47386"
[17/02/2025 23:09:30][TRADE]luiguiwar traded 12x Ghast Tear for 64x Lily Pad in shop botanicos on page "Page 47386"
[17/02/2025 23:09:32][TRADE]luiguiwar traded 12x Ghast Tear for 64x Wheat in shop botanicos on page "Page 47386"
[17/02/2025 23:09:33][TRADE]luiguiwar traded 12x Ghast Tear for 64x Sea Pickle in shop botanicos on page "Page 47386"
[17/02/2025 23:09:33][TRADE]luiguiwar traded 12x Ghast Tear for 64x Carrot in shop botanicos on page "Page 47386"
[17/02/2025 23:09:56][TRADE]luiguiwar traded 12x Ghast Tear for 64x Pumpkin in shop botanicos on page "Page 47386"
[17/02/2025 23:28:13][TRADE]luiguiwar traded 12x Ghast Tear for 64x Apple in shop botanicos on page "Page 47386"
[17/02/2025 23:28:14][TRADE]luiguiwar traded 12x Ghast Tear for 64x Carrot in shop botanicos on page "Page 47386"
[17/02/2025 23:28:15][TRADE]luiguiwar traded 12x Ghast Tear for 64x Potato in shop botanicos on page "Page 47386"
[17/02/2025 23:28:15][TRADE]luiguiwar traded 12x Ghast Tear for 64x Sugar Cane in shop botanicos on page "Page 47386"
[17/02/2025 23:28:16][TRADE]luiguiwar traded 12x Ghast Tear for 64x Potato in shop botanicos on page "Page 47386"
[17/02/2025 23:28:17][TRADE]luiguiwar traded 12x Ghast Tear for 64x Beetroot in shop botanicos on page "Page 47386"
[17/02/2025 23:28:17][TRADE]luiguiwar traded 12x Ghast Tear for 64x Bamboo in shop botanicos on page "Page 47386"
[17/02/2025 23:28:18][TRADE]luiguiwar traded 12x Ghast Tear for 64x Beetroot in shop botanicos on page "Page 47386"
[17/02/2025 23:28:18][TRADE]luiguiwar traded 12x Ghast Tear for 64x Wheat in shop botanicos on page "Page 47386"
[17/02/2025 23:28:18][TRADE]luiguiwar traded 12x Ghast Tear for 64x Cocoa Beans in shop botanicos on page "Page 47386"
[17/02/2025 23:28:19][TRADE]luiguiwar traded 12x Ghast Tear for 64x Kelp in shop botanicos on page "Page 47386"
[17/02/2025 23:28:19][TRADE]luiguiwar traded 12x Ghast Tear for 64x Carrot in shop botanicos on page "Page 47386"
[17/02/2025 23:28:20][TRADE]luiguiwar traded 12x Ghast Tear for 64x Kelp in shop botanicos on page "Page 47386"
[17/02/2025 23:28:20][TRADE]luiguiwar traded 12x Ghast Tear for 64x Lily Pad in shop botanicos on page "Page 47386"
[17/02/2025 23:28:21][TRADE]luiguiwar traded 12x Ghast Tear for 64x Wheat in shop botanicos on page "Page 47386"
[17/02/2025 23:28:21][TRADE]luiguiwar traded 12x Ghast Tear for 64x Sea Pickle in shop botanicos on page "Page 47386"
[17/02/2025 23:28:23][TRADE]luiguiwar traded 12x Ghast Tear for 64x Carrot in shop botanicos on page "Page 47386"
[17/02/2025 23:28:23][TRADE]luiguiwar traded 12x Ghast Tear for 64x Pumpkin in shop botanicos on page "Page 47386"
[17/02/2025 23:28:25][TRADE]luiguiwar traded 12x Ghast Tear for 64x Sea Pickle in shop botanicos on page "Page 47386"
[17/02/2025 23:28:46][TRADE]luiguiwar traded 12x Ghast Tear for 64x Apple in shop botanicos on page "Page 47386"
[17/02/2025 23:28:47][TRADE]luiguiwar traded 12x Ghast Tear for 64x Carrot in shop botanicos on page "Page 47386"
[17/02/2025 23:28:48][TRADE]luiguiwar traded 12x Ghast Tear for 64x Potato in shop botanicos on page "Page 47386"
[17/02/2025 23:28:48][TRADE]luiguiwar traded 12x Ghast Tear for 64x Melon Slice in shop botanicos on page "Page 47386"
[17/02/2025 23:28:48][TRADE]luiguiwar traded 12x Ghast Tear for 64x Melon Slice in shop botanicos on page "Page 47386"
[17/02/2025 23:28:50][TRADE]luiguiwar traded 12x Ghast Tear for 64x Beetroot in shop botanicos on page "Page 47386"
[17/02/2025 23:28:51][TRADE]luiguiwar traded 12x Ghast Tear for 64x Bamboo in shop botanicos on page "Page 47386"
[17/02/2025 23:28:51][TRADE]luiguiwar traded 12x Ghast Tear for 64x Beetroot in shop botanicos on page "Page 47386"
[17/02/2025 23:28:52][TRADE]luiguiwar traded 12x Ghast Tear for 64x Wheat in shop botanicos on page "Page 47386"
[17/02/2025 23:28:52][TRADE]luiguiwar traded 12x Ghast Tear for 64x Cocoa Beans in shop botanicos on page "Page 47386"
[17/02/2025 23:28:53][TRADE]luiguiwar traded 12x Ghast Tear for 64x Kelp in shop botanicos on page "Page 47386"
[17/02/2025 23:28:53][TRADE]luiguiwar traded 12x Ghast Tear for 64x Carrot in shop botanicos on page "Page 47386"
[17/02/2025 23:28:54][TRADE]luiguiwar traded 12x Ghast Tear for 64x Kelp in shop botanicos on page "Page 47386"
[17/02/2025 23:28:54][TRADE]luiguiwar traded 12x Ghast Tear for 64x Cactus in shop botanicos on page "Page 47386"
[17/02/2025 23:28:55][TRADE]luiguiwar traded 12x Ghast Tear for 64x Lily Pad in shop botanicos on page "Page 47386"
[17/02/2025 23:28:55][TRADE]luiguiwar traded 12x Ghast Tear for 64x Wheat in shop botanicos on page "Page 47386"
[17/02/2025 23:29:04][TRADE]luiguiwar traded 12x Ghast Tear for 64x Sugar Cane in shop botanicos on page "Page 47386"
[17/02/2025 23:29:19][TRADE]luiguiwar traded 12x Ghast Tear for 64x Apple in shop botanicos on page "Page 47386"
[17/02/2025 23:29:19][TRADE]luiguiwar traded 12x Ghast Tear for 64x Potato in shop botanicos on page "Page 47386"
[17/02/2025 23:29:20][TRADE]luiguiwar traded 12x Ghast Tear for 64x Melon Slice in shop botanicos on page "Page 47386"
[17/02/2025 23:29:21][TRADE]luiguiwar traded 12x Ghast Tear for 64x Potato in shop botanicos on page "Page 47386"
[17/02/2025 23:29:21][TRADE]luiguiwar traded 12x Ghast Tear for 64x Beetroot in shop botanicos on page "Page 47386"
[17/02/2025 23:29:22][TRADE]luiguiwar traded 12x Ghast Tear for 64x Beetroot in shop botanicos on page "Page 47386"
[17/02/2025 23:29:23][TRADE]luiguiwar traded 12x Ghast Tear for 64x Beetroot in shop botanicos on page "Page 47386"
[17/02/2025 23:29:23][TRADE]luiguiwar traded 12x Ghast Tear for 64x Wheat in shop botanicos on page "Page 47386"
[17/02/2025 23:29:23][TRADE]luiguiwar traded 12x Ghast Tear for 64x Cocoa Beans in shop botanicos on page "Page 47386"
[17/02/2025 23:29:27][TRADE]luiguiwar traded 12x Ghast Tear for 64x Wheat in shop botanicos on page "Page 47386"
[17/02/2025 23:29:27][TRADE]luiguiwar traded 12x Ghast Tear for 64x Carrot in shop botanicos on page "Page 47386"
[17/02/2025 23:29:27][TRADE]luiguiwar traded 12x Ghast Tear for 64x Carrot in shop botanicos on page "Page 47386"
[17/02/2025 23:29:28][TRADE]luiguiwar traded 12x Ghast Tear for 64x Pumpkin in shop botanicos on page "Page 47386"
[17/02/2025 23:29:30][TRADE]luiguiwar traded 12x Ghast Tear for 64x Wheat in shop botanicos on page "Page 47386"
[17/02/2025 23:29:32][TRADE]luiguiwar traded 12x Ghast Tear for 64x Potato in shop botanicos on page "Page 47386"
[17/02/2025 23:32:41][TRADE]luiguiwar traded 12x Ghast Tear for 64x Carrot in shop botanicos on page "Page 47386"
[17/02/2025 23:32:43][TRADE]luiguiwar traded 12x Ghast Tear for 64x Carrot in shop botanicos on page "Page 47386"
[17/02/2025 23:32:45][TRADE]luiguiwar traded 12x Ghast Tear for 64x Lily Pad in shop botanicos on page "Page 47386"
[17/02/2025 23:32:47][TRADE]luiguiwar traded 12x Ghast Tear for 64x Carrot in shop botanicos on page "Page 47386"
[17/02/2025 23:32:48][TRADE]luiguiwar traded 12x Ghast Tear for 64x Sea Pickle in shop botanicos on page "Page 47386"
