[26/02/2025 19:35:55][TRADE]YudaxNot traded 15x Ghast Tear for 64x Sweet Berries in shop botanicos on page "Page 59217"
[26/02/2025 19:35:56][TRADE]YudaxNot traded 15x Ghast Tear for 64x Kelp in shop botanicos on page "Page 59217"
[26/02/2025 19:35:56][TRADE]YudaxNot traded 15x Ghast Tear for 64x Sweet Berries in shop botanicos on page "Page 59217"
[26/02/2025 19:35:57][TRADE]YudaxNot traded 15x Ghast Tear for 64x Sweet Berries in shop botanicos on page "Page 59217"
[26/02/2025 19:35:57][TRADE]YudaxNot traded 15x Ghast Tear for 64x Sweet Berries in shop botanicos on page "Page 59217"
[26/02/2025 19:35:58][TRADE]YudaxNot traded 15x Ghast Tear for 64x Sweet Berries in shop botanicos on page "Page 59217"
[26/02/2025 19:36:01][TRADE]YudaxNot traded 15x Ghast Tear for 64x Apple in shop botanicos on page "Page 59217"
[26/02/2025 19:36:01][TRADE]YudaxNot traded 15x Ghast Tear for 64x Apple in shop botanicos on page "Page 59217"
[26/02/2025 19:36:01][TRADE]YudaxNot traded 15x Ghast Tear for 64x Apple in shop botanicos on page "Page 59217"
[26/02/2025 19:36:03][TRADE]YudaxNot traded 15x Ghast Tear for 64x Apple in shop botanicos on page "Page 59217"
[26/02/2025 19:36:04][TRADE]YudaxNot traded 15x Ghast Tear for 64x Melon Slice in shop botanicos on page "Page 59217"
[26/02/2025 19:36:07][TRADE]YudaxNot traded 15x Ghast Tear for 64x Apple in shop botanicos on page "Page 59217"
[26/02/2025 19:36:07][TRADE]YudaxNot traded 15x Ghast Tear for 64x Apple in shop botanicos on page "Page 59217"
[26/02/2025 19:36:09][TRADE]YudaxNot traded 15x Ghast Tear for 64x Sweet Berries in shop botanicos on page "Page 59217"
[26/02/2025 19:36:09][TRADE]YudaxNot traded 15x Ghast Tear for 64x Sweet Berries in shop botanicos on page "Page 59217"
[26/02/2025 19:36:11][TRADE]YudaxNot traded 15x Ghast Tear for 64x Sweet Berries in shop botanicos on page "Page 59217"
[26/02/2025 19:36:13][TRADE]YudaxNot traded 15x Ghast Tear for 64x Beetroot in shop botanicos on page "Page 59217"
[26/02/2025 19:36:13][TRADE]YudaxNot traded 15x Ghast Tear for 64x Beetroot in shop botanicos on page "Page 59217"
[26/02/2025 19:36:14][TRADE]YudaxNot traded 15x Ghast Tear for 64x Beetroot in shop botanicos on page "Page 59217"
[26/02/2025 19:36:14][TRADE]YudaxNot traded 15x Ghast Tear for 64x Beetroot in shop botanicos on page "Page 59217"
[26/02/2025 19:36:17][TRADE]YudaxNot traded 15x Ghast Tear for 64x Apple in shop botanicos on page "Page 59217"
[26/02/2025 19:36:18][TRADE]YudaxNot traded 15x Ghast Tear for 64x Apple in shop botanicos on page "Page 59217"
[26/02/2025 19:36:20][TRADE]YudaxNot traded 15x Ghast Tear for 64x Melon Slice in shop botanicos on page "Page 59217"
[26/02/2025 19:36:22][TRADE]YudaxNot traded 15x Ghast Tear for 64x Sweet Berries in shop botanicos on page "Page 59217"
[26/02/2025 19:36:22][TRADE]YudaxNot traded 15x Ghast Tear for 64x Sweet Berries in shop botanicos on page "Page 59217"
[26/02/2025 19:36:24][TRADE]YudaxNot traded 15x Ghast Tear for 64x Sweet Berries in shop botanicos on page "Page 59217"
[26/02/2025 19:36:24][TRADE]YudaxNot traded 15x Ghast Tear for 64x Sweet Berries in shop botanicos on page "Page 59217"
[26/02/2025 19:36:26][TRADE]YudaxNot traded 15x Ghast Tear for 64x Sweet Berries in shop botanicos on page "Page 59217"
[26/02/2025 19:47:09][TRADE]YudaxNot traded 15x Ghast Tear for 64x Apple in shop botanicos on page "Page 59217"
[26/02/2025 19:47:10][TRADE]YudaxNot traded 15x Ghast Tear for 64x Apple in shop botanicos on page "Page 59217"
[26/02/2025 19:47:10][TRADE]YudaxNot traded 15x Ghast Tear for 64x Apple in shop botanicos on page "Page 59217"
[26/02/2025 19:47:10][TRADE]YudaxNot traded 15x Ghast Tear for 64x Apple in shop botanicos on page "Page 59217"
[26/02/2025 19:47:10][TRADE]YudaxNot traded 15x Ghast Tear for 64x Apple in shop botanicos on page "Page 59217"
[26/02/2025 19:47:11][TRADE]YudaxNot traded 15x Ghast Tear for 64x Apple in shop botanicos on page "Page 59217"
[26/02/2025 19:47:11][TRADE]YudaxNot traded 15x Ghast Tear for 64x Apple in shop botanicos on page "Page 59217"
[26/02/2025 19:47:12][TRADE]YudaxNot traded 15x Ghast Tear for 64x Sweet Berries in shop botanicos on page "Page 59217"
[26/02/2025 19:47:12][TRADE]YudaxNot traded 15x Ghast Tear for 64x Sweet Berries in shop botanicos on page "Page 59217"
[26/02/2025 19:47:13][TRADE]YudaxNot traded 15x Ghast Tear for 64x Sweet Berries in shop botanicos on page "Page 59217"
[26/02/2025 19:47:14][TRADE]YudaxNot traded 15x Ghast Tear for 64x Apple in shop botanicos on page "Page 59217"
[26/02/2025 19:47:14][TRADE]YudaxNot traded 15x Ghast Tear for 64x Apple in shop botanicos on page "Page 59217"
[26/02/2025 19:47:15][TRADE]YudaxNot traded 15x Ghast Tear for 64x Sweet Berries in shop botanicos on page "Page 59217"
[26/02/2025 19:47:15][TRADE]YudaxNot traded 15x Ghast Tear for 64x Sweet Berries in shop botanicos on page "Page 59217"
[26/02/2025 19:47:16][TRADE]YudaxNot traded 15x Ghast Tear for 64x Kelp in shop botanicos on page "Page 59217"
[26/02/2025 19:47:17][TRADE]YudaxNot traded 15x Ghast Tear for 64x Kelp in shop botanicos on page "Page 59217"
[26/02/2025 19:47:18][TRADE]YudaxNot traded 15x Ghast Tear for 64x Sweet Berries in shop botanicos on page "Page 59217"
[26/02/2025 19:47:19][TRADE]YudaxNot traded 15x Ghast Tear for 64x Sweet Berries in shop botanicos on page "Page 59217"
[26/02/2025 19:47:19][TRADE]YudaxNot traded 15x Ghast Tear for 64x Sweet Berries in shop botanicos on page "Page 59217"
[26/02/2025 19:47:20][TRADE]YudaxNot traded 15x Ghast Tear for 64x Sweet Berries in shop botanicos on page "Page 59217"
[26/02/2025 19:47:21][TRADE]YudaxNot traded 15x Ghast Tear for 64x Apple in shop botanicos on page "Page 59217"
[26/02/2025 19:47:21][TRADE]YudaxNot traded 15x Ghast Tear for 64x Apple in shop botanicos on page "Page 59217"
[26/02/2025 19:47:22][TRADE]YudaxNot traded 15x Ghast Tear for 64x Apple in shop botanicos on page "Page 59217"
[26/02/2025 19:47:23][TRADE]YudaxNot traded 15x Ghast Tear for 64x Apple in shop botanicos on page "Page 59217"
[26/02/2025 19:47:24][TRADE]YudaxNot traded 15x Ghast Tear for 64x Beetroot in shop botanicos on page "Page 59217"
[26/02/2025 19:47:25][TRADE]YudaxNot traded 15x Ghast Tear for 64x Sweet Berries in shop botanicos on page "Page 59217"
[26/02/2025 19:47:26][TRADE]YudaxNot traded 15x Ghast Tear for 64x Sweet Berries in shop botanicos on page "Page 59217"
[26/02/2025 19:47:26][TRADE]YudaxNot traded 15x Ghast Tear for 64x Melon Slice in shop botanicos on page "Page 59217"
[26/02/2025 19:47:53][TRADE]YudaxNot traded 15x Ghast Tear for 64x Kelp in shop botanicos on page "Page 59217"
[26/02/2025 19:47:55][TRADE]YudaxNot traded 15x Ghast Tear for 64x Sweet Berries in shop botanicos on page "Page 59217"
[26/02/2025 19:47:56][TRADE]YudaxNot traded 15x Ghast Tear for 64x Sweet Berries in shop botanicos on page "Page 59217"
[26/02/2025 19:47:56][TRADE]YudaxNot traded 15x Ghast Tear for 64x Sweet Berries in shop botanicos on page "Page 59217"
[26/02/2025 19:47:57][TRADE]YudaxNot traded 15x Ghast Tear for 64x Sweet Berries in shop botanicos on page "Page 59217"
[26/02/2025 19:47:58][TRADE]YudaxNot traded 15x Ghast Tear for 64x Apple in shop botanicos on page "Page 59217"
[26/02/2025 19:47:58][TRADE]YudaxNot traded 15x Ghast Tear for 64x Apple in shop botanicos on page "Page 59217"
[26/02/2025 19:47:59][TRADE]YudaxNot traded 15x Ghast Tear for 64x Apple in shop botanicos on page "Page 59217"
[26/02/2025 19:48:00][TRADE]YudaxNot traded 15x Ghast Tear for 64x Apple in shop botanicos on page "Page 59217"
[26/02/2025 19:48:01][TRADE]YudaxNot traded 15x Ghast Tear for 64x Apple in shop botanicos on page "Page 59217"
[26/02/2025 19:48:03][TRADE]YudaxNot traded 15x Ghast Tear for 64x Sweet Berries in shop botanicos on page "Page 59217"
[26/02/2025 19:48:03][TRADE]YudaxNot traded 15x Ghast Tear for 64x Sweet Berries in shop botanicos on page "Page 59217"
[26/02/2025 19:48:05][TRADE]YudaxNot traded 15x Ghast Tear for 64x Apple in shop botanicos on page "Page 59217"
[26/02/2025 19:48:05][TRADE]YudaxNot traded 15x Ghast Tear for 64x Apple in shop botanicos on page "Page 59217"
[26/02/2025 19:48:06][TRADE]YudaxNot traded 15x Ghast Tear for 64x Beetroot in shop botanicos on page "Page 59217"
[26/02/2025 19:48:06][TRADE]YudaxNot traded 15x Ghast Tear for 64x Beetroot in shop botanicos on page "Page 59217"
[26/02/2025 19:48:07][TRADE]YudaxNot traded 15x Ghast Tear for 64x Beetroot in shop botanicos on page "Page 59217"
[26/02/2025 19:48:08][TRADE]YudaxNot traded 15x Ghast Tear for 64x Sweet Berries in shop botanicos on page "Page 59217"
[26/02/2025 19:48:08][TRADE]YudaxNot traded 15x Ghast Tear for 64x Sweet Berries in shop botanicos on page "Page 59217"
[26/02/2025 19:48:09][TRADE]YudaxNot traded 15x Ghast Tear for 64x Sweet Berries in shop botanicos on page "Page 59217"
[26/02/2025 19:48:09][TRADE]YudaxNot traded 15x Ghast Tear for 64x Sweet Berries in shop botanicos on page "Page 59217"
[26/02/2025 19:48:11][TRADE]YudaxNot traded 15x Ghast Tear for 64x Sweet Berries in shop botanicos on page "Page 59217"
[26/02/2025 19:48:11][TRADE]YudaxNot traded 15x Ghast Tear for 64x Sweet Berries in shop botanicos on page "Page 59217"
[26/02/2025 19:48:11][TRADE]YudaxNot traded 15x Ghast Tear for 64x Sweet Berries in shop botanicos on page "Page 59217"
[26/02/2025 19:48:12][TRADE]YudaxNot traded 15x Ghast Tear for 64x Kelp in shop botanicos on page "Page 59217"
[26/02/2025 19:48:14][TRADE]YudaxNot traded 15x Ghast Tear for 64x Sweet Berries in shop botanicos on page "Page 59217"
[26/02/2025 19:48:15][TRADE]YudaxNot traded 15x Ghast Tear for 64x Sweet Berries in shop botanicos on page "Page 59217"
[26/02/2025 19:48:17][TRADE]YudaxNot traded 15x Ghast Tear for 64x Sweet Berries in shop botanicos on page "Page 59217"
[26/02/2025 19:48:34][TRADE]YudaxNot traded 15x Ghast Tear for 64x Sweet Berries in shop botanicos on page "Page 59217"
[26/02/2025 19:48:35][TRADE]YudaxNot traded 15x Ghast Tear for 64x Sweet Berries in shop botanicos on page "Page 59217"
[26/02/2025 19:48:35][TRADE]YudaxNot traded 15x Ghast Tear for 64x Sweet Berries in shop botanicos on page "Page 59217"
[26/02/2025 19:48:36][TRADE]YudaxNot traded 15x Ghast Tear for 64x Sweet Berries in shop botanicos on page "Page 59217"
[26/02/2025 19:48:36][TRADE]YudaxNot traded 15x Ghast Tear for 64x Sweet Berries in shop botanicos on page "Page 59217"
[26/02/2025 19:48:37][TRADE]YudaxNot traded 15x Ghast Tear for 64x Sweet Berries in shop botanicos on page "Page 59217"
[26/02/2025 19:48:37][TRADE]YudaxNot traded 15x Ghast Tear for 64x Sweet Berries in shop botanicos on page "Page 59217"
[26/02/2025 19:48:37][TRADE]YudaxNot traded 15x Ghast Tear for 64x Sweet Berries in shop botanicos on page "Page 59217"
[26/02/2025 19:48:38][TRADE]YudaxNot traded 15x Ghast Tear for 64x Sweet Berries in shop botanicos on page "Page 59217"
[26/02/2025 19:48:39][TRADE]YudaxNot traded 15x Ghast Tear for 64x Sweet Berries in shop botanicos on page "Page 59217"
[26/02/2025 19:48:39][TRADE]YudaxNot traded 15x Ghast Tear for 64x Sweet Berries in shop botanicos on page "Page 59217"
[26/02/2025 19:48:40][TRADE]YudaxNot traded 15x Ghast Tear for 64x Apple in shop botanicos on page "Page 59217"
[26/02/2025 19:48:40][TRADE]YudaxNot traded 15x Ghast Tear for 64x Apple in shop botanicos on page "Page 59217"
[26/02/2025 19:48:41][TRADE]YudaxNot traded 15x Ghast Tear for 64x Sweet Berries in shop botanicos on page "Page 59217"
[26/02/2025 19:48:41][TRADE]YudaxNot traded 15x Ghast Tear for 64x Sweet Berries in shop botanicos on page "Page 59217"
[26/02/2025 19:48:42][TRADE]YudaxNot traded 15x Ghast Tear for 64x Sweet Berries in shop botanicos on page "Page 59217"
[26/02/2025 19:48:43][TRADE]YudaxNot traded 15x Ghast Tear for 64x Sweet Berries in shop botanicos on page "Page 59217"
[26/02/2025 19:48:44][TRADE]YudaxNot traded 15x Ghast Tear for 64x Sweet Berries in shop botanicos on page "Page 59217"
[26/02/2025 19:48:46][TRADE]YudaxNot traded 15x Ghast Tear for 64x Sweet Berries in shop botanicos on page "Page 59217"
[26/02/2025 19:48:48][TRADE]YudaxNot traded 15x Ghast Tear for 64x Apple in shop botanicos on page "Page 59217"
[26/02/2025 19:48:49][TRADE]YudaxNot traded 15x Ghast Tear for 64x Apple in shop botanicos on page "Page 59217"
[26/02/2025 19:48:49][TRADE]YudaxNot traded 15x Ghast Tear for 64x Apple in shop botanicos on page "Page 59217"
[26/02/2025 19:48:49][TRADE]YudaxNot traded 15x Ghast Tear for 64x Apple in shop botanicos on page "Page 59217"
[26/02/2025 19:48:50][TRADE]YudaxNot traded 15x Ghast Tear for 64x Beetroot in shop botanicos on page "Page 59217"
[26/02/2025 19:48:51][TRADE]YudaxNot traded 15x Ghast Tear for 64x Beetroot in shop botanicos on page "Page 59217"
[26/02/2025 19:48:51][TRADE]YudaxNot traded 15x Ghast Tear for 64x Melon Slice in shop botanicos on page "Page 59217"
[26/02/2025 19:48:53][TRADE]YudaxNot traded 15x Ghast Tear for 64x Sweet Berries in shop botanicos on page "Page 59217"
[26/02/2025 19:48:53][TRADE]YudaxNot traded 15x Ghast Tear for 64x Sweet Berries in shop botanicos on page "Page 59217"
[26/02/2025 19:49:42][TRADE]YudaxNot traded 15x Ghast Tear for 64x Sweet Berries in shop botanicos on page "Page 59217"
[26/02/2025 19:49:42][TRADE]YudaxNot traded 15x Ghast Tear for 64x Sweet Berries in shop botanicos on page "Page 59217"
[26/02/2025 19:49:43][TRADE]YudaxNot traded 15x Ghast Tear for 64x Sweet Berries in shop botanicos on page "Page 59217"
[26/02/2025 19:49:43][TRADE]YudaxNot traded 15x Ghast Tear for 64x Sweet Berries in shop botanicos on page "Page 59217"
[26/02/2025 19:49:44][TRADE]YudaxNot traded 15x Ghast Tear for 64x Sweet Berries in shop botanicos on page "Page 59217"
[26/02/2025 19:49:46][TRADE]YudaxNot traded 15x Ghast Tear for 64x Sweet Berries in shop botanicos on page "Page 59217"
[26/02/2025 19:49:46][TRADE]YudaxNot traded 15x Ghast Tear for 64x Sweet Berries in shop botanicos on page "Page 59217"
[26/02/2025 19:49:47][TRADE]YudaxNot traded 15x Ghast Tear for 64x Sweet Berries in shop botanicos on page "Page 59217"
[26/02/2025 19:49:48][TRADE]YudaxNot traded 15x Ghast Tear for 64x Sweet Berries in shop botanicos on page "Page 59217"
[26/02/2025 19:49:48][TRADE]YudaxNot traded 15x Ghast Tear for 64x Sweet Berries in shop botanicos on page "Page 59217"
[26/02/2025 19:49:49][TRADE]YudaxNot traded 15x Ghast Tear for 64x Sweet Berries in shop botanicos on page "Page 59217"
[26/02/2025 19:49:50][TRADE]YudaxNot traded 15x Ghast Tear for 64x Sweet Berries in shop botanicos on page "Page 59217"
[26/02/2025 19:49:51][TRADE]YudaxNot traded 15x Ghast Tear for 64x Apple in shop botanicos on page "Page 59217"
[26/02/2025 19:49:51][TRADE]YudaxNot traded 15x Ghast Tear for 64x Apple in shop botanicos on page "Page 59217"
[26/02/2025 19:49:52][TRADE]YudaxNot traded 15x Ghast Tear for 64x Sweet Berries in shop botanicos on page "Page 59217"
[26/02/2025 19:49:53][TRADE]YudaxNot traded 15x Ghast Tear for 64x Sweet Berries in shop botanicos on page "Page 59217"
[26/02/2025 19:49:54][TRADE]YudaxNot traded 15x Ghast Tear for 64x Kelp in shop botanicos on page "Page 59217"
[26/02/2025 19:49:55][TRADE]YudaxNot traded 15x Ghast Tear for 64x Kelp in shop botanicos on page "Page 59217"
[26/02/2025 19:49:55][TRADE]YudaxNot traded 15x Ghast Tear for 64x Kelp in shop botanicos on page "Page 59217"
[26/02/2025 19:49:57][TRADE]YudaxNot traded 15x Ghast Tear for 64x Kelp in shop botanicos on page "Page 59217"
[26/02/2025 19:50:04][TRADE]YudaxNot traded 15x Ghast Tear for 64x Sweet Berries in shop botanicos on page "Page 59217"
[26/02/2025 19:50:05][TRADE]YudaxNot traded 15x Ghast Tear for 64x Sweet Berries in shop botanicos on page "Page 59217"
[26/02/2025 19:50:06][TRADE]YudaxNot traded 15x Ghast Tear for 64x Melon Slice in shop botanicos on page "Page 59217"
[26/02/2025 19:50:07][TRADE]YudaxNot traded 15x Ghast Tear for 64x Sweet Berries in shop botanicos on page "Page 59217"
