[21/02/2025 15:29:59][TRADE]zeta4401 traded 64x Kelp for 1x Ghast Tear,20x Ghast Tear in shop botanicos on page "Page 98387"
[21/02/2025 15:30:00][TRADE]zeta4401 traded 64x Kelp for 1x Ghast Tear,20x Ghast Tear in shop botanicos on page "Page 98387"
[21/02/2025 15:30:00][TRADE]zeta4401 traded 64x Kelp for 1x Ghast Tear,20x Ghast Tear in shop botanicos on page "Page 98387"
[21/02/2025 15:30:04][TRADE]zeta4401 traded 30x Ghast Tear for 64x Kelp in shop botanicos on page "Page 59217"
[21/02/2025 15:30:04][TRADE]zeta4401 traded 30x Ghast Tear for 64x Kelp in shop botanicos on page "Page 59217"
[21/02/2025 15:30:04][TRADE]zeta4401 traded 30x Ghast Tear for 64x Kelp in shop botanicos on page "Page 59217"
[21/02/2025 15:30:05][TRADE]zeta4401 traded 30x Ghast Tear for 64x Sweet Berries in shop botanicos on page "Page 59217"
[21/02/2025 15:30:05][TRADE]zeta4401 traded 30x Ghast Tear for 64x Sweet Berries in shop botanicos on page "Page 59217"
[21/02/2025 15:30:05][TRADE]zeta4401 traded 30x Ghast Tear for 64x Sweet Berries in shop botanicos on page "Page 59217"
[21/02/2025 15:30:06][TRADE]zeta4401 traded 30x Ghast Tear for 64x Sweet Berries in shop botanicos on page "Page 59217"
[21/02/2025 15:30:09][TRADE]zeta4401 traded 30x Ghast Tear for 64x Apple in shop botanicos on page "Page 59217"
[21/02/2025 15:30:09][TRADE]zeta4401 traded 30x Ghast Tear for 64x Apple in shop botanicos on page "Page 59217"
[21/02/2025 15:30:10][TRADE]zeta4401 traded 30x Ghast Tear for 64x Apple in shop botanicos on page "Page 59217"
[21/02/2025 15:30:14][TRADE]zeta4401 traded 30x Ghast Tear for 64x Sweet Berries in shop botanicos on page "Page 59217"
[21/02/2025 15:35:24][TRADE]zeta4401 traded 64x Apple for 1x Ghast Tear,20x Ghast Tear in shop botanicos on page "Page 98387"
[21/02/2025 15:35:26][TRADE]zeta4401 traded 64x Beetroot for 1x Ghast Tear,20x Ghast Tear in shop botanicos on page "Page 98387"
[21/02/2025 16:54:25][TRADE]TheEnderpro42 traded 30x Ghast Tear for 64x Kelp in shop botanicos on page "Page 59217"
[21/02/2025 16:54:26][TRADE]TheEnderpro42 traded 30x Ghast Tear for 64x Kelp in shop botanicos on page "Page 59217"
[21/02/2025 16:54:26][TRADE]TheEnderpro42 traded 30x Ghast Tear for 64x Sweet Berries in shop botanicos on page "Page 59217"
[21/02/2025 16:54:26][TRADE]TheEnderpro42 traded 30x Ghast Tear for 64x Sweet Berries in shop botanicos on page "Page 59217"
[21/02/2025 16:54:27][TRADE]TheEnderpro42 traded 30x Ghast Tear for 64x Melon Slice in shop botanicos on page "Page 59217"
[21/02/2025 16:54:27][TRADE]TheEnderpro42 traded 30x Ghast Tear for 64x Apple in shop botanicos on page "Page 59217"
[21/02/2025 16:54:27][TRADE]TheEnderpro42 traded 30x Ghast Tear for 64x Beetroot in shop botanicos on page "Page 59217"
[21/02/2025 16:54:28][TRADE]TheEnderpro42 traded 30x Ghast Tear for 64x Sweet Berries in shop botanicos on page "Page 59217"
[21/02/2025 16:54:28][TRADE]TheEnderpro42 traded 30x Ghast Tear for 64x Kelp in shop botanicos on page "Page 59217"
[21/02/2025 16:54:29][TRADE]TheEnderpro42 traded 30x Ghast Tear for 64x Kelp in shop botanicos on page "Page 59217"
[21/02/2025 16:54:29][TRADE]TheEnderpro42 traded 30x Ghast Tear for 64x Sweet Berries in shop botanicos on page "Page 59217"
[21/02/2025 16:54:30][TRADE]TheEnderpro42 traded 30x Ghast Tear for 64x Melon Slice in shop botanicos on page "Page 59217"
[21/02/2025 16:54:30][TRADE]TheEnderpro42 traded 30x Ghast Tear for 64x Sweet Berries in shop botanicos on page "Page 59217"
[21/02/2025 16:54:30][TRADE]TheEnderpro42 traded 30x Ghast Tear for 64x Apple in shop botanicos on page "Page 59217"
[21/02/2025 16:54:31][TRADE]TheEnderpro42 traded 30x Ghast Tear for 64x Sweet Berries in shop botanicos on page "Page 59217"
[21/02/2025 16:54:31][TRADE]TheEnderpro42 traded 30x Ghast Tear for 64x Sweet Berries in shop botanicos on page "Page 59217"
[21/02/2025 16:54:32][TRADE]TheEnderpro42 traded 30x Ghast Tear for 64x Apple in shop botanicos on page "Page 59217"
[21/02/2025 16:54:32][TRADE]TheEnderpro42 traded 30x Ghast Tear for 64x Apple in shop botanicos on page "Page 59217"
[21/02/2025 16:54:32][TRADE]TheEnderpro42 traded 30x Ghast Tear for 64x Sweet Berries in shop botanicos on page "Page 59217"
[21/02/2025 16:54:33][TRADE]TheEnderpro42 traded 30x Ghast Tear for 64x Sweet Berries in shop botanicos on page "Page 59217"
[21/02/2025 16:54:39][TRADE]TheEnderpro42 traded 30x Ghast Tear for 64x Apple in shop botanicos on page "Page 59217"
[21/02/2025 17:06:37][TRADE]luiguiwar traded 30x Ghast Tear for 64x Kelp in shop botanicos on page "Page 59217"
[21/02/2025 17:06:37][TRADE]luiguiwar traded 30x Ghast Tear for 64x Kelp in shop botanicos on page "Page 59217"
[21/02/2025 17:06:38][TRADE]luiguiwar traded 30x Ghast Tear for 64x Kelp in shop botanicos on page "Page 59217"
[21/02/2025 17:06:39][TRADE]luiguiwar traded 30x Ghast Tear for 64x Kelp in shop botanicos on page "Page 59217"
[21/02/2025 17:06:39][TRADE]luiguiwar traded 30x Ghast Tear for 64x Sweet Berries in shop botanicos on page "Page 59217"
[21/02/2025 17:06:40][TRADE]luiguiwar traded 30x Ghast Tear for 64x Sweet Berries in shop botanicos on page "Page 59217"
[21/02/2025 17:06:40][TRADE]luiguiwar traded 30x Ghast Tear for 64x Sweet Berries in shop botanicos on page "Page 59217"
[21/02/2025 17:06:41][TRADE]luiguiwar traded 30x Ghast Tear for 64x Sweet Berries in shop botanicos on page "Page 59217"
[21/02/2025 17:06:41][TRADE]luiguiwar traded 30x Ghast Tear for 64x Sweet Berries in shop botanicos on page "Page 59217"
[21/02/2025 17:06:41][TRADE]luiguiwar traded 30x Ghast Tear for 64x Sweet Berries in shop botanicos on page "Page 59217"
[21/02/2025 17:06:42][TRADE]luiguiwar traded 30x Ghast Tear for 64x Sweet Berries in shop botanicos on page "Page 59217"
[21/02/2025 17:06:42][TRADE]luiguiwar traded 30x Ghast Tear for 64x Sweet Berries in shop botanicos on page "Page 59217"
[21/02/2025 17:06:43][TRADE]luiguiwar traded 30x Ghast Tear for 64x Sweet Berries in shop botanicos on page "Page 59217"
[21/02/2025 17:06:44][TRADE]luiguiwar traded 30x Ghast Tear for 64x Apple in shop botanicos on page "Page 59217"
[21/02/2025 17:06:46][TRADE]luiguiwar traded 30x Ghast Tear for 64x Beetroot in shop botanicos on page "Page 59217"
[21/02/2025 17:06:47][TRADE]luiguiwar traded 30x Ghast Tear for 64x Apple in shop botanicos on page "Page 59217"
[21/02/2025 17:06:47][TRADE]luiguiwar traded 30x Ghast Tear for 64x Apple in shop botanicos on page "Page 59217"
[21/02/2025 17:06:48][TRADE]luiguiwar traded 30x Ghast Tear for 64x Apple in shop botanicos on page "Page 59217"
[21/02/2025 17:06:49][TRADE]luiguiwar traded 30x Ghast Tear for 64x Apple in shop botanicos on page "Page 59217"
[21/02/2025 17:06:49][TRADE]luiguiwar traded 30x Ghast Tear for 64x Apple in shop botanicos on page "Page 59217"
[21/02/2025 17:06:51][TRADE]luiguiwar traded 30x Ghast Tear for 64x Kelp in shop botanicos on page "Page 59217"
[21/02/2025 17:06:53][TRADE]luiguiwar traded 30x Ghast Tear for 64x Sweet Berries in shop botanicos on page "Page 59217"
[21/02/2025 17:06:54][TRADE]luiguiwar traded 30x Ghast Tear for 64x Apple in shop botanicos on page "Page 59217"
[21/02/2025 17:08:22][TRADE]luiguiwar traded 30x Ghast Tear for 64x Kelp in shop botanicos on page "Page 59217"
[21/02/2025 17:08:23][TRADE]luiguiwar traded 30x Ghast Tear for 64x Kelp in shop botanicos on page "Page 59217"
[21/02/2025 17:08:23][TRADE]luiguiwar traded 30x Ghast Tear for 64x Kelp in shop botanicos on page "Page 59217"
[21/02/2025 17:08:24][TRADE]luiguiwar traded 30x Ghast Tear for 64x Melon Slice in shop botanicos on page "Page 59217"
[21/02/2025 17:08:24][TRADE]luiguiwar traded 30x Ghast Tear for 64x Sweet Berries in shop botanicos on page "Page 59217"
[21/02/2025 17:08:25][TRADE]luiguiwar traded 30x Ghast Tear for 64x Sweet Berries in shop botanicos on page "Page 59217"
[21/02/2025 17:08:25][TRADE]luiguiwar traded 30x Ghast Tear for 64x Sweet Berries in shop botanicos on page "Page 59217"
[21/02/2025 17:08:26][TRADE]luiguiwar traded 30x Ghast Tear for 64x Sweet Berries in shop botanicos on page "Page 59217"
[21/02/2025 17:08:27][TRADE]luiguiwar traded 30x Ghast Tear for 64x Sweet Berries in shop botanicos on page "Page 59217"
[21/02/2025 17:08:28][TRADE]luiguiwar traded 30x Ghast Tear for 64x Sweet Berries in shop botanicos on page "Page 59217"
[21/02/2025 17:08:28][TRADE]luiguiwar traded 30x Ghast Tear for 64x Sweet Berries in shop botanicos on page "Page 59217"
[21/02/2025 17:08:28][TRADE]luiguiwar traded 30x Ghast Tear for 64x Melon Slice in shop botanicos on page "Page 59217"
[21/02/2025 17:08:30][TRADE]luiguiwar traded 30x Ghast Tear for 64x Apple in shop botanicos on page "Page 59217"
[21/02/2025 17:08:33][TRADE]luiguiwar traded 30x Ghast Tear for 64x Sweet Berries in shop botanicos on page "Page 59217"
[21/02/2025 17:08:35][TRADE]luiguiwar traded 30x Ghast Tear for 64x Sweet Berries in shop botanicos on page "Page 59217"
[21/02/2025 17:08:39][TRADE]luiguiwar traded 30x Ghast Tear for 64x Sweet Berries in shop botanicos on page "Page 59217"
[21/02/2025 17:09:12][TRADE]luiguiwar traded 30x Ghast Tear for 64x Kelp in shop botanicos on page "Page 59217"
[21/02/2025 17:09:12][TRADE]luiguiwar traded 30x Ghast Tear for 64x Kelp in shop botanicos on page "Page 59217"
[21/02/2025 17:09:13][TRADE]luiguiwar traded 30x Ghast Tear for 64x Kelp in shop botanicos on page "Page 59217"
[21/02/2025 17:09:13][TRADE]luiguiwar traded 30x Ghast Tear for 64x Kelp in shop botanicos on page "Page 59217"
[21/02/2025 17:09:14][TRADE]luiguiwar traded 30x Ghast Tear for 64x Melon Slice in shop botanicos on page "Page 59217"
[21/02/2025 17:09:15][TRADE]luiguiwar traded 30x Ghast Tear for 64x Sweet Berries in shop botanicos on page "Page 59217"
[21/02/2025 17:09:16][TRADE]luiguiwar traded 30x Ghast Tear for 64x Sweet Berries in shop botanicos on page "Page 59217"
[21/02/2025 17:09:17][TRADE]luiguiwar traded 30x Ghast Tear for 64x Sweet Berries in shop botanicos on page "Page 59217"
[21/02/2025 17:09:19][TRADE]luiguiwar traded 30x Ghast Tear for 64x Melon Slice in shop botanicos on page "Page 59217"
[21/02/2025 17:09:19][TRADE]luiguiwar traded 30x Ghast Tear for 64x Apple in shop botanicos on page "Page 59217"
[21/02/2025 17:09:20][TRADE]luiguiwar traded 30x Ghast Tear for 64x Beetroot in shop botanicos on page "Page 59217"
[21/02/2025 17:09:21][TRADE]luiguiwar traded 30x Ghast Tear for 64x Apple in shop botanicos on page "Page 59217"
[21/02/2025 17:09:21][TRADE]luiguiwar traded 30x Ghast Tear for 64x Apple in shop botanicos on page "Page 59217"
[21/02/2025 17:09:22][TRADE]luiguiwar traded 30x Ghast Tear for 64x Apple in shop botanicos on page "Page 59217"
[21/02/2025 17:09:23][TRADE]luiguiwar traded 30x Ghast Tear for 64x Apple in shop botanicos on page "Page 59217"
[21/02/2025 17:09:24][TRADE]luiguiwar traded 30x Ghast Tear for 64x Sweet Berries in shop botanicos on page "Page 59217"
[21/02/2025 17:09:26][TRADE]luiguiwar traded 30x Ghast Tear for 64x Beetroot in shop botanicos on page "Page 59217"
[21/02/2025 17:09:28][TRADE]luiguiwar traded 30x Ghast Tear for 64x Sweet Berries in shop botanicos on page "Page 59217"
[21/02/2025 17:09:29][TRADE]luiguiwar traded 30x Ghast Tear for 64x Sweet Berries in shop botanicos on page "Page 59217"
[21/02/2025 17:09:31][TRADE]luiguiwar traded 30x Ghast Tear for 64x Apple in shop botanicos on page "Page 59217"
[21/02/2025 17:11:58][TRADE]TheEnderpro42 traded 30x Ghast Tear for 64x Apple in shop botanicos on page "Page 59217"
[21/02/2025 17:12:00][TRADE]TheEnderpro42 traded 30x Ghast Tear for 64x Kelp in shop botanicos on page "Page 59217"
[21/02/2025 17:12:00][TRADE]TheEnderpro42 traded 30x Ghast Tear for 64x Sweet Berries in shop botanicos on page "Page 59217"
[21/02/2025 17:12:01][TRADE]TheEnderpro42 traded 30x Ghast Tear for 64x Sweet Berries in shop botanicos on page "Page 59217"
[21/02/2025 17:12:01][TRADE]TheEnderpro42 traded 30x Ghast Tear for 64x Melon Slice in shop botanicos on page "Page 59217"
[21/02/2025 17:12:02][TRADE]TheEnderpro42 traded 30x Ghast Tear for 64x Apple in shop botanicos on page "Page 59217"
[21/02/2025 17:12:02][TRADE]TheEnderpro42 traded 30x Ghast Tear for 64x Kelp in shop botanicos on page "Page 59217"
[21/02/2025 17:12:02][TRADE]TheEnderpro42 traded 30x Ghast Tear for 64x Kelp in shop botanicos on page "Page 59217"
[21/02/2025 17:12:03][TRADE]TheEnderpro42 traded 30x Ghast Tear for 64x Sweet Berries in shop botanicos on page "Page 59217"
[21/02/2025 17:12:03][TRADE]TheEnderpro42 traded 30x Ghast Tear for 64x Beetroot in shop botanicos on page "Page 59217"
[21/02/2025 17:12:03][TRADE]TheEnderpro42 traded 30x Ghast Tear for 64x Kelp in shop botanicos on page "Page 59217"
[21/02/2025 17:12:04][TRADE]TheEnderpro42 traded 30x Ghast Tear for 64x Sweet Berries in shop botanicos on page "Page 59217"
[21/02/2025 17:12:04][TRADE]TheEnderpro42 traded 30x Ghast Tear for 64x Melon Slice in shop botanicos on page "Page 59217"
[21/02/2025 17:12:04][TRADE]TheEnderpro42 traded 30x Ghast Tear for 64x Sweet Berries in shop botanicos on page "Page 59217"
[21/02/2025 17:12:05][TRADE]TheEnderpro42 traded 30x Ghast Tear for 64x Apple in shop botanicos on page "Page 59217"
[21/02/2025 17:12:06][TRADE]TheEnderpro42 traded 30x Ghast Tear for 64x Sweet Berries in shop botanicos on page "Page 59217"
[21/02/2025 17:12:06][TRADE]TheEnderpro42 traded 30x Ghast Tear for 64x Sweet Berries in shop botanicos on page "Page 59217"
[21/02/2025 17:12:06][TRADE]TheEnderpro42 traded 30x Ghast Tear for 64x Sweet Berries in shop botanicos on page "Page 59217"
[21/02/2025 17:12:07][TRADE]TheEnderpro42 traded 30x Ghast Tear for 64x Sweet Berries in shop botanicos on page "Page 59217"
[21/02/2025 17:12:07][TRADE]TheEnderpro42 traded 30x Ghast Tear for 64x Apple in shop botanicos on page "Page 59217"
[21/02/2025 17:12:08][TRADE]TheEnderpro42 traded 30x Ghast Tear for 64x Sweet Berries in shop botanicos on page "Page 59217"
[21/02/2025 17:12:10][TRADE]TheEnderpro42 traded 30x Ghast Tear for 64x Sweet Berries in shop botanicos on page "Page 59217"
[21/02/2025 17:12:12][TRADE]TheEnderpro42 traded 30x Ghast Tear for 64x Apple in shop botanicos on page "Page 59217"
[21/02/2025 17:12:13][TRADE]TheEnderpro42 traded 30x Ghast Tear for 64x Sweet Berries in shop botanicos on page "Page 59217"
[21/02/2025 17:12:14][TRADE]TheEnderpro42 traded 30x Ghast Tear for 64x Sweet Berries in shop botanicos on page "Page 59217"
[21/02/2025 17:12:16][TRADE]TheEnderpro42 traded 30x Ghast Tear for 64x Beetroot in shop botanicos on page "Page 59217"
[21/02/2025 17:12:18][TRADE]TheEnderpro42 traded 30x Ghast Tear for 64x Sweet Berries in shop botanicos on page "Page 59217"
[21/02/2025 17:12:19][TRADE]TheEnderpro42 traded 30x Ghast Tear for 64x Sweet Berries in shop botanicos on page "Page 59217"
[21/02/2025 17:12:21][TRADE]TheEnderpro42 traded 30x Ghast Tear for 64x Sweet Berries in shop botanicos on page "Page 59217"
[21/02/2025 17:12:22][TRADE]TheEnderpro42 traded 30x Ghast Tear for 64x Apple in shop botanicos on page "Page 59217"
[21/02/2025 17:12:25][TRADE]TheEnderpro42 traded 30x Ghast Tear for 64x Apple in shop botanicos on page "Page 59217"
[21/02/2025 17:20:30][TRADE]TheEnderpro42 traded 30x Ghast Tear for 64x Kelp in shop botanicos on page "Page 59217"
[21/02/2025 17:20:30][TRADE]TheEnderpro42 traded 30x Ghast Tear for 64x Sweet Berries in shop botanicos on page "Page 59217"
[21/02/2025 17:20:31][TRADE]TheEnderpro42 traded 30x Ghast Tear for 64x Kelp in shop botanicos on page "Page 59217"
[21/02/2025 17:20:31][TRADE]TheEnderpro42 traded 30x Ghast Tear for 64x Melon Slice in shop botanicos on page "Page 59217"
[21/02/2025 17:20:33][TRADE]TheEnderpro42 traded 30x Ghast Tear for 64x Kelp in shop botanicos on page "Page 59217"
[21/02/2025 17:20:33][TRADE]TheEnderpro42 traded 30x Ghast Tear for 64x Sweet Berries in shop botanicos on page "Page 59217"
[21/02/2025 17:20:34][TRADE]TheEnderpro42 traded 30x Ghast Tear for 64x Apple in shop botanicos on page "Page 59217"
[21/02/2025 17:20:34][TRADE]TheEnderpro42 traded 30x Ghast Tear for 64x Beetroot in shop botanicos on page "Page 59217"
[21/02/2025 17:20:35][TRADE]TheEnderpro42 traded 30x Ghast Tear for 64x Sweet Berries in shop botanicos on page "Page 59217"
[21/02/2025 17:20:35][TRADE]TheEnderpro42 traded 30x Ghast Tear for 64x Kelp in shop botanicos on page "Page 59217"
[21/02/2025 17:20:36][TRADE]TheEnderpro42 traded 30x Ghast Tear for 64x Kelp in shop botanicos on page "Page 59217"
[21/02/2025 17:20:36][TRADE]TheEnderpro42 traded 30x Ghast Tear for 64x Sweet Berries in shop botanicos on page "Page 59217"
[21/02/2025 17:20:37][TRADE]TheEnderpro42 traded 30x Ghast Tear for 64x Melon Slice in shop botanicos on page "Page 59217"
[21/02/2025 17:20:37][TRADE]TheEnderpro42 traded 30x Ghast Tear for 64x Sweet Berries in shop botanicos on page "Page 59217"
[21/02/2025 17:20:37][TRADE]TheEnderpro42 traded 30x Ghast Tear for 64x Apple in shop botanicos on page "Page 59217"
[21/02/2025 17:20:37][TRADE]TheEnderpro42 traded 30x Ghast Tear for 64x Apple in shop botanicos on page "Page 59217"
[21/02/2025 17:20:38][TRADE]TheEnderpro42 traded 30x Ghast Tear for 64x Sweet Berries in shop botanicos on page "Page 59217"
[21/02/2025 17:20:38][TRADE]TheEnderpro42 traded 30x Ghast Tear for 64x Sweet Berries in shop botanicos on page "Page 59217"
[21/02/2025 17:20:38][TRADE]TheEnderpro42 traded 30x Ghast Tear for 64x Sweet Berries in shop botanicos on page "Page 59217"
[21/02/2025 17:20:39][TRADE]TheEnderpro42 traded 30x Ghast Tear for 64x Sweet Berries in shop botanicos on page "Page 59217"
[21/02/2025 17:20:39][TRADE]TheEnderpro42 traded 30x Ghast Tear for 64x Sweet Berries in shop botanicos on page "Page 59217"
[21/02/2025 17:20:39][TRADE]TheEnderpro42 traded 30x Ghast Tear for 64x Apple in shop botanicos on page "Page 59217"
[21/02/2025 17:20:40][TRADE]TheEnderpro42 traded 30x Ghast Tear for 64x Sweet Berries in shop botanicos on page "Page 59217"
[21/02/2025 17:20:41][TRADE]TheEnderpro42 traded 30x Ghast Tear for 64x Sweet Berries in shop botanicos on page "Page 59217"
[21/02/2025 17:20:42][TRADE]TheEnderpro42 traded 30x Ghast Tear for 64x Sweet Berries in shop botanicos on page "Page 59217"
[21/02/2025 17:20:42][TRADE]TheEnderpro42 traded 30x Ghast Tear for 64x Apple in shop botanicos on page "Page 59217"
[21/02/2025 17:20:43][TRADE]TheEnderpro42 traded 30x Ghast Tear for 64x Apple in shop botanicos on page "Page 59217"
[21/02/2025 17:20:44][TRADE]TheEnderpro42 traded 30x Ghast Tear for 64x Sweet Berries in shop botanicos on page "Page 59217"
[21/02/2025 17:20:44][TRADE]TheEnderpro42 traded 30x Ghast Tear for 64x Sweet Berries in shop botanicos on page "Page 59217"
[21/02/2025 17:20:45][TRADE]TheEnderpro42 traded 30x Ghast Tear for 64x Sweet Berries in shop botanicos on page "Page 59217"
[21/02/2025 17:20:47][TRADE]TheEnderpro42 traded 30x Ghast Tear for 64x Beetroot in shop botanicos on page "Page 59217"
[21/02/2025 17:20:50][TRADE]TheEnderpro42 traded 30x Ghast Tear for 64x Sweet Berries in shop botanicos on page "Page 59217"
[21/02/2025 17:20:53][TRADE]TheEnderpro42 traded 30x Ghast Tear for 64x Apple in shop botanicos on page "Page 59217"
[21/02/2025 17:20:54][TRADE]TheEnderpro42 traded 30x Ghast Tear for 64x Apple in shop botanicos on page "Page 59217"
[21/02/2025 17:26:39][TRADE]zeta4401 traded 64x Carrot for 50x Ghast Tear in shop botanicos on page "Page 46136"
[21/02/2025 17:26:44][TRADE]zeta4401 traded 12x Ghast Tear for 64x Carrot in shop botanicos on page "Page 47386"
[21/02/2025 19:30:19][TRADE]zeta4401 traded 12x Ghast Tear for 64x Apple in shop botanicos on page "Page 47386"
[21/02/2025 19:30:19][TRADE]zeta4401 traded 12x Ghast Tear for 64x Carrot in shop botanicos on page "Page 47386"
[21/02/2025 19:30:19][TRADE]zeta4401 traded 12x Ghast Tear for 64x Potato in shop botanicos on page "Page 47386"
[21/02/2025 19:30:20][TRADE]zeta4401 traded 12x Ghast Tear for 64x Potato in shop botanicos on page "Page 47386"
[21/02/2025 19:30:20][TRADE]zeta4401 traded 12x Ghast Tear for 64x Beetroot in shop botanicos on page "Page 47386"
[21/02/2025 19:30:22][TRADE]zeta4401 traded 12x Ghast Tear for 64x Beetroot in shop botanicos on page "Page 47386"
[21/02/2025 19:30:22][TRADE]zeta4401 traded 12x Ghast Tear for 64x Beetroot in shop botanicos on page "Page 47386"
[21/02/2025 19:30:23][TRADE]zeta4401 traded 12x Ghast Tear for 64x Carrot in shop botanicos on page "Page 47386"
[21/02/2025 19:30:24][TRADE]zeta4401 traded 12x Ghast Tear for 64x Lily Pad in shop botanicos on page "Page 47386"
[21/02/2025 19:30:26][TRADE]zeta4401 traded 12x Ghast Tear for 64x Carrot in shop botanicos on page "Page 47386"
[21/02/2025 19:30:32][TRADE]zeta4401 traded 12x Ghast Tear for 64x Potato in shop botanicos on page "Page 47386"
[21/02/2025 19:30:50][TRADE]zeta4401 traded 64x Sea Pickle for 50x Ghast Tear in shop botanicos on page "Page 46136"
[21/02/2025 19:30:53][TRADE]zeta4401 traded 12x Ghast Tear for 64x Sea Pickle in shop botanicos on page "Page 47386"
[21/02/2025 19:31:00][TRADE]zeta4401 traded 30x Ghast Tear for 64x Kelp in shop botanicos on page "Page 59217"
[21/02/2025 19:31:01][TRADE]zeta4401 traded 30x Ghast Tear for 64x Kelp in shop botanicos on page "Page 59217"
[21/02/2025 19:31:01][TRADE]zeta4401 traded 30x Ghast Tear for 64x Melon Slice in shop botanicos on page "Page 59217"
[21/02/2025 19:31:02][TRADE]zeta4401 traded 30x Ghast Tear for 64x Sweet Berries in shop botanicos on page "Page 59217"
[21/02/2025 19:31:02][TRADE]zeta4401 traded 30x Ghast Tear for 64x Sweet Berries in shop botanicos on page "Page 59217"
[21/02/2025 19:31:02][TRADE]zeta4401 traded 30x Ghast Tear for 64x Sweet Berries in shop botanicos on page "Page 59217"
[21/02/2025 19:31:02][TRADE]zeta4401 traded 30x Ghast Tear for 64x Sweet Berries in shop botanicos on page "Page 59217"
[21/02/2025 19:31:03][TRADE]zeta4401 traded 30x Ghast Tear for 64x Sweet Berries in shop botanicos on page "Page 59217"
[21/02/2025 19:31:03][TRADE]zeta4401 traded 30x Ghast Tear for 64x Sweet Berries in shop botanicos on page "Page 59217"
[21/02/2025 19:31:03][TRADE]zeta4401 traded 30x Ghast Tear for 64x Sweet Berries in shop botanicos on page "Page 59217"
[21/02/2025 19:31:04][TRADE]zeta4401 traded 30x Ghast Tear for 64x Sweet Berries in shop botanicos on page "Page 59217"
[21/02/2025 19:31:04][TRADE]zeta4401 traded 30x Ghast Tear for 64x Melon Slice in shop botanicos on page "Page 59217"
[21/02/2025 19:31:05][TRADE]zeta4401 traded 30x Ghast Tear for 64x Apple in shop botanicos on page "Page 59217"
[21/02/2025 19:31:05][TRADE]zeta4401 traded 30x Ghast Tear for 64x Apple in shop botanicos on page "Page 59217"
[21/02/2025 19:31:07][TRADE]zeta4401 traded 30x Ghast Tear for 64x Sweet Berries in shop botanicos on page "Page 59217"
[21/02/2025 19:31:08][TRADE]zeta4401 traded 30x Ghast Tear for 64x Apple in shop botanicos on page "Page 59217"
[21/02/2025 19:31:46][TRADE]zeta4401 traded 30x Ghast Tear for 64x Kelp in shop botanicos on page "Page 59217"
[21/02/2025 19:31:47][TRADE]zeta4401 traded 30x Ghast Tear for 64x Kelp in shop botanicos on page "Page 59217"
[21/02/2025 19:31:49][TRADE]zeta4401 traded 30x Ghast Tear for 64x Sweet Berries in shop botanicos on page "Page 59217"
[21/02/2025 19:31:49][TRADE]zeta4401 traded 30x Ghast Tear for 64x Sweet Berries in shop botanicos on page "Page 59217"
[21/02/2025 19:31:50][TRADE]zeta4401 traded 30x Ghast Tear for 64x Apple in shop botanicos on page "Page 59217"
[21/02/2025 19:31:50][TRADE]zeta4401 traded 30x Ghast Tear for 64x Melon Slice in shop botanicos on page "Page 59217"
[21/02/2025 19:31:51][TRADE]zeta4401 traded 30x Ghast Tear for 64x Beetroot in shop botanicos on page "Page 59217"
[21/02/2025 19:31:52][TRADE]zeta4401 traded 30x Ghast Tear for 64x Apple in shop botanicos on page "Page 59217"
[21/02/2025 19:31:52][TRADE]zeta4401 traded 30x Ghast Tear for 64x Apple in shop botanicos on page "Page 59217"
[21/02/2025 19:31:52][TRADE]zeta4401 traded 30x Ghast Tear for 64x Apple in shop botanicos on page "Page 59217"
[21/02/2025 19:31:53][TRADE]zeta4401 traded 30x Ghast Tear for 64x Beetroot in shop botanicos on page "Page 59217"
[21/02/2025 19:31:55][TRADE]zeta4401 traded 30x Ghast Tear for 64x Apple in shop botanicos on page "Page 59217"
[21/02/2025 19:31:57][TRADE]zeta4401 traded 30x Ghast Tear for 64x Melon Slice in shop botanicos on page "Page 59217"
[21/02/2025 19:31:59][TRADE]zeta4401 traded 30x Ghast Tear for 64x Apple in shop botanicos on page "Page 59217"
[21/02/2025 19:32:01][TRADE]zeta4401 traded 30x Ghast Tear for 64x Kelp in shop botanicos on page "Page 59217"
[21/02/2025 19:32:23][TRADE]zeta4401 traded 30x Ghast Tear for 64x Kelp in shop botanicos on page "Page 59217"
[21/02/2025 19:32:24][TRADE]zeta4401 traded 30x Ghast Tear for 64x Melon Slice in shop botanicos on page "Page 59217"
[21/02/2025 19:32:25][TRADE]zeta4401 traded 30x Ghast Tear for 64x Sweet Berries in shop botanicos on page "Page 59217"
[21/02/2025 19:32:25][TRADE]zeta4401 traded 30x Ghast Tear for 64x Sweet Berries in shop botanicos on page "Page 59217"
[21/02/2025 19:32:25][TRADE]zeta4401 traded 30x Ghast Tear for 64x Sweet Berries in shop botanicos on page "Page 59217"
[21/02/2025 19:32:25][TRADE]zeta4401 traded 30x Ghast Tear for 64x Sweet Berries in shop botanicos on page "Page 59217"
[21/02/2025 19:32:26][TRADE]zeta4401 traded 30x Ghast Tear for 64x Sweet Berries in shop botanicos on page "Page 59217"
[21/02/2025 19:32:26][TRADE]zeta4401 traded 30x Ghast Tear for 64x Sweet Berries in shop botanicos on page "Page 59217"
[21/02/2025 19:32:27][TRADE]zeta4401 traded 30x Ghast Tear for 64x Apple in shop botanicos on page "Page 59217"
[21/02/2025 19:32:29][TRADE]zeta4401 traded 30x Ghast Tear for 64x Sweet Berries in shop botanicos on page "Page 59217"
[21/02/2025 19:57:53][TRADE]zeta4401 traded 30x Ghast Tear for 64x Kelp in shop botanicos on page "Page 59217"
[21/02/2025 19:57:54][TRADE]zeta4401 traded 30x Ghast Tear for 64x Kelp in shop botanicos on page "Page 59217"
[21/02/2025 19:57:55][TRADE]zeta4401 traded 30x Ghast Tear for 64x Melon Slice in shop botanicos on page "Page 59217"
[21/02/2025 19:57:55][TRADE]zeta4401 traded 30x Ghast Tear for 64x Melon Slice in shop botanicos on page "Page 59217"
[21/02/2025 19:57:55][TRADE]zeta4401 traded 30x Ghast Tear for 64x Sweet Berries in shop botanicos on page "Page 59217"
[21/02/2025 19:57:56][TRADE]zeta4401 traded 30x Ghast Tear for 64x Sweet Berries in shop botanicos on page "Page 59217"
[21/02/2025 19:57:56][TRADE]zeta4401 traded 30x Ghast Tear for 64x Sweet Berries in shop botanicos on page "Page 59217"
[21/02/2025 19:57:56][TRADE]zeta4401 traded 30x Ghast Tear for 64x Sweet Berries in shop botanicos on page "Page 59217"
[21/02/2025 19:57:56][TRADE]zeta4401 traded 30x Ghast Tear for 64x Sweet Berries in shop botanicos on page "Page 59217"
[21/02/2025 19:57:57][TRADE]zeta4401 traded 30x Ghast Tear for 64x Sweet Berries in shop botanicos on page "Page 59217"
[21/02/2025 19:57:57][TRADE]zeta4401 traded 30x Ghast Tear for 64x Sweet Berries in shop botanicos on page "Page 59217"
[21/02/2025 19:57:57][TRADE]zeta4401 traded 30x Ghast Tear for 64x Sweet Berries in shop botanicos on page "Page 59217"
[21/02/2025 19:58:00][TRADE]zeta4401 traded 30x Ghast Tear for 64x Apple in shop botanicos on page "Page 59217"
[21/02/2025 19:58:00][TRADE]zeta4401 traded 30x Ghast Tear for 64x Apple in shop botanicos on page "Page 59217"
[21/02/2025 19:58:01][TRADE]zeta4401 traded 30x Ghast Tear for 64x Sweet Berries in shop botanicos on page "Page 59217"
[21/02/2025 19:58:02][TRADE]zeta4401 traded 30x Ghast Tear for 64x Kelp in shop botanicos on page "Page 59217"
[21/02/2025 19:58:02][TRADE]zeta4401 traded 30x Ghast Tear for 64x Melon Slice in shop botanicos on page "Page 59217"
[21/02/2025 19:58:02][TRADE]zeta4401 traded 30x Ghast Tear for 64x Kelp in shop botanicos on page "Page 59217"
[21/02/2025 19:58:02][TRADE]zeta4401 traded 30x Ghast Tear for 64x Kelp in shop botanicos on page "Page 59217"
[21/02/2025 19:58:03][TRADE]zeta4401 traded 30x Ghast Tear for 64x Sweet Berries in shop botanicos on page "Page 59217"
[21/02/2025 19:58:05][TRADE]zeta4401 traded 30x Ghast Tear for 64x Sweet Berries in shop botanicos on page "Page 59217"
[21/02/2025 19:58:06][TRADE]zeta4401 traded 30x Ghast Tear for 64x Kelp in shop botanicos on page "Page 59217"
[21/02/2025 19:58:08][TRADE]zeta4401 traded 30x Ghast Tear for 64x Sweet Berries in shop botanicos on page "Page 59217"
[21/02/2025 19:58:09][TRADE]zeta4401 traded 30x Ghast Tear for 64x Apple in shop botanicos on page "Page 59217"
[21/02/2025 19:58:29][TRADE]zeta4401 traded 30x Ghast Tear for 64x Kelp in shop botanicos on page "Page 59217"
[21/02/2025 19:58:30][TRADE]zeta4401 traded 30x Ghast Tear for 64x Kelp in shop botanicos on page "Page 59217"
[21/02/2025 19:58:31][TRADE]zeta4401 traded 30x Ghast Tear for 64x Kelp in shop botanicos on page "Page 59217"
[21/02/2025 19:58:31][TRADE]zeta4401 traded 30x Ghast Tear for 64x Melon Slice in shop botanicos on page "Page 59217"
[21/02/2025 19:58:31][TRADE]zeta4401 traded 30x Ghast Tear for 64x Sweet Berries in shop botanicos on page "Page 59217"
[21/02/2025 19:58:31][TRADE]zeta4401 traded 30x Ghast Tear for 64x Sweet Berries in shop botanicos on page "Page 59217"
[21/02/2025 19:58:32][TRADE]zeta4401 traded 30x Ghast Tear for 64x Sweet Berries in shop botanicos on page "Page 59217"
[21/02/2025 19:58:32][TRADE]zeta4401 traded 30x Ghast Tear for 64x Sweet Berries in shop botanicos on page "Page 59217"
[21/02/2025 19:58:32][TRADE]zeta4401 traded 30x Ghast Tear for 64x Sweet Berries in shop botanicos on page "Page 59217"
[21/02/2025 19:58:33][TRADE]zeta4401 traded 30x Ghast Tear for 64x Sweet Berries in shop botanicos on page "Page 59217"
[21/02/2025 19:58:33][TRADE]zeta4401 traded 30x Ghast Tear for 64x Sweet Berries in shop botanicos on page "Page 59217"
[21/02/2025 19:58:33][TRADE]zeta4401 traded 30x Ghast Tear for 64x Sweet Berries in shop botanicos on page "Page 59217"
[21/02/2025 19:58:34][TRADE]zeta4401 traded 30x Ghast Tear for 64x Melon Slice in shop botanicos on page "Page 59217"
[21/02/2025 19:58:34][TRADE]zeta4401 traded 30x Ghast Tear for 64x Apple in shop botanicos on page "Page 59217"
[21/02/2025 19:58:35][TRADE]zeta4401 traded 30x Ghast Tear for 64x Beetroot in shop botanicos on page "Page 59217"
[21/02/2025 19:58:35][TRADE]zeta4401 traded 30x Ghast Tear for 64x Beetroot in shop botanicos on page "Page 59217"
[21/02/2025 19:58:36][TRADE]zeta4401 traded 30x Ghast Tear for 64x Apple in shop botanicos on page "Page 59217"
[21/02/2025 19:58:36][TRADE]zeta4401 traded 30x Ghast Tear for 64x Apple in shop botanicos on page "Page 59217"
[21/02/2025 19:58:37][TRADE]zeta4401 traded 30x Ghast Tear for 64x Apple in shop botanicos on page "Page 59217"
[21/02/2025 19:58:37][TRADE]zeta4401 traded 30x Ghast Tear for 64x Apple in shop botanicos on page "Page 59217"
[21/02/2025 19:58:38][TRADE]zeta4401 traded 30x Ghast Tear for 64x Sweet Berries in shop botanicos on page "Page 59217"
[21/02/2025 19:58:39][TRADE]zeta4401 traded 30x Ghast Tear for 64x Sweet Berries in shop botanicos on page "Page 59217"
[21/02/2025 19:58:42][TRADE]zeta4401 traded 30x Ghast Tear for 64x Sweet Berries in shop botanicos on page "Page 59217"
[21/02/2025 19:58:43][TRADE]zeta4401 traded 30x Ghast Tear for 64x Apple in shop botanicos on page "Page 59217"
[21/02/2025 19:59:05][TRADE]zeta4401 traded 30x Ghast Tear for 64x Kelp in shop botanicos on page "Page 59217"
[21/02/2025 19:59:05][TRADE]zeta4401 traded 30x Ghast Tear for 64x Kelp in shop botanicos on page "Page 59217"
[21/02/2025 19:59:06][TRADE]zeta4401 traded 30x Ghast Tear for 64x Kelp in shop botanicos on page "Page 59217"
[21/02/2025 19:59:06][TRADE]zeta4401 traded 30x Ghast Tear for 64x Kelp in shop botanicos on page "Page 59217"
[21/02/2025 19:59:07][TRADE]zeta4401 traded 30x Ghast Tear for 64x Sweet Berries in shop botanicos on page "Page 59217"
[21/02/2025 19:59:08][TRADE]zeta4401 traded 30x Ghast Tear for 64x Sweet Berries in shop botanicos on page "Page 59217"
[21/02/2025 19:59:08][TRADE]zeta4401 traded 30x Ghast Tear for 64x Sweet Berries in shop botanicos on page "Page 59217"
[21/02/2025 19:59:09][TRADE]zeta4401 traded 30x Ghast Tear for 64x Sweet Berries in shop botanicos on page "Page 59217"
[21/02/2025 19:59:09][TRADE]zeta4401 traded 30x Ghast Tear for 64x Sweet Berries in shop botanicos on page "Page 59217"
[21/02/2025 19:59:10][TRADE]zeta4401 traded 30x Ghast Tear for 64x Sweet Berries in shop botanicos on page "Page 59217"
[21/02/2025 19:59:10][TRADE]zeta4401 traded 30x Ghast Tear for 64x Sweet Berries in shop botanicos on page "Page 59217"
[21/02/2025 19:59:11][TRADE]zeta4401 traded 30x Ghast Tear for 64x Sweet Berries in shop botanicos on page "Page 59217"
[21/02/2025 19:59:11][TRADE]zeta4401 traded 30x Ghast Tear for 64x Sweet Berries in shop botanicos on page "Page 59217"
[21/02/2025 19:59:12][TRADE]zeta4401 traded 30x Ghast Tear for 64x Sweet Berries in shop botanicos on page "Page 59217"
[21/02/2025 19:59:13][TRADE]zeta4401 traded 30x Ghast Tear for 64x Melon Slice in shop botanicos on page "Page 59217"
[21/02/2025 19:59:14][TRADE]zeta4401 traded 30x Ghast Tear for 64x Apple in shop botanicos on page "Page 59217"
[21/02/2025 19:59:14][TRADE]zeta4401 traded 30x Ghast Tear for 64x Beetroot in shop botanicos on page "Page 59217"
[21/02/2025 19:59:15][TRADE]zeta4401 traded 30x Ghast Tear for 64x Apple in shop botanicos on page "Page 59217"
[21/02/2025 19:59:15][TRADE]zeta4401 traded 30x Ghast Tear for 64x Apple in shop botanicos on page "Page 59217"
[21/02/2025 19:59:16][TRADE]zeta4401 traded 30x Ghast Tear for 64x Apple in shop botanicos on page "Page 59217"
[21/02/2025 19:59:16][TRADE]zeta4401 traded 30x Ghast Tear for 64x Apple in shop botanicos on page "Page 59217"
[21/02/2025 19:59:17][TRADE]zeta4401 traded 30x Ghast Tear for 64x Sweet Berries in shop botanicos on page "Page 59217"
[21/02/2025 19:59:18][TRADE]zeta4401 traded 30x Ghast Tear for 64x Sweet Berries in shop botanicos on page "Page 59217"
[21/02/2025 19:59:19][TRADE]zeta4401 traded 30x Ghast Tear for 64x Apple in shop botanicos on page "Page 59217"
[21/02/2025 19:59:35][TRADE]zeta4401 traded 30x Ghast Tear for 64x Apple in shop botanicos on page "Page 59217"
[21/02/2025 19:59:35][TRADE]zeta4401 traded 30x Ghast Tear for 64x Apple in shop botanicos on page "Page 59217"
[21/02/2025 19:59:38][TRADE]zeta4401 traded 30x Ghast Tear for 64x Sweet Berries in shop botanicos on page "Page 59217"
[21/02/2025 19:59:39][TRADE]zeta4401 traded 30x Ghast Tear for 64x Sweet Berries in shop botanicos on page "Page 59217"
[21/02/2025 19:59:40][TRADE]zeta4401 traded 30x Ghast Tear for 64x Beetroot in shop botanicos on page "Page 59217"
[21/02/2025 19:59:42][TRADE]zeta4401 traded 30x Ghast Tear for 64x Sweet Berries in shop botanicos on page "Page 59217"
[21/02/2025 20:14:50][TRADE]YudaxNot traded 64x Carrot for 50x Ghast Tear in shop botanicos on page "Page 46136"
[21/02/2025 20:14:55][TRADE]YudaxNot traded 12x Ghast Tear for 64x Carrot in shop botanicos on page "Page 47386"
[21/02/2025 20:14:58][TRADE]YudaxNot traded 12x Ghast Tear for 64x Sea Pickle in shop botanicos on page "Page 47386"
[21/02/2025 20:15:00][TRADE]YudaxNot traded 12x Ghast Tear for 64x Carrot in shop botanicos on page "Page 47386"
[21/02/2025 20:15:02][TRADE]YudaxNot traded 12x Ghast Tear for 64x Lily Pad in shop botanicos on page "Page 47386"
[21/02/2025 20:15:02][TRADE]YudaxNot traded 12x Ghast Tear for 64x Lily Pad in shop botanicos on page "Page 47386"
[21/02/2025 20:15:06][TRADE]YudaxNot traded 12x Ghast Tear for 64x Carrot in shop botanicos on page "Page 47386"
[21/02/2025 20:15:12][TRADE]YudaxNot traded 12x Ghast Tear for 64x Carrot in shop botanicos on page "Page 47386"
[21/02/2025 20:15:15][TRADE]YudaxNot traded 12x Ghast Tear for 64x Wheat in shop botanicos on page "Page 47386"
[21/02/2025 20:15:17][TRADE]YudaxNot traded 12x Ghast Tear for 64x Beetroot in shop botanicos on page "Page 47386"
[21/02/2025 20:15:19][TRADE]YudaxNot traded 12x Ghast Tear for 64x Apple in shop botanicos on page "Page 47386"
[21/02/2025 20:15:21][TRADE]YudaxNot traded 12x Ghast Tear for 64x Cocoa Beans in shop botanicos on page "Page 47386"
[21/02/2025 20:15:24][TRADE]YudaxNot traded 12x Ghast Tear for 64x Wheat in shop botanicos on page "Page 47386"
[21/02/2025 20:31:31][TRADE]zeta4401 traded 64x Dried Kelp for 2x Ghast Tear in shop botanicos on page "Page 54345"
[21/02/2025 20:32:02][TRADE]zeta4401 traded 64x Kelp for 2x Ghast Tear in shop botanicos on page "Page 54345"
[21/02/2025 20:32:03][TRADE]zeta4401 traded 64x Brown Mushroom for 2x Ghast Tear in shop botanicos on page "Page 54345"
[21/02/2025 22:21:57][TRADE]zeta4401 traded 64x Wheat for 50x Ghast Tear in shop botanicos on page "Page 46136"
[21/02/2025 22:21:58][TRADE]zeta4401 traded 64x Wheat for 50x Ghast Tear in shop botanicos on page "Page 46136"
[21/02/2025 22:21:58][TRADE]zeta4401 traded 64x Wheat for 50x Ghast Tear in shop botanicos on page "Page 46136"
[21/02/2025 22:22:02][TRADE]zeta4401 traded 64x Pumpkin for 50x Ghast Tear in shop botanicos on page "Page 46136"
[21/02/2025 22:58:58][TRADE]YudaxNot traded 64x Wheat for 50x Ghast Tear in shop botanicos on page "Page 46136"
[21/02/2025 22:59:07][TRADE]YudaxNot traded 12x Ghast Tear for 64x Wheat in shop botanicos on page "Page 47386"
[21/02/2025 22:59:07][TRADE]YudaxNot traded 12x Ghast Tear for 64x Lily Pad in shop botanicos on page "Page 47386"
[21/02/2025 22:59:08][TRADE]YudaxNot traded 12x Ghast Tear for 64x Wheat in shop botanicos on page "Page 47386"
[21/02/2025 22:59:09][TRADE]YudaxNot traded 12x Ghast Tear for 64x Carrot in shop botanicos on page "Page 47386"
[21/02/2025 22:59:10][TRADE]YudaxNot traded 12x Ghast Tear for 64x Wheat in shop botanicos on page "Page 47386"
[21/02/2025 22:59:11][TRADE]YudaxNot traded 12x Ghast Tear for 64x Beetroot in shop botanicos on page "Page 47386"
[21/02/2025 22:59:13][TRADE]YudaxNot traded 12x Ghast Tear for 64x Beetroot in shop botanicos on page "Page 47386"
[21/02/2025 22:59:13][TRADE]YudaxNot traded 12x Ghast Tear for 64x Potato in shop botanicos on page "Page 47386"
[21/02/2025 22:59:14][TRADE]YudaxNot traded 12x Ghast Tear for 64x Potato in shop botanicos on page "Page 47386"
[21/02/2025 22:59:15][TRADE]YudaxNot traded 12x Ghast Tear for 64x Carrot in shop botanicos on page "Page 47386"
[21/02/2025 23:14:18][TRADE]YudaxNot traded 12x Ghast Tear for 64x Wheat in shop botanicos on page "Page 47386"
[21/02/2025 23:14:23][TRADE]YudaxNot traded 12x Ghast Tear for 64x Cactus in shop botanicos on page "Page 47386"
[21/02/2025 23:14:25][TRADE]YudaxNot traded 12x Ghast Tear for 64x Kelp in shop botanicos on page "Page 47386"
[21/02/2025 23:14:25][TRADE]YudaxNot traded 12x Ghast Tear for 64x Carrot in shop botanicos on page "Page 47386"
[21/02/2025 23:14:26][TRADE]YudaxNot traded 12x Ghast Tear for 64x Kelp in shop botanicos on page "Page 47386"
[21/02/2025 23:14:28][TRADE]YudaxNot traded 12x Ghast Tear for 64x Wheat in shop botanicos on page "Page 47386"
[21/02/2025 23:14:29][TRADE]YudaxNot traded 12x Ghast Tear for 64x Beetroot in shop botanicos on page "Page 47386"
[21/02/2025 23:14:30][TRADE]YudaxNot traded 12x Ghast Tear for 64x Wheat in shop botanicos on page "Page 47386"
[21/02/2025 23:14:30][TRADE]YudaxNot traded 12x Ghast Tear for 64x Bamboo in shop botanicos on page "Page 47386"
[21/02/2025 23:14:31][TRADE]YudaxNot traded 12x Ghast Tear for 64x Beetroot in shop botanicos on page "Page 47386"
[21/02/2025 23:14:31][TRADE]YudaxNot traded 12x Ghast Tear for 64x Potato in shop botanicos on page "Page 47386"
[21/02/2025 23:14:32][TRADE]YudaxNot traded 12x Ghast Tear for 64x Melon Slice in shop botanicos on page "Page 47386"
[21/02/2025 23:14:33][TRADE]YudaxNot traded 12x Ghast Tear for 64x Potato in shop botanicos on page "Page 47386"
[21/02/2025 23:14:34][TRADE]YudaxNot traded 12x Ghast Tear for 64x Carrot in shop botanicos on page "Page 47386"
[21/02/2025 23:14:35][TRADE]YudaxNot traded 12x Ghast Tear for 64x Apple in shop botanicos on page "Page 47386"
[21/02/2025 23:14:37][TRADE]YudaxNot traded 12x Ghast Tear for 64x Pumpkin in shop botanicos on page "Page 47386"
[21/02/2025 23:14:38][TRADE]YudaxNot traded 12x Ghast Tear for 64x Pumpkin in shop botanicos on page "Page 47386"
[21/02/2025 23:14:40][TRADE]YudaxNot traded 12x Ghast Tear for 64x Carrot in shop botanicos on page "Page 47386"
[21/02/2025 23:14:41][TRADE]YudaxNot traded 12x Ghast Tear for 64x Carrot in shop botanicos on page "Page 47386"
[21/02/2025 23:14:43][TRADE]YudaxNot traded 12x Ghast Tear for 64x Bamboo in shop botanicos on page "Page 47386"
[21/02/2025 23:14:46][TRADE]YudaxNot traded 12x Ghast Tear for 64x Potato in shop botanicos on page "Page 47386"
[21/02/2025 23:15:32][TRADE]YudaxNot traded 64x Wheat for 50x Ghast Tear in shop botanicos on page "Page 46136"
[21/02/2025 23:15:35][TRADE]YudaxNot traded 12x Ghast Tear for 64x Wheat in shop botanicos on page "Page 47386"
[21/02/2025 23:15:36][TRADE]YudaxNot traded 12x Ghast Tear for 64x Wheat in shop botanicos on page "Page 47386"
[21/02/2025 23:15:37][TRADE]YudaxNot traded 12x Ghast Tear for 64x Wheat in shop botanicos on page "Page 47386"
[21/02/2025 23:15:39][TRADE]YudaxNot traded 12x Ghast Tear for 64x Lily Pad in shop botanicos on page "Page 47386"
[21/02/2025 23:15:39][TRADE]YudaxNot traded 12x Ghast Tear for 64x Lily Pad in shop botanicos on page "Page 47386"
[21/02/2025 23:15:41][TRADE]YudaxNot traded 12x Ghast Tear for 64x Sugar Cane in shop botanicos on page "Page 47386"
[21/02/2025 23:15:42][TRADE]YudaxNot traded 12x Ghast Tear for 64x Sugar Cane in shop botanicos on page "Page 47386"
[21/02/2025 23:15:44][TRADE]YudaxNot traded 12x Ghast Tear for 64x Cactus in shop botanicos on page "Page 47386"
[21/02/2025 23:15:48][TRADE]YudaxNot traded 12x Ghast Tear for 64x Beetroot in shop botanicos on page "Page 47386"
[21/02/2025 23:15:48][TRADE]YudaxNot traded 12x Ghast Tear for 64x Wheat in shop botanicos on page "Page 47386"
[21/02/2025 23:15:49][TRADE]YudaxNot traded 12x Ghast Tear for 64x Beetroot in shop botanicos on page "Page 47386"
[21/02/2025 23:15:52][TRADE]YudaxNot traded 12x Ghast Tear for 64x Beetroot in shop botanicos on page "Page 47386"
[21/02/2025 23:15:52][TRADE]YudaxNot traded 12x Ghast Tear for 64x Potato in shop botanicos on page "Page 47386"
[21/02/2025 23:15:55][TRADE]YudaxNot traded 12x Ghast Tear for 64x Potato in shop botanicos on page "Page 47386"
[21/02/2025 23:15:55][TRADE]YudaxNot traded 12x Ghast Tear for 64x Carrot in shop botanicos on page "Page 47386"
[21/02/2025 23:15:56][TRADE]YudaxNot traded 12x Ghast Tear for 64x Potato in shop botanicos on page "Page 47386"
[21/02/2025 23:15:56][TRADE]YudaxNot traded 12x Ghast Tear for 64x Carrot in shop botanicos on page "Page 47386"
[21/02/2025 23:15:58][TRADE]YudaxNot traded 12x Ghast Tear for 64x Carrot in shop botanicos on page "Page 47386"
[21/02/2025 23:16:01][TRADE]YudaxNot traded 12x Ghast Tear for 64x Kelp in shop botanicos on page "Page 47386"
[21/02/2025 23:16:03][TRADE]YudaxNot traded 12x Ghast Tear for 64x Carrot in shop botanicos on page "Page 47386"
[21/02/2025 23:16:05][TRADE]YudaxNot traded 12x Ghast Tear for 64x Apple in shop botanicos on page "Page 47386"
[21/02/2025 23:16:23][TRADE]YudaxNot traded 12x Ghast Tear for 64x Kelp in shop botanicos on page "Page 47386"
[21/02/2025 23:16:28][TRADE]YudaxNot traded 12x Ghast Tear for 64x Carrot in shop botanicos on page "Page 47386"
[21/02/2025 23:16:29][TRADE]YudaxNot traded 12x Ghast Tear for 64x Carrot in shop botanicos on page "Page 47386"
[21/02/2025 23:16:31][TRADE]YudaxNot traded 12x Ghast Tear for 64x Bamboo in shop botanicos on page "Page 47386"
[21/02/2025 23:16:32][TRADE]YudaxNot traded 12x Ghast Tear for 64x Pumpkin in shop botanicos on page "Page 47386"
[21/02/2025 23:16:34][TRADE]YudaxNot traded 12x Ghast Tear for 64x Apple in shop botanicos on page "Page 47386"
[21/02/2025 23:16:35][TRADE]YudaxNot traded 12x Ghast Tear for 64x Apple in shop botanicos on page "Page 47386"
[21/02/2025 23:16:43][TRADE]NivlekNot traded 12x Ghast Tear for 64x Cactus in shop botanicos on page "Page 47386"
[21/02/2025 23:16:44][TRADE]YudaxNot traded 12x Ghast Tear for 64x Melon Slice in shop botanicos on page "Page 47386"
[21/02/2025 23:35:01][TRADE]YudaxNot traded 12x Ghast Tear for 64x Lily Pad in shop botanicos on page "Page 47386"
[21/02/2025 23:35:03][TRADE]YudaxNot traded 12x Ghast Tear for 64x Cactus in shop botanicos on page "Page 47386"
[21/02/2025 23:35:04][TRADE]YudaxNot traded 12x Ghast Tear for 64x Wheat in shop botanicos on page "Page 47386"
[21/02/2025 23:35:08][TRADE]YudaxNot traded 12x Ghast Tear for 64x Potato in shop botanicos on page "Page 47386"
[21/02/2025 23:35:09][TRADE]NivlekNot traded 12x Ghast Tear for 64x Apple in shop botanicos on page "Page 47386"
[21/02/2025 23:35:10][TRADE]NivlekNot traded 12x Ghast Tear for 64x Carrot in shop botanicos on page "Page 47386"
[21/02/2025 23:35:11][TRADE]YudaxNot traded 12x Ghast Tear for 64x Melon Slice in shop botanicos on page "Page 47386"
[21/02/2025 23:35:11][TRADE]NivlekNot traded 12x Ghast Tear for 64x Wheat in shop botanicos on page "Page 47386"
[21/02/2025 23:35:14][TRADE]YudaxNot traded 12x Ghast Tear for 64x Potato in shop botanicos on page "Page 47386"
[21/02/2025 23:35:18][TRADE]NivlekNot traded 12x Ghast Tear for 64x Carrot in shop botanicos on page "Page 47386"
[21/02/2025 23:35:19][TRADE]YudaxNot traded 12x Ghast Tear for 64x Carrot in shop botanicos on page "Page 47386"
[21/02/2025 23:35:19][TRADE]NivlekNot traded 12x Ghast Tear for 64x Carrot in shop botanicos on page "Page 47386"
[21/02/2025 23:35:23][TRADE]NivlekNot traded 12x Ghast Tear for 64x Sugar Cane in shop botanicos on page "Page 47386"
[21/02/2025 23:35:24][TRADE]NivlekNot traded 12x Ghast Tear for 64x Wheat in shop botanicos on page "Page 47386"
[21/02/2025 23:35:26][TRADE]YudaxNot traded 64x Carrot for 50x Ghast Tear in shop botanicos on page "Page 46136"
[21/02/2025 23:35:27][TRADE]NivlekNot traded 12x Ghast Tear for 64x Potato in shop botanicos on page "Page 47386"
[21/02/2025 23:35:28][TRADE]YudaxNot traded 64x Kelp for 50x Ghast Tear in shop botanicos on page "Page 46136"
[21/02/2025 23:35:31][TRADE]YudaxNot traded 12x Ghast Tear for 64x Kelp in shop botanicos on page "Page 47386"
[21/02/2025 23:35:31][TRADE]YudaxNot traded 12x Ghast Tear for 64x Kelp in shop botanicos on page "Page 47386"
[21/02/2025 23:35:39][TRADE]NivlekNot traded 12x Ghast Tear for 64x Potato in shop botanicos on page "Page 47386"
[21/02/2025 23:35:42][TRADE]YudaxNot traded 12x Ghast Tear for 64x Carrot in shop botanicos on page "Page 47386"
[21/02/2025 23:35:47][TRADE]YudaxNot traded 12x Ghast Tear for 64x Carrot in shop botanicos on page "Page 47386"
[21/02/2025 23:35:50][TRADE]YudaxNot traded 12x Ghast Tear for 64x Kelp in shop botanicos on page "Page 47386"
[21/02/2025 23:35:54][TRADE]YudaxNot traded 12x Ghast Tear for 64x Wheat in shop botanicos on page "Page 47386"
[21/02/2025 23:36:39][TRADE]YudaxNot traded 12x Ghast Tear for 64x Lily Pad in shop botanicos on page "Page 47386"
[21/02/2025 23:36:39][TRADE]YudaxNot traded 12x Ghast Tear for 64x Lily Pad in shop botanicos on page "Page 47386"
[21/02/2025 23:36:42][TRADE]YudaxNot traded 12x Ghast Tear for 64x Carrot in shop botanicos on page "Page 47386"
[21/02/2025 23:36:44][TRADE]YudaxNot traded 12x Ghast Tear for 64x Wheat in shop botanicos on page "Page 47386"
[21/02/2025 23:36:46][TRADE]YudaxNot traded 12x Ghast Tear for 64x Beetroot in shop botanicos on page "Page 47386"
[21/02/2025 23:36:46][TRADE]YudaxNot traded 12x Ghast Tear for 64x Beetroot in shop botanicos on page "Page 47386"
[21/02/2025 23:36:49][TRADE]YudaxNot traded 12x Ghast Tear for 64x Carrot in shop botanicos on page "Page 47386"
[21/02/2025 23:36:49][TRADE]YudaxNot traded 12x Ghast Tear for 64x Carrot in shop botanicos on page "Page 47386"
[21/02/2025 23:36:52][TRADE]YudaxNot traded 12x Ghast Tear for 64x Kelp in shop botanicos on page "Page 47386"
[21/02/2025 23:36:53][TRADE]YudaxNot traded 12x Ghast Tear for 64x Kelp in shop botanicos on page "Page 47386"
[21/02/2025 23:36:55][TRADE]luiguiwar traded 30x Ghast Tear for 64x Apple in shop botanicos on page "Page 59217"
[21/02/2025 23:36:55][TRADE]YudaxNot traded 12x Ghast Tear for 64x Sugar Cane in shop botanicos on page "Page 47386"
[21/02/2025 23:36:56][TRADE]YudaxNot traded 12x Ghast Tear for 64x Sugar Cane in shop botanicos on page "Page 47386"
[21/02/2025 23:36:56][TRADE]luiguiwar traded 30x Ghast Tear for 64x Sweet Berries in shop botanicos on page "Page 59217"
[21/02/2025 23:36:58][TRADE]luiguiwar traded 30x Ghast Tear for 64x Sweet Berries in shop botanicos on page "Page 59217"
[21/02/2025 23:36:59][TRADE]YudaxNot traded 12x Ghast Tear for 64x Melon Slice in shop botanicos on page "Page 47386"
[21/02/2025 23:36:59][TRADE]luiguiwar traded 30x Ghast Tear for 64x Sweet Berries in shop botanicos on page "Page 59217"
[21/02/2025 23:37:00][TRADE]YudaxNot traded 12x Ghast Tear for 64x Apple in shop botanicos on page "Page 47386"
[21/02/2025 23:37:01][TRADE]YudaxNot traded 12x Ghast Tear for 64x Apple in shop botanicos on page "Page 47386"
[21/02/2025 23:37:03][TRADE]YudaxNot traded 12x Ghast Tear for 64x Wheat in shop botanicos on page "Page 47386"
[21/02/2025 23:37:05][TRADE]YudaxNot traded 12x Ghast Tear for 64x Beetroot in shop botanicos on page "Page 47386"
[21/02/2025 23:37:08][TRADE]YudaxNot traded 12x Ghast Tear for 64x Carrot in shop botanicos on page "Page 47386"
[21/02/2025 23:37:10][TRADE]YudaxNot traded 12x Ghast Tear for 64x Bamboo in shop botanicos on page "Page 47386"
[21/02/2025 23:37:10][TRADE]YudaxNot traded 12x Ghast Tear for 64x Bamboo in shop botanicos on page "Page 47386"
[21/02/2025 23:37:12][TRADE]YudaxNot traded 12x Ghast Tear for 64x Pumpkin in shop botanicos on page "Page 47386"
[21/02/2025 23:37:13][TRADE]luiguiwar traded 30x Ghast Tear for 64x Sweet Berries in shop botanicos on page "Page 59217"
[21/02/2025 23:37:17][TRADE]YudaxNot traded 12x Ghast Tear for 64x Potato in shop botanicos on page "Page 47386"
[21/02/2025 23:37:55][TRADE]YudaxNot traded 12x Ghast Tear for 64x Beetroot in shop botanicos on page "Page 47386"
[21/02/2025 23:37:57][TRADE]YudaxNot traded 12x Ghast Tear for 64x Potato in shop botanicos on page "Page 47386"
[21/02/2025 23:37:59][TRADE]YudaxNot traded 12x Ghast Tear for 64x Cactus in shop botanicos on page "Page 47386"
[21/02/2025 23:38:01][TRADE]YudaxNot traded 12x Ghast Tear for 64x Kelp in shop botanicos on page "Page 47386"
[21/02/2025 23:38:02][TRADE]YudaxNot traded 12x Ghast Tear for 64x Kelp in shop botanicos on page "Page 47386"
[21/02/2025 23:38:03][TRADE]YudaxNot traded 12x Ghast Tear for 64x Beetroot in shop botanicos on page "Page 47386"
[21/02/2025 23:52:13][TRADE]NivlekNot traded 30x Ghast Tear for 64x Sweet Berries in shop botanicos on page "Page 59217"
[21/02/2025 23:52:17][TRADE]NivlekNot traded 30x Ghast Tear for 64x Sweet Berries in shop botanicos on page "Page 59217"
[21/02/2025 23:52:19][TRADE]NivlekNot traded 30x Ghast Tear for 64x Beetroot in shop botanicos on page "Page 59217"
[21/02/2025 23:52:21][TRADE]NivlekNot traded 30x Ghast Tear for 64x Sweet Berries in shop botanicos on page "Page 59217"
[21/02/2025 23:52:41][TRADE]YudaxNot traded 30x Ghast Tear for 64x Kelp in shop botanicos on page "Page 59217"
[21/02/2025 23:52:42][TRADE]YudaxNot traded 30x Ghast Tear for 64x Kelp in shop botanicos on page "Page 59217"
[21/02/2025 23:52:44][TRADE]YudaxNot traded 30x Ghast Tear for 64x Kelp in shop botanicos on page "Page 59217"
[21/02/2025 23:52:46][TRADE]YudaxNot traded 30x Ghast Tear for 64x Melon Slice in shop botanicos on page "Page 59217"
[21/02/2025 23:52:54][TRADE]YudaxNot traded 30x Ghast Tear for 64x Sweet Berries in shop botanicos on page "Page 59217"
[21/02/2025 23:52:58][TRADE]YudaxNot traded 30x Ghast Tear for 64x Apple in shop botanicos on page "Page 59217"
[21/02/2025 23:53:05][TRADE]YudaxNot traded 30x Ghast Tear for 64x Sweet Berries in shop botanicos on page "Page 59217"
[21/02/2025 23:53:05][TRADE]luiguiwar traded 30x Ghast Tear for 64x Kelp in shop botanicos on page "Page 59217"
[21/02/2025 23:53:06][TRADE]luiguiwar traded 30x Ghast Tear for 64x Kelp in shop botanicos on page "Page 59217"
[21/02/2025 23:53:07][TRADE]luiguiwar traded 30x Ghast Tear for 64x Kelp in shop botanicos on page "Page 59217"
[21/02/2025 23:53:07][TRADE]luiguiwar traded 30x Ghast Tear for 64x Kelp in shop botanicos on page "Page 59217"
[21/02/2025 23:53:08][TRADE]luiguiwar traded 30x Ghast Tear for 64x Melon Slice in shop botanicos on page "Page 59217"
[21/02/2025 23:53:08][TRADE]luiguiwar traded 30x Ghast Tear for 64x Sweet Berries in shop botanicos on page "Page 59217"
[21/02/2025 23:53:09][TRADE]luiguiwar traded 30x Ghast Tear for 64x Sweet Berries in shop botanicos on page "Page 59217"
[21/02/2025 23:53:09][TRADE]YudaxNot traded 30x Ghast Tear for 64x Sweet Berries in shop botanicos on page "Page 59217"
[21/02/2025 23:53:09][TRADE]luiguiwar traded 30x Ghast Tear for 64x Sweet Berries in shop botanicos on page "Page 59217"
[21/02/2025 23:53:10][TRADE]luiguiwar traded 30x Ghast Tear for 64x Sweet Berries in shop botanicos on page "Page 59217"
[21/02/2025 23:53:11][TRADE]luiguiwar traded 30x Ghast Tear for 64x Sweet Berries in shop botanicos on page "Page 59217"
[21/02/2025 23:53:11][TRADE]luiguiwar traded 30x Ghast Tear for 64x Sweet Berries in shop botanicos on page "Page 59217"
[21/02/2025 23:53:12][TRADE]YudaxNot traded 30x Ghast Tear for 64x Apple in shop botanicos on page "Page 59217"
[21/02/2025 23:53:12][TRADE]luiguiwar traded 30x Ghast Tear for 64x Sweet Berries in shop botanicos on page "Page 59217"
[21/02/2025 23:53:13][TRADE]luiguiwar traded 30x Ghast Tear for 64x Melon Slice in shop botanicos on page "Page 59217"
[21/02/2025 23:53:13][TRADE]luiguiwar traded 30x Ghast Tear for 64x Apple in shop botanicos on page "Page 59217"
[21/02/2025 23:53:14][TRADE]YudaxNot traded 30x Ghast Tear for 64x Sweet Berries in shop botanicos on page "Page 59217"
[21/02/2025 23:53:14][TRADE]luiguiwar traded 30x Ghast Tear for 64x Apple in shop botanicos on page "Page 59217"
[21/02/2025 23:53:15][TRADE]luiguiwar traded 30x Ghast Tear for 64x Apple in shop botanicos on page "Page 59217"
[21/02/2025 23:53:15][TRADE]luiguiwar traded 30x Ghast Tear for 64x Apple in shop botanicos on page "Page 59217"
[21/02/2025 23:53:16][TRADE]luiguiwar traded 30x Ghast Tear for 64x Kelp in shop botanicos on page "Page 59217"
[21/02/2025 23:53:18][TRADE]luiguiwar traded 30x Ghast Tear for 64x Melon Slice in shop botanicos on page "Page 59217"
[21/02/2025 23:53:18][TRADE]YudaxNot traded 30x Ghast Tear for 64x Sweet Berries in shop botanicos on page "Page 59217"
[21/02/2025 23:53:18][TRADE]luiguiwar traded 30x Ghast Tear for 64x Melon Slice in shop botanicos on page "Page 59217"
[21/02/2025 23:53:20][TRADE]luiguiwar traded 30x Ghast Tear for 64x Kelp in shop botanicos on page "Page 59217"
[21/02/2025 23:53:21][TRADE]luiguiwar traded 30x Ghast Tear for 64x Apple in shop botanicos on page "Page 59217"
[21/02/2025 23:53:23][TRADE]luiguiwar traded 30x Ghast Tear for 64x Sweet Berries in shop botanicos on page "Page 59217"
[21/02/2025 23:53:25][TRADE]YudaxNot traded 30x Ghast Tear for 64x Sweet Berries in shop botanicos on page "Page 59217"
[21/02/2025 23:53:28][TRADE]YudaxNot traded 30x Ghast Tear for 64x Apple in shop botanicos on page "Page 59217"
[21/02/2025 23:53:30][TRADE]YudaxNot traded 30x Ghast Tear for 64x Sweet Berries in shop botanicos on page "Page 59217"
[21/02/2025 23:53:31][TRADE]YudaxNot traded 30x Ghast Tear for 64x Sweet Berries in shop botanicos on page "Page 59217"
[21/02/2025 23:53:36][TRADE]YudaxNot traded 30x Ghast Tear for 64x Apple in shop botanicos on page "Page 59217"
[21/02/2025 23:53:39][TRADE]YudaxNot traded 30x Ghast Tear for 64x Melon Slice in shop botanicos on page "Page 59217"
[21/02/2025 23:53:42][TRADE]luiguiwar traded 30x Ghast Tear for 64x Kelp in shop botanicos on page "Page 59217"
[21/02/2025 23:53:43][TRADE]luiguiwar traded 30x Ghast Tear for 64x Kelp in shop botanicos on page "Page 59217"
[21/02/2025 23:53:44][TRADE]luiguiwar traded 30x Ghast Tear for 64x Melon Slice in shop botanicos on page "Page 59217"
[21/02/2025 23:53:45][TRADE]luiguiwar traded 30x Ghast Tear for 64x Sweet Berries in shop botanicos on page "Page 59217"
[21/02/2025 23:53:45][TRADE]luiguiwar traded 30x Ghast Tear for 64x Sweet Berries in shop botanicos on page "Page 59217"
[21/02/2025 23:53:47][TRADE]luiguiwar traded 30x Ghast Tear for 64x Sweet Berries in shop botanicos on page "Page 59217"
[21/02/2025 23:53:48][TRADE]luiguiwar traded 30x Ghast Tear for 64x Sweet Berries in shop botanicos on page "Page 59217"
[21/02/2025 23:53:48][TRADE]luiguiwar traded 30x Ghast Tear for 64x Sweet Berries in shop botanicos on page "Page 59217"
[21/02/2025 23:53:49][TRADE]luiguiwar traded 30x Ghast Tear for 64x Sweet Berries in shop botanicos on page "Page 59217"
[21/02/2025 23:53:49][TRADE]luiguiwar traded 30x Ghast Tear for 64x Sweet Berries in shop botanicos on page "Page 59217"
[21/02/2025 23:53:50][TRADE]luiguiwar traded 30x Ghast Tear for 64x Melon Slice in shop botanicos on page "Page 59217"
[21/02/2025 23:53:51][TRADE]luiguiwar traded 30x Ghast Tear for 64x Apple in shop botanicos on page "Page 59217"
[21/02/2025 23:53:52][TRADE]luiguiwar traded 30x Ghast Tear for 64x Apple in shop botanicos on page "Page 59217"
[21/02/2025 23:53:52][TRADE]luiguiwar traded 30x Ghast Tear for 64x Apple in shop botanicos on page "Page 59217"
[21/02/2025 23:53:55][TRADE]luiguiwar traded 30x Ghast Tear for 64x Sweet Berries in shop botanicos on page "Page 59217"
[21/02/2025 23:53:56][TRADE]luiguiwar traded 30x Ghast Tear for 64x Sweet Berries in shop botanicos on page "Page 59217"
[21/02/2025 23:53:57][TRADE]YudaxNot traded 30x Ghast Tear for 64x Sweet Berries in shop botanicos on page "Page 59217"
[21/02/2025 23:53:58][TRADE]luiguiwar traded 30x Ghast Tear for 64x Sweet Berries in shop botanicos on page "Page 59217"
[21/02/2025 23:54:45][TRADE]YudaxNot traded 30x Ghast Tear for 64x Apple in shop botanicos on page "Page 59217"
[21/02/2025 23:54:47][TRADE]YudaxNot traded 30x Ghast Tear for 64x Melon Slice in shop botanicos on page "Page 59217"
[21/02/2025 23:54:50][TRADE]YudaxNot traded 30x Ghast Tear for 64x Kelp in shop botanicos on page "Page 59217"
[21/02/2025 23:54:51][TRADE]YudaxNot traded 30x Ghast Tear for 64x Kelp in shop botanicos on page "Page 59217"
[21/02/2025 23:54:53][TRADE]YudaxNot traded 30x Ghast Tear for 64x Kelp in shop botanicos on page "Page 59217"
[21/02/2025 23:54:55][TRADE]YudaxNot traded 30x Ghast Tear for 64x Sweet Berries in shop botanicos on page "Page 59217"
[21/02/2025 23:55:08][TRADE]YudaxNot traded 30x Ghast Tear for 64x Sweet Berries in shop botanicos on page "Page 59217"
[21/02/2025 23:55:10][TRADE]YudaxNot traded 30x Ghast Tear for 64x Sweet Berries in shop botanicos on page "Page 59217"
[21/02/2025 23:55:11][TRADE]YudaxNot traded 30x Ghast Tear for 64x Sweet Berries in shop botanicos on page "Page 59217"
[21/02/2025 23:55:13][TRADE]YudaxNot traded 30x Ghast Tear for 64x Apple in shop botanicos on page "Page 59217"
[21/02/2025 23:55:14][TRADE]YudaxNot traded 30x Ghast Tear for 64x Apple in shop botanicos on page "Page 59217"
[21/02/2025 23:55:17][TRADE]YudaxNot traded 30x Ghast Tear for 64x Melon Slice in shop botanicos on page "Page 59217"
[21/02/2025 23:55:19][TRADE]YudaxNot traded 30x Ghast Tear for 64x Sweet Berries in shop botanicos on page "Page 59217"
[21/02/2025 23:55:21][TRADE]YudaxNot traded 30x Ghast Tear for 64x Sweet Berries in shop botanicos on page "Page 59217"
[21/02/2025 23:55:24][TRADE]YudaxNot traded 30x Ghast Tear for 64x Sweet Berries in shop botanicos on page "Page 59217"
[21/02/2025 23:55:26][TRADE]YudaxNot traded 30x Ghast Tear for 64x Sweet Berries in shop botanicos on page "Page 59217"
[21/02/2025 23:55:29][TRADE]YudaxNot traded 30x Ghast Tear for 64x Kelp in shop botanicos on page "Page 59217"
[21/02/2025 23:55:30][TRADE]YudaxNot traded 30x Ghast Tear for 64x Kelp in shop botanicos on page "Page 59217"
[21/02/2025 23:55:30][TRADE]YudaxNot traded 30x Ghast Tear for 64x Kelp in shop botanicos on page "Page 59217"
[21/02/2025 23:55:36][TRADE]YudaxNot traded 30x Ghast Tear for 64x Apple in shop botanicos on page "Page 59217"
[21/02/2025 23:55:58][TRADE]YudaxNot traded 30x Ghast Tear for 64x Apple in shop botanicos on page "Page 59217"
[21/02/2025 23:55:59][TRADE]YudaxNot traded 30x Ghast Tear for 64x Apple in shop botanicos on page "Page 59217"
[21/02/2025 23:56:00][TRADE]YudaxNot traded 30x Ghast Tear for 64x Apple in shop botanicos on page "Page 59217"
[21/02/2025 23:56:01][TRADE]YudaxNot traded 30x Ghast Tear for 64x Sweet Berries in shop botanicos on page "Page 59217"
[21/02/2025 23:56:03][TRADE]YudaxNot traded 30x Ghast Tear for 64x Apple in shop botanicos on page "Page 59217"
[21/02/2025 23:56:05][TRADE]YudaxNot traded 30x Ghast Tear for 64x Sweet Berries in shop botanicos on page "Page 59217"
[21/02/2025 23:56:07][TRADE]YudaxNot traded 30x Ghast Tear for 64x Sweet Berries in shop botanicos on page "Page 59217"
