[24/02/2025 17:29:44][TRADE]RKurai_ traded 15x Ghast Tear for 64x Sweet Berries in shop botanicos on page "Page 59217"
[24/02/2025 17:29:46][TRADE]RKurai_ traded 15x Ghast Tear for 64x Sweet Berries in shop botanicos on page "Page 59217"
[24/02/2025 17:29:47][TRADE]RKurai_ traded 15x Ghast Tear for 64x Sweet Berries in shop botanicos on page "Page 59217"
[24/02/2025 17:29:48][TRADE]RKurai_ traded 15x Ghast Tear for 64x Sweet Berries in shop botanicos on page "Page 59217"
[24/02/2025 17:29:51][TRADE]RKurai_ traded 15x Ghast Tear for 64x Sweet Berries in shop botanicos on page "Page 59217"
[24/02/2025 17:29:52][TRADE]RKurai_ traded 15x Ghast Tear for 64x Sweet Berries in shop botanicos on page "Page 59217"
[24/02/2025 17:30:10][TRADE]NivlekNot traded 15x Ghast Tear for 64x Apple in shop botanicos on page "Page 59217"
[24/02/2025 17:30:10][TRADE]NivlekNot traded 15x Ghast Tear for 64x Sweet Berries in shop botanicos on page "Page 59217"
[24/02/2025 17:30:10][TRADE]NivlekNot traded 15x Ghast Tear for 64x Sweet Berries in shop botanicos on page "Page 59217"
[24/02/2025 17:30:10][TRADE]NivlekNot traded 15x Ghast Tear for 64x Sweet Berries in shop botanicos on page "Page 59217"
[24/02/2025 17:30:11][TRADE]NivlekNot traded 15x Ghast Tear for 64x Sweet Berries in shop botanicos on page "Page 59217"
[24/02/2025 17:30:11][TRADE]NivlekNot traded 15x Ghast Tear for 64x Sweet Berries in shop botanicos on page "Page 59217"
[24/02/2025 17:30:11][TRADE]NivlekNot traded 15x Ghast Tear for 64x Sweet Berries in shop botanicos on page "Page 59217"
[24/02/2025 17:30:11][TRADE]NivlekNot traded 15x Ghast Tear for 64x Apple in shop botanicos on page "Page 59217"
[24/02/2025 17:30:13][TRADE]NivlekNot traded 15x Ghast Tear for 64x Sweet Berries in shop botanicos on page "Page 59217"
[24/02/2025 17:30:13][TRADE]NivlekNot traded 15x Ghast Tear for 64x Melon Slice in shop botanicos on page "Page 59217"
[24/02/2025 17:30:14][TRADE]NivlekNot traded 15x Ghast Tear for 64x Kelp in shop botanicos on page "Page 59217"
[24/02/2025 17:30:14][TRADE]NivlekNot traded 15x Ghast Tear for 64x Kelp in shop botanicos on page "Page 59217"
[24/02/2025 17:30:14][TRADE]NivlekNot traded 15x Ghast Tear for 64x Kelp in shop botanicos on page "Page 59217"
[24/02/2025 17:30:15][TRADE]NivlekNot traded 15x Ghast Tear for 64x Kelp in shop botanicos on page "Page 59217"
[24/02/2025 17:30:15][TRADE]NivlekNot traded 15x Ghast Tear for 64x Kelp in shop botanicos on page "Page 59217"
[24/02/2025 17:30:15][TRADE]NivlekNot traded 15x Ghast Tear for 64x Apple in shop botanicos on page "Page 59217"
[24/02/2025 17:30:16][TRADE]NivlekNot traded 15x Ghast Tear for 64x Melon Slice in shop botanicos on page "Page 59217"
[24/02/2025 17:30:16][TRADE]NivlekNot traded 15x Ghast Tear for 64x Sweet Berries in shop botanicos on page "Page 59217"
[24/02/2025 17:30:16][TRADE]NivlekNot traded 15x Ghast Tear for 64x Sweet Berries in shop botanicos on page "Page 59217"
[24/02/2025 17:30:16][TRADE]NivlekNot traded 15x Ghast Tear for 64x Sweet Berries in shop botanicos on page "Page 59217"
[24/02/2025 17:30:17][TRADE]NivlekNot traded 15x Ghast Tear for 64x Sweet Berries in shop botanicos on page "Page 59217"
[24/02/2025 17:30:17][TRADE]NivlekNot traded 15x Ghast Tear for 64x Sweet Berries in shop botanicos on page "Page 59217"
[24/02/2025 17:30:17][TRADE]NivlekNot traded 15x Ghast Tear for 64x Sweet Berries in shop botanicos on page "Page 59217"
[24/02/2025 17:30:18][TRADE]NivlekNot traded 15x Ghast Tear for 64x Apple in shop botanicos on page "Page 59217"
[24/02/2025 17:30:19][TRADE]NivlekNot traded 15x Ghast Tear for 64x Apple in shop botanicos on page "Page 59217"
[24/02/2025 17:30:19][TRADE]NivlekNot traded 15x Ghast Tear for 64x Apple in shop botanicos on page "Page 59217"
[24/02/2025 17:30:20][TRADE]NivlekNot traded 15x Ghast Tear for 64x Sweet Berries in shop botanicos on page "Page 59217"
[24/02/2025 17:30:21][TRADE]NivlekNot traded 15x Ghast Tear for 64x Beetroot in shop botanicos on page "Page 59217"
[24/02/2025 17:30:23][TRADE]NivlekNot traded 15x Ghast Tear for 64x Sweet Berries in shop botanicos on page "Page 59217"
[24/02/2025 17:30:24][TRADE]NivlekNot traded 15x Ghast Tear for 64x Sweet Berries in shop botanicos on page "Page 59217"
[24/02/2025 17:30:27][TRADE]RKurai_ traded 15x Ghast Tear for 64x Apple in shop botanicos on page "Page 59217"
[24/02/2025 17:30:32][TRADE]RKurai_ traded 15x Ghast Tear for 64x Apple in shop botanicos on page "Page 59217"
[24/02/2025 17:30:35][TRADE]RKurai_ traded 15x Ghast Tear for 64x Apple in shop botanicos on page "Page 59217"
[24/02/2025 17:30:38][TRADE]RKurai_ traded 15x Ghast Tear for 64x Apple in shop botanicos on page "Page 59217"
[24/02/2025 17:30:57][TRADE]NivlekNot traded 15x Ghast Tear for 64x Sweet Berries in shop botanicos on page "Page 59217"
[24/02/2025 17:30:58][TRADE]NivlekNot traded 15x Ghast Tear for 64x Sweet Berries in shop botanicos on page "Page 59217"
[24/02/2025 17:30:58][TRADE]RKurai_ traded 15x Ghast Tear for 64x Sweet Berries in shop botanicos on page "Page 59217"
[24/02/2025 17:30:58][TRADE]NivlekNot traded 15x Ghast Tear for 64x Sweet Berries in shop botanicos on page "Page 59217"
[24/02/2025 17:30:58][TRADE]NivlekNot traded 15x Ghast Tear for 64x Melon Slice in shop botanicos on page "Page 59217"
[24/02/2025 17:30:58][TRADE]NivlekNot traded 15x Ghast Tear for 64x Kelp in shop botanicos on page "Page 59217"
[24/02/2025 17:30:59][TRADE]NivlekNot traded 15x Ghast Tear for 64x Kelp in shop botanicos on page "Page 59217"
[24/02/2025 17:30:59][TRADE]NivlekNot traded 15x Ghast Tear for 64x Kelp in shop botanicos on page "Page 59217"
[24/02/2025 17:30:59][TRADE]NivlekNot traded 15x Ghast Tear for 64x Sweet Berries in shop botanicos on page "Page 59217"
[24/02/2025 17:31:00][TRADE]NivlekNot traded 15x Ghast Tear for 64x Sweet Berries in shop botanicos on page "Page 59217"
[24/02/2025 17:31:00][TRADE]NivlekNot traded 15x Ghast Tear for 64x Sweet Berries in shop botanicos on page "Page 59217"
[24/02/2025 17:31:00][TRADE]NivlekNot traded 15x Ghast Tear for 64x Sweet Berries in shop botanicos on page "Page 59217"
[24/02/2025 17:31:00][TRADE]NivlekNot traded 15x Ghast Tear for 64x Apple in shop botanicos on page "Page 59217"
[24/02/2025 17:31:01][TRADE]NivlekNot traded 15x Ghast Tear for 64x Apple in shop botanicos on page "Page 59217"
[24/02/2025 17:31:01][TRADE]RKurai_ traded 15x Ghast Tear for 64x Sweet Berries in shop botanicos on page "Page 59217"
[24/02/2025 17:31:01][TRADE]NivlekNot traded 15x Ghast Tear for 64x Apple in shop botanicos on page "Page 59217"
[24/02/2025 17:31:01][TRADE]NivlekNot traded 15x Ghast Tear for 64x Sweet Berries in shop botanicos on page "Page 59217"
[24/02/2025 17:31:01][TRADE]NivlekNot traded 15x Ghast Tear for 64x Sweet Berries in shop botanicos on page "Page 59217"
[24/02/2025 17:31:02][TRADE]NivlekNot traded 15x Ghast Tear for 64x Apple in shop botanicos on page "Page 59217"
[24/02/2025 17:31:03][TRADE]NivlekNot traded 15x Ghast Tear for 64x Sweet Berries in shop botanicos on page "Page 59217"
[24/02/2025 17:31:03][TRADE]NivlekNot traded 15x Ghast Tear for 64x Sweet Berries in shop botanicos on page "Page 59217"
[24/02/2025 17:31:03][TRADE]NivlekNot traded 15x Ghast Tear for 64x Kelp in shop botanicos on page "Page 59217"
[24/02/2025 17:31:03][TRADE]NivlekNot traded 15x Ghast Tear for 64x Kelp in shop botanicos on page "Page 59217"
[24/02/2025 17:31:05][TRADE]NivlekNot traded 15x Ghast Tear for 64x Melon Slice in shop botanicos on page "Page 59217"
[24/02/2025 17:31:07][TRADE]NivlekNot traded 15x Ghast Tear for 64x Apple in shop botanicos on page "Page 59217"
[24/02/2025 17:31:09][TRADE]NivlekNot traded 15x Ghast Tear for 64x Apple in shop botanicos on page "Page 59217"
[24/02/2025 17:31:10][TRADE]NivlekNot traded 15x Ghast Tear for 64x Kelp in shop botanicos on page "Page 59217"
[24/02/2025 17:31:11][TRADE]NivlekNot traded 15x Ghast Tear for 64x Sweet Berries in shop botanicos on page "Page 59217"
[24/02/2025 17:31:13][TRADE]NivlekNot traded 15x Ghast Tear for 64x Sweet Berries in shop botanicos on page "Page 59217"
[24/02/2025 17:31:15][TRADE]YudaxNot traded 15x Ghast Tear for 64x Beetroot in shop botanicos on page "Page 59217"
[24/02/2025 17:31:16][TRADE]YudaxNot traded 15x Ghast Tear for 64x Apple in shop botanicos on page "Page 59217"
[24/02/2025 17:31:18][TRADE]YudaxNot traded 15x Ghast Tear for 64x Apple in shop botanicos on page "Page 59217"
[24/02/2025 17:31:19][TRADE]YudaxNot traded 15x Ghast Tear for 64x Apple in shop botanicos on page "Page 59217"
[24/02/2025 17:31:19][TRADE]YudaxNot traded 15x Ghast Tear for 64x Sweet Berries in shop botanicos on page "Page 59217"
[24/02/2025 17:31:21][TRADE]YudaxNot traded 15x Ghast Tear for 64x Melon Slice in shop botanicos on page "Page 59217"
[24/02/2025 17:31:22][TRADE]YudaxNot traded 15x Ghast Tear for 64x Apple in shop botanicos on page "Page 59217"
[24/02/2025 17:31:22][TRADE]YudaxNot traded 15x Ghast Tear for 64x Apple in shop botanicos on page "Page 59217"
[24/02/2025 17:31:23][TRADE]YudaxNot traded 15x Ghast Tear for 64x Sweet Berries in shop botanicos on page "Page 59217"
[24/02/2025 17:31:23][TRADE]YudaxNot traded 15x Ghast Tear for 64x Sweet Berries in shop botanicos on page "Page 59217"
[24/02/2025 17:31:23][TRADE]YudaxNot traded 15x Ghast Tear for 64x Sweet Berries in shop botanicos on page "Page 59217"
[24/02/2025 17:31:24][TRADE]YudaxNot traded 15x Ghast Tear for 64x Sweet Berries in shop botanicos on page "Page 59217"
[24/02/2025 17:31:24][TRADE]YudaxNot traded 15x Ghast Tear for 64x Sweet Berries in shop botanicos on page "Page 59217"
[24/02/2025 17:31:25][TRADE]YudaxNot traded 15x Ghast Tear for 64x Sweet Berries in shop botanicos on page "Page 59217"
[24/02/2025 17:31:25][TRADE]YudaxNot traded 15x Ghast Tear for 64x Sweet Berries in shop botanicos on page "Page 59217"
[24/02/2025 17:31:26][TRADE]YudaxNot traded 15x Ghast Tear for 64x Sweet Berries in shop botanicos on page "Page 59217"
[24/02/2025 17:31:26][TRADE]YudaxNot traded 15x Ghast Tear for 64x Sweet Berries in shop botanicos on page "Page 59217"
[24/02/2025 17:31:27][TRADE]RKurai_ traded 15x Ghast Tear for 64x Beetroot in shop botanicos on page "Page 59217"
[24/02/2025 17:31:27][TRADE]YudaxNot traded 15x Ghast Tear for 64x Melon Slice in shop botanicos on page "Page 59217"
[24/02/2025 17:31:28][TRADE]YudaxNot traded 15x Ghast Tear for 64x Melon Slice in shop botanicos on page "Page 59217"
[24/02/2025 17:31:29][TRADE]YudaxNot traded 15x Ghast Tear for 64x Sweet Berries in shop botanicos on page "Page 59217"
[24/02/2025 17:31:29][TRADE]YudaxNot traded 15x Ghast Tear for 64x Sweet Berries in shop botanicos on page "Page 59217"
[24/02/2025 17:31:31][TRADE]YudaxNot traded 15x Ghast Tear for 64x Sweet Berries in shop botanicos on page "Page 59217"
[24/02/2025 17:31:32][TRADE]YudaxNot traded 15x Ghast Tear for 64x Apple in shop botanicos on page "Page 59217"
[24/02/2025 17:31:35][TRADE]NivlekNot traded 15x Ghast Tear for 64x Apple in shop botanicos on page "Page 59217"
[24/02/2025 17:31:36][TRADE]YudaxNot traded 15x Ghast Tear for 64x Apple in shop botanicos on page "Page 59217"
[24/02/2025 17:31:36][TRADE]NivlekNot traded 15x Ghast Tear for 64x Sweet Berries in shop botanicos on page "Page 59217"
[24/02/2025 17:31:36][TRADE]NivlekNot traded 15x Ghast Tear for 64x Sweet Berries in shop botanicos on page "Page 59217"
[24/02/2025 17:31:37][TRADE]NivlekNot traded 15x Ghast Tear for 64x Sweet Berries in shop botanicos on page "Page 59217"
[24/02/2025 17:31:37][TRADE]NivlekNot traded 15x Ghast Tear for 64x Sweet Berries in shop botanicos on page "Page 59217"
[24/02/2025 17:31:38][TRADE]NivlekNot traded 15x Ghast Tear for 64x Apple in shop botanicos on page "Page 59217"
[24/02/2025 17:31:38][TRADE]NivlekNot traded 15x Ghast Tear for 64x Apple in shop botanicos on page "Page 59217"
[24/02/2025 17:31:38][TRADE]NivlekNot traded 15x Ghast Tear for 64x Apple in shop botanicos on page "Page 59217"
[24/02/2025 17:31:39][TRADE]NivlekNot traded 15x Ghast Tear for 64x Sweet Berries in shop botanicos on page "Page 59217"
[24/02/2025 17:31:39][TRADE]NivlekNot traded 15x Ghast Tear for 64x Melon Slice in shop botanicos on page "Page 59217"
[24/02/2025 17:31:40][TRADE]NivlekNot traded 15x Ghast Tear for 64x Kelp in shop botanicos on page "Page 59217"
[24/02/2025 17:31:40][TRADE]NivlekNot traded 15x Ghast Tear for 64x Beetroot in shop botanicos on page "Page 59217"
[24/02/2025 17:31:41][TRADE]NivlekNot traded 15x Ghast Tear for 64x Apple in shop botanicos on page "Page 59217"
[24/02/2025 17:31:41][TRADE]NivlekNot traded 15x Ghast Tear for 64x Melon Slice in shop botanicos on page "Page 59217"
[24/02/2025 17:31:41][TRADE]NivlekNot traded 15x Ghast Tear for 64x Sweet Berries in shop botanicos on page "Page 59217"
[24/02/2025 17:31:42][TRADE]NivlekNot traded 15x Ghast Tear for 64x Kelp in shop botanicos on page "Page 59217"
[24/02/2025 17:31:42][TRADE]NivlekNot traded 15x Ghast Tear for 64x Kelp in shop botanicos on page "Page 59217"
[24/02/2025 17:31:42][TRADE]NivlekNot traded 15x Ghast Tear for 64x Apple in shop botanicos on page "Page 59217"
[24/02/2025 17:31:43][TRADE]NivlekNot traded 15x Ghast Tear for 64x Sweet Berries in shop botanicos on page "Page 59217"
[24/02/2025 17:31:45][TRADE]NivlekNot traded 15x Ghast Tear for 64x Apple in shop botanicos on page "Page 59217"
[24/02/2025 17:31:45][TRADE]NivlekNot traded 15x Ghast Tear for 64x Sweet Berries in shop botanicos on page "Page 59217"
[24/02/2025 17:31:46][TRADE]NivlekNot traded 15x Ghast Tear for 64x Sweet Berries in shop botanicos on page "Page 59217"
[24/02/2025 17:31:46][TRADE]NivlekNot traded 15x Ghast Tear for 64x Sweet Berries in shop botanicos on page "Page 59217"
[24/02/2025 17:31:47][TRADE]NivlekNot traded 15x Ghast Tear for 64x Kelp in shop botanicos on page "Page 59217"
[24/02/2025 17:31:48][TRADE]NivlekNot traded 15x Ghast Tear for 64x Sweet Berries in shop botanicos on page "Page 59217"
[24/02/2025 17:31:49][TRADE]NivlekNot traded 15x Ghast Tear for 64x Beetroot in shop botanicos on page "Page 59217"
[24/02/2025 17:31:59][TRADE]YudaxNot traded 15x Ghast Tear for 64x Apple in shop botanicos on page "Page 59217"
[24/02/2025 17:32:01][TRADE]YudaxNot traded 15x Ghast Tear for 64x Sweet Berries in shop botanicos on page "Page 59217"
[24/02/2025 17:32:03][TRADE]YudaxNot traded 15x Ghast Tear for 64x Sweet Berries in shop botanicos on page "Page 59217"
[24/02/2025 17:32:03][TRADE]YudaxNot traded 15x Ghast Tear for 64x Sweet Berries in shop botanicos on page "Page 59217"
[24/02/2025 17:32:06][TRADE]YudaxNot traded 15x Ghast Tear for 64x Beetroot in shop botanicos on page "Page 59217"
[24/02/2025 17:32:06][TRADE]YudaxNot traded 15x Ghast Tear for 64x Beetroot in shop botanicos on page "Page 59217"
[24/02/2025 17:32:08][TRADE]YudaxNot traded 15x Ghast Tear for 64x Kelp in shop botanicos on page "Page 59217"
[24/02/2025 17:32:08][TRADE]YudaxNot traded 15x Ghast Tear for 64x Kelp in shop botanicos on page "Page 59217"
[24/02/2025 17:32:10][TRADE]YudaxNot traded 15x Ghast Tear for 64x Sweet Berries in shop botanicos on page "Page 59217"
[24/02/2025 17:32:11][TRADE]YudaxNot traded 15x Ghast Tear for 64x Sweet Berries in shop botanicos on page "Page 59217"
[24/02/2025 17:32:12][TRADE]YudaxNot traded 15x Ghast Tear for 64x Sweet Berries in shop botanicos on page "Page 59217"
[24/02/2025 17:32:14][TRADE]YudaxNot traded 15x Ghast Tear for 64x Kelp in shop botanicos on page "Page 59217"
[24/02/2025 17:32:14][TRADE]YudaxNot traded 15x Ghast Tear for 64x Kelp in shop botanicos on page "Page 59217"
[24/02/2025 17:32:16][TRADE]YudaxNot traded 15x Ghast Tear for 64x Apple in shop botanicos on page "Page 59217"
[24/02/2025 17:32:16][TRADE]YudaxNot traded 15x Ghast Tear for 64x Apple in shop botanicos on page "Page 59217"
[24/02/2025 17:32:19][TRADE]YudaxNot traded 15x Ghast Tear for 64x Kelp in shop botanicos on page "Page 59217"
[24/02/2025 17:32:20][TRADE]NivlekNot traded 15x Ghast Tear for 64x Apple in shop botanicos on page "Page 59217"
[24/02/2025 17:32:20][TRADE]NivlekNot traded 15x Ghast Tear for 64x Sweet Berries in shop botanicos on page "Page 59217"
[24/02/2025 17:32:21][TRADE]YudaxNot traded 15x Ghast Tear for 64x Kelp in shop botanicos on page "Page 59217"
[24/02/2025 17:32:21][TRADE]NivlekNot traded 15x Ghast Tear for 64x Sweet Berries in shop botanicos on page "Page 59217"
[24/02/2025 17:32:21][TRADE]NivlekNot traded 15x Ghast Tear for 64x Sweet Berries in shop botanicos on page "Page 59217"
[24/02/2025 17:32:21][TRADE]NivlekNot traded 15x Ghast Tear for 64x Apple in shop botanicos on page "Page 59217"
[24/02/2025 17:32:22][TRADE]NivlekNot traded 15x Ghast Tear for 64x Sweet Berries in shop botanicos on page "Page 59217"
[24/02/2025 17:32:22][TRADE]NivlekNot traded 15x Ghast Tear for 64x Sweet Berries in shop botanicos on page "Page 59217"
[24/02/2025 17:32:22][TRADE]YudaxNot traded 15x Ghast Tear for 64x Apple in shop botanicos on page "Page 59217"
[24/02/2025 17:32:23][TRADE]NivlekNot traded 15x Ghast Tear for 64x Kelp in shop botanicos on page "Page 59217"
[24/02/2025 17:32:23][TRADE]NivlekNot traded 15x Ghast Tear for 64x Kelp in shop botanicos on page "Page 59217"
[24/02/2025 17:32:24][TRADE]NivlekNot traded 15x Ghast Tear for 64x Sweet Berries in shop botanicos on page "Page 59217"
[24/02/2025 17:32:24][TRADE]NivlekNot traded 15x Ghast Tear for 64x Melon Slice in shop botanicos on page "Page 59217"
[24/02/2025 17:32:24][TRADE]NivlekNot traded 15x Ghast Tear for 64x Sweet Berries in shop botanicos on page "Page 59217"
[24/02/2025 17:32:25][TRADE]NivlekNot traded 15x Ghast Tear for 64x Kelp in shop botanicos on page "Page 59217"
[24/02/2025 17:32:25][TRADE]NivlekNot traded 15x Ghast Tear for 64x Sweet Berries in shop botanicos on page "Page 59217"
[24/02/2025 17:32:25][TRADE]NivlekNot traded 15x Ghast Tear for 64x Sweet Berries in shop botanicos on page "Page 59217"
[24/02/2025 17:32:26][TRADE]YudaxNot traded 15x Ghast Tear for 64x Sweet Berries in shop botanicos on page "Page 59217"
[24/02/2025 17:32:26][TRADE]NivlekNot traded 15x Ghast Tear for 64x Sweet Berries in shop botanicos on page "Page 59217"
[24/02/2025 17:32:26][TRADE]NivlekNot traded 15x Ghast Tear for 64x Apple in shop botanicos on page "Page 59217"
[24/02/2025 17:32:27][TRADE]NivlekNot traded 15x Ghast Tear for 64x Apple in shop botanicos on page "Page 59217"
[24/02/2025 17:32:27][TRADE]NivlekNot traded 15x Ghast Tear for 64x Apple in shop botanicos on page "Page 59217"
[24/02/2025 17:32:27][TRADE]YudaxNot traded 15x Ghast Tear for 64x Sweet Berries in shop botanicos on page "Page 59217"
[24/02/2025 17:32:28][TRADE]NivlekNot traded 15x Ghast Tear for 64x Apple in shop botanicos on page "Page 59217"
[24/02/2025 17:32:29][TRADE]YudaxNot traded 15x Ghast Tear for 64x Sweet Berries in shop botanicos on page "Page 59217"
[24/02/2025 17:32:29][TRADE]NivlekNot traded 15x Ghast Tear for 64x Beetroot in shop botanicos on page "Page 59217"
[24/02/2025 17:32:31][TRADE]NivlekNot traded 15x Ghast Tear for 64x Melon Slice in shop botanicos on page "Page 59217"
[24/02/2025 17:32:31][TRADE]NivlekNot traded 15x Ghast Tear for 64x Sweet Berries in shop botanicos on page "Page 59217"
[24/02/2025 17:32:31][TRADE]YudaxNot traded 15x Ghast Tear for 64x Sweet Berries in shop botanicos on page "Page 59217"
[24/02/2025 17:32:32][TRADE]NivlekNot traded 15x Ghast Tear for 64x Sweet Berries in shop botanicos on page "Page 59217"
[24/02/2025 17:32:32][TRADE]NivlekNot traded 15x Ghast Tear for 64x Sweet Berries in shop botanicos on page "Page 59217"
[24/02/2025 17:32:33][TRADE]YudaxNot traded 15x Ghast Tear for 64x Sweet Berries in shop botanicos on page "Page 59217"
[24/02/2025 17:32:34][TRADE]NivlekNot traded 15x Ghast Tear for 64x Sweet Berries in shop botanicos on page "Page 59217"
[24/02/2025 17:32:34][TRADE]YudaxNot traded 15x Ghast Tear for 64x Apple in shop botanicos on page "Page 59217"
[24/02/2025 17:32:35][TRADE]NivlekNot traded 15x Ghast Tear for 64x Apple in shop botanicos on page "Page 59217"
[24/02/2025 17:32:35][TRADE]NivlekNot traded 15x Ghast Tear for 64x Apple in shop botanicos on page "Page 59217"
[24/02/2025 17:32:35][TRADE]YudaxNot traded 15x Ghast Tear for 64x Apple in shop botanicos on page "Page 59217"
[24/02/2025 17:32:36][TRADE]RKurai_ traded 15x Ghast Tear for 64x Sweet Berries in shop botanicos on page "Page 59217"
[24/02/2025 17:32:36][TRADE]RKurai_ traded 15x Ghast Tear for 64x Sweet Berries in shop botanicos on page "Page 59217"
[24/02/2025 17:32:37][TRADE]YudaxNot traded 15x Ghast Tear for 64x Melon Slice in shop botanicos on page "Page 59217"
[24/02/2025 17:32:38][TRADE]RKurai_ traded 15x Ghast Tear for 64x Sweet Berries in shop botanicos on page "Page 59217"
[24/02/2025 17:32:38][TRADE]RKurai_ traded 15x Ghast Tear for 64x Sweet Berries in shop botanicos on page "Page 59217"
[24/02/2025 17:32:39][TRADE]RKurai_ traded 15x Ghast Tear for 64x Sweet Berries in shop botanicos on page "Page 59217"
[24/02/2025 17:32:39][TRADE]RKurai_ traded 15x Ghast Tear for 64x Sweet Berries in shop botanicos on page "Page 59217"
[24/02/2025 17:32:39][TRADE]RKurai_ traded 15x Ghast Tear for 64x Sweet Berries in shop botanicos on page "Page 59217"
[24/02/2025 17:32:41][TRADE]RKurai_ traded 15x Ghast Tear for 64x Sweet Berries in shop botanicos on page "Page 59217"
[24/02/2025 17:32:43][TRADE]RKurai_ traded 15x Ghast Tear for 64x Sweet Berries in shop botanicos on page "Page 59217"
[24/02/2025 17:32:44][TRADE]RKurai_ traded 15x Ghast Tear for 64x Sweet Berries in shop botanicos on page "Page 59217"
[24/02/2025 17:32:47][TRADE]RKurai_ traded 15x Ghast Tear for 64x Sweet Berries in shop botanicos on page "Page 59217"
[24/02/2025 17:32:50][TRADE]RKurai_ traded 15x Ghast Tear for 64x Sweet Berries in shop botanicos on page "Page 59217"
[24/02/2025 17:32:51][TRADE]YudaxNot traded 15x Ghast Tear for 64x Apple in shop botanicos on page "Page 59217"
[24/02/2025 17:32:52][TRADE]RKurai_ traded 15x Ghast Tear for 64x Apple in shop botanicos on page "Page 59217"
[24/02/2025 17:32:54][TRADE]YudaxNot traded 15x Ghast Tear for 64x Sweet Berries in shop botanicos on page "Page 59217"
[24/02/2025 17:32:54][TRADE]RKurai_ traded 15x Ghast Tear for 64x Apple in shop botanicos on page "Page 59217"
[24/02/2025 17:32:55][TRADE]YudaxNot traded 15x Ghast Tear for 64x Sweet Berries in shop botanicos on page "Page 59217"
[24/02/2025 17:32:56][TRADE]YudaxNot traded 15x Ghast Tear for 64x Apple in shop botanicos on page "Page 59217"
[24/02/2025 17:32:57][TRADE]RKurai_ traded 15x Ghast Tear for 64x Apple in shop botanicos on page "Page 59217"
[24/02/2025 17:32:58][TRADE]YudaxNot traded 15x Ghast Tear for 64x Sweet Berries in shop botanicos on page "Page 59217"
[24/02/2025 17:33:00][TRADE]YudaxNot traded 15x Ghast Tear for 64x Sweet Berries in shop botanicos on page "Page 59217"
[24/02/2025 17:33:01][TRADE]YudaxNot traded 15x Ghast Tear for 64x Kelp in shop botanicos on page "Page 59217"
[24/02/2025 17:33:22][TRADE]RKurai_ traded 15x Ghast Tear for 64x Beetroot in shop botanicos on page "Page 59217"
[24/02/2025 19:48:58][TRADE]YudaxNot traded 64x Kelp for 2x Ghast Tear in shop botanicos on page "Page 54345"
[24/02/2025 19:48:59][TRADE]YudaxNot traded 64x Wheat for 2x Ghast Tear in shop botanicos on page "Page 54345"
[24/02/2025 19:49:02][TRADE]YudaxNot traded 64x Red Mushroom for 2x Ghast Tear in shop botanicos on page "Page 54345"
[24/02/2025 22:35:16][TRADE]josetodo traded 6x Ghast Tear for 64x Apple in shop botanicos on page "Page 47386"
[24/02/2025 22:35:23][TRADE]josetodo traded 6x Ghast Tear for 64x Carrot in shop botanicos on page "Page 47386"
[24/02/2025 22:35:29][TRADE]josetodo traded 6x Ghast Tear for 64x Carrot in shop botanicos on page "Page 47386"
[24/02/2025 22:35:33][TRADE]josetodo traded 6x Ghast Tear for 64x Cactus in shop botanicos on page "Page 47386"
[24/02/2025 22:35:40][TRADE]josetodo traded 6x Ghast Tear for 64x Potato in shop botanicos on page "Page 47386"
[24/02/2025 22:35:41][TRADE]josetodo traded 6x Ghast Tear for 64x Melon Slice in shop botanicos on page "Page 47386"
[24/02/2025 22:35:41][TRADE]josetodo traded 6x Ghast Tear for 64x Beetroot in shop botanicos on page "Page 47386"
[24/02/2025 22:35:43][TRADE]josetodo traded 6x Ghast Tear for 64x Cocoa Beans in shop botanicos on page "Page 47386"
[24/02/2025 22:35:44][TRADE]josetodo traded 6x Ghast Tear for 64x Wheat in shop botanicos on page "Page 47386"
[24/02/2025 22:35:46][TRADE]josetodo traded 6x Ghast Tear for 64x Wheat in shop botanicos on page "Page 47386"
[24/02/2025 22:35:52][TRADE]josetodo traded 6x Ghast Tear for 64x Sea Pickle in shop botanicos on page "Page 47386"
[24/02/2025 22:36:00][TRADE]josetodo traded 6x Ghast Tear for 64x Kelp in shop botanicos on page "Page 47386"
