[16/02/2025 01:25:47][TRADE]TheEnderpro42 traded 5x Ghast Tear for 64x Carrot in shop botanicos on page "Page 47386"
[16/02/2025 01:25:49][TRADE]TheEnderpro42 traded 5x Ghast Tear for 64x Apple in shop botanicos on page "Page 47386"
[16/02/2025 14:38:52][TRADE]APHNYX traded 64x Kelp for 50x Ghast Tear in shop botanicos on page "Page 46136"
[16/02/2025 14:38:53][TRADE]APHNYX traded 64x Carrot for 50x Ghast Tear in shop botanicos on page "Page 46136"
[16/02/2025 16:40:22][TRADE]Catoncio_1 traded 64x Lily Pad for 50x Ghast Tear in shop botanicos on page "Page 46136"
[16/02/2025 16:40:32][TRADE]Catoncio_1 traded 5x Ghast Tear for 64x Lily Pad in shop botanicos on page "Page 47386"
[16/02/2025 16:40:46][TRADE]Catoncio_1 traded 5x Ghast Tear for 64x Lily Pad in shop botanicos on page "Page 47386"
[16/02/2025 16:40:50][TRADE]Catoncio_1 traded 5x Ghast Tear for 64x Carrot in shop botanicos on page "Page 47386"
[16/02/2025 16:40:55][TRADE]Catoncio_1 traded 5x Ghast Tear for 64x Potato in shop botanicos on page "Page 47386"
[16/02/2025 16:40:57][TRADE]Catoncio_1 traded 5x Ghast Tear for 64x Wheat in shop botanicos on page "Page 47386"
[16/02/2025 16:40:59][TRADE]Catoncio_1 traded 5x Ghast Tear for 64x Beetroot in shop botanicos on page "Page 47386"
[16/02/2025 16:41:01][TRADE]Catoncio_1 traded 5x Ghast Tear for 64x Cocoa Beans in shop botanicos on page "Page 47386"
[16/02/2025 16:41:04][TRADE]Catoncio_1 traded 5x Ghast Tear for 64x Carrot in shop botanicos on page "Page 47386"
[16/02/2025 16:41:12][TRADE]Catoncio_1 traded 5x Ghast Tear for 64x Potato in shop botanicos on page "Page 47386"
[16/02/2025 16:48:13][TRADE]luiguiwar traded 5x Ghast Tear for 64x Apple in shop botanicos on page "Page 47386"
[16/02/2025 16:48:13][TRADE]luiguiwar traded 5x Ghast Tear for 64x Apple in shop botanicos on page "Page 47386"
[16/02/2025 16:48:14][TRADE]luiguiwar traded 5x Ghast Tear for 64x Carrot in shop botanicos on page "Page 47386"
[16/02/2025 16:48:14][TRADE]luiguiwar traded 5x Ghast Tear for 64x Potato in shop botanicos on page "Page 47386"
[16/02/2025 16:48:16][TRADE]luiguiwar traded 5x Ghast Tear for 64x Pumpkin in shop botanicos on page "Page 47386"
[16/02/2025 16:48:17][TRADE]luiguiwar traded 5x Ghast Tear for 64x Beetroot in shop botanicos on page "Page 47386"
[16/02/2025 16:48:17][TRADE]luiguiwar traded 5x Ghast Tear for 64x Wheat in shop botanicos on page "Page 47386"
[16/02/2025 16:48:17][TRADE]luiguiwar traded 5x Ghast Tear for 64x Cocoa Beans in shop botanicos on page "Page 47386"
[16/02/2025 16:48:18][TRADE]luiguiwar traded 5x Ghast Tear for 64x Kelp in shop botanicos on page "Page 47386"
[16/02/2025 16:48:18][TRADE]luiguiwar traded 5x Ghast Tear for 64x Kelp in shop botanicos on page "Page 47386"
[16/02/2025 16:48:19][TRADE]luiguiwar traded 5x Ghast Tear for 64x Cactus in shop botanicos on page "Page 47386"
[16/02/2025 16:48:19][TRADE]luiguiwar traded 5x Ghast Tear for 64x Lily Pad in shop botanicos on page "Page 47386"
[16/02/2025 16:48:19][TRADE]luiguiwar traded 5x Ghast Tear for 64x Wheat in shop botanicos on page "Page 47386"
[16/02/2025 16:48:20][TRADE]luiguiwar traded 5x Ghast Tear for 64x Sea Pickle in shop botanicos on page "Page 47386"
[16/02/2025 16:48:20][TRADE]luiguiwar traded 5x Ghast Tear for 64x Sea Pickle in shop botanicos on page "Page 47386"
[16/02/2025 16:48:20][TRADE]luiguiwar traded 5x Ghast Tear for 64x Carrot in shop botanicos on page "Page 47386"
[16/02/2025 16:48:22][TRADE]luiguiwar traded 5x Ghast Tear for 64x Bamboo in shop botanicos on page "Page 47386"
[16/02/2025 16:48:28][TRADE]luiguiwar traded 5x Ghast Tear for 64x Potato in shop botanicos on page "Page 47386"
[16/02/2025 16:48:29][TRADE]luiguiwar traded 5x Ghast Tear for 64x Beetroot in shop botanicos on page "Page 47386"
[16/02/2025 16:48:35][TRADE]luiguiwar traded 5x Ghast Tear for 64x Beetroot in shop botanicos on page "Page 47386"
[16/02/2025 16:51:10][TRADE]Catoncio_1 traded 5x Ghast Tear for 64x Lily Pad in shop botanicos on page "Page 47386"
[16/02/2025 16:51:11][TRADE]Catoncio_1 traded 5x Ghast Tear for 64x Cactus in shop botanicos on page "Page 47386"
[16/02/2025 16:51:11][TRADE]Catoncio_1 traded 5x Ghast Tear for 64x Apple in shop botanicos on page "Page 47386"
[16/02/2025 16:51:12][TRADE]Catoncio_1 traded 5x Ghast Tear for 64x Carrot in shop botanicos on page "Page 47386"
[16/02/2025 16:51:12][TRADE]Catoncio_1 traded 5x Ghast Tear for 64x Potato in shop botanicos on page "Page 47386"
[16/02/2025 16:51:14][TRADE]Catoncio_1 traded 5x Ghast Tear for 64x Potato in shop botanicos on page "Page 47386"
[16/02/2025 16:51:14][TRADE]Catoncio_1 traded 5x Ghast Tear for 64x Beetroot in shop botanicos on page "Page 47386"
[16/02/2025 16:51:15][TRADE]Catoncio_1 traded 5x Ghast Tear for 64x Beetroot in shop botanicos on page "Page 47386"
[16/02/2025 16:51:16][TRADE]Catoncio_1 traded 5x Ghast Tear for 64x Kelp in shop botanicos on page "Page 47386"
[16/02/2025 16:51:17][TRADE]Catoncio_1 traded 5x Ghast Tear for 64x Wheat in shop botanicos on page "Page 47386"
[16/02/2025 16:51:18][TRADE]Catoncio_1 traded 5x Ghast Tear for 64x Sea Pickle in shop botanicos on page "Page 47386"
[16/02/2025 16:51:18][TRADE]Catoncio_1 traded 5x Ghast Tear for 64x Carrot in shop botanicos on page "Page 47386"
[16/02/2025 16:51:47][TRADE]Catoncio_1 traded 5x Ghast Tear for 64x Wheat in shop botanicos on page "Page 47386"
[16/02/2025 16:51:52][TRADE]Catoncio_1 traded 5x Ghast Tear for 64x Carrot in shop botanicos on page "Page 47386"
[16/02/2025 16:53:25][TRADE]SafiroBarabaja22 traded 5x Ghast Tear for 64x Beetroot in shop botanicos on page "Page 47386"
[16/02/2025 16:53:28][TRADE]SafiroBarabaja22 traded 5x Ghast Tear for 64x Potato in shop botanicos on page "Page 47386"
[16/02/2025 16:53:28][TRADE]SafiroBarabaja22 traded 5x Ghast Tear for 64x Carrot in shop botanicos on page "Page 47386"
[16/02/2025 16:53:29][TRADE]SafiroBarabaja22 traded 5x Ghast Tear for 64x Carrot in shop botanicos on page "Page 47386"
[16/02/2025 16:53:30][TRADE]SafiroBarabaja22 traded 5x Ghast Tear for 64x Cocoa Beans in shop botanicos on page "Page 47386"
[16/02/2025 16:53:31][TRADE]SafiroBarabaja22 traded 5x Ghast Tear for 64x Wheat in shop botanicos on page "Page 47386"
[16/02/2025 16:53:31][TRADE]SafiroBarabaja22 traded 5x Ghast Tear for 64x Beetroot in shop botanicos on page "Page 47386"
[16/02/2025 16:53:32][TRADE]SafiroBarabaja22 traded 5x Ghast Tear for 64x Carrot in shop botanicos on page "Page 47386"
[16/02/2025 16:53:33][TRADE]SafiroBarabaja22 traded 5x Ghast Tear for 64x Sea Pickle in shop botanicos on page "Page 47386"
[16/02/2025 16:53:33][TRADE]SafiroBarabaja22 traded 5x Ghast Tear for 64x Wheat in shop botanicos on page "Page 47386"
[16/02/2025 16:53:34][TRADE]SafiroBarabaja22 traded 5x Ghast Tear for 64x Lily Pad in shop botanicos on page "Page 47386"
[16/02/2025 16:55:39][TRADE]Catoncio_1 traded 5x Ghast Tear for 64x Potato in shop botanicos on page "Page 47386"
[16/02/2025 16:55:39][TRADE]Catoncio_1 traded 5x Ghast Tear for 64x Beetroot in shop botanicos on page "Page 47386"
[16/02/2025 16:55:42][TRADE]Catoncio_1 traded 5x Ghast Tear for 64x Wheat in shop botanicos on page "Page 47386"
[16/02/2025 16:55:44][TRADE]Catoncio_1 traded 5x Ghast Tear for 64x Carrot in shop botanicos on page "Page 47386"
[16/02/2025 16:55:45][TRADE]Catoncio_1 traded 5x Ghast Tear for 64x Lily Pad in shop botanicos on page "Page 47386"
[16/02/2025 16:55:46][TRADE]Catoncio_1 traded 5x Ghast Tear for 64x Wheat in shop botanicos on page "Page 47386"
[16/02/2025 16:55:47][TRADE]Catoncio_1 traded 5x Ghast Tear for 64x Carrot in shop botanicos on page "Page 47386"
[16/02/2025 16:55:50][TRADE]Catoncio_1 traded 5x Ghast Tear for 64x Lily Pad in shop botanicos on page "Page 47386"
[16/02/2025 16:55:54][TRADE]Catoncio_1 traded 5x Ghast Tear for 64x Carrot in shop botanicos on page "Page 47386"
[16/02/2025 16:55:55][TRADE]Catoncio_1 traded 5x Ghast Tear for 64x Cocoa Beans in shop botanicos on page "Page 47386"
[16/02/2025 16:55:58][TRADE]Catoncio_1 traded 5x Ghast Tear for 64x Wheat in shop botanicos on page "Page 47386"
[16/02/2025 17:26:51][TRADE]SafiroBarabaja22 traded 5x Ghast Tear for 64x Apple in shop botanicos on page "Page 47386"
[16/02/2025 17:44:19][TRADE]Catoncio_1 traded 5x Ghast Tear for 64x Carrot in shop botanicos on page "Page 47386"
[16/02/2025 17:44:19][TRADE]Catoncio_1 traded 5x Ghast Tear for 64x Potato in shop botanicos on page "Page 47386"
[16/02/2025 17:44:23][TRADE]Catoncio_1 traded 5x Ghast Tear for 64x Beetroot in shop botanicos on page "Page 47386"
[16/02/2025 17:44:25][TRADE]Catoncio_1 traded 5x Ghast Tear for 64x Kelp in shop botanicos on page "Page 47386"
[16/02/2025 17:44:29][TRADE]Catoncio_1 traded 5x Ghast Tear for 64x Sea Pickle in shop botanicos on page "Page 47386"
[16/02/2025 17:44:29][TRADE]Catoncio_1 traded 5x Ghast Tear for 64x Pumpkin in shop botanicos on page "Page 47386"
[16/02/2025 17:51:22][TRADE]Catoncio_1 traded 5x Ghast Tear for 64x Lily Pad in shop botanicos on page "Page 47386"
[16/02/2025 17:51:38][TRADE]Catoncio_1 traded 5x Ghast Tear for 64x Cactus in shop botanicos on page "Page 47386"
[16/02/2025 17:51:46][TRADE]Catoncio_1 traded 5x Ghast Tear for 64x Sugar Cane in shop botanicos on page "Page 47386"
[16/02/2025 17:51:49][TRADE]Catoncio_1 traded 5x Ghast Tear for 64x Beetroot in shop botanicos on page "Page 47386"
[16/02/2025 17:51:54][TRADE]Catoncio_1 traded 5x Ghast Tear for 64x Carrot in shop botanicos on page "Page 47386"
[16/02/2025 17:51:56][TRADE]Catoncio_1 traded 5x Ghast Tear for 64x Potato in shop botanicos on page "Page 47386"
[16/02/2025 17:51:59][TRADE]Catoncio_1 traded 5x Ghast Tear for 64x Cocoa Beans in shop botanicos on page "Page 47386"
[16/02/2025 17:52:14][TRADE]Catoncio_1 traded 5x Ghast Tear for 64x Apple in shop botanicos on page "Page 47386"
[16/02/2025 17:52:17][TRADE]Catoncio_1 traded 5x Ghast Tear for 64x Melon Slice in shop botanicos on page "Page 47386"
[16/02/2025 18:01:55][TRADE]Catoncio_1 traded 5x Ghast Tear for 64x Potato in shop botanicos on page "Page 47386"
[16/02/2025 18:01:59][TRADE]Catoncio_1 traded 5x Ghast Tear for 64x Potato in shop botanicos on page "Page 47386"
[16/02/2025 18:02:02][TRADE]Catoncio_1 traded 5x Ghast Tear for 64x Pumpkin in shop botanicos on page "Page 47386"
[16/02/2025 18:02:02][TRADE]Catoncio_1 traded 5x Ghast Tear for 64x Bamboo in shop botanicos on page "Page 47386"
[16/02/2025 18:02:04][TRADE]Catoncio_1 traded 5x Ghast Tear for 64x Beetroot in shop botanicos on page "Page 47386"
[16/02/2025 18:02:07][TRADE]Catoncio_1 traded 5x Ghast Tear for 64x Wheat in shop botanicos on page "Page 47386"
[16/02/2025 18:02:10][TRADE]Catoncio_1 traded 5x Ghast Tear for 64x Carrot in shop botanicos on page "Page 47386"
[16/02/2025 18:02:13][TRADE]Catoncio_1 traded 5x Ghast Tear for 64x Kelp in shop botanicos on page "Page 47386"
[16/02/2025 18:02:18][TRADE]Catoncio_1 traded 5x Ghast Tear for 64x Wheat in shop botanicos on page "Page 47386"
[16/02/2025 18:02:21][TRADE]Catoncio_1 traded 5x Ghast Tear for 64x Sea Pickle in shop botanicos on page "Page 47386"
[16/02/2025 18:26:55][TRADE]Catoncio_1 traded 5x Ghast Tear for 64x Apple in shop botanicos on page "Page 47386"
[16/02/2025 18:26:56][TRADE]Catoncio_1 traded 5x Ghast Tear for 64x Carrot in shop botanicos on page "Page 47386"
[16/02/2025 18:26:56][TRADE]Catoncio_1 traded 5x Ghast Tear for 64x Potato in shop botanicos on page "Page 47386"
[16/02/2025 18:26:59][TRADE]Catoncio_1 traded 5x Ghast Tear for 64x Melon Slice in shop botanicos on page "Page 47386"
[16/02/2025 18:27:02][TRADE]Catoncio_1 traded 5x Ghast Tear for 64x Potato in shop botanicos on page "Page 47386"
[16/02/2025 18:27:03][TRADE]Catoncio_1 traded 5x Ghast Tear for 64x Beetroot in shop botanicos on page "Page 47386"
[16/02/2025 18:27:05][TRADE]Catoncio_1 traded 5x Ghast Tear for 64x Wheat in shop botanicos on page "Page 47386"
[16/02/2025 18:27:06][TRADE]Catoncio_1 traded 5x Ghast Tear for 64x Cocoa Beans in shop botanicos on page "Page 47386"
[16/02/2025 18:27:07][TRADE]Catoncio_1 traded 5x Ghast Tear for 64x Carrot in shop botanicos on page "Page 47386"
[16/02/2025 18:27:07][TRADE]Catoncio_1 traded 5x Ghast Tear for 64x Kelp in shop botanicos on page "Page 47386"
[16/02/2025 18:27:08][TRADE]Catoncio_1 traded 5x Ghast Tear for 64x Cactus in shop botanicos on page "Page 47386"
[16/02/2025 18:27:08][TRADE]Catoncio_1 traded 5x Ghast Tear for 64x Lily Pad in shop botanicos on page "Page 47386"
[16/02/2025 18:27:09][TRADE]Catoncio_1 traded 5x Ghast Tear for 64x Wheat in shop botanicos on page "Page 47386"
[16/02/2025 18:27:11][TRADE]Catoncio_1 traded 5x Ghast Tear for 64x Carrot in shop botanicos on page "Page 47386"
[16/02/2025 18:37:17][TRADE]Catoncio_1 traded 5x Ghast Tear for 64x Apple in shop botanicos on page "Page 47386"
[16/02/2025 18:37:18][TRADE]Catoncio_1 traded 5x Ghast Tear for 64x Potato in shop botanicos on page "Page 47386"
[16/02/2025 18:37:19][TRADE]Catoncio_1 traded 5x Ghast Tear for 64x Carrot in shop botanicos on page "Page 47386"
[16/02/2025 18:37:21][TRADE]Catoncio_1 traded 5x Ghast Tear for 64x Sugar Cane in shop botanicos on page "Page 47386"
[16/02/2025 18:37:23][TRADE]Catoncio_1 traded 5x Ghast Tear for 64x Beetroot in shop botanicos on page "Page 47386"
[16/02/2025 18:37:23][TRADE]Catoncio_1 traded 5x Ghast Tear for 64x Bamboo in shop botanicos on page "Page 47386"
[16/02/2025 18:37:24][TRADE]Catoncio_1 traded 5x Ghast Tear for 64x Beetroot in shop botanicos on page "Page 47386"
[16/02/2025 18:37:25][TRADE]Catoncio_1 traded 5x Ghast Tear for 64x Wheat in shop botanicos on page "Page 47386"
[16/02/2025 18:37:25][TRADE]Catoncio_1 traded 5x Ghast Tear for 64x Cocoa Beans in shop botanicos on page "Page 47386"
[16/02/2025 18:37:26][TRADE]Catoncio_1 traded 5x Ghast Tear for 64x Kelp in shop botanicos on page "Page 47386"
[16/02/2025 18:37:26][TRADE]Catoncio_1 traded 5x Ghast Tear for 64x Carrot in shop botanicos on page "Page 47386"
[16/02/2025 18:37:27][TRADE]Catoncio_1 traded 5x Ghast Tear for 64x Kelp in shop botanicos on page "Page 47386"
[16/02/2025 18:37:28][TRADE]Catoncio_1 traded 5x Ghast Tear for 64x Lily Pad in shop botanicos on page "Page 47386"
[16/02/2025 18:37:30][TRADE]Catoncio_1 traded 5x Ghast Tear for 64x Wheat in shop botanicos on page "Page 47386"
[16/02/2025 18:37:31][TRADE]Catoncio_1 traded 5x Ghast Tear for 64x Sea Pickle in shop botanicos on page "Page 47386"
[16/02/2025 18:37:32][TRADE]Catoncio_1 traded 5x Ghast Tear for 64x Carrot in shop botanicos on page "Page 47386"
[16/02/2025 18:37:32][TRADE]Catoncio_1 traded 5x Ghast Tear for 64x Pumpkin in shop botanicos on page "Page 47386"
[16/02/2025 18:45:57][TRADE]Catoncio_1 traded 5x Ghast Tear for 64x Wheat in shop botanicos on page "Page 47386"
[16/02/2025 18:45:58][TRADE]Catoncio_1 traded 5x Ghast Tear for 64x Lily Pad in shop botanicos on page "Page 47386"
[16/02/2025 18:45:59][TRADE]Catoncio_1 traded 5x Ghast Tear for 64x Cactus in shop botanicos on page "Page 47386"
[16/02/2025 18:46:00][TRADE]Catoncio_1 traded 5x Ghast Tear for 64x Carrot in shop botanicos on page "Page 47386"
[16/02/2025 18:46:03][TRADE]Catoncio_1 traded 5x Ghast Tear for 64x Apple in shop botanicos on page "Page 47386"
[16/02/2025 18:46:04][TRADE]Catoncio_1 traded 5x Ghast Tear for 64x Carrot in shop botanicos on page "Page 47386"
[16/02/2025 18:46:05][TRADE]Catoncio_1 traded 5x Ghast Tear for 64x Melon Slice in shop botanicos on page "Page 47386"
[16/02/2025 18:46:06][TRADE]Catoncio_1 traded 5x Ghast Tear for 64x Sugar Cane in shop botanicos on page "Page 47386"
[16/02/2025 18:46:06][TRADE]Catoncio_1 traded 5x Ghast Tear for 64x Potato in shop botanicos on page "Page 47386"
[16/02/2025 18:46:07][TRADE]Catoncio_1 traded 5x Ghast Tear for 64x Beetroot in shop botanicos on page "Page 47386"
[16/02/2025 18:46:08][TRADE]Catoncio_1 traded 5x Ghast Tear for 64x Carrot in shop botanicos on page "Page 47386"
[16/02/2025 18:46:09][TRADE]Catoncio_1 traded 5x Ghast Tear for 64x Sea Pickle in shop botanicos on page "Page 47386"
[16/02/2025 18:46:11][TRADE]Catoncio_1 traded 5x Ghast Tear for 64x Beetroot in shop botanicos on page "Page 47386"
[16/02/2025 18:46:14][TRADE]Catoncio_1 traded 5x Ghast Tear for 64x Cocoa Beans in shop botanicos on page "Page 47386"
[16/02/2025 18:46:16][TRADE]Catoncio_1 traded 5x Ghast Tear for 64x Wheat in shop botanicos on page "Page 47386"
[16/02/2025 18:52:43][TRADE]Catoncio_1 traded 5x Ghast Tear for 64x Carrot in shop botanicos on page "Page 47386"
[16/02/2025 18:52:43][TRADE]Catoncio_1 traded 5x Ghast Tear for 64x Potato in shop botanicos on page "Page 47386"
[16/02/2025 18:52:45][TRADE]Catoncio_1 traded 5x Ghast Tear for 64x Potato in shop botanicos on page "Page 47386"
[16/02/2025 18:52:45][TRADE]Catoncio_1 traded 5x Ghast Tear for 64x Beetroot in shop botanicos on page "Page 47386"
[16/02/2025 18:52:46][TRADE]Catoncio_1 traded 5x Ghast Tear for 64x Bamboo in shop botanicos on page "Page 47386"
[16/02/2025 18:52:47][TRADE]Catoncio_1 traded 5x Ghast Tear for 64x Beetroot in shop botanicos on page "Page 47386"
[16/02/2025 18:52:48][TRADE]Catoncio_1 traded 5x Ghast Tear for 64x Cocoa Beans in shop botanicos on page "Page 47386"
[16/02/2025 18:52:48][TRADE]Catoncio_1 traded 5x Ghast Tear for 64x Kelp in shop botanicos on page "Page 47386"
[16/02/2025 18:52:49][TRADE]Catoncio_1 traded 5x Ghast Tear for 64x Carrot in shop botanicos on page "Page 47386"
[16/02/2025 18:52:50][TRADE]Catoncio_1 traded 5x Ghast Tear for 64x Kelp in shop botanicos on page "Page 47386"
[16/02/2025 18:52:50][TRADE]Catoncio_1 traded 5x Ghast Tear for 64x Cactus in shop botanicos on page "Page 47386"
[16/02/2025 18:52:51][TRADE]Catoncio_1 traded 5x Ghast Tear for 64x Wheat in shop botanicos on page "Page 47386"
[16/02/2025 18:52:52][TRADE]Catoncio_1 traded 5x Ghast Tear for 64x Sea Pickle in shop botanicos on page "Page 47386"
[16/02/2025 18:52:53][TRADE]Catoncio_1 traded 5x Ghast Tear for 64x Pumpkin in shop botanicos on page "Page 47386"
[16/02/2025 19:17:51][TRADE]Catoncio_1 traded 5x Ghast Tear for 64x Lily Pad in shop botanicos on page "Page 47386"
[16/02/2025 19:17:54][TRADE]Catoncio_1 traded 5x Ghast Tear for 64x Beetroot in shop botanicos on page "Page 47386"
[16/02/2025 19:17:56][TRADE]Catoncio_1 traded 5x Ghast Tear for 64x Sea Pickle in shop botanicos on page "Page 47386"
[16/02/2025 19:17:58][TRADE]Catoncio_1 traded 5x Ghast Tear for 64x Potato in shop botanicos on page "Page 47386"
[16/02/2025 19:17:59][TRADE]Catoncio_1 traded 5x Ghast Tear for 64x Wheat in shop botanicos on page "Page 47386"
[16/02/2025 19:18:02][TRADE]Catoncio_1 traded 5x Ghast Tear for 64x Apple in shop botanicos on page "Page 47386"
[16/02/2025 19:23:59][TRADE]Catoncio_1 traded 5x Ghast Tear for 64x Apple in shop botanicos on page "Page 47386"
[16/02/2025 19:24:00][TRADE]Catoncio_1 traded 5x Ghast Tear for 64x Carrot in shop botanicos on page "Page 47386"
[16/02/2025 19:24:00][TRADE]Catoncio_1 traded 5x Ghast Tear for 64x Melon Slice in shop botanicos on page "Page 47386"
[16/02/2025 19:24:01][TRADE]Catoncio_1 traded 5x Ghast Tear for 64x Sugar Cane in shop botanicos on page "Page 47386"
[16/02/2025 19:24:01][TRADE]Catoncio_1 traded 5x Ghast Tear for 64x Potato in shop botanicos on page "Page 47386"
[16/02/2025 19:24:02][TRADE]Catoncio_1 traded 5x Ghast Tear for 64x Beetroot in shop botanicos on page "Page 47386"
[16/02/2025 19:24:04][TRADE]Catoncio_1 traded 5x Ghast Tear for 64x Kelp in shop botanicos on page "Page 47386"
[16/02/2025 19:24:06][TRADE]Catoncio_1 traded 5x Ghast Tear for 64x Wheat in shop botanicos on page "Page 47386"
[16/02/2025 19:24:07][TRADE]Catoncio_1 traded 5x Ghast Tear for 64x Carrot in shop botanicos on page "Page 47386"
[16/02/2025 19:24:08][TRADE]Catoncio_1 traded 5x Ghast Tear for 64x Pumpkin in shop botanicos on page "Page 47386"
[16/02/2025 19:28:18][TRADE]Catoncio_1 traded 5x Ghast Tear for 64x Bamboo in shop botanicos on page "Page 47386"
[16/02/2025 19:28:19][TRADE]Catoncio_1 traded 5x Ghast Tear for 64x Carrot in shop botanicos on page "Page 47386"
[16/02/2025 19:28:20][TRADE]Catoncio_1 traded 5x Ghast Tear for 64x Wheat in shop botanicos on page "Page 47386"
[16/02/2025 19:28:21][TRADE]Catoncio_1 traded 5x Ghast Tear for 64x Cocoa Beans in shop botanicos on page "Page 47386"
[16/02/2025 19:28:22][TRADE]Catoncio_1 traded 5x Ghast Tear for 64x Carrot in shop botanicos on page "Page 47386"
[16/02/2025 19:28:23][TRADE]Catoncio_1 traded 5x Ghast Tear for 64x Lily Pad in shop botanicos on page "Page 47386"
[16/02/2025 19:33:15][TRADE]Catoncio_1 traded 5x Ghast Tear for 64x Potato in shop botanicos on page "Page 47386"
[16/02/2025 19:33:16][TRADE]Catoncio_1 traded 5x Ghast Tear for 64x Melon Slice in shop botanicos on page "Page 47386"
[16/02/2025 19:33:17][TRADE]Catoncio_1 traded 5x Ghast Tear for 64x Potato in shop botanicos on page "Page 47386"
[16/02/2025 19:33:18][TRADE]Catoncio_1 traded 5x Ghast Tear for 64x Pumpkin in shop botanicos on page "Page 47386"
[16/02/2025 19:33:19][TRADE]Catoncio_1 traded 5x Ghast Tear for 64x Beetroot in shop botanicos on page "Page 47386"
[16/02/2025 19:33:20][TRADE]Catoncio_1 traded 5x Ghast Tear for 64x Sea Pickle in shop botanicos on page "Page 47386"
[16/02/2025 19:33:22][TRADE]Catoncio_1 traded 5x Ghast Tear for 64x Kelp in shop botanicos on page "Page 47386"
[16/02/2025 19:33:22][TRADE]Catoncio_1 traded 5x Ghast Tear for 64x Cactus in shop botanicos on page "Page 47386"
[16/02/2025 19:48:00][TRADE]Catoncio_1 traded 5x Ghast Tear for 64x Apple in shop botanicos on page "Page 47386"
[16/02/2025 19:48:00][TRADE]Catoncio_1 traded 5x Ghast Tear for 64x Carrot in shop botanicos on page "Page 47386"
[16/02/2025 19:48:02][TRADE]Catoncio_1 traded 5x Ghast Tear for 64x Sugar Cane in shop botanicos on page "Page 47386"
[16/02/2025 19:48:02][TRADE]Catoncio_1 traded 5x Ghast Tear for 64x Beetroot in shop botanicos on page "Page 47386"
[16/02/2025 19:48:03][TRADE]Catoncio_1 traded 5x Ghast Tear for 64x Bamboo in shop botanicos on page "Page 47386"
[16/02/2025 19:48:03][TRADE]Catoncio_1 traded 5x Ghast Tear for 64x Wheat in shop botanicos on page "Page 47386"
[16/02/2025 19:48:04][TRADE]Catoncio_1 traded 5x Ghast Tear for 64x Cocoa Beans in shop botanicos on page "Page 47386"
[16/02/2025 19:48:04][TRADE]Catoncio_1 traded 5x Ghast Tear for 64x Kelp in shop botanicos on page "Page 47386"
[16/02/2025 19:48:04][TRADE]Catoncio_1 traded 5x Ghast Tear for 64x Carrot in shop botanicos on page "Page 47386"
[16/02/2025 19:48:05][TRADE]Catoncio_1 traded 5x Ghast Tear for 64x Cactus in shop botanicos on page "Page 47386"
[16/02/2025 19:48:05][TRADE]Catoncio_1 traded 5x Ghast Tear for 64x Lily Pad in shop botanicos on page "Page 47386"
[16/02/2025 19:48:06][TRADE]Catoncio_1 traded 5x Ghast Tear for 64x Wheat in shop botanicos on page "Page 47386"
[16/02/2025 19:48:06][TRADE]Catoncio_1 traded 5x Ghast Tear for 64x Sea Pickle in shop botanicos on page "Page 47386"
[16/02/2025 19:48:06][TRADE]Catoncio_1 traded 5x Ghast Tear for 64x Carrot in shop botanicos on page "Page 47386"
[16/02/2025 19:54:03][TRADE]Catoncio_1 traded 5x Ghast Tear for 64x Carrot in shop botanicos on page "Page 47386"
[16/02/2025 19:54:03][TRADE]Catoncio_1 traded 5x Ghast Tear for 64x Potato in shop botanicos on page "Page 47386"
[16/02/2025 19:54:04][TRADE]Catoncio_1 traded 5x Ghast Tear for 64x Melon Slice in shop botanicos on page "Page 47386"
[16/02/2025 19:54:04][TRADE]Catoncio_1 traded 5x Ghast Tear for 64x Sugar Cane in shop botanicos on page "Page 47386"
[16/02/2025 19:54:05][TRADE]Catoncio_1 traded 5x Ghast Tear for 64x Beetroot in shop botanicos on page "Page 47386"
[16/02/2025 19:54:07][TRADE]Catoncio_1 traded 5x Ghast Tear for 64x Beetroot in shop botanicos on page "Page 47386"
[16/02/2025 19:54:08][TRADE]Catoncio_1 traded 5x Ghast Tear for 64x Kelp in shop botanicos on page "Page 47386"
[16/02/2025 19:54:08][TRADE]Catoncio_1 traded 5x Ghast Tear for 64x Carrot in shop botanicos on page "Page 47386"
[16/02/2025 19:54:09][TRADE]Catoncio_1 traded 5x Ghast Tear for 64x Kelp in shop botanicos on page "Page 47386"
[16/02/2025 19:54:10][TRADE]Catoncio_1 traded 5x Ghast Tear for 64x Lily Pad in shop botanicos on page "Page 47386"
[16/02/2025 19:54:11][TRADE]Catoncio_1 traded 5x Ghast Tear for 64x Wheat in shop botanicos on page "Page 47386"
[16/02/2025 19:54:12][TRADE]Catoncio_1 traded 5x Ghast Tear for 64x Pumpkin in shop botanicos on page "Page 47386"
[16/02/2025 20:02:46][TRADE]Catoncio_1 traded 5x Ghast Tear for 64x Apple in shop botanicos on page "Page 47386"
[16/02/2025 20:02:46][TRADE]Catoncio_1 traded 5x Ghast Tear for 64x Carrot in shop botanicos on page "Page 47386"
[16/02/2025 20:02:47][TRADE]Catoncio_1 traded 5x Ghast Tear for 64x Potato in shop botanicos on page "Page 47386"
[16/02/2025 20:02:48][TRADE]Catoncio_1 traded 5x Ghast Tear for 64x Potato in shop botanicos on page "Page 47386"
[16/02/2025 20:02:49][TRADE]Catoncio_1 traded 5x Ghast Tear for 64x Bamboo in shop botanicos on page "Page 47386"
[16/02/2025 20:02:49][TRADE]Catoncio_1 traded 5x Ghast Tear for 64x Beetroot in shop botanicos on page "Page 47386"
[16/02/2025 20:02:50][TRADE]Catoncio_1 traded 5x Ghast Tear for 64x Wheat in shop botanicos on page "Page 47386"
[16/02/2025 20:02:50][TRADE]Catoncio_1 traded 5x Ghast Tear for 64x Cocoa Beans in shop botanicos on page "Page 47386"
[16/02/2025 20:02:51][TRADE]Catoncio_1 traded 5x Ghast Tear for 64x Kelp in shop botanicos on page "Page 47386"
[16/02/2025 20:02:52][TRADE]Catoncio_1 traded 5x Ghast Tear for 64x Lily Pad in shop botanicos on page "Page 47386"
[16/02/2025 20:02:53][TRADE]Catoncio_1 traded 5x Ghast Tear for 64x Sea Pickle in shop botanicos on page "Page 47386"
[16/02/2025 20:02:53][TRADE]Catoncio_1 traded 5x Ghast Tear for 64x Carrot in shop botanicos on page "Page 47386"
[16/02/2025 20:10:00][TRADE]Catoncio_1 traded 5x Ghast Tear for 64x Apple in shop botanicos on page "Page 47386"
[16/02/2025 20:10:01][TRADE]Catoncio_1 traded 5x Ghast Tear for 64x Potato in shop botanicos on page "Page 47386"
[16/02/2025 20:10:02][TRADE]Catoncio_1 traded 5x Ghast Tear for 64x Melon Slice in shop botanicos on page "Page 47386"
[16/02/2025 20:10:02][TRADE]Catoncio_1 traded 5x Ghast Tear for 64x Sugar Cane in shop botanicos on page "Page 47386"
[16/02/2025 20:10:03][TRADE]Catoncio_1 traded 5x Ghast Tear for 64x Potato in shop botanicos on page "Page 47386"
[16/02/2025 20:10:03][TRADE]Catoncio_1 traded 5x Ghast Tear for 64x Beetroot in shop botanicos on page "Page 47386"
[16/02/2025 20:10:05][TRADE]Catoncio_1 traded 5x Ghast Tear for 64x Cocoa Beans in shop botanicos on page "Page 47386"
[16/02/2025 20:10:05][TRADE]Catoncio_1 traded 5x Ghast Tear for 64x Carrot in shop botanicos on page "Page 47386"
[16/02/2025 20:10:06][TRADE]Catoncio_1 traded 5x Ghast Tear for 64x Cactus in shop botanicos on page "Page 47386"
[16/02/2025 20:10:06][TRADE]Catoncio_1 traded 5x Ghast Tear for 64x Wheat in shop botanicos on page "Page 47386"
[16/02/2025 20:10:07][TRADE]Catoncio_1 traded 5x Ghast Tear for 64x Carrot in shop botanicos on page "Page 47386"
[16/02/2025 20:10:07][TRADE]Catoncio_1 traded 5x Ghast Tear for 64x Pumpkin in shop botanicos on page "Page 47386"
[16/02/2025 20:10:08][TRADE]Catoncio_1 traded 5x Ghast Tear for 64x Sea Pickle in shop botanicos on page "Page 47386"
[16/02/2025 20:10:18][TRADE]Catoncio_1 traded 5x Ghast Tear for 64x Wheat in shop botanicos on page "Page 47386"
[16/02/2025 20:10:20][TRADE]Catoncio_1 traded 5x Ghast Tear for 64x Kelp in shop botanicos on page "Page 47386"
[16/02/2025 21:26:16][TRADE]Catoncio_1 traded 5x Ghast Tear for 64x Wheat in shop botanicos on page "Page 47386"
[16/02/2025 21:26:16][TRADE]Catoncio_1 traded 5x Ghast Tear for 64x Lily Pad in shop botanicos on page "Page 47386"
[16/02/2025 21:26:17][TRADE]Catoncio_1 traded 5x Ghast Tear for 64x Lily Pad in shop botanicos on page "Page 47386"
[16/02/2025 21:26:17][TRADE]Catoncio_1 traded 5x Ghast Tear for 64x Cactus in shop botanicos on page "Page 47386"
[16/02/2025 21:26:18][TRADE]Catoncio_1 traded 5x Ghast Tear for 64x Kelp in shop botanicos on page "Page 47386"
[16/02/2025 21:26:20][TRADE]Catoncio_1 traded 5x Ghast Tear for 64x Wheat in shop botanicos on page "Page 47386"
[16/02/2025 21:26:20][TRADE]Catoncio_1 traded 5x Ghast Tear for 64x Beetroot in shop botanicos on page "Page 47386"
[16/02/2025 21:26:20][TRADE]Catoncio_1 traded 5x Ghast Tear for 64x Bamboo in shop botanicos on page "Page 47386"
[16/02/2025 21:26:20][TRADE]Catoncio_1 traded 5x Ghast Tear for 64x Carrot in shop botanicos on page "Page 47386"
[16/02/2025 21:26:23][TRADE]Catoncio_1 traded 5x Ghast Tear for 64x Carrot in shop botanicos on page "Page 47386"
[16/02/2025 21:26:25][TRADE]Catoncio_1 traded 5x Ghast Tear for 64x Sea Pickle in shop botanicos on page "Page 47386"
[16/02/2025 21:26:26][TRADE]Catoncio_1 traded 5x Ghast Tear for 64x Wheat in shop botanicos on page "Page 47386"
[16/02/2025 21:26:29][TRADE]Catoncio_1 traded 5x Ghast Tear for 64x Beetroot in shop botanicos on page "Page 47386"
[16/02/2025 21:26:29][TRADE]Catoncio_1 traded 5x Ghast Tear for 64x Beetroot in shop botanicos on page "Page 47386"
[16/02/2025 21:26:32][TRADE]Catoncio_1 traded 5x Ghast Tear for 64x Potato in shop botanicos on page "Page 47386"
[16/02/2025 21:26:36][TRADE]Catoncio_1 traded 5x Ghast Tear for 64x Sugar Cane in shop botanicos on page "Page 47386"
[16/02/2025 21:31:37][TRADE]Catoncio_1 traded 5x Ghast Tear for 64x Carrot in shop botanicos on page "Page 47386"
[16/02/2025 21:31:39][TRADE]Catoncio_1 traded 5x Ghast Tear for 64x Kelp in shop botanicos on page "Page 47386"
[16/02/2025 21:31:41][TRADE]Catoncio_1 traded 5x Ghast Tear for 64x Cocoa Beans in shop botanicos on page "Page 47386"
[16/02/2025 21:31:44][TRADE]Catoncio_1 traded 5x Ghast Tear for 64x Bamboo in shop botanicos on page "Page 47386"
[16/02/2025 21:31:46][TRADE]Catoncio_1 traded 5x Ghast Tear for 64x Pumpkin in shop botanicos on page "Page 47386"
[16/02/2025 21:31:47][TRADE]Catoncio_1 traded 5x Ghast Tear for 64x Carrot in shop botanicos on page "Page 47386"
[16/02/2025 21:31:49][TRADE]Catoncio_1 traded 5x Ghast Tear for 64x Beetroot in shop botanicos on page "Page 47386"
[16/02/2025 21:31:50][TRADE]Catoncio_1 traded 5x Ghast Tear for 64x Potato in shop botanicos on page "Page 47386"
[16/02/2025 21:31:59][TRADE]Catoncio_1 traded 5x Ghast Tear for 64x Melon Slice in shop botanicos on page "Page 47386"
[16/02/2025 21:32:00][TRADE]Catoncio_1 traded 5x Ghast Tear for 64x Potato in shop botanicos on page "Page 47386"
[16/02/2025 21:32:01][TRADE]Catoncio_1 traded 5x Ghast Tear for 64x Carrot in shop botanicos on page "Page 47386"
[16/02/2025 21:32:02][TRADE]Catoncio_1 traded 5x Ghast Tear for 64x Carrot in shop botanicos on page "Page 47386"
[16/02/2025 21:32:03][TRADE]Catoncio_1 traded 5x Ghast Tear for 64x Apple in shop botanicos on page "Page 47386"
[16/02/2025 21:59:55][TRADE]Catoncio_1 traded 5x Ghast Tear for 64x Melon Slice in shop botanicos on page "Page 47386"
[16/02/2025 21:59:57][TRADE]Catoncio_1 traded 5x Ghast Tear for 64x Beetroot in shop botanicos on page "Page 47386"
[16/02/2025 21:59:58][TRADE]Catoncio_1 traded 5x Ghast Tear for 64x Wheat in shop botanicos on page "Page 47386"
[16/02/2025 21:59:59][TRADE]Catoncio_1 traded 5x Ghast Tear for 64x Cocoa Beans in shop botanicos on page "Page 47386"
[16/02/2025 22:00:01][TRADE]Catoncio_1 traded 5x Ghast Tear for 64x Lily Pad in shop botanicos on page "Page 47386"
[16/02/2025 22:09:04][TRADE]Bsod2000 traded 5x Ghast Tear for 64x Apple in shop botanicos on page "Page 47386"
[16/02/2025 22:09:07][TRADE]Bsod2000 traded 5x Ghast Tear for 64x Carrot in shop botanicos on page "Page 47386"
[16/02/2025 22:09:09][TRADE]Bsod2000 traded 5x Ghast Tear for 64x Cactus in shop botanicos on page "Page 47386"
[16/02/2025 22:09:11][TRADE]Bsod2000 traded 5x Ghast Tear for 64x Pumpkin in shop botanicos on page "Page 47386"
[16/02/2025 22:09:14][TRADE]Bsod2000 traded 5x Ghast Tear for 64x Bamboo in shop botanicos on page "Page 47386"
[16/02/2025 22:09:18][TRADE]Bsod2000 traded 5x Ghast Tear for 64x Cocoa Beans in shop botanicos on page "Page 47386"
[16/02/2025 22:09:22][TRADE]Bsod2000 traded 5x Ghast Tear for 64x Kelp in shop botanicos on page "Page 47386"
[16/02/2025 22:09:24][TRADE]Bsod2000 traded 5x Ghast Tear for 64x Carrot in shop botanicos on page "Page 47386"
[16/02/2025 22:09:26][TRADE]Bsod2000 traded 5x Ghast Tear for 64x Carrot in shop botanicos on page "Page 47386"
[16/02/2025 22:09:28][TRADE]Bsod2000 traded 5x Ghast Tear for 64x Wheat in shop botanicos on page "Page 47386"
[16/02/2025 22:09:30][TRADE]Bsod2000 traded 5x Ghast Tear for 64x Potato in shop botanicos on page "Page 47386"
[16/02/2025 22:09:35][TRADE]Bsod2000 traded 5x Ghast Tear for 64x Melon Slice in shop botanicos on page "Page 47386"
[16/02/2025 22:09:38][TRADE]Bsod2000 traded 5x Ghast Tear for 64x Sugar Cane in shop botanicos on page "Page 47386"
[16/02/2025 22:09:40][TRADE]Bsod2000 traded 5x Ghast Tear for 64x Beetroot in shop botanicos on page "Page 47386"
[16/02/2025 22:09:42][TRADE]Bsod2000 traded 5x Ghast Tear for 64x Potato in shop botanicos on page "Page 47386"
[16/02/2025 22:09:50][TRADE]Bsod2000 traded 5x Ghast Tear for 64x Sea Pickle in shop botanicos on page "Page 47386"
[16/02/2025 22:10:05][TRADE]Bsod2000 traded 64x Wheat for 50x Ghast Tear in shop botanicos on page "Page 46136"
[16/02/2025 22:10:14][TRADE]Bsod2000 traded 5x Ghast Tear for 64x Wheat in shop botanicos on page "Page 47386"
[16/02/2025 22:10:14][TRADE]Bsod2000 traded 5x Ghast Tear for 64x Wheat in shop botanicos on page "Page 47386"
[16/02/2025 22:15:38][TRADE]Catoncio_1 traded 5x Ghast Tear for 64x Carrot in shop botanicos on page "Page 47386"
[16/02/2025 22:15:39][TRADE]Catoncio_1 traded 5x Ghast Tear for 64x Potato in shop botanicos on page "Page 47386"
[16/02/2025 22:15:40][TRADE]Catoncio_1 traded 5x Ghast Tear for 64x Sugar Cane in shop botanicos on page "Page 47386"
[16/02/2025 22:15:43][TRADE]Catoncio_1 traded 5x Ghast Tear for 64x Carrot in shop botanicos on page "Page 47386"
[16/02/2025 22:15:44][TRADE]Catoncio_1 traded 5x Ghast Tear for 64x Kelp in shop botanicos on page "Page 47386"
[16/02/2025 22:15:45][TRADE]Catoncio_1 traded 5x Ghast Tear for 64x Wheat in shop botanicos on page "Page 47386"
[16/02/2025 22:15:46][TRADE]Catoncio_1 traded 5x Ghast Tear for 64x Sea Pickle in shop botanicos on page "Page 47386"
[16/02/2025 22:33:04][TRADE]Catoncio_1 traded 5x Ghast Tear for 64x Apple in shop botanicos on page "Page 47386"
[16/02/2025 22:33:05][TRADE]Catoncio_1 traded 5x Ghast Tear for 64x Carrot in shop botanicos on page "Page 47386"
[16/02/2025 22:33:05][TRADE]Catoncio_1 traded 5x Ghast Tear for 64x Potato in shop botanicos on page "Page 47386"
[16/02/2025 22:33:06][TRADE]Catoncio_1 traded 5x Ghast Tear for 64x Melon Slice in shop botanicos on page "Page 47386"
[16/02/2025 22:33:06][TRADE]Catoncio_1 traded 5x Ghast Tear for 64x Beetroot in shop botanicos on page "Page 47386"
[16/02/2025 22:33:07][TRADE]Catoncio_1 traded 5x Ghast Tear for 64x Potato in shop botanicos on page "Page 47386"
[16/02/2025 22:33:07][TRADE]Catoncio_1 traded 5x Ghast Tear for 64x Bamboo in shop botanicos on page "Page 47386"
[16/02/2025 22:33:08][TRADE]Catoncio_1 traded 5x Ghast Tear for 64x Beetroot in shop botanicos on page "Page 47386"
[16/02/2025 22:33:08][TRADE]Catoncio_1 traded 5x Ghast Tear for 64x Wheat in shop botanicos on page "Page 47386"
[16/02/2025 22:33:08][TRADE]Catoncio_1 traded 5x Ghast Tear for 64x Cocoa Beans in shop botanicos on page "Page 47386"
[16/02/2025 22:33:09][TRADE]Catoncio_1 traded 5x Ghast Tear for 64x Kelp in shop botanicos on page "Page 47386"
[16/02/2025 22:33:09][TRADE]Catoncio_1 traded 5x Ghast Tear for 64x Carrot in shop botanicos on page "Page 47386"
[16/02/2025 22:33:09][TRADE]Catoncio_1 traded 5x Ghast Tear for 64x Kelp in shop botanicos on page "Page 47386"
[16/02/2025 22:33:10][TRADE]Catoncio_1 traded 5x Ghast Tear for 64x Cactus in shop botanicos on page "Page 47386"
[16/02/2025 22:33:10][TRADE]Catoncio_1 traded 5x Ghast Tear for 64x Lily Pad in shop botanicos on page "Page 47386"
[16/02/2025 22:33:11][TRADE]Catoncio_1 traded 5x Ghast Tear for 64x Carrot in shop botanicos on page "Page 47386"
[16/02/2025 22:33:12][TRADE]Catoncio_1 traded 5x Ghast Tear for 64x Pumpkin in shop botanicos on page "Page 47386"
[16/02/2025 22:33:30][TRADE]luiguiwar traded 5x Ghast Tear for 64x Apple in shop botanicos on page "Page 47386"
[16/02/2025 22:33:31][TRADE]luiguiwar traded 5x Ghast Tear for 64x Carrot in shop botanicos on page "Page 47386"
[16/02/2025 22:33:32][TRADE]luiguiwar traded 5x Ghast Tear for 64x Potato in shop botanicos on page "Page 47386"
[16/02/2025 22:33:34][TRADE]luiguiwar traded 5x Ghast Tear for 64x Sugar Cane in shop botanicos on page "Page 47386"
[16/02/2025 22:33:34][TRADE]luiguiwar traded 5x Ghast Tear for 64x Potato in shop botanicos on page "Page 47386"
[16/02/2025 22:33:34][TRADE]luiguiwar traded 5x Ghast Tear for 64x Beetroot in shop botanicos on page "Page 47386"
[16/02/2025 22:33:35][TRADE]luiguiwar traded 5x Ghast Tear for 64x Bamboo in shop botanicos on page "Page 47386"
[16/02/2025 22:33:36][TRADE]luiguiwar traded 5x Ghast Tear for 64x Carrot in shop botanicos on page "Page 47386"
[16/02/2025 22:33:37][TRADE]luiguiwar traded 5x Ghast Tear for 64x Cocoa Beans in shop botanicos on page "Page 47386"
[16/02/2025 22:33:38][TRADE]luiguiwar traded 5x Ghast Tear for 64x Kelp in shop botanicos on page "Page 47386"
[16/02/2025 22:33:38][TRADE]luiguiwar traded 5x Ghast Tear for 64x Carrot in shop botanicos on page "Page 47386"
[16/02/2025 22:33:39][TRADE]luiguiwar traded 5x Ghast Tear for 64x Wheat in shop botanicos on page "Page 47386"
[16/02/2025 22:33:39][TRADE]luiguiwar traded 5x Ghast Tear for 64x Lily Pad in shop botanicos on page "Page 47386"
[16/02/2025 22:33:39][TRADE]luiguiwar traded 5x Ghast Tear for 64x Cactus in shop botanicos on page "Page 47386"
[16/02/2025 22:33:40][TRADE]luiguiwar traded 5x Ghast Tear for 64x Kelp in shop botanicos on page "Page 47386"
[16/02/2025 22:33:41][TRADE]luiguiwar traded 5x Ghast Tear for 64x Pumpkin in shop botanicos on page "Page 47386"
[16/02/2025 22:34:38][TRADE]luiguiwar traded 5x Ghast Tear for 64x Potato in shop botanicos on page "Page 47386"
[16/02/2025 22:34:38][TRADE]luiguiwar traded 5x Ghast Tear for 64x Melon Slice in shop botanicos on page "Page 47386"
[16/02/2025 22:34:40][TRADE]luiguiwar traded 5x Ghast Tear for 64x Beetroot in shop botanicos on page "Page 47386"
[16/02/2025 22:34:40][TRADE]luiguiwar traded 5x Ghast Tear for 64x Wheat in shop botanicos on page "Page 47386"
[16/02/2025 22:36:38][TRADE]Bsod2000 traded 5x Ghast Tear for 64x Kelp in shop botanicos on page "Page 47386"
[16/02/2025 22:36:42][TRADE]Bsod2000 traded 5x Ghast Tear for 64x Beetroot in shop botanicos on page "Page 47386"
[16/02/2025 22:36:44][TRADE]Bsod2000 traded 5x Ghast Tear for 64x Beetroot in shop botanicos on page "Page 47386"
[16/02/2025 22:36:47][TRADE]Bsod2000 traded 5x Ghast Tear for 64x Cactus in shop botanicos on page "Page 47386"
[16/02/2025 22:36:49][TRADE]Bsod2000 traded 5x Ghast Tear for 64x Bamboo in shop botanicos on page "Page 47386"
[16/02/2025 22:36:50][TRADE]Bsod2000 traded 5x Ghast Tear for 64x Apple in shop botanicos on page "Page 47386"
[16/02/2025 22:36:54][TRADE]Bsod2000 traded 5x Ghast Tear for 64x Carrot in shop botanicos on page "Page 47386"
[16/02/2025 22:36:56][TRADE]Bsod2000 traded 5x Ghast Tear for 64x Potato in shop botanicos on page "Page 47386"
[16/02/2025 22:36:58][TRADE]Bsod2000 traded 5x Ghast Tear for 64x Cocoa Beans in shop botanicos on page "Page 47386"
[16/02/2025 22:37:03][TRADE]Bsod2000 traded 5x Ghast Tear for 64x Carrot in shop botanicos on page "Page 47386"
[16/02/2025 22:37:15][TRADE]Bsod2000 traded 5x Ghast Tear for 64x Lily Pad in shop botanicos on page "Page 47386"
[16/02/2025 22:38:04][TRADE]Bsod2000 traded 64x Potato for 50x Ghast Tear in shop botanicos on page "Page 46136"
[16/02/2025 22:38:10][TRADE]Bsod2000 traded 5x Ghast Tear for 64x Potato in shop botanicos on page "Page 47386"
[16/02/2025 22:38:13][TRADE]Bsod2000 traded 5x Ghast Tear for 64x Potato in shop botanicos on page "Page 47386"
[16/02/2025 22:38:18][TRADE]Bsod2000 traded 5x Ghast Tear for 64x Sugar Cane in shop botanicos on page "Page 47386"
[16/02/2025 22:44:06][TRADE]Bsod2000 traded 5x Ghast Tear for 64x Potato in shop botanicos on page "Page 47386"
[16/02/2025 22:44:06][TRADE]Bsod2000 traded 5x Ghast Tear for 64x Melon Slice in shop botanicos on page "Page 47386"
[16/02/2025 22:44:07][TRADE]Bsod2000 traded 5x Ghast Tear for 64x Potato in shop botanicos on page "Page 47386"
[16/02/2025 22:44:09][TRADE]Bsod2000 traded 5x Ghast Tear for 64x Pumpkin in shop botanicos on page "Page 47386"
[16/02/2025 22:44:10][TRADE]Bsod2000 traded 5x Ghast Tear for 64x Carrot in shop botanicos on page "Page 47386"
[16/02/2025 22:44:11][TRADE]Bsod2000 traded 5x Ghast Tear for 64x Wheat in shop botanicos on page "Page 47386"
[16/02/2025 22:44:11][TRADE]Bsod2000 traded 5x Ghast Tear for 64x Sea Pickle in shop botanicos on page "Page 47386"
[16/02/2025 22:44:13][TRADE]Bsod2000 traded 5x Ghast Tear for 64x Cocoa Beans in shop botanicos on page "Page 47386"
[16/02/2025 22:44:14][TRADE]Bsod2000 traded 5x Ghast Tear for 64x Wheat in shop botanicos on page "Page 47386"
[16/02/2025 22:44:16][TRADE]Bsod2000 traded 5x Ghast Tear for 64x Kelp in shop botanicos on page "Page 47386"
[16/02/2025 22:50:54][TRADE]Bsod2000 traded 5x Ghast Tear for 64x Apple in shop botanicos on page "Page 47386"
[16/02/2025 22:50:55][TRADE]Bsod2000 traded 5x Ghast Tear for 64x Carrot in shop botanicos on page "Page 47386"
[16/02/2025 22:50:56][TRADE]Bsod2000 traded 5x Ghast Tear for 64x Potato in shop botanicos on page "Page 47386"
[16/02/2025 22:50:56][TRADE]Bsod2000 traded 5x Ghast Tear for 64x Melon Slice in shop botanicos on page "Page 47386"
[16/02/2025 22:51:07][TRADE]Bsod2000 traded 5x Ghast Tear for 64x Beetroot in shop botanicos on page "Page 47386"
[16/02/2025 22:51:07][TRADE]Bsod2000 traded 5x Ghast Tear for 64x Bamboo in shop botanicos on page "Page 47386"
[16/02/2025 22:51:08][TRADE]Bsod2000 traded 5x Ghast Tear for 64x Beetroot in shop botanicos on page "Page 47386"
[16/02/2025 22:51:08][TRADE]Bsod2000 traded 5x Ghast Tear for 64x Wheat in shop botanicos on page "Page 47386"
[16/02/2025 22:51:09][TRADE]Bsod2000 traded 5x Ghast Tear for 64x Kelp in shop botanicos on page "Page 47386"
[16/02/2025 22:51:10][TRADE]Bsod2000 traded 5x Ghast Tear for 64x Carrot in shop botanicos on page "Page 47386"
[16/02/2025 22:51:11][TRADE]Bsod2000 traded 5x Ghast Tear for 64x Kelp in shop botanicos on page "Page 47386"
[16/02/2025 22:51:11][TRADE]Bsod2000 traded 5x Ghast Tear for 64x Cactus in shop botanicos on page "Page 47386"
[16/02/2025 22:51:12][TRADE]Bsod2000 traded 5x Ghast Tear for 64x Wheat in shop botanicos on page "Page 47386"
[16/02/2025 22:51:14][TRADE]Bsod2000 traded 5x Ghast Tear for 64x Sea Pickle in shop botanicos on page "Page 47386"
[16/02/2025 22:51:18][TRADE]Bsod2000 traded 5x Ghast Tear for 64x Carrot in shop botanicos on page "Page 47386"
[16/02/2025 22:51:19][TRADE]Bsod2000 traded 5x Ghast Tear for 64x Pumpkin in shop botanicos on page "Page 47386"
[16/02/2025 23:02:29][TRADE]Bsod2000 traded 5x Ghast Tear for 64x Lily Pad in shop botanicos on page "Page 47386"
[16/02/2025 23:02:33][TRADE]Bsod2000 traded 5x Ghast Tear for 64x Beetroot in shop botanicos on page "Page 47386"
[16/02/2025 23:18:37][TRADE]Bsod2000 traded 64x Wheat for 50x Ghast Tear in shop botanicos on page "Page 46136"
[16/02/2025 23:35:04][TRADE]Ghost_1390 traded 5x Ghast Tear for 64x Lily Pad in shop botanicos on page "Page 47386"
[16/02/2025 23:35:07][TRADE]Ghost_1390 traded 5x Ghast Tear for 64x Apple in shop botanicos on page "Page 47386"
[16/02/2025 23:35:23][TRADE]Ghost_1390 traded 5x Ghast Tear for 64x Sea Pickle in shop botanicos on page "Page 47386"
[16/02/2025 23:41:34][TRADE]Bsod2000 traded 5x Ghast Tear for 64x Apple in shop botanicos on page "Page 47386"
[16/02/2025 23:41:36][TRADE]Bsod2000 traded 5x Ghast Tear for 64x Potato in shop botanicos on page "Page 47386"
[16/02/2025 23:41:37][TRADE]Bsod2000 traded 5x Ghast Tear for 64x Melon Slice in shop botanicos on page "Page 47386"
[16/02/2025 23:41:38][TRADE]Bsod2000 traded 5x Ghast Tear for 64x Beetroot in shop botanicos on page "Page 47386"
[16/02/2025 23:41:38][TRADE]Bsod2000 traded 5x Ghast Tear for 64x Bamboo in shop botanicos on page "Page 47386"
[16/02/2025 23:41:40][TRADE]Bsod2000 traded 5x Ghast Tear for 64x Cocoa Beans in shop botanicos on page "Page 47386"
[16/02/2025 23:41:40][TRADE]Bsod2000 traded 5x Ghast Tear for 64x Kelp in shop botanicos on page "Page 47386"
[16/02/2025 23:41:40][TRADE]Bsod2000 traded 5x Ghast Tear for 64x Carrot in shop botanicos on page "Page 47386"
[16/02/2025 23:41:41][TRADE]Bsod2000 traded 5x Ghast Tear for 64x Cactus in shop botanicos on page "Page 47386"
[16/02/2025 23:41:42][TRADE]Bsod2000 traded 5x Ghast Tear for 64x Lily Pad in shop botanicos on page "Page 47386"
[16/02/2025 23:41:43][TRADE]Bsod2000 traded 5x Ghast Tear for 64x Sea Pickle in shop botanicos on page "Page 47386"
[16/02/2025 23:41:43][TRADE]Bsod2000 traded 5x Ghast Tear for 64x Carrot in shop botanicos on page "Page 47386"
[16/02/2025 23:41:44][TRADE]Bsod2000 traded 5x Ghast Tear for 64x Pumpkin in shop botanicos on page "Page 47386"
[16/02/2025 23:41:47][TRADE]Bsod2000 traded 5x Ghast Tear for 64x Lily Pad in shop botanicos on page "Page 47386"
