[19/02/2025 00:11:56][TRADE]TheEnderpro42 traded 12x Ghast Tear for 64x Lily Pad in shop botanicos on page "Page 47386"
[19/02/2025 00:11:58][TRADE]TheEnderpro42 traded 12x Ghast Tear for 64x Kelp in shop botanicos on page "Page 47386"
[19/02/2025 00:11:58][TRADE]TheEnderpro42 traded 12x Ghast Tear for 64x Apple in shop botanicos on page "Page 47386"
[19/02/2025 00:11:59][TRADE]TheEnderpro42 traded 12x Ghast Tear for 64x Carrot in shop botanicos on page "Page 47386"
[19/02/2025 00:11:59][TRADE]TheEnderpro42 traded 12x Ghast Tear for 64x Carrot in shop botanicos on page "Page 47386"
[19/02/2025 00:12:00][TRADE]TheEnderpro42 traded 12x Ghast Tear for 64x Wheat in shop botanicos on page "Page 47386"
[19/02/2025 00:12:01][TRADE]TheEnderpro42 traded 12x Ghast Tear for 64x Potato in shop botanicos on page "Page 47386"
[19/02/2025 00:12:02][TRADE]TheEnderpro42 traded 12x Ghast Tear for 64x Melon Slice in shop botanicos on page "Page 47386"
[19/02/2025 00:12:02][TRADE]TheEnderpro42 traded 12x Ghast Tear for 64x Cocoa Beans in shop botanicos on page "Page 47386"
[19/02/2025 00:12:02][TRADE]TheEnderpro42 traded 12x Ghast Tear for 64x Sugar Cane in shop botanicos on page "Page 47386"
[19/02/2025 00:12:03][TRADE]TheEnderpro42 traded 12x Ghast Tear for 64x Wheat in shop botanicos on page "Page 47386"
[19/02/2025 00:12:03][TRADE]TheEnderpro42 traded 12x Ghast Tear for 64x Carrot in shop botanicos on page "Page 47386"
[19/02/2025 00:12:04][TRADE]TheEnderpro42 traded 12x Ghast Tear for 64x Potato in shop botanicos on page "Page 47386"
[19/02/2025 00:12:04][TRADE]TheEnderpro42 traded 12x Ghast Tear for 64x Beetroot in shop botanicos on page "Page 47386"
[19/02/2025 00:18:03][TRADE]TheEnderpro42 traded 12x Ghast Tear for 64x Wheat in shop botanicos on page "Page 47386"
[19/02/2025 00:18:03][TRADE]TheEnderpro42 traded 12x Ghast Tear for 64x Wheat in shop botanicos on page "Page 47386"
[19/02/2025 00:20:26][TRADE]TheEnderpro42 traded 12x Ghast Tear for 64x Beetroot in shop botanicos on page "Page 47386"
[19/02/2025 00:20:30][TRADE]TheEnderpro42 traded 12x Ghast Tear for 64x Beetroot in shop botanicos on page "Page 47386"
[19/02/2025 00:20:32][TRADE]TheEnderpro42 traded 12x Ghast Tear for 64x Sea Pickle in shop botanicos on page "Page 47386"
[19/02/2025 00:20:39][TRADE]TheEnderpro42 traded 30x Ghast Tear for 64x Sweet Berries in shop botanicos on page "Page 59217"
[19/02/2025 00:20:40][TRADE]TheEnderpro42 traded 30x Ghast Tear for 64x Sweet Berries in shop botanicos on page "Page 59217"
[19/02/2025 00:20:43][TRADE]TheEnderpro42 traded 30x Ghast Tear for 64x Sweet Berries in shop botanicos on page "Page 59217"
[19/02/2025 00:20:43][TRADE]TheEnderpro42 traded 30x Ghast Tear for 64x Sweet Berries in shop botanicos on page "Page 59217"
[19/02/2025 00:20:45][TRADE]TheEnderpro42 traded 30x Ghast Tear for 64x Sweet Berries in shop botanicos on page "Page 59217"
[19/02/2025 00:20:46][TRADE]TheEnderpro42 traded 30x Ghast Tear for 64x Sweet Berries in shop botanicos on page "Page 59217"
[19/02/2025 00:20:49][TRADE]TheEnderpro42 traded 30x Ghast Tear for 64x Beetroot in shop botanicos on page "Page 59217"
[19/02/2025 00:20:49][TRADE]TheEnderpro42 traded 30x Ghast Tear for 64x Beetroot in shop botanicos on page "Page 59217"
[19/02/2025 00:20:52][TRADE]TheEnderpro42 traded 30x Ghast Tear for 64x Beetroot in shop botanicos on page "Page 59217"
[19/02/2025 00:23:03][TRADE]Catoncio_1 traded 30x Ghast Tear for 64x Sweet Berries in shop botanicos on page "Page 59217"
[19/02/2025 00:23:05][TRADE]Catoncio_1 traded 30x Ghast Tear for 64x Sweet Berries in shop botanicos on page "Page 59217"
[19/02/2025 00:23:08][TRADE]Catoncio_1 traded 30x Ghast Tear for 64x Sweet Berries in shop botanicos on page "Page 59217"
[19/02/2025 00:23:09][TRADE]Catoncio_1 traded 30x Ghast Tear for 64x Beetroot in shop botanicos on page "Page 59217"
[19/02/2025 00:23:10][TRADE]Catoncio_1 traded 30x Ghast Tear for 64x Sweet Berries in shop botanicos on page "Page 59217"
[19/02/2025 00:23:11][TRADE]Catoncio_1 traded 30x Ghast Tear for 64x Kelp in shop botanicos on page "Page 59217"
[19/02/2025 00:23:12][TRADE]Catoncio_1 traded 30x Ghast Tear for 64x Apple in shop botanicos on page "Page 59217"
[19/02/2025 00:23:14][TRADE]Catoncio_1 traded 30x Ghast Tear for 64x Sweet Berries in shop botanicos on page "Page 59217"
[19/02/2025 00:23:16][TRADE]Catoncio_1 traded 30x Ghast Tear for 64x Sweet Berries in shop botanicos on page "Page 59217"
[19/02/2025 00:23:35][TRADE]Catoncio_1 traded 30x Ghast Tear for 64x Sweet Berries in shop botanicos on page "Page 59217"
[19/02/2025 00:23:35][TRADE]Catoncio_1 traded 30x Ghast Tear for 64x Sweet Berries in shop botanicos on page "Page 59217"
[19/02/2025 00:23:35][TRADE]Catoncio_1 traded 30x Ghast Tear for 64x Sweet Berries in shop botanicos on page "Page 59217"
[19/02/2025 00:23:36][TRADE]Catoncio_1 traded 30x Ghast Tear for 64x Apple in shop botanicos on page "Page 59217"
[19/02/2025 00:23:37][TRADE]Catoncio_1 traded 30x Ghast Tear for 64x Apple in shop botanicos on page "Page 59217"
[19/02/2025 00:23:37][TRADE]Catoncio_1 traded 30x Ghast Tear for 64x Apple in shop botanicos on page "Page 59217"
[19/02/2025 00:23:38][TRADE]Catoncio_1 traded 30x Ghast Tear for 64x Apple in shop botanicos on page "Page 59217"
[19/02/2025 00:32:17][TRADE]zeta4401 traded 12x Ghast Tear for 64x Apple in shop botanicos on page "Page 47386"
[19/02/2025 00:32:19][TRADE]zeta4401 traded 12x Ghast Tear for 64x Sugar Cane in shop botanicos on page "Page 47386"
[19/02/2025 00:32:20][TRADE]zeta4401 traded 12x Ghast Tear for 64x Bamboo in shop botanicos on page "Page 47386"
[19/02/2025 00:32:21][TRADE]zeta4401 traded 12x Ghast Tear for 64x Wheat in shop botanicos on page "Page 47386"
[19/02/2025 00:32:23][TRADE]zeta4401 traded 12x Ghast Tear for 64x Carrot in shop botanicos on page "Page 47386"
[19/02/2025 00:32:24][TRADE]zeta4401 traded 12x Ghast Tear for 64x Cactus in shop botanicos on page "Page 47386"
[19/02/2025 00:32:54][TRADE]zeta4401 traded 12x Ghast Tear for 64x Carrot in shop botanicos on page "Page 47386"
[19/02/2025 00:32:55][TRADE]zeta4401 traded 12x Ghast Tear for 64x Potato in shop botanicos on page "Page 47386"
[19/02/2025 00:32:56][TRADE]zeta4401 traded 12x Ghast Tear for 64x Potato in shop botanicos on page "Page 47386"
[19/02/2025 00:32:57][TRADE]zeta4401 traded 12x Ghast Tear for 64x Beetroot in shop botanicos on page "Page 47386"
[19/02/2025 00:32:58][TRADE]zeta4401 traded 12x Ghast Tear for 64x Beetroot in shop botanicos on page "Page 47386"
[19/02/2025 00:32:59][TRADE]zeta4401 traded 12x Ghast Tear for 64x Cocoa Beans in shop botanicos on page "Page 47386"
[19/02/2025 00:33:02][TRADE]zeta4401 traded 12x Ghast Tear for 64x Lily Pad in shop botanicos on page "Page 47386"
[19/02/2025 00:33:03][TRADE]zeta4401 traded 12x Ghast Tear for 64x Wheat in shop botanicos on page "Page 47386"
[19/02/2025 00:33:04][TRADE]zeta4401 traded 12x Ghast Tear for 64x Sea Pickle in shop botanicos on page "Page 47386"
[19/02/2025 00:33:05][TRADE]zeta4401 traded 12x Ghast Tear for 64x Carrot in shop botanicos on page "Page 47386"
[19/02/2025 00:33:14][TRADE]TheEnderpro42 traded 12x Ghast Tear for 64x Sea Pickle in shop botanicos on page "Page 47386"
[19/02/2025 00:33:25][TRADE]TheEnderpro42 traded 30x Ghast Tear for 64x Sweet Berries in shop botanicos on page "Page 59217"
[19/02/2025 00:33:31][TRADE]TheEnderpro42 traded 30x Ghast Tear for 64x Sweet Berries in shop botanicos on page "Page 59217"
[19/02/2025 01:02:11][TRADE]TheEnderpro42 traded 12x Ghast Tear for 64x Apple in shop botanicos on page "Page 47386"
[19/02/2025 01:02:12][TRADE]TheEnderpro42 traded 12x Ghast Tear for 64x Kelp in shop botanicos on page "Page 47386"
[19/02/2025 01:02:12][TRADE]TheEnderpro42 traded 12x Ghast Tear for 64x Cactus in shop botanicos on page "Page 47386"
[19/02/2025 01:02:12][TRADE]TheEnderpro42 traded 12x Ghast Tear for 64x Lily Pad in shop botanicos on page "Page 47386"
[19/02/2025 01:02:13][TRADE]TheEnderpro42 traded 12x Ghast Tear for 64x Carrot in shop botanicos on page "Page 47386"
[19/02/2025 01:02:13][TRADE]TheEnderpro42 traded 12x Ghast Tear for 64x Carrot in shop botanicos on page "Page 47386"
[19/02/2025 01:02:14][TRADE]TheEnderpro42 traded 12x Ghast Tear for 64x Potato in shop botanicos on page "Page 47386"
[19/02/2025 01:02:15][TRADE]TheEnderpro42 traded 12x Ghast Tear for 64x Kelp in shop botanicos on page "Page 47386"
[19/02/2025 01:02:15][TRADE]TheEnderpro42 traded 12x Ghast Tear for 64x Wheat in shop botanicos on page "Page 47386"
[19/02/2025 01:02:15][TRADE]TheEnderpro42 traded 12x Ghast Tear for 64x Melon Slice in shop botanicos on page "Page 47386"
[19/02/2025 01:02:16][TRADE]TheEnderpro42 traded 12x Ghast Tear for 64x Cocoa Beans in shop botanicos on page "Page 47386"
[19/02/2025 01:02:16][TRADE]TheEnderpro42 traded 12x Ghast Tear for 64x Sugar Cane in shop botanicos on page "Page 47386"
[19/02/2025 01:02:17][TRADE]TheEnderpro42 traded 12x Ghast Tear for 64x Wheat in shop botanicos on page "Page 47386"
[19/02/2025 01:02:17][TRADE]TheEnderpro42 traded 12x Ghast Tear for 64x Sea Pickle in shop botanicos on page "Page 47386"
[19/02/2025 01:02:17][TRADE]TheEnderpro42 traded 12x Ghast Tear for 64x Potato in shop botanicos on page "Page 47386"
[19/02/2025 01:02:18][TRADE]TheEnderpro42 traded 12x Ghast Tear for 64x Beetroot in shop botanicos on page "Page 47386"
[19/02/2025 01:02:18][TRADE]TheEnderpro42 traded 12x Ghast Tear for 64x Carrot in shop botanicos on page "Page 47386"
[19/02/2025 01:02:19][TRADE]TheEnderpro42 traded 12x Ghast Tear for 64x Pumpkin in shop botanicos on page "Page 47386"
[19/02/2025 01:02:19][TRADE]TheEnderpro42 traded 12x Ghast Tear for 64x Bamboo in shop botanicos on page "Page 47386"
[19/02/2025 01:02:19][TRADE]TheEnderpro42 traded 12x Ghast Tear for 64x Beetroot in shop botanicos on page "Page 47386"
[19/02/2025 10:00:30][TRADE]TheEnderpro42 traded 12x Ghast Tear for 64x Apple in shop botanicos on page "Page 47386"
[19/02/2025 10:00:31][TRADE]TheEnderpro42 traded 12x Ghast Tear for 64x Kelp in shop botanicos on page "Page 47386"
[19/02/2025 10:00:32][TRADE]TheEnderpro42 traded 12x Ghast Tear for 64x Cactus in shop botanicos on page "Page 47386"
[19/02/2025 10:00:32][TRADE]TheEnderpro42 traded 12x Ghast Tear for 64x Lily Pad in shop botanicos on page "Page 47386"
[19/02/2025 10:00:33][TRADE]TheEnderpro42 traded 12x Ghast Tear for 64x Carrot in shop botanicos on page "Page 47386"
[19/02/2025 10:00:33][TRADE]TheEnderpro42 traded 12x Ghast Tear for 64x Carrot in shop botanicos on page "Page 47386"
[19/02/2025 10:00:33][TRADE]TheEnderpro42 traded 12x Ghast Tear for 64x Potato in shop botanicos on page "Page 47386"
[19/02/2025 10:00:34][TRADE]TheEnderpro42 traded 12x Ghast Tear for 64x Kelp in shop botanicos on page "Page 47386"
[19/02/2025 10:00:34][TRADE]TheEnderpro42 traded 12x Ghast Tear for 64x Wheat in shop botanicos on page "Page 47386"
[19/02/2025 10:00:35][TRADE]TheEnderpro42 traded 12x Ghast Tear for 64x Melon Slice in shop botanicos on page "Page 47386"
[19/02/2025 10:00:35][TRADE]TheEnderpro42 traded 12x Ghast Tear for 64x Cocoa Beans in shop botanicos on page "Page 47386"
[19/02/2025 10:00:36][TRADE]TheEnderpro42 traded 12x Ghast Tear for 64x Sugar Cane in shop botanicos on page "Page 47386"
[19/02/2025 10:00:36][TRADE]TheEnderpro42 traded 12x Ghast Tear for 64x Wheat in shop botanicos on page "Page 47386"
[19/02/2025 10:00:36][TRADE]TheEnderpro42 traded 12x Ghast Tear for 64x Sea Pickle in shop botanicos on page "Page 47386"
[19/02/2025 10:00:37][TRADE]TheEnderpro42 traded 12x Ghast Tear for 64x Carrot in shop botanicos on page "Page 47386"
[19/02/2025 10:00:37][TRADE]TheEnderpro42 traded 12x Ghast Tear for 64x Beetroot in shop botanicos on page "Page 47386"
[19/02/2025 10:00:37][TRADE]TheEnderpro42 traded 12x Ghast Tear for 64x Potato in shop botanicos on page "Page 47386"
[19/02/2025 10:00:38][TRADE]TheEnderpro42 traded 12x Ghast Tear for 64x Beetroot in shop botanicos on page "Page 47386"
[19/02/2025 10:00:38][TRADE]TheEnderpro42 traded 12x Ghast Tear for 64x Beetroot in shop botanicos on page "Page 47386"
[19/02/2025 10:00:39][TRADE]TheEnderpro42 traded 12x Ghast Tear for 64x Bamboo in shop botanicos on page "Page 47386"
[19/02/2025 10:00:39][TRADE]TheEnderpro42 traded 12x Ghast Tear for 64x Pumpkin in shop botanicos on page "Page 47386"
[19/02/2025 10:00:41][TRADE]TheEnderpro42 traded 12x Ghast Tear for 64x Wheat in shop botanicos on page "Page 47386"
[19/02/2025 10:00:41][TRADE]TheEnderpro42 traded 12x Ghast Tear for 64x Potato in shop botanicos on page "Page 47386"
[19/02/2025 10:00:44][TRADE]TheEnderpro42 traded 12x Ghast Tear for 64x Lily Pad in shop botanicos on page "Page 47386"
[19/02/2025 10:00:44][TRADE]TheEnderpro42 traded 12x Ghast Tear for 64x Carrot in shop botanicos on page "Page 47386"
[19/02/2025 10:00:45][TRADE]TheEnderpro42 traded 12x Ghast Tear for 64x Carrot in shop botanicos on page "Page 47386"
[19/02/2025 10:00:47][TRADE]TheEnderpro42 traded 12x Ghast Tear for 64x Wheat in shop botanicos on page "Page 47386"
[19/02/2025 10:00:48][TRADE]TheEnderpro42 traded 12x Ghast Tear for 64x Beetroot in shop botanicos on page "Page 47386"
[19/02/2025 10:00:50][TRADE]TheEnderpro42 traded 12x Ghast Tear for 64x Potato in shop botanicos on page "Page 47386"
[19/02/2025 10:00:52][TRADE]TheEnderpro42 traded 12x Ghast Tear for 64x Sea Pickle in shop botanicos on page "Page 47386"
[19/02/2025 10:38:43][TRADE]TheEnderpro42 traded 12x Ghast Tear for 64x Apple in shop botanicos on page "Page 47386"
[19/02/2025 10:38:44][TRADE]TheEnderpro42 traded 12x Ghast Tear for 64x Cactus in shop botanicos on page "Page 47386"
[19/02/2025 10:38:45][TRADE]TheEnderpro42 traded 12x Ghast Tear for 64x Carrot in shop botanicos on page "Page 47386"
[19/02/2025 10:38:45][TRADE]TheEnderpro42 traded 12x Ghast Tear for 64x Carrot in shop botanicos on page "Page 47386"
[19/02/2025 10:38:46][TRADE]TheEnderpro42 traded 12x Ghast Tear for 64x Potato in shop botanicos on page "Page 47386"
[19/02/2025 10:38:46][TRADE]TheEnderpro42 traded 12x Ghast Tear for 64x Kelp in shop botanicos on page "Page 47386"
[19/02/2025 10:38:47][TRADE]TheEnderpro42 traded 12x Ghast Tear for 64x Melon Slice in shop botanicos on page "Page 47386"
[19/02/2025 10:38:47][TRADE]TheEnderpro42 traded 12x Ghast Tear for 64x Cocoa Beans in shop botanicos on page "Page 47386"
[19/02/2025 10:38:48][TRADE]TheEnderpro42 traded 12x Ghast Tear for 64x Sugar Cane in shop botanicos on page "Page 47386"
[19/02/2025 10:38:48][TRADE]TheEnderpro42 traded 12x Ghast Tear for 64x Wheat in shop botanicos on page "Page 47386"
[19/02/2025 10:38:48][TRADE]TheEnderpro42 traded 12x Ghast Tear for 64x Sea Pickle in shop botanicos on page "Page 47386"
[19/02/2025 10:38:49][TRADE]TheEnderpro42 traded 12x Ghast Tear for 64x Carrot in shop botanicos on page "Page 47386"
[19/02/2025 10:38:49][TRADE]TheEnderpro42 traded 12x Ghast Tear for 64x Beetroot in shop botanicos on page "Page 47386"
[19/02/2025 10:38:50][TRADE]TheEnderpro42 traded 12x Ghast Tear for 64x Potato in shop botanicos on page "Page 47386"
[19/02/2025 10:38:50][TRADE]TheEnderpro42 traded 12x Ghast Tear for 64x Beetroot in shop botanicos on page "Page 47386"
[19/02/2025 10:38:55][TRADE]TheEnderpro42 traded 12x Ghast Tear for 64x Wheat in shop botanicos on page "Page 47386"
[19/02/2025 10:45:34][TRADE]TheEnderpro42 traded 12x Ghast Tear for 64x Apple in shop botanicos on page "Page 47386"
[19/02/2025 10:45:35][TRADE]TheEnderpro42 traded 12x Ghast Tear for 64x Lily Pad in shop botanicos on page "Page 47386"
[19/02/2025 10:45:37][TRADE]TheEnderpro42 traded 12x Ghast Tear for 64x Cocoa Beans in shop botanicos on page "Page 47386"
[19/02/2025 10:45:38][TRADE]TheEnderpro42 traded 12x Ghast Tear for 64x Sea Pickle in shop botanicos on page "Page 47386"
[19/02/2025 10:45:39][TRADE]TheEnderpro42 traded 12x Ghast Tear for 64x Carrot in shop botanicos on page "Page 47386"
[19/02/2025 10:45:39][TRADE]TheEnderpro42 traded 12x Ghast Tear for 64x Beetroot in shop botanicos on page "Page 47386"
[19/02/2025 10:45:40][TRADE]TheEnderpro42 traded 12x Ghast Tear for 64x Bamboo in shop botanicos on page "Page 47386"
[19/02/2025 10:57:03][TRADE]TheEnderpro42 traded 12x Ghast Tear for 64x Apple in shop botanicos on page "Page 47386"
[19/02/2025 10:57:03][TRADE]TheEnderpro42 traded 12x Ghast Tear for 64x Kelp in shop botanicos on page "Page 47386"
[19/02/2025 10:57:04][TRADE]TheEnderpro42 traded 12x Ghast Tear for 64x Cactus in shop botanicos on page "Page 47386"
[19/02/2025 10:57:05][TRADE]TheEnderpro42 traded 12x Ghast Tear for 64x Lily Pad in shop botanicos on page "Page 47386"
[19/02/2025 10:57:05][TRADE]TheEnderpro42 traded 12x Ghast Tear for 64x Carrot in shop botanicos on page "Page 47386"
[19/02/2025 10:57:06][TRADE]TheEnderpro42 traded 12x Ghast Tear for 64x Carrot in shop botanicos on page "Page 47386"
[19/02/2025 10:57:06][TRADE]TheEnderpro42 traded 12x Ghast Tear for 64x Potato in shop botanicos on page "Page 47386"
[19/02/2025 10:57:07][TRADE]TheEnderpro42 traded 12x Ghast Tear for 64x Kelp in shop botanicos on page "Page 47386"
[19/02/2025 10:57:07][TRADE]TheEnderpro42 traded 12x Ghast Tear for 64x Wheat in shop botanicos on page "Page 47386"
[19/02/2025 10:57:08][TRADE]TheEnderpro42 traded 12x Ghast Tear for 64x Melon Slice in shop botanicos on page "Page 47386"
[19/02/2025 10:57:08][TRADE]TheEnderpro42 traded 12x Ghast Tear for 64x Cocoa Beans in shop botanicos on page "Page 47386"
[19/02/2025 10:57:09][TRADE]TheEnderpro42 traded 12x Ghast Tear for 64x Sugar Cane in shop botanicos on page "Page 47386"
[19/02/2025 10:57:09][TRADE]TheEnderpro42 traded 12x Ghast Tear for 64x Wheat in shop botanicos on page "Page 47386"
[19/02/2025 10:57:09][TRADE]TheEnderpro42 traded 12x Ghast Tear for 64x Sea Pickle in shop botanicos on page "Page 47386"
[19/02/2025 10:57:10][TRADE]TheEnderpro42 traded 12x Ghast Tear for 64x Carrot in shop botanicos on page "Page 47386"
[19/02/2025 10:57:10][TRADE]TheEnderpro42 traded 12x Ghast Tear for 64x Beetroot in shop botanicos on page "Page 47386"
[19/02/2025 10:57:11][TRADE]TheEnderpro42 traded 12x Ghast Tear for 64x Potato in shop botanicos on page "Page 47386"
[19/02/2025 10:57:11][TRADE]TheEnderpro42 traded 12x Ghast Tear for 64x Beetroot in shop botanicos on page "Page 47386"
[19/02/2025 10:57:12][TRADE]TheEnderpro42 traded 12x Ghast Tear for 64x Bamboo in shop botanicos on page "Page 47386"
[19/02/2025 10:57:12][TRADE]TheEnderpro42 traded 12x Ghast Tear for 64x Pumpkin in shop botanicos on page "Page 47386"
[19/02/2025 10:57:16][TRADE]TheEnderpro42 traded 12x Ghast Tear for 64x Cocoa Beans in shop botanicos on page "Page 47386"
[19/02/2025 11:05:03][TRADE]TheEnderpro42 traded 12x Ghast Tear for 64x Apple in shop botanicos on page "Page 47386"
[19/02/2025 11:05:04][TRADE]TheEnderpro42 traded 12x Ghast Tear for 64x Kelp in shop botanicos on page "Page 47386"
[19/02/2025 11:05:04][TRADE]TheEnderpro42 traded 12x Ghast Tear for 64x Cactus in shop botanicos on page "Page 47386"
[19/02/2025 11:05:05][TRADE]TheEnderpro42 traded 12x Ghast Tear for 64x Lily Pad in shop botanicos on page "Page 47386"
[19/02/2025 11:05:05][TRADE]TheEnderpro42 traded 12x Ghast Tear for 64x Carrot in shop botanicos on page "Page 47386"
[19/02/2025 11:05:06][TRADE]TheEnderpro42 traded 12x Ghast Tear for 64x Carrot in shop botanicos on page "Page 47386"
[19/02/2025 11:05:06][TRADE]TheEnderpro42 traded 12x Ghast Tear for 64x Potato in shop botanicos on page "Page 47386"
[19/02/2025 11:05:07][TRADE]TheEnderpro42 traded 12x Ghast Tear for 64x Wheat in shop botanicos on page "Page 47386"
[19/02/2025 11:05:07][TRADE]TheEnderpro42 traded 12x Ghast Tear for 64x Cocoa Beans in shop botanicos on page "Page 47386"
[19/02/2025 11:05:08][TRADE]TheEnderpro42 traded 12x Ghast Tear for 64x Melon Slice in shop botanicos on page "Page 47386"
[19/02/2025 11:05:08][TRADE]TheEnderpro42 traded 12x Ghast Tear for 64x Sugar Cane in shop botanicos on page "Page 47386"
[19/02/2025 11:05:09][TRADE]TheEnderpro42 traded 12x Ghast Tear for 64x Wheat in shop botanicos on page "Page 47386"
[19/02/2025 11:05:09][TRADE]TheEnderpro42 traded 12x Ghast Tear for 64x Sea Pickle in shop botanicos on page "Page 47386"
[19/02/2025 11:05:09][TRADE]TheEnderpro42 traded 12x Ghast Tear for 64x Carrot in shop botanicos on page "Page 47386"
[19/02/2025 11:05:10][TRADE]TheEnderpro42 traded 12x Ghast Tear for 64x Beetroot in shop botanicos on page "Page 47386"
[19/02/2025 11:05:10][TRADE]TheEnderpro42 traded 12x Ghast Tear for 64x Potato in shop botanicos on page "Page 47386"
[19/02/2025 11:05:11][TRADE]TheEnderpro42 traded 12x Ghast Tear for 64x Beetroot in shop botanicos on page "Page 47386"
[19/02/2025 11:05:11][TRADE]TheEnderpro42 traded 12x Ghast Tear for 64x Bamboo in shop botanicos on page "Page 47386"
[19/02/2025 11:05:11][TRADE]TheEnderpro42 traded 12x Ghast Tear for 64x Pumpkin in shop botanicos on page "Page 47386"
[19/02/2025 11:05:12][TRADE]TheEnderpro42 traded 12x Ghast Tear for 64x Carrot in shop botanicos on page "Page 47386"
[19/02/2025 11:05:16][TRADE]TheEnderpro42 traded 12x Ghast Tear for 64x Potato in shop botanicos on page "Page 47386"
[19/02/2025 11:12:07][TRADE]TheEnderpro42 traded 12x Ghast Tear for 64x Apple in shop botanicos on page "Page 47386"
[19/02/2025 11:12:08][TRADE]TheEnderpro42 traded 12x Ghast Tear for 64x Kelp in shop botanicos on page "Page 47386"
[19/02/2025 11:12:09][TRADE]TheEnderpro42 traded 12x Ghast Tear for 64x Lily Pad in shop botanicos on page "Page 47386"
[19/02/2025 11:12:09][TRADE]TheEnderpro42 traded 12x Ghast Tear for 64x Carrot in shop botanicos on page "Page 47386"
[19/02/2025 11:12:10][TRADE]TheEnderpro42 traded 12x Ghast Tear for 64x Carrot in shop botanicos on page "Page 47386"
[19/02/2025 11:12:11][TRADE]TheEnderpro42 traded 12x Ghast Tear for 64x Potato in shop botanicos on page "Page 47386"
[19/02/2025 11:12:11][TRADE]TheEnderpro42 traded 12x Ghast Tear for 64x Kelp in shop botanicos on page "Page 47386"
[19/02/2025 11:12:12][TRADE]TheEnderpro42 traded 12x Ghast Tear for 64x Wheat in shop botanicos on page "Page 47386"
[19/02/2025 11:12:12][TRADE]TheEnderpro42 traded 12x Ghast Tear for 64x Melon Slice in shop botanicos on page "Page 47386"
[19/02/2025 11:12:13][TRADE]TheEnderpro42 traded 12x Ghast Tear for 64x Cocoa Beans in shop botanicos on page "Page 47386"
[19/02/2025 11:12:13][TRADE]TheEnderpro42 traded 12x Ghast Tear for 64x Sugar Cane in shop botanicos on page "Page 47386"
[19/02/2025 11:12:13][TRADE]TheEnderpro42 traded 12x Ghast Tear for 64x Wheat in shop botanicos on page "Page 47386"
[19/02/2025 11:12:14][TRADE]TheEnderpro42 traded 12x Ghast Tear for 64x Sea Pickle in shop botanicos on page "Page 47386"
[19/02/2025 11:12:14][TRADE]TheEnderpro42 traded 12x Ghast Tear for 64x Carrot in shop botanicos on page "Page 47386"
[19/02/2025 11:12:15][TRADE]TheEnderpro42 traded 12x Ghast Tear for 64x Beetroot in shop botanicos on page "Page 47386"
[19/02/2025 11:12:16][TRADE]TheEnderpro42 traded 12x Ghast Tear for 64x Beetroot in shop botanicos on page "Page 47386"
[19/02/2025 11:12:17][TRADE]TheEnderpro42 traded 12x Ghast Tear for 64x Pumpkin in shop botanicos on page "Page 47386"
[19/02/2025 11:12:21][TRADE]TheEnderpro42 traded 12x Ghast Tear for 64x Sugar Cane in shop botanicos on page "Page 47386"
[19/02/2025 11:15:14][TRADE]TheEnderpro42 traded 12x Ghast Tear for 64x Lily Pad in shop botanicos on page "Page 47386"
[19/02/2025 11:25:57][TRADE]TheEnderpro42 traded 12x Ghast Tear for 64x Apple in shop botanicos on page "Page 47386"
[19/02/2025 11:25:58][TRADE]TheEnderpro42 traded 12x Ghast Tear for 64x Cactus in shop botanicos on page "Page 47386"
[19/02/2025 11:25:59][TRADE]TheEnderpro42 traded 12x Ghast Tear for 64x Carrot in shop botanicos on page "Page 47386"
[19/02/2025 11:25:59][TRADE]TheEnderpro42 traded 12x Ghast Tear for 64x Carrot in shop botanicos on page "Page 47386"
[19/02/2025 11:26:00][TRADE]TheEnderpro42 traded 12x Ghast Tear for 64x Potato in shop botanicos on page "Page 47386"
[19/02/2025 11:26:00][TRADE]TheEnderpro42 traded 12x Ghast Tear for 64x Kelp in shop botanicos on page "Page 47386"
[19/02/2025 11:26:01][TRADE]TheEnderpro42 traded 12x Ghast Tear for 64x Cocoa Beans in shop botanicos on page "Page 47386"
[19/02/2025 11:26:01][TRADE]TheEnderpro42 traded 12x Ghast Tear for 64x Melon Slice in shop botanicos on page "Page 47386"
[19/02/2025 11:26:02][TRADE]TheEnderpro42 traded 12x Ghast Tear for 64x Wheat in shop botanicos on page "Page 47386"
[19/02/2025 11:26:02][TRADE]TheEnderpro42 traded 12x Ghast Tear for 64x Sea Pickle in shop botanicos on page "Page 47386"
[19/02/2025 11:26:03][TRADE]TheEnderpro42 traded 12x Ghast Tear for 64x Potato in shop botanicos on page "Page 47386"
[19/02/2025 11:26:04][TRADE]TheEnderpro42 traded 12x Ghast Tear for 64x Beetroot in shop botanicos on page "Page 47386"
[19/02/2025 11:26:04][TRADE]TheEnderpro42 traded 12x Ghast Tear for 64x Bamboo in shop botanicos on page "Page 47386"
[19/02/2025 11:26:05][TRADE]TheEnderpro42 traded 12x Ghast Tear for 64x Pumpkin in shop botanicos on page "Page 47386"
[19/02/2025 12:12:19][TRADE]TheEnderpro42 traded 12x Ghast Tear for 64x Apple in shop botanicos on page "Page 47386"
[19/02/2025 12:12:19][TRADE]TheEnderpro42 traded 12x Ghast Tear for 64x Kelp in shop botanicos on page "Page 47386"
[19/02/2025 12:12:20][TRADE]TheEnderpro42 traded 12x Ghast Tear for 64x Cactus in shop botanicos on page "Page 47386"
[19/02/2025 12:12:20][TRADE]TheEnderpro42 traded 12x Ghast Tear for 64x Lily Pad in shop botanicos on page "Page 47386"
[19/02/2025 12:12:21][TRADE]TheEnderpro42 traded 12x Ghast Tear for 64x Carrot in shop botanicos on page "Page 47386"
[19/02/2025 12:12:21][TRADE]TheEnderpro42 traded 12x Ghast Tear for 64x Carrot in shop botanicos on page "Page 47386"
[19/02/2025 12:12:21][TRADE]TheEnderpro42 traded 12x Ghast Tear for 64x Potato in shop botanicos on page "Page 47386"
[19/02/2025 12:12:22][TRADE]TheEnderpro42 traded 12x Ghast Tear for 64x Kelp in shop botanicos on page "Page 47386"
[19/02/2025 12:12:22][TRADE]TheEnderpro42 traded 12x Ghast Tear for 64x Wheat in shop botanicos on page "Page 47386"
[19/02/2025 12:12:22][TRADE]TheEnderpro42 traded 12x Ghast Tear for 64x Melon Slice in shop botanicos on page "Page 47386"
[19/02/2025 12:12:23][TRADE]TheEnderpro42 traded 12x Ghast Tear for 64x Cocoa Beans in shop botanicos on page "Page 47386"
[19/02/2025 12:12:23][TRADE]TheEnderpro42 traded 12x Ghast Tear for 64x Sugar Cane in shop botanicos on page "Page 47386"
[19/02/2025 12:12:23][TRADE]TheEnderpro42 traded 12x Ghast Tear for 64x Wheat in shop botanicos on page "Page 47386"
[19/02/2025 12:12:24][TRADE]TheEnderpro42 traded 12x Ghast Tear for 64x Sea Pickle in shop botanicos on page "Page 47386"
[19/02/2025 12:12:24][TRADE]TheEnderpro42 traded 12x Ghast Tear for 64x Carrot in shop botanicos on page "Page 47386"
[19/02/2025 12:12:24][TRADE]TheEnderpro42 traded 12x Ghast Tear for 64x Beetroot in shop botanicos on page "Page 47386"
[19/02/2025 12:12:25][TRADE]TheEnderpro42 traded 12x Ghast Tear for 64x Potato in shop botanicos on page "Page 47386"
[19/02/2025 12:12:25][TRADE]TheEnderpro42 traded 12x Ghast Tear for 64x Beetroot in shop botanicos on page "Page 47386"
[19/02/2025 12:12:26][TRADE]TheEnderpro42 traded 12x Ghast Tear for 64x Bamboo in shop botanicos on page "Page 47386"
[19/02/2025 12:15:09][TRADE]TheEnderpro42 traded 12x Ghast Tear for 64x Beetroot in shop botanicos on page "Page 47386"
[19/02/2025 12:15:09][TRADE]TheEnderpro42 traded 12x Ghast Tear for 64x Carrot in shop botanicos on page "Page 47386"
[19/02/2025 12:15:10][TRADE]TheEnderpro42 traded 12x Ghast Tear for 64x Pumpkin in shop botanicos on page "Page 47386"
[19/02/2025 12:27:40][TRADE]TheEnderpro42 traded 12x Ghast Tear for 64x Apple in shop botanicos on page "Page 47386"
[19/02/2025 12:27:42][TRADE]TheEnderpro42 traded 12x Ghast Tear for 64x Cactus in shop botanicos on page "Page 47386"
[19/02/2025 12:27:42][TRADE]TheEnderpro42 traded 12x Ghast Tear for 64x Carrot in shop botanicos on page "Page 47386"
[19/02/2025 12:27:43][TRADE]TheEnderpro42 traded 12x Ghast Tear for 64x Carrot in shop botanicos on page "Page 47386"
[19/02/2025 12:27:43][TRADE]TheEnderpro42 traded 12x Ghast Tear for 64x Lily Pad in shop botanicos on page "Page 47386"
[19/02/2025 12:27:44][TRADE]TheEnderpro42 traded 12x Ghast Tear for 64x Potato in shop botanicos on page "Page 47386"
[19/02/2025 12:27:44][TRADE]TheEnderpro42 traded 12x Ghast Tear for 64x Kelp in shop botanicos on page "Page 47386"
[19/02/2025 12:27:45][TRADE]TheEnderpro42 traded 12x Ghast Tear for 64x Wheat in shop botanicos on page "Page 47386"
[19/02/2025 12:27:46][TRADE]TheEnderpro42 traded 12x Ghast Tear for 64x Cocoa Beans in shop botanicos on page "Page 47386"
[19/02/2025 12:27:46][TRADE]TheEnderpro42 traded 12x Ghast Tear for 64x Sugar Cane in shop botanicos on page "Page 47386"
[19/02/2025 12:27:47][TRADE]TheEnderpro42 traded 12x Ghast Tear for 64x Wheat in shop botanicos on page "Page 47386"
[19/02/2025 12:27:47][TRADE]TheEnderpro42 traded 12x Ghast Tear for 64x Sea Pickle in shop botanicos on page "Page 47386"
[19/02/2025 12:27:48][TRADE]TheEnderpro42 traded 12x Ghast Tear for 64x Potato in shop botanicos on page "Page 47386"
[19/02/2025 12:27:48][TRADE]TheEnderpro42 traded 12x Ghast Tear for 64x Beetroot in shop botanicos on page "Page 47386"
[19/02/2025 12:27:48][TRADE]TheEnderpro42 traded 12x Ghast Tear for 64x Carrot in shop botanicos on page "Page 47386"
[19/02/2025 12:27:49][TRADE]TheEnderpro42 traded 12x Ghast Tear for 64x Beetroot in shop botanicos on page "Page 47386"
[19/02/2025 12:27:49][TRADE]TheEnderpro42 traded 12x Ghast Tear for 64x Bamboo in shop botanicos on page "Page 47386"
[19/02/2025 12:27:53][TRADE]TheEnderpro42 traded 12x Ghast Tear for 64x Apple in shop botanicos on page "Page 47386"
[19/02/2025 12:43:01][TRADE]TheEnderpro42 traded 12x Ghast Tear for 64x Wheat in shop botanicos on page "Page 47386"
[19/02/2025 12:43:02][TRADE]TheEnderpro42 traded 12x Ghast Tear for 64x Lily Pad in shop botanicos on page "Page 47386"
[19/02/2025 12:43:02][TRADE]TheEnderpro42 traded 12x Ghast Tear for 64x Cactus in shop botanicos on page "Page 47386"
[19/02/2025 12:43:05][TRADE]TheEnderpro42 traded 12x Ghast Tear for 64x Apple in shop botanicos on page "Page 47386"
[19/02/2025 12:43:06][TRADE]TheEnderpro42 traded 12x Ghast Tear for 64x Kelp in shop botanicos on page "Page 47386"
[19/02/2025 12:43:06][TRADE]TheEnderpro42 traded 12x Ghast Tear for 64x Carrot in shop botanicos on page "Page 47386"
[19/02/2025 12:43:07][TRADE]TheEnderpro42 traded 12x Ghast Tear for 64x Carrot in shop botanicos on page "Page 47386"
[19/02/2025 12:43:07][TRADE]TheEnderpro42 traded 12x Ghast Tear for 64x Potato in shop botanicos on page "Page 47386"
[19/02/2025 12:43:08][TRADE]TheEnderpro42 traded 12x Ghast Tear for 64x Kelp in shop botanicos on page "Page 47386"
[19/02/2025 12:43:08][TRADE]TheEnderpro42 traded 12x Ghast Tear for 64x Melon Slice in shop botanicos on page "Page 47386"
[19/02/2025 12:43:08][TRADE]TheEnderpro42 traded 12x Ghast Tear for 64x Cocoa Beans in shop botanicos on page "Page 47386"
[19/02/2025 12:43:08][TRADE]TheEnderpro42 traded 12x Ghast Tear for 64x Sugar Cane in shop botanicos on page "Page 47386"
[19/02/2025 12:43:09][TRADE]TheEnderpro42 traded 12x Ghast Tear for 64x Wheat in shop botanicos on page "Page 47386"
[19/02/2025 12:43:09][TRADE]TheEnderpro42 traded 12x Ghast Tear for 64x Sea Pickle in shop botanicos on page "Page 47386"
[19/02/2025 12:43:09][TRADE]TheEnderpro42 traded 12x Ghast Tear for 64x Carrot in shop botanicos on page "Page 47386"
[19/02/2025 12:43:10][TRADE]TheEnderpro42 traded 12x Ghast Tear for 64x Beetroot in shop botanicos on page "Page 47386"
[19/02/2025 12:43:10][TRADE]TheEnderpro42 traded 12x Ghast Tear for 64x Potato in shop botanicos on page "Page 47386"
[19/02/2025 12:43:10][TRADE]TheEnderpro42 traded 12x Ghast Tear for 64x Beetroot in shop botanicos on page "Page 47386"
[19/02/2025 12:43:11][TRADE]TheEnderpro42 traded 12x Ghast Tear for 64x Bamboo in shop botanicos on page "Page 47386"
[19/02/2025 12:43:11][TRADE]TheEnderpro42 traded 12x Ghast Tear for 64x Pumpkin in shop botanicos on page "Page 47386"
[19/02/2025 12:43:12][TRADE]TheEnderpro42 traded 12x Ghast Tear for 64x Pumpkin in shop botanicos on page "Page 47386"
[19/02/2025 12:43:14][TRADE]TheEnderpro42 traded 12x Ghast Tear for 64x Potato in shop botanicos on page "Page 47386"
[19/02/2025 12:43:15][TRADE]TheEnderpro42 traded 12x Ghast Tear for 64x Sea Pickle in shop botanicos on page "Page 47386"
[19/02/2025 12:43:16][TRADE]TheEnderpro42 traded 12x Ghast Tear for 64x Beetroot in shop botanicos on page "Page 47386"
[19/02/2025 12:43:19][TRADE]TheEnderpro42 traded 12x Ghast Tear for 64x Wheat in shop botanicos on page "Page 47386"
[19/02/2025 12:43:20][TRADE]TheEnderpro42 traded 12x Ghast Tear for 64x Beetroot in shop botanicos on page "Page 47386"
[19/02/2025 12:43:21][TRADE]TheEnderpro42 traded 12x Ghast Tear for 64x Potato in shop botanicos on page "Page 47386"
[19/02/2025 12:43:23][TRADE]TheEnderpro42 traded 12x Ghast Tear for 64x Lily Pad in shop botanicos on page "Page 47386"
[19/02/2025 12:43:24][TRADE]TheEnderpro42 traded 12x Ghast Tear for 64x Kelp in shop botanicos on page "Page 47386"
[19/02/2025 12:43:26][TRADE]TheEnderpro42 traded 12x Ghast Tear for 64x Wheat in shop botanicos on page "Page 47386"
[19/02/2025 12:43:28][TRADE]TheEnderpro42 traded 12x Ghast Tear for 64x Carrot in shop botanicos on page "Page 47386"
[19/02/2025 12:43:30][TRADE]TheEnderpro42 traded 12x Ghast Tear for 64x Carrot in shop botanicos on page "Page 47386"
[19/02/2025 12:43:32][TRADE]TheEnderpro42 traded 12x Ghast Tear for 64x Cocoa Beans in shop botanicos on page "Page 47386"
[19/02/2025 13:36:49][TRADE]TheEnderpro42 traded 12x Ghast Tear for 64x Apple in shop botanicos on page "Page 47386"
[19/02/2025 13:36:50][TRADE]TheEnderpro42 traded 12x Ghast Tear for 64x Kelp in shop botanicos on page "Page 47386"
[19/02/2025 13:36:51][TRADE]TheEnderpro42 traded 12x Ghast Tear for 64x Carrot in shop botanicos on page "Page 47386"
[19/02/2025 13:36:51][TRADE]TheEnderpro42 traded 12x Ghast Tear for 64x Carrot in shop botanicos on page "Page 47386"
[19/02/2025 13:36:52][TRADE]TheEnderpro42 traded 12x Ghast Tear for 64x Lily Pad in shop botanicos on page "Page 47386"
[19/02/2025 13:36:52][TRADE]TheEnderpro42 traded 12x Ghast Tear for 64x Potato in shop botanicos on page "Page 47386"
[19/02/2025 13:36:53][TRADE]TheEnderpro42 traded 12x Ghast Tear for 64x Kelp in shop botanicos on page "Page 47386"
[19/02/2025 13:36:53][TRADE]TheEnderpro42 traded 12x Ghast Tear for 64x Wheat in shop botanicos on page "Page 47386"
[19/02/2025 13:36:54][TRADE]TheEnderpro42 traded 12x Ghast Tear for 64x Melon Slice in shop botanicos on page "Page 47386"
[19/02/2025 13:36:54][TRADE]TheEnderpro42 traded 12x Ghast Tear for 64x Cocoa Beans in shop botanicos on page "Page 47386"
[19/02/2025 13:36:55][TRADE]TheEnderpro42 traded 12x Ghast Tear for 64x Sugar Cane in shop botanicos on page "Page 47386"
[19/02/2025 13:36:55][TRADE]TheEnderpro42 traded 12x Ghast Tear for 64x Wheat in shop botanicos on page "Page 47386"
[19/02/2025 13:36:55][TRADE]TheEnderpro42 traded 12x Ghast Tear for 64x Sea Pickle in shop botanicos on page "Page 47386"
[19/02/2025 13:36:56][TRADE]TheEnderpro42 traded 12x Ghast Tear for 64x Potato in shop botanicos on page "Page 47386"
[19/02/2025 13:36:56][TRADE]TheEnderpro42 traded 12x Ghast Tear for 64x Beetroot in shop botanicos on page "Page 47386"
[19/02/2025 13:36:57][TRADE]TheEnderpro42 traded 12x Ghast Tear for 64x Carrot in shop botanicos on page "Page 47386"
[19/02/2025 13:36:57][TRADE]TheEnderpro42 traded 12x Ghast Tear for 64x Beetroot in shop botanicos on page "Page 47386"
[19/02/2025 13:36:58][TRADE]TheEnderpro42 traded 12x Ghast Tear for 64x Pumpkin in shop botanicos on page "Page 47386"
[19/02/2025 13:37:01][TRADE]TheEnderpro42 traded 12x Ghast Tear for 64x Beetroot in shop botanicos on page "Page 47386"
[19/02/2025 13:37:04][TRADE]TheEnderpro42 traded 12x Ghast Tear for 64x Beetroot in shop botanicos on page "Page 47386"
[19/02/2025 13:37:09][TRADE]TheEnderpro42 traded 12x Ghast Tear for 64x Potato in shop botanicos on page "Page 47386"
[19/02/2025 13:50:10][TRADE]TheEnderpro42 traded 30x Ghast Tear for 64x Kelp in shop botanicos on page "Page 59217"
[19/02/2025 13:50:11][TRADE]TheEnderpro42 traded 30x Ghast Tear for 64x Kelp in shop botanicos on page "Page 59217"
[19/02/2025 13:50:11][TRADE]TheEnderpro42 traded 30x Ghast Tear for 64x Sweet Berries in shop botanicos on page "Page 59217"
[19/02/2025 13:50:12][TRADE]TheEnderpro42 traded 30x Ghast Tear for 64x Sweet Berries in shop botanicos on page "Page 59217"
[19/02/2025 13:50:12][TRADE]TheEnderpro42 traded 30x Ghast Tear for 64x Melon Slice in shop botanicos on page "Page 59217"
[19/02/2025 13:50:13][TRADE]TheEnderpro42 traded 30x Ghast Tear for 64x Apple in shop botanicos on page "Page 59217"
[19/02/2025 13:50:13][TRADE]TheEnderpro42 traded 30x Ghast Tear for 64x Kelp in shop botanicos on page "Page 59217"
[19/02/2025 13:50:14][TRADE]TheEnderpro42 traded 30x Ghast Tear for 64x Sweet Berries in shop botanicos on page "Page 59217"
[19/02/2025 13:50:14][TRADE]TheEnderpro42 traded 30x Ghast Tear for 64x Beetroot in shop botanicos on page "Page 59217"
[19/02/2025 13:50:15][TRADE]TheEnderpro42 traded 30x Ghast Tear for 64x Kelp in shop botanicos on page "Page 59217"
[19/02/2025 13:50:15][TRADE]TheEnderpro42 traded 30x Ghast Tear for 64x Sweet Berries in shop botanicos on page "Page 59217"
[19/02/2025 13:50:16][TRADE]TheEnderpro42 traded 30x Ghast Tear for 64x Melon Slice in shop botanicos on page "Page 59217"
[19/02/2025 13:50:16][TRADE]TheEnderpro42 traded 30x Ghast Tear for 64x Sweet Berries in shop botanicos on page "Page 59217"
[19/02/2025 13:50:17][TRADE]TheEnderpro42 traded 30x Ghast Tear for 64x Apple in shop botanicos on page "Page 59217"
[19/02/2025 13:50:17][TRADE]TheEnderpro42 traded 30x Ghast Tear for 64x Apple in shop botanicos on page "Page 59217"
[19/02/2025 13:50:17][TRADE]TheEnderpro42 traded 30x Ghast Tear for 64x Sweet Berries in shop botanicos on page "Page 59217"
[19/02/2025 13:50:18][TRADE]TheEnderpro42 traded 30x Ghast Tear for 64x Sweet Berries in shop botanicos on page "Page 59217"
[19/02/2025 13:50:18][TRADE]TheEnderpro42 traded 30x Ghast Tear for 64x Sweet Berries in shop botanicos on page "Page 59217"
[19/02/2025 13:50:19][TRADE]TheEnderpro42 traded 30x Ghast Tear for 64x Sweet Berries in shop botanicos on page "Page 59217"
[19/02/2025 13:50:19][TRADE]TheEnderpro42 traded 30x Ghast Tear for 64x Apple in shop botanicos on page "Page 59217"
[19/02/2025 13:59:35][TRADE]TheEnderpro42 traded 30x Ghast Tear for 64x Kelp in shop botanicos on page "Page 59217"
[19/02/2025 13:59:36][TRADE]TheEnderpro42 traded 30x Ghast Tear for 64x Sweet Berries in shop botanicos on page "Page 59217"
[19/02/2025 13:59:37][TRADE]TheEnderpro42 traded 30x Ghast Tear for 64x Melon Slice in shop botanicos on page "Page 59217"
[19/02/2025 13:59:37][TRADE]TheEnderpro42 traded 30x Ghast Tear for 64x Kelp in shop botanicos on page "Page 59217"
[19/02/2025 13:59:38][TRADE]TheEnderpro42 traded 30x Ghast Tear for 64x Sweet Berries in shop botanicos on page "Page 59217"
[19/02/2025 13:59:38][TRADE]TheEnderpro42 traded 30x Ghast Tear for 64x Apple in shop botanicos on page "Page 59217"
[19/02/2025 13:59:39][TRADE]TheEnderpro42 traded 30x Ghast Tear for 64x Kelp in shop botanicos on page "Page 59217"
[19/02/2025 13:59:39][TRADE]TheEnderpro42 traded 30x Ghast Tear for 64x Sweet Berries in shop botanicos on page "Page 59217"
[19/02/2025 13:59:39][TRADE]TheEnderpro42 traded 30x Ghast Tear for 64x Beetroot in shop botanicos on page "Page 59217"
[19/02/2025 13:59:40][TRADE]TheEnderpro42 traded 30x Ghast Tear for 64x Kelp in shop botanicos on page "Page 59217"
[19/02/2025 13:59:40][TRADE]TheEnderpro42 traded 30x Ghast Tear for 64x Sweet Berries in shop botanicos on page "Page 59217"
[19/02/2025 13:59:41][TRADE]TheEnderpro42 traded 30x Ghast Tear for 64x Melon Slice in shop botanicos on page "Page 59217"
[19/02/2025 13:59:41][TRADE]TheEnderpro42 traded 30x Ghast Tear for 64x Sweet Berries in shop botanicos on page "Page 59217"
[19/02/2025 13:59:41][TRADE]TheEnderpro42 traded 30x Ghast Tear for 64x Apple in shop botanicos on page "Page 59217"
[19/02/2025 13:59:42][TRADE]TheEnderpro42 traded 30x Ghast Tear for 64x Sweet Berries in shop botanicos on page "Page 59217"
[19/02/2025 13:59:42][TRADE]TheEnderpro42 traded 30x Ghast Tear for 64x Sweet Berries in shop botanicos on page "Page 59217"
[19/02/2025 13:59:43][TRADE]TheEnderpro42 traded 30x Ghast Tear for 64x Apple in shop botanicos on page "Page 59217"
[19/02/2025 13:59:43][TRADE]TheEnderpro42 traded 30x Ghast Tear for 64x Sweet Berries in shop botanicos on page "Page 59217"
[19/02/2025 13:59:43][TRADE]TheEnderpro42 traded 30x Ghast Tear for 64x Sweet Berries in shop botanicos on page "Page 59217"
[19/02/2025 13:59:44][TRADE]TheEnderpro42 traded 30x Ghast Tear for 64x Apple in shop botanicos on page "Page 59217"
[19/02/2025 13:59:46][TRADE]TheEnderpro42 traded 30x Ghast Tear for 64x Sweet Berries in shop botanicos on page "Page 59217"
[19/02/2025 13:59:47][TRADE]TheEnderpro42 traded 30x Ghast Tear for 64x Kelp in shop botanicos on page "Page 59217"
[19/02/2025 13:59:50][TRADE]TheEnderpro42 traded 30x Ghast Tear for 64x Apple in shop botanicos on page "Page 59217"
[19/02/2025 13:59:51][TRADE]TheEnderpro42 traded 30x Ghast Tear for 64x Kelp in shop botanicos on page "Page 59217"
[19/02/2025 13:59:52][TRADE]TheEnderpro42 traded 30x Ghast Tear for 64x Beetroot in shop botanicos on page "Page 59217"
[19/02/2025 13:59:52][TRADE]TheEnderpro42 traded 30x Ghast Tear for 64x Kelp in shop botanicos on page "Page 59217"
[19/02/2025 13:59:52][TRADE]TheEnderpro42 traded 30x Ghast Tear for 64x Melon Slice in shop botanicos on page "Page 59217"
[19/02/2025 13:59:53][TRADE]TheEnderpro42 traded 30x Ghast Tear for 64x Apple in shop botanicos on page "Page 59217"
[19/02/2025 13:59:53][TRADE]TheEnderpro42 traded 30x Ghast Tear for 64x Sweet Berries in shop botanicos on page "Page 59217"
[19/02/2025 13:59:54][TRADE]TheEnderpro42 traded 30x Ghast Tear for 64x Sweet Berries in shop botanicos on page "Page 59217"
[19/02/2025 13:59:55][TRADE]TheEnderpro42 traded 30x Ghast Tear for 64x Sweet Berries in shop botanicos on page "Page 59217"
[19/02/2025 14:15:18][TRADE]TheEnderpro42 traded 30x Ghast Tear for 64x Melon Slice in shop botanicos on page "Page 59217"
[19/02/2025 14:15:19][TRADE]TheEnderpro42 traded 30x Ghast Tear for 64x Sweet Berries in shop botanicos on page "Page 59217"
[19/02/2025 14:15:19][TRADE]TheEnderpro42 traded 30x Ghast Tear for 64x Sweet Berries in shop botanicos on page "Page 59217"
[19/02/2025 14:15:20][TRADE]TheEnderpro42 traded 30x Ghast Tear for 64x Sweet Berries in shop botanicos on page "Page 59217"
[19/02/2025 14:15:20][TRADE]TheEnderpro42 traded 30x Ghast Tear for 64x Sweet Berries in shop botanicos on page "Page 59217"
[19/02/2025 14:15:21][TRADE]TheEnderpro42 traded 30x Ghast Tear for 64x Sweet Berries in shop botanicos on page "Page 59217"
[19/02/2025 14:15:21][TRADE]TheEnderpro42 traded 30x Ghast Tear for 64x Sweet Berries in shop botanicos on page "Page 59217"
[19/02/2025 14:15:22][TRADE]TheEnderpro42 traded 30x Ghast Tear for 64x Sweet Berries in shop botanicos on page "Page 59217"
[19/02/2025 14:15:22][TRADE]TheEnderpro42 traded 30x Ghast Tear for 64x Sweet Berries in shop botanicos on page "Page 59217"
[19/02/2025 14:15:22][TRADE]TheEnderpro42 traded 30x Ghast Tear for 64x Sweet Berries in shop botanicos on page "Page 59217"
[19/02/2025 14:15:23][TRADE]TheEnderpro42 traded 30x Ghast Tear for 64x Melon Slice in shop botanicos on page "Page 59217"
[19/02/2025 14:15:23][TRADE]TheEnderpro42 traded 30x Ghast Tear for 64x Apple in shop botanicos on page "Page 59217"
[19/02/2025 14:15:23][TRADE]TheEnderpro42 traded 30x Ghast Tear for 64x Beetroot in shop botanicos on page "Page 59217"
[19/02/2025 14:15:24][TRADE]TheEnderpro42 traded 30x Ghast Tear for 64x Apple in shop botanicos on page "Page 59217"
[19/02/2025 14:15:25][TRADE]TheEnderpro42 traded 30x Ghast Tear for 64x Apple in shop botanicos on page "Page 59217"
[19/02/2025 14:15:25][TRADE]TheEnderpro42 traded 30x Ghast Tear for 64x Apple in shop botanicos on page "Page 59217"
[19/02/2025 14:15:27][TRADE]TheEnderpro42 traded 30x Ghast Tear for 64x Apple in shop botanicos on page "Page 59217"
[19/02/2025 14:15:29][TRADE]TheEnderpro42 traded 30x Ghast Tear for 64x Sweet Berries in shop botanicos on page "Page 59217"
[19/02/2025 14:15:31][TRADE]TheEnderpro42 traded 30x Ghast Tear for 64x Apple in shop botanicos on page "Page 59217"
[19/02/2025 14:15:33][TRADE]TheEnderpro42 traded 30x Ghast Tear for 64x Sweet Berries in shop botanicos on page "Page 59217"
[19/02/2025 14:15:40][TRADE]TheEnderpro42 traded 30x Ghast Tear for 64x Sweet Berries in shop botanicos on page "Page 59217"
[19/02/2025 14:15:44][TRADE]TheEnderpro42 traded 30x Ghast Tear for 64x Sweet Berries in shop botanicos on page "Page 59217"
[19/02/2025 14:15:47][TRADE]TheEnderpro42 traded 30x Ghast Tear for 64x Apple in shop botanicos on page "Page 59217"
[19/02/2025 14:15:51][TRADE]TheEnderpro42 traded 30x Ghast Tear for 64x Apple in shop botanicos on page "Page 59217"
[19/02/2025 14:15:55][TRADE]TheEnderpro42 traded 30x Ghast Tear for 64x Sweet Berries in shop botanicos on page "Page 59217"
[19/02/2025 14:15:57][TRADE]TheEnderpro42 traded 30x Ghast Tear for 64x Sweet Berries in shop botanicos on page "Page 59217"
[19/02/2025 14:32:39][TRADE]TheEnderpro42 traded 30x Ghast Tear for 64x Kelp in shop botanicos on page "Page 59217"
[19/02/2025 14:32:39][TRADE]TheEnderpro42 traded 30x Ghast Tear for 64x Kelp in shop botanicos on page "Page 59217"
[19/02/2025 14:32:40][TRADE]TheEnderpro42 traded 30x Ghast Tear for 64x Sweet Berries in shop botanicos on page "Page 59217"
[19/02/2025 14:32:40][TRADE]TheEnderpro42 traded 30x Ghast Tear for 64x Sweet Berries in shop botanicos on page "Page 59217"
[19/02/2025 14:32:41][TRADE]TheEnderpro42 traded 30x Ghast Tear for 64x Melon Slice in shop botanicos on page "Page 59217"
[19/02/2025 14:32:41][TRADE]TheEnderpro42 traded 30x Ghast Tear for 64x Apple in shop botanicos on page "Page 59217"
[19/02/2025 14:32:41][TRADE]TheEnderpro42 traded 30x Ghast Tear for 64x Beetroot in shop botanicos on page "Page 59217"
[19/02/2025 14:32:42][TRADE]TheEnderpro42 traded 30x Ghast Tear for 64x Sweet Berries in shop botanicos on page "Page 59217"
[19/02/2025 14:32:42][TRADE]TheEnderpro42 traded 30x Ghast Tear for 64x Kelp in shop botanicos on page "Page 59217"
[19/02/2025 14:32:42][TRADE]TheEnderpro42 traded 30x Ghast Tear for 64x Kelp in shop botanicos on page "Page 59217"
[19/02/2025 14:32:43][TRADE]TheEnderpro42 traded 30x Ghast Tear for 64x Sweet Berries in shop botanicos on page "Page 59217"
[19/02/2025 14:32:43][TRADE]TheEnderpro42 traded 30x Ghast Tear for 64x Melon Slice in shop botanicos on page "Page 59217"
[19/02/2025 14:32:43][TRADE]TheEnderpro42 traded 30x Ghast Tear for 64x Sweet Berries in shop botanicos on page "Page 59217"
[19/02/2025 14:32:43][TRADE]TheEnderpro42 traded 30x Ghast Tear for 64x Apple in shop botanicos on page "Page 59217"
[19/02/2025 14:32:44][TRADE]TheEnderpro42 traded 30x Ghast Tear for 64x Apple in shop botanicos on page "Page 59217"
[19/02/2025 14:32:44][TRADE]TheEnderpro42 traded 30x Ghast Tear for 64x Sweet Berries in shop botanicos on page "Page 59217"
[19/02/2025 14:32:44][TRADE]TheEnderpro42 traded 30x Ghast Tear for 64x Sweet Berries in shop botanicos on page "Page 59217"
[19/02/2025 14:32:45][TRADE]TheEnderpro42 traded 30x Ghast Tear for 64x Sweet Berries in shop botanicos on page "Page 59217"
[19/02/2025 14:32:45][TRADE]TheEnderpro42 traded 30x Ghast Tear for 64x Sweet Berries in shop botanicos on page "Page 59217"
[19/02/2025 14:32:45][TRADE]TheEnderpro42 traded 30x Ghast Tear for 64x Apple in shop botanicos on page "Page 59217"
[19/02/2025 14:32:47][TRADE]TheEnderpro42 traded 30x Ghast Tear for 64x Kelp in shop botanicos on page "Page 59217"
[19/02/2025 14:32:47][TRADE]TheEnderpro42 traded 30x Ghast Tear for 64x Kelp in shop botanicos on page "Page 59217"
[19/02/2025 14:32:48][TRADE]TheEnderpro42 traded 30x Ghast Tear for 64x Sweet Berries in shop botanicos on page "Page 59217"
[19/02/2025 14:32:52][TRADE]TheEnderpro42 traded 30x Ghast Tear for 64x Kelp in shop botanicos on page "Page 59217"
[19/02/2025 14:32:53][TRADE]TheEnderpro42 traded 30x Ghast Tear for 64x Kelp in shop botanicos on page "Page 59217"
[19/02/2025 14:32:55][TRADE]TheEnderpro42 traded 30x Ghast Tear for 64x Beetroot in shop botanicos on page "Page 59217"
[19/02/2025 14:34:48][TRADE]TheEnderpro42 traded 30x Ghast Tear for 64x Sweet Berries in shop botanicos on page "Page 59217"
[19/02/2025 14:34:50][TRADE]TheEnderpro42 traded 30x Ghast Tear for 64x Sweet Berries in shop botanicos on page "Page 59217"
[19/02/2025 14:34:54][TRADE]TheEnderpro42 traded 30x Ghast Tear for 64x Sweet Berries in shop botanicos on page "Page 59217"
[19/02/2025 18:02:19][TRADE]zeta4401 traded 12x Ghast Tear for 64x Apple in shop botanicos on page "Page 47386"
[19/02/2025 18:02:24][TRADE]zeta4401 traded 12x Ghast Tear for 64x Apple in shop botanicos on page "Page 47386"
[19/02/2025 18:02:26][TRADE]zeta4401 traded 12x Ghast Tear for 64x Carrot in shop botanicos on page "Page 47386"
[19/02/2025 18:02:27][TRADE]zeta4401 traded 12x Ghast Tear for 64x Potato in shop botanicos on page "Page 47386"
[19/02/2025 18:02:28][TRADE]zeta4401 traded 12x Ghast Tear for 64x Melon Slice in shop botanicos on page "Page 47386"
[19/02/2025 18:02:30][TRADE]zeta4401 traded 12x Ghast Tear for 64x Potato in shop botanicos on page "Page 47386"
[19/02/2025 18:02:41][TRADE]zeta4401 traded 12x Ghast Tear for 64x Sugar Cane in shop botanicos on page "Page 47386"
[19/02/2025 18:03:04][TRADE]zeta4401 traded 12x Ghast Tear for 64x Sugar Cane in shop botanicos on page "Page 47386"
[19/02/2025 18:03:08][TRADE]zeta4401 traded 12x Ghast Tear for 64x Beetroot in shop botanicos on page "Page 47386"
[19/02/2025 18:03:14][TRADE]zeta4401 traded 12x Ghast Tear for 64x Beetroot in shop botanicos on page "Page 47386"
[19/02/2025 18:03:26][TRADE]zeta4401 traded 12x Ghast Tear for 64x Bamboo in shop botanicos on page "Page 47386"
[19/02/2025 18:04:18][TRADE]zeta4401 traded 12x Ghast Tear for 64x Bamboo in shop botanicos on page "Page 47386"
[19/02/2025 18:04:21][TRADE]zeta4401 traded 12x Ghast Tear for 64x Wheat in shop botanicos on page "Page 47386"
[19/02/2025 18:04:21][TRADE]zeta4401 traded 12x Ghast Tear for 64x Wheat in shop botanicos on page "Page 47386"
[19/02/2025 18:04:33][TRADE]zeta4401 traded 12x Ghast Tear for 64x Cocoa Beans in shop botanicos on page "Page 47386"
[19/02/2025 18:04:34][TRADE]zeta4401 traded 12x Ghast Tear for 64x Cocoa Beans in shop botanicos on page "Page 47386"
[19/02/2025 18:04:36][TRADE]zeta4401 traded 12x Ghast Tear for 64x Kelp in shop botanicos on page "Page 47386"
[19/02/2025 18:04:38][TRADE]zeta4401 traded 12x Ghast Tear for 64x Carrot in shop botanicos on page "Page 47386"
[19/02/2025 18:04:39][TRADE]zeta4401 traded 12x Ghast Tear for 64x Kelp in shop botanicos on page "Page 47386"
[19/02/2025 18:04:41][TRADE]zeta4401 traded 12x Ghast Tear for 64x Cactus in shop botanicos on page "Page 47386"
[19/02/2025 18:04:42][TRADE]zeta4401 traded 12x Ghast Tear for 64x Lily Pad in shop botanicos on page "Page 47386"
[19/02/2025 18:04:42][TRADE]zeta4401 traded 12x Ghast Tear for 64x Lily Pad in shop botanicos on page "Page 47386"
[19/02/2025 18:04:43][TRADE]zeta4401 traded 12x Ghast Tear for 64x Wheat in shop botanicos on page "Page 47386"
[19/02/2025 18:04:54][TRADE]zeta4401 traded 12x Ghast Tear for 64x Sea Pickle in shop botanicos on page "Page 47386"
[19/02/2025 18:05:03][TRADE]zeta4401 traded 12x Ghast Tear for 64x Carrot in shop botanicos on page "Page 47386"
[19/02/2025 18:05:04][TRADE]zeta4401 traded 12x Ghast Tear for 64x Carrot in shop botanicos on page "Page 47386"
[19/02/2025 18:05:15][TRADE]zeta4401 traded 12x Ghast Tear for 64x Pumpkin in shop botanicos on page "Page 47386"
[19/02/2025 18:05:38][TRADE]zeta4401 traded 12x Ghast Tear for 64x Sea Pickle in shop botanicos on page "Page 47386"
[19/02/2025 18:05:40][TRADE]zeta4401 traded 12x Ghast Tear for 64x Sea Pickle in shop botanicos on page "Page 47386"
[19/02/2025 18:06:01][TRADE]zeta4401 traded 64x Apple for 50x Ghast Tear in shop botanicos on page "Page 46136"
[19/02/2025 18:06:02][TRADE]zeta4401 traded 64x Apple for 50x Ghast Tear in shop botanicos on page "Page 46136"
[19/02/2025 18:06:05][TRADE]zeta4401 traded 12x Ghast Tear for 64x Apple in shop botanicos on page "Page 47386"
[19/02/2025 18:06:06][TRADE]zeta4401 traded 12x Ghast Tear for 64x Apple in shop botanicos on page "Page 47386"
[19/02/2025 18:06:07][TRADE]zeta4401 traded 12x Ghast Tear for 64x Apple in shop botanicos on page "Page 47386"
[19/02/2025 18:06:18][TRADE]zeta4401 traded 12x Ghast Tear for 64x Carrot in shop botanicos on page "Page 47386"
[19/02/2025 18:07:02][TRADE]zeta4401 traded 12x Ghast Tear for 64x Melon Slice in shop botanicos on page "Page 47386"
[19/02/2025 18:07:03][TRADE]zeta4401 traded 12x Ghast Tear for 64x Potato in shop botanicos on page "Page 47386"
[19/02/2025 18:07:08][TRADE]zeta4401 traded 12x Ghast Tear for 64x Beetroot in shop botanicos on page "Page 47386"
[19/02/2025 18:07:21][TRADE]zeta4401 traded 12x Ghast Tear for 64x Pumpkin in shop botanicos on page "Page 47386"
[19/02/2025 18:07:23][TRADE]zeta4401 traded 12x Ghast Tear for 64x Pumpkin in shop botanicos on page "Page 47386"
[19/02/2025 18:07:25][TRADE]zeta4401 traded 12x Ghast Tear for 64x Carrot in shop botanicos on page "Page 47386"
[19/02/2025 18:07:28][TRADE]zeta4401 traded 12x Ghast Tear for 64x Kelp in shop botanicos on page "Page 47386"
[19/02/2025 18:07:29][TRADE]zeta4401 traded 12x Ghast Tear for 64x Carrot in shop botanicos on page "Page 47386"
[19/02/2025 18:07:41][TRADE]zeta4401 traded 12x Ghast Tear for 64x Kelp in shop botanicos on page "Page 47386"
[19/02/2025 18:07:48][TRADE]zeta4401 traded 12x Ghast Tear for 64x Kelp in shop botanicos on page "Page 47386"
[19/02/2025 18:08:00][TRADE]zeta4401 traded 12x Ghast Tear for 64x Wheat in shop botanicos on page "Page 47386"
[19/02/2025 18:08:04][TRADE]zeta4401 traded 12x Ghast Tear for 64x Beetroot in shop botanicos on page "Page 47386"
[19/02/2025 18:08:06][TRADE]zeta4401 traded 12x Ghast Tear for 64x Cocoa Beans in shop botanicos on page "Page 47386"
[19/02/2025 18:30:02][TRADE]TheEnderpro42 traded 30x Ghast Tear for 64x Kelp in shop botanicos on page "Page 59217"
[19/02/2025 18:30:02][TRADE]TheEnderpro42 traded 30x Ghast Tear for 64x Sweet Berries in shop botanicos on page "Page 59217"
[19/02/2025 18:30:03][TRADE]TheEnderpro42 traded 30x Ghast Tear for 64x Melon Slice in shop botanicos on page "Page 59217"
[19/02/2025 18:30:03][TRADE]TheEnderpro42 traded 30x Ghast Tear for 64x Apple in shop botanicos on page "Page 59217"
[19/02/2025 18:30:04][TRADE]TheEnderpro42 traded 30x Ghast Tear for 64x Sweet Berries in shop botanicos on page "Page 59217"
[19/02/2025 18:30:04][TRADE]TheEnderpro42 traded 30x Ghast Tear for 64x Sweet Berries in shop botanicos on page "Page 59217"
[19/02/2025 18:30:05][TRADE]TheEnderpro42 traded 30x Ghast Tear for 64x Beetroot in shop botanicos on page "Page 59217"
[19/02/2025 18:30:05][TRADE]TheEnderpro42 traded 30x Ghast Tear for 64x Kelp in shop botanicos on page "Page 59217"
[19/02/2025 18:30:06][TRADE]TheEnderpro42 traded 30x Ghast Tear for 64x Sweet Berries in shop botanicos on page "Page 59217"
[19/02/2025 18:30:07][TRADE]TheEnderpro42 traded 30x Ghast Tear for 64x Melon Slice in shop botanicos on page "Page 59217"
[19/02/2025 18:30:07][TRADE]TheEnderpro42 traded 30x Ghast Tear for 64x Sweet Berries in shop botanicos on page "Page 59217"
[19/02/2025 18:30:08][TRADE]TheEnderpro42 traded 30x Ghast Tear for 64x Apple in shop botanicos on page "Page 59217"
[19/02/2025 18:30:08][TRADE]TheEnderpro42 traded 30x Ghast Tear for 64x Sweet Berries in shop botanicos on page "Page 59217"
[19/02/2025 18:30:09][TRADE]TheEnderpro42 traded 30x Ghast Tear for 64x Sweet Berries in shop botanicos on page "Page 59217"
[19/02/2025 18:30:09][TRADE]TheEnderpro42 traded 30x Ghast Tear for 64x Apple in shop botanicos on page "Page 59217"
[19/02/2025 18:30:09][TRADE]TheEnderpro42 traded 30x Ghast Tear for 64x Sweet Berries in shop botanicos on page "Page 59217"
[19/02/2025 18:30:10][TRADE]TheEnderpro42 traded 30x Ghast Tear for 64x Sweet Berries in shop botanicos on page "Page 59217"
[19/02/2025 18:30:10][TRADE]TheEnderpro42 traded 30x Ghast Tear for 64x Apple in shop botanicos on page "Page 59217"
[19/02/2025 19:00:53][TRADE]TheEnderpro42 traded 30x Ghast Tear for 64x Kelp in shop botanicos on page "Page 59217"
[19/02/2025 19:00:53][TRADE]TheEnderpro42 traded 30x Ghast Tear for 64x Kelp in shop botanicos on page "Page 59217"
[19/02/2025 19:00:54][TRADE]TheEnderpro42 traded 30x Ghast Tear for 64x Kelp in shop botanicos on page "Page 59217"
[19/02/2025 19:00:55][TRADE]TheEnderpro42 traded 30x Ghast Tear for 64x Kelp in shop botanicos on page "Page 59217"
[19/02/2025 19:00:55][TRADE]TheEnderpro42 traded 30x Ghast Tear for 64x Melon Slice in shop botanicos on page "Page 59217"
[19/02/2025 19:00:56][TRADE]TheEnderpro42 traded 30x Ghast Tear for 64x Sweet Berries in shop botanicos on page "Page 59217"
[19/02/2025 19:00:56][TRADE]TheEnderpro42 traded 30x Ghast Tear for 64x Sweet Berries in shop botanicos on page "Page 59217"
[19/02/2025 19:00:57][TRADE]TheEnderpro42 traded 30x Ghast Tear for 64x Sweet Berries in shop botanicos on page "Page 59217"
[19/02/2025 19:00:57][TRADE]TheEnderpro42 traded 30x Ghast Tear for 64x Sweet Berries in shop botanicos on page "Page 59217"
[19/02/2025 19:00:58][TRADE]TheEnderpro42 traded 30x Ghast Tear for 64x Sweet Berries in shop botanicos on page "Page 59217"
[19/02/2025 19:00:58][TRADE]TheEnderpro42 traded 30x Ghast Tear for 64x Sweet Berries in shop botanicos on page "Page 59217"
[19/02/2025 19:00:58][TRADE]TheEnderpro42 traded 30x Ghast Tear for 64x Sweet Berries in shop botanicos on page "Page 59217"
[19/02/2025 19:00:59][TRADE]TheEnderpro42 traded 30x Ghast Tear for 64x Sweet Berries in shop botanicos on page "Page 59217"
[19/02/2025 19:00:59][TRADE]TheEnderpro42 traded 30x Ghast Tear for 64x Sweet Berries in shop botanicos on page "Page 59217"
[19/02/2025 19:01:00][TRADE]TheEnderpro42 traded 30x Ghast Tear for 64x Melon Slice in shop botanicos on page "Page 59217"
[19/02/2025 19:01:00][TRADE]TheEnderpro42 traded 30x Ghast Tear for 64x Apple in shop botanicos on page "Page 59217"
[19/02/2025 19:01:01][TRADE]TheEnderpro42 traded 30x Ghast Tear for 64x Beetroot in shop botanicos on page "Page 59217"
[19/02/2025 19:01:01][TRADE]TheEnderpro42 traded 30x Ghast Tear for 64x Apple in shop botanicos on page "Page 59217"
[19/02/2025 19:01:01][TRADE]TheEnderpro42 traded 30x Ghast Tear for 64x Apple in shop botanicos on page "Page 59217"
[19/02/2025 19:01:02][TRADE]TheEnderpro42 traded 30x Ghast Tear for 64x Apple in shop botanicos on page "Page 59217"
[19/02/2025 19:01:05][TRADE]TheEnderpro42 traded 30x Ghast Tear for 64x Melon Slice in shop botanicos on page "Page 59217"
[19/02/2025 19:01:06][TRADE]TheEnderpro42 traded 30x Ghast Tear for 64x Sweet Berries in shop botanicos on page "Page 59217"
[19/02/2025 19:01:08][TRADE]TheEnderpro42 traded 30x Ghast Tear for 64x Sweet Berries in shop botanicos on page "Page 59217"
[19/02/2025 19:01:10][TRADE]TheEnderpro42 traded 30x Ghast Tear for 64x Apple in shop botanicos on page "Page 59217"
[19/02/2025 19:01:11][TRADE]TheEnderpro42 traded 30x Ghast Tear for 64x Apple in shop botanicos on page "Page 59217"
[19/02/2025 19:01:13][TRADE]TheEnderpro42 traded 30x Ghast Tear for 64x Kelp in shop botanicos on page "Page 59217"
[19/02/2025 19:01:17][TRADE]TheEnderpro42 traded 30x Ghast Tear for 64x Sweet Berries in shop botanicos on page "Page 59217"
[19/02/2025 19:01:54][TRADE]TheEnderpro42 traded 30x Ghast Tear for 64x Kelp in shop botanicos on page "Page 59217"
[19/02/2025 19:01:56][TRADE]TheEnderpro42 traded 30x Ghast Tear for 64x Kelp in shop botanicos on page "Page 59217"
[19/02/2025 19:01:57][TRADE]TheEnderpro42 traded 30x Ghast Tear for 64x Sweet Berries in shop botanicos on page "Page 59217"
[19/02/2025 19:01:59][TRADE]TheEnderpro42 traded 30x Ghast Tear for 64x Sweet Berries in shop botanicos on page "Page 59217"
[19/02/2025 19:53:31][TRADE]zeta4401 traded 12x Ghast Tear for 64x Apple in shop botanicos on page "Page 47386"
[19/02/2025 19:53:33][TRADE]zeta4401 traded 12x Ghast Tear for 64x Carrot in shop botanicos on page "Page 47386"
[19/02/2025 19:53:34][TRADE]zeta4401 traded 12x Ghast Tear for 64x Potato in shop botanicos on page "Page 47386"
[19/02/2025 19:53:34][TRADE]zeta4401 traded 12x Ghast Tear for 64x Potato in shop botanicos on page "Page 47386"
[19/02/2025 19:53:38][TRADE]zeta4401 traded 12x Ghast Tear for 64x Potato in shop botanicos on page "Page 47386"
[19/02/2025 19:53:38][TRADE]zeta4401 traded 12x Ghast Tear for 64x Potato in shop botanicos on page "Page 47386"
[19/02/2025 19:53:40][TRADE]zeta4401 traded 12x Ghast Tear for 64x Beetroot in shop botanicos on page "Page 47386"
[19/02/2025 19:53:42][TRADE]zeta4401 traded 12x Ghast Tear for 64x Beetroot in shop botanicos on page "Page 47386"
[19/02/2025 19:53:43][TRADE]zeta4401 traded 12x Ghast Tear for 64x Beetroot in shop botanicos on page "Page 47386"
[19/02/2025 19:53:44][TRADE]zeta4401 traded 12x Ghast Tear for 64x Wheat in shop botanicos on page "Page 47386"
[19/02/2025 19:53:45][TRADE]zeta4401 traded 12x Ghast Tear for 64x Cocoa Beans in shop botanicos on page "Page 47386"
[19/02/2025 19:53:46][TRADE]zeta4401 traded 12x Ghast Tear for 64x Cocoa Beans in shop botanicos on page "Page 47386"
[19/02/2025 19:53:48][TRADE]zeta4401 traded 12x Ghast Tear for 64x Carrot in shop botanicos on page "Page 47386"
[19/02/2025 19:53:49][TRADE]zeta4401 traded 12x Ghast Tear for 64x Carrot in shop botanicos on page "Page 47386"
[19/02/2025 19:53:51][TRADE]zeta4401 traded 12x Ghast Tear for 64x Cactus in shop botanicos on page "Page 47386"
[19/02/2025 19:53:52][TRADE]zeta4401 traded 12x Ghast Tear for 64x Lily Pad in shop botanicos on page "Page 47386"
[19/02/2025 19:53:52][TRADE]zeta4401 traded 12x Ghast Tear for 64x Lily Pad in shop botanicos on page "Page 47386"
[19/02/2025 19:53:54][TRADE]zeta4401 traded 12x Ghast Tear for 64x Wheat in shop botanicos on page "Page 47386"
[19/02/2025 19:53:55][TRADE]zeta4401 traded 12x Ghast Tear for 64x Sea Pickle in shop botanicos on page "Page 47386"
[19/02/2025 19:53:57][TRADE]zeta4401 traded 12x Ghast Tear for 64x Carrot in shop botanicos on page "Page 47386"
[19/02/2025 19:53:58][TRADE]zeta4401 traded 12x Ghast Tear for 64x Pumpkin in shop botanicos on page "Page 47386"
[19/02/2025 19:54:15][TRADE]zeta4401 traded 12x Ghast Tear for 64x Beetroot in shop botanicos on page "Page 47386"
[19/02/2025 19:54:38][TRADE]zeta4401 traded 12x Ghast Tear for 64x Wheat in shop botanicos on page "Page 47386"
[19/02/2025 20:50:41][TRADE]zeta4401 traded 12x Ghast Tear for 64x Apple in shop botanicos on page "Page 47386"
[19/02/2025 20:50:42][TRADE]zeta4401 traded 12x Ghast Tear for 64x Carrot in shop botanicos on page "Page 47386"
[19/02/2025 20:50:42][TRADE]zeta4401 traded 12x Ghast Tear for 64x Carrot in shop botanicos on page "Page 47386"
[19/02/2025 20:50:44][TRADE]zeta4401 traded 12x Ghast Tear for 64x Potato in shop botanicos on page "Page 47386"
[19/02/2025 20:50:44][TRADE]zeta4401 traded 12x Ghast Tear for 64x Potato in shop botanicos on page "Page 47386"
[19/02/2025 20:50:45][TRADE]zeta4401 traded 12x Ghast Tear for 64x Melon Slice in shop botanicos on page "Page 47386"
[19/02/2025 20:50:45][TRADE]zeta4401 traded 12x Ghast Tear for 64x Melon Slice in shop botanicos on page "Page 47386"
[19/02/2025 20:50:46][TRADE]zeta4401 traded 12x Ghast Tear for 64x Sugar Cane in shop botanicos on page "Page 47386"
[19/02/2025 20:50:47][TRADE]zeta4401 traded 12x Ghast Tear for 64x Sugar Cane in shop botanicos on page "Page 47386"
[19/02/2025 20:50:48][TRADE]zeta4401 traded 12x Ghast Tear for 64x Potato in shop botanicos on page "Page 47386"
[19/02/2025 20:50:48][TRADE]zeta4401 traded 12x Ghast Tear for 64x Potato in shop botanicos on page "Page 47386"
[19/02/2025 20:50:50][TRADE]zeta4401 traded 12x Ghast Tear for 64x Beetroot in shop botanicos on page "Page 47386"
[19/02/2025 20:50:51][TRADE]zeta4401 traded 12x Ghast Tear for 64x Bamboo in shop botanicos on page "Page 47386"
[19/02/2025 20:50:53][TRADE]zeta4401 traded 12x Ghast Tear for 64x Carrot in shop botanicos on page "Page 47386"
[19/02/2025 20:50:54][TRADE]zeta4401 traded 12x Ghast Tear for 64x Beetroot in shop botanicos on page "Page 47386"
[19/02/2025 20:50:56][TRADE]zeta4401 traded 12x Ghast Tear for 64x Wheat in shop botanicos on page "Page 47386"
[19/02/2025 20:50:57][TRADE]zeta4401 traded 12x Ghast Tear for 64x Cocoa Beans in shop botanicos on page "Page 47386"
[19/02/2025 20:50:57][TRADE]zeta4401 traded 12x Ghast Tear for 64x Cocoa Beans in shop botanicos on page "Page 47386"
[19/02/2025 20:50:58][TRADE]zeta4401 traded 12x Ghast Tear for 64x Kelp in shop botanicos on page "Page 47386"
[19/02/2025 20:50:59][TRADE]zeta4401 traded 12x Ghast Tear for 64x Carrot in shop botanicos on page "Page 47386"
[19/02/2025 20:50:59][TRADE]zeta4401 traded 12x Ghast Tear for 64x Kelp in shop botanicos on page "Page 47386"
[19/02/2025 20:51:00][TRADE]zeta4401 traded 12x Ghast Tear for 64x Cactus in shop botanicos on page "Page 47386"
[19/02/2025 20:51:02][TRADE]zeta4401 traded 12x Ghast Tear for 64x Lily Pad in shop botanicos on page "Page 47386"
[19/02/2025 20:51:02][TRADE]zeta4401 traded 12x Ghast Tear for 64x Lily Pad in shop botanicos on page "Page 47386"
[19/02/2025 20:51:03][TRADE]zeta4401 traded 12x Ghast Tear for 64x Wheat in shop botanicos on page "Page 47386"
[19/02/2025 20:51:03][TRADE]zeta4401 traded 12x Ghast Tear for 64x Wheat in shop botanicos on page "Page 47386"
[19/02/2025 20:51:05][TRADE]zeta4401 traded 12x Ghast Tear for 64x Sea Pickle in shop botanicos on page "Page 47386"
[19/02/2025 20:51:05][TRADE]zeta4401 traded 12x Ghast Tear for 64x Sea Pickle in shop botanicos on page "Page 47386"
[19/02/2025 20:51:08][TRADE]zeta4401 traded 12x Ghast Tear for 64x Pumpkin in shop botanicos on page "Page 47386"
[19/02/2025 20:51:21][TRADE]zeta4401 traded 64x Apple for 50x Ghast Tear in shop botanicos on page "Page 46136"
[19/02/2025 20:51:21][TRADE]zeta4401 traded 64x Carrot for 50x Ghast Tear in shop botanicos on page "Page 46136"
[19/02/2025 20:51:24][TRADE]zeta4401 traded 12x Ghast Tear for 64x Apple in shop botanicos on page "Page 47386"
[19/02/2025 20:51:24][TRADE]zeta4401 traded 12x Ghast Tear for 64x Apple in shop botanicos on page "Page 47386"
[19/02/2025 20:51:25][TRADE]zeta4401 traded 12x Ghast Tear for 64x Carrot in shop botanicos on page "Page 47386"
[19/02/2025 20:51:25][TRADE]zeta4401 traded 12x Ghast Tear for 64x Carrot in shop botanicos on page "Page 47386"
[19/02/2025 20:51:26][TRADE]zeta4401 traded 12x Ghast Tear for 64x Potato in shop botanicos on page "Page 47386"
[19/02/2025 20:51:29][TRADE]zeta4401 traded 12x Ghast Tear for 64x Potato in shop botanicos on page "Page 47386"
[19/02/2025 20:51:30][TRADE]zeta4401 traded 12x Ghast Tear for 64x Beetroot in shop botanicos on page "Page 47386"
[19/02/2025 20:51:31][TRADE]zeta4401 traded 12x Ghast Tear for 64x Kelp in shop botanicos on page "Page 47386"
[19/02/2025 20:51:32][TRADE]zeta4401 traded 12x Ghast Tear for 64x Carrot in shop botanicos on page "Page 47386"
[19/02/2025 20:51:33][TRADE]zeta4401 traded 12x Ghast Tear for 64x Carrot in shop botanicos on page "Page 47386"
[19/02/2025 20:51:33][TRADE]zeta4401 traded 12x Ghast Tear for 64x Kelp in shop botanicos on page "Page 47386"
[19/02/2025 20:51:34][TRADE]zeta4401 traded 12x Ghast Tear for 64x Wheat in shop botanicos on page "Page 47386"
[19/02/2025 20:51:35][TRADE]zeta4401 traded 12x Ghast Tear for 64x Cocoa Beans in shop botanicos on page "Page 47386"
[19/02/2025 20:51:37][TRADE]zeta4401 traded 12x Ghast Tear for 64x Beetroot in shop botanicos on page "Page 47386"
[19/02/2025 20:51:38][TRADE]zeta4401 traded 12x Ghast Tear for 64x Bamboo in shop botanicos on page "Page 47386"
[19/02/2025 20:51:39][TRADE]zeta4401 traded 12x Ghast Tear for 64x Cactus in shop botanicos on page "Page 47386"
[19/02/2025 20:51:40][TRADE]zeta4401 traded 12x Ghast Tear for 64x Wheat in shop botanicos on page "Page 47386"
[19/02/2025 20:51:41][TRADE]zeta4401 traded 12x Ghast Tear for 64x Lily Pad in shop botanicos on page "Page 47386"
[19/02/2025 20:51:43][TRADE]zeta4401 traded 12x Ghast Tear for 64x Sea Pickle in shop botanicos on page "Page 47386"
[19/02/2025 20:51:43][TRADE]zeta4401 traded 12x Ghast Tear for 64x Carrot in shop botanicos on page "Page 47386"
[19/02/2025 20:51:44][TRADE]zeta4401 traded 12x Ghast Tear for 64x Pumpkin in shop botanicos on page "Page 47386"
[19/02/2025 20:54:01][TRADE]zeta4401 traded 64x Kelp for 2x Ghast Tear in shop botanicos on page "Page 54345"
[19/02/2025 20:54:06][TRADE]zeta4401 traded 64x Red Mushroom for 2x Ghast Tear in shop botanicos on page "Page 54345"
[19/02/2025 20:54:14][TRADE]zeta4401 traded 64x Wheat for 2x Ghast Tear in shop botanicos on page "Page 54345"
[19/02/2025 21:10:40][TRADE]zeta4401 traded 12x Ghast Tear for 64x Apple in shop botanicos on page "Page 47386"
[19/02/2025 21:10:41][TRADE]zeta4401 traded 12x Ghast Tear for 64x Apple in shop botanicos on page "Page 47386"
[19/02/2025 21:10:42][TRADE]zeta4401 traded 12x Ghast Tear for 64x Potato in shop botanicos on page "Page 47386"
[19/02/2025 21:10:42][TRADE]zeta4401 traded 12x Ghast Tear for 64x Potato in shop botanicos on page "Page 47386"
[19/02/2025 21:10:42][TRADE]zeta4401 traded 12x Ghast Tear for 64x Melon Slice in shop botanicos on page "Page 47386"
[19/02/2025 21:10:43][TRADE]zeta4401 traded 12x Ghast Tear for 64x Melon Slice in shop botanicos on page "Page 47386"
[19/02/2025 21:10:43][TRADE]zeta4401 traded 12x Ghast Tear for 64x Sugar Cane in shop botanicos on page "Page 47386"
[19/02/2025 21:10:43][TRADE]zeta4401 traded 12x Ghast Tear for 64x Potato in shop botanicos on page "Page 47386"
[19/02/2025 21:10:44][TRADE]zeta4401 traded 12x Ghast Tear for 64x Beetroot in shop botanicos on page "Page 47386"
[19/02/2025 21:10:45][TRADE]zeta4401 traded 12x Ghast Tear for 64x Bamboo in shop botanicos on page "Page 47386"
[19/02/2025 21:10:46][TRADE]zeta4401 traded 12x Ghast Tear for 64x Beetroot in shop botanicos on page "Page 47386"
[19/02/2025 21:10:47][TRADE]zeta4401 traded 12x Ghast Tear for 64x Beetroot in shop botanicos on page "Page 47386"
[19/02/2025 21:10:47][TRADE]zeta4401 traded 12x Ghast Tear for 64x Wheat in shop botanicos on page "Page 47386"
[19/02/2025 21:10:49][TRADE]zeta4401 traded 12x Ghast Tear for 64x Kelp in shop botanicos on page "Page 47386"
[19/02/2025 21:10:49][TRADE]zeta4401 traded 12x Ghast Tear for 64x Carrot in shop botanicos on page "Page 47386"
[19/02/2025 21:10:49][TRADE]zeta4401 traded 12x Ghast Tear for 64x Kelp in shop botanicos on page "Page 47386"
[19/02/2025 21:10:50][TRADE]zeta4401 traded 12x Ghast Tear for 64x Cactus in shop botanicos on page "Page 47386"
[19/02/2025 21:10:51][TRADE]zeta4401 traded 12x Ghast Tear for 64x Wheat in shop botanicos on page "Page 47386"
[19/02/2025 21:10:51][TRADE]zeta4401 traded 12x Ghast Tear for 64x Lily Pad in shop botanicos on page "Page 47386"
[19/02/2025 21:10:54][TRADE]zeta4401 traded 12x Ghast Tear for 64x Carrot in shop botanicos on page "Page 47386"
[19/02/2025 21:10:54][TRADE]zeta4401 traded 12x Ghast Tear for 64x Pumpkin in shop botanicos on page "Page 47386"
[19/02/2025 21:18:44][TRADE]zeta4401 traded 12x Ghast Tear for 64x Apple in shop botanicos on page "Page 47386"
[19/02/2025 21:18:45][TRADE]zeta4401 traded 12x Ghast Tear for 64x Carrot in shop botanicos on page "Page 47386"
[19/02/2025 21:18:45][TRADE]zeta4401 traded 12x Ghast Tear for 64x Carrot in shop botanicos on page "Page 47386"
[19/02/2025 21:18:47][TRADE]zeta4401 traded 12x Ghast Tear for 64x Potato in shop botanicos on page "Page 47386"
[19/02/2025 21:18:50][TRADE]zeta4401 traded 12x Ghast Tear for 64x Potato in shop botanicos on page "Page 47386"
[19/02/2025 21:18:50][TRADE]zeta4401 traded 12x Ghast Tear for 64x Beetroot in shop botanicos on page "Page 47386"
[19/02/2025 21:18:51][TRADE]zeta4401 traded 12x Ghast Tear for 64x Beetroot in shop botanicos on page "Page 47386"
[19/02/2025 21:18:54][TRADE]zeta4401 traded 12x Ghast Tear for 64x Carrot in shop botanicos on page "Page 47386"
[19/02/2025 21:18:56][TRADE]zeta4401 traded 12x Ghast Tear for 64x Wheat in shop botanicos on page "Page 47386"
[19/02/2025 21:18:57][TRADE]zeta4401 traded 12x Ghast Tear for 64x Wheat in shop botanicos on page "Page 47386"
[19/02/2025 21:18:58][TRADE]zeta4401 traded 12x Ghast Tear for 64x Cocoa Beans in shop botanicos on page "Page 47386"
[19/02/2025 21:18:58][TRADE]zeta4401 traded 12x Ghast Tear for 64x Cocoa Beans in shop botanicos on page "Page 47386"
[19/02/2025 21:19:00][TRADE]zeta4401 traded 12x Ghast Tear for 64x Beetroot in shop botanicos on page "Page 47386"
[19/02/2025 21:19:03][TRADE]zeta4401 traded 12x Ghast Tear for 64x Carrot in shop botanicos on page "Page 47386"
[19/02/2025 21:19:04][TRADE]zeta4401 traded 12x Ghast Tear for 64x Carrot in shop botanicos on page "Page 47386"
[19/02/2025 21:19:04][TRADE]zeta4401 traded 12x Ghast Tear for 64x Sea Pickle in shop botanicos on page "Page 47386"
[19/02/2025 21:19:05][TRADE]zeta4401 traded 12x Ghast Tear for 64x Sea Pickle in shop botanicos on page "Page 47386"
[19/02/2025 21:19:06][TRADE]zeta4401 traded 12x Ghast Tear for 64x Wheat in shop botanicos on page "Page 47386"
[19/02/2025 21:19:07][TRADE]zeta4401 traded 12x Ghast Tear for 64x Lily Pad in shop botanicos on page "Page 47386"
[19/02/2025 22:23:08][TRADE]zeta4401 traded 12x Ghast Tear for 64x Potato in shop botanicos on page "Page 47386"
[19/02/2025 22:23:08][TRADE]zeta4401 traded 12x Ghast Tear for 64x Melon Slice in shop botanicos on page "Page 47386"
[19/02/2025 22:23:09][TRADE]zeta4401 traded 12x Ghast Tear for 64x Potato in shop botanicos on page "Page 47386"
[19/02/2025 22:23:10][TRADE]zeta4401 traded 12x Ghast Tear for 64x Beetroot in shop botanicos on page "Page 47386"
[19/02/2025 22:23:10][TRADE]zeta4401 traded 12x Ghast Tear for 64x Bamboo in shop botanicos on page "Page 47386"
[19/02/2025 22:23:11][TRADE]zeta4401 traded 12x Ghast Tear for 64x Beetroot in shop botanicos on page "Page 47386"
[19/02/2025 22:23:11][TRADE]zeta4401 traded 12x Ghast Tear for 64x Wheat in shop botanicos on page "Page 47386"
[19/02/2025 22:23:11][TRADE]zeta4401 traded 12x Ghast Tear for 64x Cocoa Beans in shop botanicos on page "Page 47386"
[19/02/2025 22:23:11][TRADE]zeta4401 traded 12x Ghast Tear for 64x Kelp in shop botanicos on page "Page 47386"
[19/02/2025 22:23:12][TRADE]zeta4401 traded 12x Ghast Tear for 64x Carrot in shop botanicos on page "Page 47386"
[19/02/2025 22:23:14][TRADE]zeta4401 traded 12x Ghast Tear for 64x Sea Pickle in shop botanicos on page "Page 47386"
[19/02/2025 22:23:14][TRADE]zeta4401 traded 12x Ghast Tear for 64x Carrot in shop botanicos on page "Page 47386"
[19/02/2025 22:23:14][TRADE]zeta4401 traded 12x Ghast Tear for 64x Pumpkin in shop botanicos on page "Page 47386"
[19/02/2025 22:23:28][TRADE]zeta4401 traded 12x Ghast Tear for 64x Apple in shop botanicos on page "Page 47386"
[19/02/2025 22:23:28][TRADE]zeta4401 traded 12x Ghast Tear for 64x Apple in shop botanicos on page "Page 47386"
[19/02/2025 22:23:28][TRADE]zeta4401 traded 12x Ghast Tear for 64x Carrot in shop botanicos on page "Page 47386"
[19/02/2025 22:23:28][TRADE]zeta4401 traded 12x Ghast Tear for 64x Carrot in shop botanicos on page "Page 47386"
[19/02/2025 22:23:29][TRADE]zeta4401 traded 12x Ghast Tear for 64x Potato in shop botanicos on page "Page 47386"
[19/02/2025 22:23:29][TRADE]zeta4401 traded 12x Ghast Tear for 64x Sugar Cane in shop botanicos on page "Page 47386"
[19/02/2025 22:23:29][TRADE]zeta4401 traded 12x Ghast Tear for 64x Potato in shop botanicos on page "Page 47386"
[19/02/2025 22:23:30][TRADE]zeta4401 traded 12x Ghast Tear for 64x Beetroot in shop botanicos on page "Page 47386"
[19/02/2025 22:23:30][TRADE]zeta4401 traded 12x Ghast Tear for 64x Beetroot in shop botanicos on page "Page 47386"
[19/02/2025 22:23:31][TRADE]zeta4401 traded 12x Ghast Tear for 64x Wheat in shop botanicos on page "Page 47386"
[19/02/2025 22:23:31][TRADE]zeta4401 traded 12x Ghast Tear for 64x Cocoa Beans in shop botanicos on page "Page 47386"
[19/02/2025 22:23:32][TRADE]zeta4401 traded 12x Ghast Tear for 64x Kelp in shop botanicos on page "Page 47386"
[19/02/2025 22:23:32][TRADE]zeta4401 traded 12x Ghast Tear for 64x Cactus in shop botanicos on page "Page 47386"
[19/02/2025 22:23:33][TRADE]zeta4401 traded 12x Ghast Tear for 64x Lily Pad in shop botanicos on page "Page 47386"
[19/02/2025 22:23:33][TRADE]zeta4401 traded 12x Ghast Tear for 64x Wheat in shop botanicos on page "Page 47386"
[19/02/2025 22:23:34][TRADE]zeta4401 traded 12x Ghast Tear for 64x Sea Pickle in shop botanicos on page "Page 47386"
[19/02/2025 22:23:34][TRADE]zeta4401 traded 12x Ghast Tear for 64x Carrot in shop botanicos on page "Page 47386"
[19/02/2025 22:23:36][TRADE]zeta4401 traded 12x Ghast Tear for 64x Lily Pad in shop botanicos on page "Page 47386"
[19/02/2025 22:23:37][TRADE]zeta4401 traded 12x Ghast Tear for 64x Carrot in shop botanicos on page "Page 47386"
[19/02/2025 22:55:30][TRADE]zeta4401 traded 64x Apple for 50x Ghast Tear in shop botanicos on page "Page 46136"
[19/02/2025 22:55:40][TRADE]zeta4401 traded 12x Ghast Tear for 64x Apple in shop botanicos on page "Page 47386"
[19/02/2025 22:55:40][TRADE]zeta4401 traded 12x Ghast Tear for 64x Carrot in shop botanicos on page "Page 47386"
[19/02/2025 22:55:41][TRADE]zeta4401 traded 12x Ghast Tear for 64x Carrot in shop botanicos on page "Page 47386"
[19/02/2025 22:55:41][TRADE]zeta4401 traded 12x Ghast Tear for 64x Potato in shop botanicos on page "Page 47386"
[19/02/2025 22:55:41][TRADE]zeta4401 traded 12x Ghast Tear for 64x Sugar Cane in shop botanicos on page "Page 47386"
[19/02/2025 22:55:42][TRADE]zeta4401 traded 12x Ghast Tear for 64x Potato in shop botanicos on page "Page 47386"
[19/02/2025 22:55:42][TRADE]zeta4401 traded 12x Ghast Tear for 64x Beetroot in shop botanicos on page "Page 47386"
[19/02/2025 22:55:53][TRADE]zeta4401 traded 12x Ghast Tear for 64x Apple in shop botanicos on page "Page 47386"
[19/02/2025 22:55:55][TRADE]zeta4401 traded 12x Ghast Tear for 64x Potato in shop botanicos on page "Page 47386"
[19/02/2025 22:55:56][TRADE]zeta4401 traded 12x Ghast Tear for 64x Melon Slice in shop botanicos on page "Page 47386"
[19/02/2025 22:56:00][TRADE]zeta4401 traded 12x Ghast Tear for 64x Bamboo in shop botanicos on page "Page 47386"
[19/02/2025 22:56:01][TRADE]zeta4401 traded 12x Ghast Tear for 64x Pumpkin in shop botanicos on page "Page 47386"
[19/02/2025 22:56:02][TRADE]zeta4401 traded 12x Ghast Tear for 64x Pumpkin in shop botanicos on page "Page 47386"
[19/02/2025 22:56:02][TRADE]zeta4401 traded 12x Ghast Tear for 64x Pumpkin in shop botanicos on page "Page 47386"
[19/02/2025 22:56:02][TRADE]zeta4401 traded 12x Ghast Tear for 64x Carrot in shop botanicos on page "Page 47386"
[19/02/2025 22:56:04][TRADE]zeta4401 traded 12x Ghast Tear for 64x Beetroot in shop botanicos on page "Page 47386"
[19/02/2025 22:56:04][TRADE]zeta4401 traded 12x Ghast Tear for 64x Beetroot in shop botanicos on page "Page 47386"
[19/02/2025 22:56:05][TRADE]zeta4401 traded 12x Ghast Tear for 64x Beetroot in shop botanicos on page "Page 47386"
[19/02/2025 22:56:05][TRADE]zeta4401 traded 12x Ghast Tear for 64x Wheat in shop botanicos on page "Page 47386"
[19/02/2025 22:56:06][TRADE]zeta4401 traded 12x Ghast Tear for 64x Sea Pickle in shop botanicos on page "Page 47386"
[19/02/2025 22:56:06][TRADE]zeta4401 traded 12x Ghast Tear for 64x Sea Pickle in shop botanicos on page "Page 47386"
[19/02/2025 22:56:07][TRADE]zeta4401 traded 12x Ghast Tear for 64x Cocoa Beans in shop botanicos on page "Page 47386"
[19/02/2025 22:56:07][TRADE]zeta4401 traded 12x Ghast Tear for 64x Cocoa Beans in shop botanicos on page "Page 47386"
[19/02/2025 22:56:08][TRADE]zeta4401 traded 12x Ghast Tear for 64x Kelp in shop botanicos on page "Page 47386"
[19/02/2025 22:56:09][TRADE]zeta4401 traded 12x Ghast Tear for 64x Carrot in shop botanicos on page "Page 47386"
[19/02/2025 22:56:10][TRADE]zeta4401 traded 12x Ghast Tear for 64x Carrot in shop botanicos on page "Page 47386"
[19/02/2025 22:56:11][TRADE]zeta4401 traded 12x Ghast Tear for 64x Cactus in shop botanicos on page "Page 47386"
[19/02/2025 22:56:12][TRADE]zeta4401 traded 12x Ghast Tear for 64x Wheat in shop botanicos on page "Page 47386"
[19/02/2025 22:56:13][TRADE]zeta4401 traded 12x Ghast Tear for 64x Lily Pad in shop botanicos on page "Page 47386"
[19/02/2025 22:56:13][TRADE]zeta4401 traded 12x Ghast Tear for 64x Wheat in shop botanicos on page "Page 47386"
[19/02/2025 22:56:14][TRADE]zeta4401 traded 12x Ghast Tear for 64x Wheat in shop botanicos on page "Page 47386"
[19/02/2025 22:56:25][TRADE]zeta4401 traded 12x Ghast Tear for 64x Apple in shop botanicos on page "Page 47386"
[19/02/2025 22:56:26][TRADE]zeta4401 traded 12x Ghast Tear for 64x Carrot in shop botanicos on page "Page 47386"
[19/02/2025 22:56:27][TRADE]zeta4401 traded 12x Ghast Tear for 64x Melon Slice in shop botanicos on page "Page 47386"
[19/02/2025 22:56:28][TRADE]zeta4401 traded 12x Ghast Tear for 64x Sugar Cane in shop botanicos on page "Page 47386"
[19/02/2025 22:56:28][TRADE]zeta4401 traded 12x Ghast Tear for 64x Potato in shop botanicos on page "Page 47386"
[19/02/2025 22:56:29][TRADE]zeta4401 traded 12x Ghast Tear for 64x Beetroot in shop botanicos on page "Page 47386"
[19/02/2025 22:56:29][TRADE]zeta4401 traded 12x Ghast Tear for 64x Beetroot in shop botanicos on page "Page 47386"
[19/02/2025 22:56:29][TRADE]zeta4401 traded 12x Ghast Tear for 64x Bamboo in shop botanicos on page "Page 47386"
[19/02/2025 22:56:31][TRADE]zeta4401 traded 12x Ghast Tear for 64x Wheat in shop botanicos on page "Page 47386"
[19/02/2025 22:56:31][TRADE]zeta4401 traded 12x Ghast Tear for 64x Cocoa Beans in shop botanicos on page "Page 47386"
[19/02/2025 22:56:31][TRADE]zeta4401 traded 12x Ghast Tear for 64x Kelp in shop botanicos on page "Page 47386"
[19/02/2025 22:56:32][TRADE]zeta4401 traded 12x Ghast Tear for 64x Kelp in shop botanicos on page "Page 47386"
[19/02/2025 22:56:33][TRADE]zeta4401 traded 12x Ghast Tear for 64x Cactus in shop botanicos on page "Page 47386"
[19/02/2025 22:56:33][TRADE]zeta4401 traded 12x Ghast Tear for 64x Lily Pad in shop botanicos on page "Page 47386"
[19/02/2025 22:56:33][TRADE]zeta4401 traded 12x Ghast Tear for 64x Wheat in shop botanicos on page "Page 47386"
[19/02/2025 22:56:35][TRADE]zeta4401 traded 12x Ghast Tear for 64x Sea Pickle in shop botanicos on page "Page 47386"
[19/02/2025 22:56:36][TRADE]zeta4401 traded 12x Ghast Tear for 64x Carrot in shop botanicos on page "Page 47386"
[19/02/2025 22:56:39][TRADE]zeta4401 traded 12x Ghast Tear for 64x Carrot in shop botanicos on page "Page 47386"
[19/02/2025 22:56:48][TRADE]zeta4401 traded 30x Ghast Tear for 64x Apple in shop botanicos on page "Page 59217"
[19/02/2025 23:11:51][TRADE]zeta4401 traded 30x Ghast Tear for 64x Kelp in shop botanicos on page "Page 59217"
[19/02/2025 23:11:52][TRADE]zeta4401 traded 30x Ghast Tear for 64x Kelp in shop botanicos on page "Page 59217"
[19/02/2025 23:11:52][TRADE]zeta4401 traded 30x Ghast Tear for 64x Kelp in shop botanicos on page "Page 59217"
[19/02/2025 23:11:53][TRADE]zeta4401 traded 30x Ghast Tear for 64x Kelp in shop botanicos on page "Page 59217"
[19/02/2025 23:11:54][TRADE]zeta4401 traded 30x Ghast Tear for 64x Kelp in shop botanicos on page "Page 59217"
[19/02/2025 23:11:54][TRADE]zeta4401 traded 30x Ghast Tear for 64x Kelp in shop botanicos on page "Page 59217"
[19/02/2025 23:11:55][TRADE]zeta4401 traded 30x Ghast Tear for 64x Melon Slice in shop botanicos on page "Page 59217"
[19/02/2025 23:11:56][TRADE]zeta4401 traded 30x Ghast Tear for 64x Sweet Berries in shop botanicos on page "Page 59217"
[19/02/2025 23:11:56][TRADE]zeta4401 traded 30x Ghast Tear for 64x Sweet Berries in shop botanicos on page "Page 59217"
[19/02/2025 23:11:57][TRADE]zeta4401 traded 30x Ghast Tear for 64x Sweet Berries in shop botanicos on page "Page 59217"
[19/02/2025 23:11:57][TRADE]zeta4401 traded 30x Ghast Tear for 64x Sweet Berries in shop botanicos on page "Page 59217"
[19/02/2025 23:11:57][TRADE]zeta4401 traded 30x Ghast Tear for 64x Sweet Berries in shop botanicos on page "Page 59217"
[19/02/2025 23:11:58][TRADE]zeta4401 traded 30x Ghast Tear for 64x Sweet Berries in shop botanicos on page "Page 59217"
[19/02/2025 23:11:59][TRADE]zeta4401 traded 30x Ghast Tear for 64x Sweet Berries in shop botanicos on page "Page 59217"
[19/02/2025 23:12:00][TRADE]zeta4401 traded 30x Ghast Tear for 64x Sweet Berries in shop botanicos on page "Page 59217"
[19/02/2025 23:12:00][TRADE]zeta4401 traded 30x Ghast Tear for 64x Sweet Berries in shop botanicos on page "Page 59217"
[19/02/2025 23:12:01][TRADE]zeta4401 traded 30x Ghast Tear for 64x Sweet Berries in shop botanicos on page "Page 59217"
[19/02/2025 23:12:02][TRADE]zeta4401 traded 30x Ghast Tear for 64x Sweet Berries in shop botanicos on page "Page 59217"
[19/02/2025 23:12:03][TRADE]zeta4401 traded 30x Ghast Tear for 64x Sweet Berries in shop botanicos on page "Page 59217"
[19/02/2025 23:12:03][TRADE]zeta4401 traded 30x Ghast Tear for 64x Sweet Berries in shop botanicos on page "Page 59217"
[19/02/2025 23:12:04][TRADE]zeta4401 traded 30x Ghast Tear for 64x Melon Slice in shop botanicos on page "Page 59217"
[19/02/2025 23:12:05][TRADE]zeta4401 traded 30x Ghast Tear for 64x Apple in shop botanicos on page "Page 59217"
[19/02/2025 23:12:05][TRADE]zeta4401 traded 30x Ghast Tear for 64x Apple in shop botanicos on page "Page 59217"
[19/02/2025 23:12:06][TRADE]zeta4401 traded 30x Ghast Tear for 64x Beetroot in shop botanicos on page "Page 59217"
[19/02/2025 23:12:07][TRADE]zeta4401 traded 30x Ghast Tear for 64x Apple in shop botanicos on page "Page 59217"
[19/02/2025 23:12:07][TRADE]zeta4401 traded 30x Ghast Tear for 64x Apple in shop botanicos on page "Page 59217"
[19/02/2025 23:12:08][TRADE]zeta4401 traded 30x Ghast Tear for 64x Apple in shop botanicos on page "Page 59217"
[19/02/2025 23:12:08][TRADE]zeta4401 traded 30x Ghast Tear for 64x Apple in shop botanicos on page "Page 59217"
[19/02/2025 23:12:09][TRADE]zeta4401 traded 30x Ghast Tear for 64x Apple in shop botanicos on page "Page 59217"
[19/02/2025 23:12:10][TRADE]zeta4401 traded 30x Ghast Tear for 64x Apple in shop botanicos on page "Page 59217"
[19/02/2025 23:12:26][TRADE]zeta4401 traded 30x Ghast Tear for 64x Kelp in shop botanicos on page "Page 59217"
[19/02/2025 23:12:29][TRADE]zeta4401 traded 30x Ghast Tear for 64x Kelp in shop botanicos on page "Page 59217"
[19/02/2025 23:12:31][TRADE]zeta4401 traded 30x Ghast Tear for 64x Melon Slice in shop botanicos on page "Page 59217"
[19/02/2025 23:12:32][TRADE]zeta4401 traded 30x Ghast Tear for 64x Sweet Berries in shop botanicos on page "Page 59217"
[19/02/2025 23:12:34][TRADE]zeta4401 traded 30x Ghast Tear for 64x Sweet Berries in shop botanicos on page "Page 59217"
[19/02/2025 23:12:34][TRADE]zeta4401 traded 30x Ghast Tear for 64x Sweet Berries in shop botanicos on page "Page 59217"
[19/02/2025 23:12:35][TRADE]zeta4401 traded 30x Ghast Tear for 64x Sweet Berries in shop botanicos on page "Page 59217"
[19/02/2025 23:12:36][TRADE]zeta4401 traded 30x Ghast Tear for 64x Sweet Berries in shop botanicos on page "Page 59217"
[19/02/2025 23:12:37][TRADE]zeta4401 traded 30x Ghast Tear for 64x Sweet Berries in shop botanicos on page "Page 59217"
[19/02/2025 23:12:38][TRADE]zeta4401 traded 30x Ghast Tear for 64x Sweet Berries in shop botanicos on page "Page 59217"
[19/02/2025 23:12:38][TRADE]zeta4401 traded 30x Ghast Tear for 64x Sweet Berries in shop botanicos on page "Page 59217"
[19/02/2025 23:12:40][TRADE]zeta4401 traded 30x Ghast Tear for 64x Melon Slice in shop botanicos on page "Page 59217"
[19/02/2025 23:12:42][TRADE]zeta4401 traded 30x Ghast Tear for 64x Beetroot in shop botanicos on page "Page 59217"
[19/02/2025 23:13:50][TRADE]zeta4401 traded 64x Wheat for 2x Ghast Tear in shop botanicos on page "Page 54345"
[19/02/2025 23:13:53][TRADE]zeta4401 traded 64x Red Mushroom for 2x Ghast Tear in shop botanicos on page "Page 54345"
[19/02/2025 23:14:00][TRADE]zeta4401 traded 64x Wheat for 2x Ghast Tear in shop botanicos on page "Page 54345"
[19/02/2025 23:14:01][TRADE]zeta4401 traded 64x Red Mushroom for 2x Ghast Tear in shop botanicos on page "Page 54345"
[19/02/2025 23:28:51][TRADE]zeta4401 traded 30x Ghast Tear for 64x Kelp in shop botanicos on page "Page 59217"
[19/02/2025 23:28:51][TRADE]zeta4401 traded 30x Ghast Tear for 64x Kelp in shop botanicos on page "Page 59217"
[19/02/2025 23:28:53][TRADE]zeta4401 traded 30x Ghast Tear for 64x Kelp in shop botanicos on page "Page 59217"
[19/02/2025 23:28:56][TRADE]zeta4401 traded 30x Ghast Tear for 64x Melon Slice in shop botanicos on page "Page 59217"
[19/02/2025 23:28:57][TRADE]zeta4401 traded 30x Ghast Tear for 64x Melon Slice in shop botanicos on page "Page 59217"
[19/02/2025 23:28:58][TRADE]zeta4401 traded 30x Ghast Tear for 64x Sweet Berries in shop botanicos on page "Page 59217"
[19/02/2025 23:28:58][TRADE]zeta4401 traded 30x Ghast Tear for 64x Sweet Berries in shop botanicos on page "Page 59217"
[19/02/2025 23:28:59][TRADE]zeta4401 traded 30x Ghast Tear for 64x Sweet Berries in shop botanicos on page "Page 59217"
[19/02/2025 23:29:00][TRADE]zeta4401 traded 30x Ghast Tear for 64x Sweet Berries in shop botanicos on page "Page 59217"
[19/02/2025 23:29:00][TRADE]zeta4401 traded 30x Ghast Tear for 64x Sweet Berries in shop botanicos on page "Page 59217"
[19/02/2025 23:29:01][TRADE]zeta4401 traded 30x Ghast Tear for 64x Sweet Berries in shop botanicos on page "Page 59217"
[19/02/2025 23:29:02][TRADE]zeta4401 traded 30x Ghast Tear for 64x Sweet Berries in shop botanicos on page "Page 59217"
[19/02/2025 23:29:02][TRADE]zeta4401 traded 30x Ghast Tear for 64x Sweet Berries in shop botanicos on page "Page 59217"
[19/02/2025 23:29:02][TRADE]zeta4401 traded 30x Ghast Tear for 64x Sweet Berries in shop botanicos on page "Page 59217"
[19/02/2025 23:29:02][TRADE]zeta4401 traded 30x Ghast Tear for 64x Sweet Berries in shop botanicos on page "Page 59217"
[19/02/2025 23:29:03][TRADE]zeta4401 traded 30x Ghast Tear for 64x Sweet Berries in shop botanicos on page "Page 59217"
[19/02/2025 23:29:04][TRADE]zeta4401 traded 30x Ghast Tear for 64x Sweet Berries in shop botanicos on page "Page 59217"
[19/02/2025 23:29:05][TRADE]zeta4401 traded 30x Ghast Tear for 64x Sweet Berries in shop botanicos on page "Page 59217"
[19/02/2025 23:29:06][TRADE]zeta4401 traded 30x Ghast Tear for 64x Apple in shop botanicos on page "Page 59217"
[19/02/2025 23:29:06][TRADE]zeta4401 traded 30x Ghast Tear for 64x Apple in shop botanicos on page "Page 59217"
[19/02/2025 23:29:06][TRADE]zeta4401 traded 30x Ghast Tear for 64x Beetroot in shop botanicos on page "Page 59217"
[19/02/2025 23:29:07][TRADE]zeta4401 traded 30x Ghast Tear for 64x Beetroot in shop botanicos on page "Page 59217"
[19/02/2025 23:29:08][TRADE]zeta4401 traded 30x Ghast Tear for 64x Apple in shop botanicos on page "Page 59217"
[19/02/2025 23:29:08][TRADE]zeta4401 traded 30x Ghast Tear for 64x Apple in shop botanicos on page "Page 59217"
[19/02/2025 23:29:10][TRADE]zeta4401 traded 30x Ghast Tear for 64x Apple in shop botanicos on page "Page 59217"
[19/02/2025 23:29:10][TRADE]zeta4401 traded 30x Ghast Tear for 64x Apple in shop botanicos on page "Page 59217"
[19/02/2025 23:29:29][TRADE]zeta4401 traded 30x Ghast Tear for 64x Kelp in shop botanicos on page "Page 59217"
[19/02/2025 23:29:30][TRADE]zeta4401 traded 30x Ghast Tear for 64x Kelp in shop botanicos on page "Page 59217"
[19/02/2025 23:29:33][TRADE]zeta4401 traded 30x Ghast Tear for 64x Sweet Berries in shop botanicos on page "Page 59217"
[19/02/2025 23:29:33][TRADE]zeta4401 traded 30x Ghast Tear for 64x Sweet Berries in shop botanicos on page "Page 59217"
[19/02/2025 23:29:34][TRADE]zeta4401 traded 30x Ghast Tear for 64x Melon Slice in shop botanicos on page "Page 59217"
[19/02/2025 23:29:37][TRADE]zeta4401 traded 30x Ghast Tear for 64x Apple in shop botanicos on page "Page 59217"
[19/02/2025 23:31:09][TRADE]zeta4401 traded 64x Kelp for 2x Ghast Tear in shop botanicos on page "Page 54345"
[19/02/2025 23:36:27][TRADE]zeta4401 traded 1x Ghast Tear for 64x Wheat in shop botanicos on page "Page 81569"
[19/02/2025 23:36:33][TRADE]zeta4401 traded 1x Ghast Tear for 64x Kelp in shop botanicos on page "Page 81569"
[19/02/2025 23:36:38][TRADE]zeta4401 traded 1x Ghast Tear for 64x Red Mushroom in shop botanicos on page "Page 81569"
[19/02/2025 23:38:13][TRADE]zeta4401 traded 64x Chorus Fruit for 2x Ghast Tear in shop botanicos on page "Page 54345"
[19/02/2025 23:38:46][TRADE]zeta4401 traded 64x Kelp for 2x Ghast Tear in shop botanicos on page "Page 54345"
[19/02/2025 23:38:49][TRADE]zeta4401 traded 64x Chorus Flower for 2x Ghast Tear in shop botanicos on page "Page 54345"
