[20/02/2025 00:17:39][TRADE]zeta4401 traded 30x Ghast Tear for 64x Kelp in shop botanicos on page "Page 59217"
[20/02/2025 00:17:41][TRADE]zeta4401 traded 30x Ghast Tear for 64x Kelp in shop botanicos on page "Page 59217"
[20/02/2025 00:17:42][TRADE]zeta4401 traded 30x Ghast Tear for 64x Kelp in shop botanicos on page "Page 59217"
[20/02/2025 00:17:43][TRADE]zeta4401 traded 30x Ghast Tear for 64x Melon Slice in shop botanicos on page "Page 59217"
[20/02/2025 00:17:43][TRADE]zeta4401 traded 30x Ghast Tear for 64x Melon Slice in shop botanicos on page "Page 59217"
[20/02/2025 00:17:44][TRADE]zeta4401 traded 30x Ghast Tear for 64x Sweet Berries in shop botanicos on page "Page 59217"
[20/02/2025 00:17:45][TRADE]zeta4401 traded 30x Ghast Tear for 64x Sweet Berries in shop botanicos on page "Page 59217"
[20/02/2025 00:17:47][TRADE]zeta4401 traded 30x Ghast Tear for 64x Sweet Berries in shop botanicos on page "Page 59217"
[20/02/2025 00:17:47][TRADE]zeta4401 traded 30x Ghast Tear for 64x Sweet Berries in shop botanicos on page "Page 59217"
[20/02/2025 00:17:47][TRADE]zeta4401 traded 30x Ghast Tear for 64x Sweet Berries in shop botanicos on page "Page 59217"
[20/02/2025 00:17:48][TRADE]zeta4401 traded 30x Ghast Tear for 64x Sweet Berries in shop botanicos on page "Page 59217"
[20/02/2025 00:17:49][TRADE]zeta4401 traded 30x Ghast Tear for 64x Sweet Berries in shop botanicos on page "Page 59217"
[20/02/2025 00:17:49][TRADE]zeta4401 traded 30x Ghast Tear for 64x Sweet Berries in shop botanicos on page "Page 59217"
[20/02/2025 00:17:51][TRADE]zeta4401 traded 30x Ghast Tear for 64x Sweet Berries in shop botanicos on page "Page 59217"
[20/02/2025 00:17:52][TRADE]zeta4401 traded 30x Ghast Tear for 64x Sweet Berries in shop botanicos on page "Page 59217"
[20/02/2025 00:17:53][TRADE]zeta4401 traded 30x Ghast Tear for 64x Sweet Berries in shop botanicos on page "Page 59217"
[20/02/2025 00:17:55][TRADE]zeta4401 traded 30x Ghast Tear for 64x Sweet Berries in shop botanicos on page "Page 59217"
[20/02/2025 00:17:55][TRADE]zeta4401 traded 30x Ghast Tear for 64x Sweet Berries in shop botanicos on page "Page 59217"
[20/02/2025 00:17:56][TRADE]zeta4401 traded 30x Ghast Tear for 64x Melon Slice in shop botanicos on page "Page 59217"
[20/02/2025 00:17:57][TRADE]zeta4401 traded 30x Ghast Tear for 64x Melon Slice in shop botanicos on page "Page 59217"
[20/02/2025 00:17:58][TRADE]zeta4401 traded 30x Ghast Tear for 64x Apple in shop botanicos on page "Page 59217"
[20/02/2025 00:17:59][TRADE]zeta4401 traded 30x Ghast Tear for 64x Beetroot in shop botanicos on page "Page 59217"
[20/02/2025 00:18:01][TRADE]zeta4401 traded 30x Ghast Tear for 64x Apple in shop botanicos on page "Page 59217"
[20/02/2025 00:18:02][TRADE]zeta4401 traded 30x Ghast Tear for 64x Apple in shop botanicos on page "Page 59217"
[20/02/2025 00:18:02][TRADE]zeta4401 traded 30x Ghast Tear for 64x Apple in shop botanicos on page "Page 59217"
[20/02/2025 00:18:03][TRADE]zeta4401 traded 30x Ghast Tear for 64x Apple in shop botanicos on page "Page 59217"
[20/02/2025 00:18:04][TRADE]zeta4401 traded 30x Ghast Tear for 64x Apple in shop botanicos on page "Page 59217"
[20/02/2025 00:18:05][TRADE]zeta4401 traded 30x Ghast Tear for 64x Apple in shop botanicos on page "Page 59217"
[20/02/2025 00:23:50][TRADE]zeta4401 traded 30x Ghast Tear for 64x Kelp in shop botanicos on page "Page 59217"
[20/02/2025 00:23:51][TRADE]zeta4401 traded 30x Ghast Tear for 64x Kelp in shop botanicos on page "Page 59217"
[20/02/2025 00:23:52][TRADE]zeta4401 traded 30x Ghast Tear for 64x Sweet Berries in shop botanicos on page "Page 59217"
[20/02/2025 00:23:52][TRADE]zeta4401 traded 30x Ghast Tear for 64x Sweet Berries in shop botanicos on page "Page 59217"
[20/02/2025 00:23:53][TRADE]zeta4401 traded 30x Ghast Tear for 64x Sweet Berries in shop botanicos on page "Page 59217"
[20/02/2025 00:23:53][TRADE]zeta4401 traded 30x Ghast Tear for 64x Sweet Berries in shop botanicos on page "Page 59217"
[20/02/2025 00:23:53][TRADE]zeta4401 traded 30x Ghast Tear for 64x Sweet Berries in shop botanicos on page "Page 59217"
[20/02/2025 00:23:54][TRADE]zeta4401 traded 30x Ghast Tear for 64x Sweet Berries in shop botanicos on page "Page 59217"
[20/02/2025 00:23:54][TRADE]zeta4401 traded 30x Ghast Tear for 64x Sweet Berries in shop botanicos on page "Page 59217"
[20/02/2025 00:23:55][TRADE]zeta4401 traded 30x Ghast Tear for 64x Sweet Berries in shop botanicos on page "Page 59217"
[20/02/2025 00:23:57][TRADE]zeta4401 traded 30x Ghast Tear for 64x Beetroot in shop botanicos on page "Page 59217"
[20/02/2025 00:23:58][TRADE]zeta4401 traded 30x Ghast Tear for 64x Apple in shop botanicos on page "Page 59217"
[20/02/2025 00:23:58][TRADE]zeta4401 traded 30x Ghast Tear for 64x Apple in shop botanicos on page "Page 59217"
[20/02/2025 00:24:01][TRADE]zeta4401 traded 30x Ghast Tear for 64x Sweet Berries in shop botanicos on page "Page 59217"
[20/02/2025 00:24:04][TRADE]zeta4401 traded 30x Ghast Tear for 64x Sweet Berries in shop botanicos on page "Page 59217"
[20/02/2025 00:24:07][TRADE]zeta4401 traded 30x Ghast Tear for 64x Sweet Berries in shop botanicos on page "Page 59217"
[20/02/2025 01:22:08][TRADE]zeta4401 traded 30x Ghast Tear for 64x Kelp in shop botanicos on page "Page 59217"
[20/02/2025 01:22:08][TRADE]zeta4401 traded 30x Ghast Tear for 64x Kelp in shop botanicos on page "Page 59217"
[20/02/2025 01:22:09][TRADE]zeta4401 traded 30x Ghast Tear for 64x Kelp in shop botanicos on page "Page 59217"
[20/02/2025 01:22:12][TRADE]zeta4401 traded 30x Ghast Tear for 64x Melon Slice in shop botanicos on page "Page 59217"
[20/02/2025 01:22:13][TRADE]zeta4401 traded 30x Ghast Tear for 64x Sweet Berries in shop botanicos on page "Page 59217"
[20/02/2025 01:22:14][TRADE]zeta4401 traded 30x Ghast Tear for 64x Sweet Berries in shop botanicos on page "Page 59217"
[20/02/2025 01:22:15][TRADE]zeta4401 traded 30x Ghast Tear for 64x Sweet Berries in shop botanicos on page "Page 59217"
[20/02/2025 01:22:15][TRADE]zeta4401 traded 30x Ghast Tear for 64x Sweet Berries in shop botanicos on page "Page 59217"
[20/02/2025 01:22:17][TRADE]zeta4401 traded 30x Ghast Tear for 64x Sweet Berries in shop botanicos on page "Page 59217"
[20/02/2025 01:22:18][TRADE]zeta4401 traded 30x Ghast Tear for 64x Sweet Berries in shop botanicos on page "Page 59217"
[20/02/2025 01:22:18][TRADE]zeta4401 traded 30x Ghast Tear for 64x Sweet Berries in shop botanicos on page "Page 59217"
[20/02/2025 01:22:20][TRADE]zeta4401 traded 30x Ghast Tear for 64x Sweet Berries in shop botanicos on page "Page 59217"
[20/02/2025 01:22:21][TRADE]zeta4401 traded 30x Ghast Tear for 64x Sweet Berries in shop botanicos on page "Page 59217"
[20/02/2025 01:22:21][TRADE]zeta4401 traded 30x Ghast Tear for 64x Sweet Berries in shop botanicos on page "Page 59217"
[20/02/2025 01:22:22][TRADE]zeta4401 traded 30x Ghast Tear for 64x Sweet Berries in shop botanicos on page "Page 59217"
[20/02/2025 01:22:24][TRADE]zeta4401 traded 30x Ghast Tear for 64x Melon Slice in shop botanicos on page "Page 59217"
[20/02/2025 01:22:25][TRADE]zeta4401 traded 30x Ghast Tear for 64x Apple in shop botanicos on page "Page 59217"
[20/02/2025 01:22:27][TRADE]zeta4401 traded 30x Ghast Tear for 64x Beetroot in shop botanicos on page "Page 59217"
[20/02/2025 01:22:28][TRADE]zeta4401 traded 30x Ghast Tear for 64x Apple in shop botanicos on page "Page 59217"
[20/02/2025 01:22:28][TRADE]zeta4401 traded 30x Ghast Tear for 64x Apple in shop botanicos on page "Page 59217"
[20/02/2025 01:22:29][TRADE]zeta4401 traded 30x Ghast Tear for 64x Apple in shop botanicos on page "Page 59217"
[20/02/2025 01:22:32][TRADE]zeta4401 traded 30x Ghast Tear for 64x Apple in shop botanicos on page "Page 59217"
[20/02/2025 01:22:33][TRADE]zeta4401 traded 30x Ghast Tear for 64x Apple in shop botanicos on page "Page 59217"
[20/02/2025 01:23:35][TRADE]zeta4401 traded 30x Ghast Tear for 64x Kelp in shop botanicos on page "Page 59217"
[20/02/2025 01:23:36][TRADE]zeta4401 traded 30x Ghast Tear for 64x Kelp in shop botanicos on page "Page 59217"
[20/02/2025 01:23:37][TRADE]zeta4401 traded 30x Ghast Tear for 64x Kelp in shop botanicos on page "Page 59217"
[20/02/2025 01:23:38][TRADE]zeta4401 traded 30x Ghast Tear for 64x Kelp in shop botanicos on page "Page 59217"
[20/02/2025 01:23:38][TRADE]zeta4401 traded 30x Ghast Tear for 64x Melon Slice in shop botanicos on page "Page 59217"
[20/02/2025 01:23:39][TRADE]zeta4401 traded 30x Ghast Tear for 64x Melon Slice in shop botanicos on page "Page 59217"
[20/02/2025 01:23:40][TRADE]zeta4401 traded 30x Ghast Tear for 64x Sweet Berries in shop botanicos on page "Page 59217"
[20/02/2025 01:23:41][TRADE]zeta4401 traded 30x Ghast Tear for 64x Sweet Berries in shop botanicos on page "Page 59217"
[20/02/2025 01:23:42][TRADE]zeta4401 traded 30x Ghast Tear for 64x Sweet Berries in shop botanicos on page "Page 59217"
[20/02/2025 01:23:44][TRADE]zeta4401 traded 30x Ghast Tear for 64x Sweet Berries in shop botanicos on page "Page 59217"
[20/02/2025 01:23:44][TRADE]zeta4401 traded 30x Ghast Tear for 64x Sweet Berries in shop botanicos on page "Page 59217"
[20/02/2025 01:23:45][TRADE]zeta4401 traded 30x Ghast Tear for 64x Sweet Berries in shop botanicos on page "Page 59217"
[20/02/2025 01:23:46][TRADE]zeta4401 traded 30x Ghast Tear for 64x Sweet Berries in shop botanicos on page "Page 59217"
[20/02/2025 01:23:47][TRADE]zeta4401 traded 30x Ghast Tear for 64x Melon Slice in shop botanicos on page "Page 59217"
[20/02/2025 01:23:48][TRADE]zeta4401 traded 30x Ghast Tear for 64x Apple in shop botanicos on page "Page 59217"
[20/02/2025 01:23:48][TRADE]zeta4401 traded 30x Ghast Tear for 64x Apple in shop botanicos on page "Page 59217"
[20/02/2025 01:23:48][TRADE]zeta4401 traded 30x Ghast Tear for 64x Beetroot in shop botanicos on page "Page 59217"
[20/02/2025 01:24:14][TRADE]zeta4401 traded 30x Ghast Tear for 64x Kelp in shop botanicos on page "Page 59217"
[20/02/2025 01:24:15][TRADE]zeta4401 traded 30x Ghast Tear for 64x Kelp in shop botanicos on page "Page 59217"
[20/02/2025 01:24:17][TRADE]zeta4401 traded 30x Ghast Tear for 64x Melon Slice in shop botanicos on page "Page 59217"
[20/02/2025 01:24:20][TRADE]zeta4401 traded 30x Ghast Tear for 64x Sweet Berries in shop botanicos on page "Page 59217"
[20/02/2025 01:24:22][TRADE]zeta4401 traded 30x Ghast Tear for 64x Sweet Berries in shop botanicos on page "Page 59217"
[20/02/2025 01:24:22][TRADE]zeta4401 traded 30x Ghast Tear for 64x Sweet Berries in shop botanicos on page "Page 59217"
[20/02/2025 01:24:23][TRADE]zeta4401 traded 30x Ghast Tear for 64x Sweet Berries in shop botanicos on page "Page 59217"
[20/02/2025 01:24:24][TRADE]zeta4401 traded 30x Ghast Tear for 64x Sweet Berries in shop botanicos on page "Page 59217"
[20/02/2025 01:24:26][TRADE]zeta4401 traded 30x Ghast Tear for 64x Beetroot in shop botanicos on page "Page 59217"
[20/02/2025 01:24:27][TRADE]zeta4401 traded 30x Ghast Tear for 64x Apple in shop botanicos on page "Page 59217"
[20/02/2025 01:24:29][TRADE]zeta4401 traded 30x Ghast Tear for 64x Apple in shop botanicos on page "Page 59217"
[20/02/2025 01:24:29][TRADE]zeta4401 traded 30x Ghast Tear for 64x Apple in shop botanicos on page "Page 59217"
[20/02/2025 01:24:41][TRADE]zeta4401 traded 30x Ghast Tear for 64x Kelp in shop botanicos on page "Page 59217"
[20/02/2025 01:24:44][TRADE]zeta4401 traded 30x Ghast Tear for 64x Sweet Berries in shop botanicos on page "Page 59217"
[20/02/2025 01:24:48][TRADE]zeta4401 traded 30x Ghast Tear for 64x Sweet Berries in shop botanicos on page "Page 59217"
[20/02/2025 01:24:50][TRADE]zeta4401 traded 30x Ghast Tear for 64x Sweet Berries in shop botanicos on page "Page 59217"
[20/02/2025 01:24:52][TRADE]zeta4401 traded 30x Ghast Tear for 64x Sweet Berries in shop botanicos on page "Page 59217"
[20/02/2025 01:24:54][TRADE]zeta4401 traded 30x Ghast Tear for 64x Sweet Berries in shop botanicos on page "Page 59217"
[20/02/2025 01:24:59][TRADE]zeta4401 traded 30x Ghast Tear for 64x Apple in shop botanicos on page "Page 59217"
[20/02/2025 01:25:08][TRADE]zeta4401 traded 30x Ghast Tear for 64x Apple in shop botanicos on page "Page 59217"
[20/02/2025 01:26:26][TRADE]zeta4401 traded 30x Ghast Tear for 64x Apple in shop botanicos on page "Page 59217"
[20/02/2025 01:26:27][TRADE]zeta4401 traded 30x Ghast Tear for 64x Apple in shop botanicos on page "Page 59217"
[20/02/2025 01:26:28][TRADE]zeta4401 traded 30x Ghast Tear for 64x Beetroot in shop botanicos on page "Page 59217"
[20/02/2025 01:26:29][TRADE]zeta4401 traded 30x Ghast Tear for 64x Melon Slice in shop botanicos on page "Page 59217"
[20/02/2025 01:26:30][TRADE]zeta4401 traded 30x Ghast Tear for 64x Sweet Berries in shop botanicos on page "Page 59217"
[20/02/2025 01:26:30][TRADE]zeta4401 traded 30x Ghast Tear for 64x Sweet Berries in shop botanicos on page "Page 59217"
[20/02/2025 01:26:33][TRADE]zeta4401 traded 30x Ghast Tear for 64x Sweet Berries in shop botanicos on page "Page 59217"
[20/02/2025 01:26:35][TRADE]zeta4401 traded 30x Ghast Tear for 64x Kelp in shop botanicos on page "Page 59217"
[20/02/2025 01:26:39][TRADE]zeta4401 traded 30x Ghast Tear for 64x Sweet Berries in shop botanicos on page "Page 59217"
[20/02/2025 14:40:26][TRADE]zeta4401 traded 30x Ghast Tear for 64x Kelp in shop botanicos on page "Page 59217"
[20/02/2025 14:40:28][TRADE]zeta4401 traded 30x Ghast Tear for 64x Sweet Berries in shop botanicos on page "Page 59217"
[20/02/2025 14:40:29][TRADE]zeta4401 traded 30x Ghast Tear for 64x Sweet Berries in shop botanicos on page "Page 59217"
[20/02/2025 14:40:29][TRADE]zeta4401 traded 30x Ghast Tear for 64x Sweet Berries in shop botanicos on page "Page 59217"
[20/02/2025 14:40:31][TRADE]zeta4401 traded 30x Ghast Tear for 64x Sweet Berries in shop botanicos on page "Page 59217"
[20/02/2025 14:40:32][TRADE]zeta4401 traded 30x Ghast Tear for 64x Sweet Berries in shop botanicos on page "Page 59217"
[20/02/2025 14:40:32][TRADE]zeta4401 traded 30x Ghast Tear for 64x Sweet Berries in shop botanicos on page "Page 59217"
[20/02/2025 14:40:32][TRADE]zeta4401 traded 30x Ghast Tear for 64x Sweet Berries in shop botanicos on page "Page 59217"
[20/02/2025 14:40:33][TRADE]zeta4401 traded 30x Ghast Tear for 64x Sweet Berries in shop botanicos on page "Page 59217"
[20/02/2025 14:40:33][TRADE]zeta4401 traded 30x Ghast Tear for 64x Sweet Berries in shop botanicos on page "Page 59217"
[20/02/2025 14:40:34][TRADE]zeta4401 traded 30x Ghast Tear for 64x Sweet Berries in shop botanicos on page "Page 59217"
[20/02/2025 14:40:34][TRADE]zeta4401 traded 30x Ghast Tear for 64x Sweet Berries in shop botanicos on page "Page 59217"
[20/02/2025 14:40:35][TRADE]zeta4401 traded 30x Ghast Tear for 64x Sweet Berries in shop botanicos on page "Page 59217"
[20/02/2025 14:40:35][TRADE]zeta4401 traded 30x Ghast Tear for 64x Sweet Berries in shop botanicos on page "Page 59217"
[20/02/2025 14:40:36][TRADE]zeta4401 traded 30x Ghast Tear for 64x Apple in shop botanicos on page "Page 59217"
[20/02/2025 14:40:37][TRADE]zeta4401 traded 30x Ghast Tear for 64x Beetroot in shop botanicos on page "Page 59217"
[20/02/2025 14:40:39][TRADE]zeta4401 traded 30x Ghast Tear for 64x Apple in shop botanicos on page "Page 59217"
[20/02/2025 14:40:39][TRADE]zeta4401 traded 30x Ghast Tear for 64x Apple in shop botanicos on page "Page 59217"
[20/02/2025 14:40:40][TRADE]zeta4401 traded 30x Ghast Tear for 64x Apple in shop botanicos on page "Page 59217"
[20/02/2025 14:40:41][TRADE]zeta4401 traded 30x Ghast Tear for 64x Apple in shop botanicos on page "Page 59217"
[20/02/2025 14:43:43][TRADE]zeta4401 traded 30x Ghast Tear for 64x Kelp in shop botanicos on page "Page 59217"
[20/02/2025 14:43:43][TRADE]zeta4401 traded 30x Ghast Tear for 64x Kelp in shop botanicos on page "Page 59217"
[20/02/2025 14:43:43][TRADE]zeta4401 traded 30x Ghast Tear for 64x Kelp in shop botanicos on page "Page 59217"
[20/02/2025 14:43:44][TRADE]zeta4401 traded 30x Ghast Tear for 64x Kelp in shop botanicos on page "Page 59217"
[20/02/2025 14:43:45][TRADE]zeta4401 traded 30x Ghast Tear for 64x Kelp in shop botanicos on page "Page 59217"
[20/02/2025 14:43:45][TRADE]zeta4401 traded 30x Ghast Tear for 64x Melon Slice in shop botanicos on page "Page 59217"
[20/02/2025 14:43:45][TRADE]zeta4401 traded 30x Ghast Tear for 64x Sweet Berries in shop botanicos on page "Page 59217"
[20/02/2025 14:43:46][TRADE]zeta4401 traded 30x Ghast Tear for 64x Sweet Berries in shop botanicos on page "Page 59217"
[20/02/2025 14:43:48][TRADE]zeta4401 traded 30x Ghast Tear for 64x Sweet Berries in shop botanicos on page "Page 59217"
[20/02/2025 14:43:48][TRADE]zeta4401 traded 30x Ghast Tear for 64x Sweet Berries in shop botanicos on page "Page 59217"
[20/02/2025 14:43:48][TRADE]zeta4401 traded 30x Ghast Tear for 64x Sweet Berries in shop botanicos on page "Page 59217"
[20/02/2025 14:43:48][TRADE]zeta4401 traded 30x Ghast Tear for 64x Sweet Berries in shop botanicos on page "Page 59217"
[20/02/2025 14:43:49][TRADE]zeta4401 traded 30x Ghast Tear for 64x Sweet Berries in shop botanicos on page "Page 59217"
[20/02/2025 14:43:50][TRADE]zeta4401 traded 30x Ghast Tear for 64x Melon Slice in shop botanicos on page "Page 59217"
[20/02/2025 14:43:50][TRADE]zeta4401 traded 30x Ghast Tear for 64x Apple in shop botanicos on page "Page 59217"
[20/02/2025 14:43:51][TRADE]zeta4401 traded 30x Ghast Tear for 64x Beetroot in shop botanicos on page "Page 59217"
[20/02/2025 14:43:52][TRADE]zeta4401 traded 30x Ghast Tear for 64x Apple in shop botanicos on page "Page 59217"
[20/02/2025 14:43:53][TRADE]zeta4401 traded 30x Ghast Tear for 64x Apple in shop botanicos on page "Page 59217"
[20/02/2025 14:43:53][TRADE]zeta4401 traded 30x Ghast Tear for 64x Apple in shop botanicos on page "Page 59217"
[20/02/2025 14:43:54][TRADE]zeta4401 traded 30x Ghast Tear for 64x Apple in shop botanicos on page "Page 59217"
[20/02/2025 14:43:55][TRADE]zeta4401 traded 30x Ghast Tear for 64x Sweet Berries in shop botanicos on page "Page 59217"
[20/02/2025 14:45:16][TRADE]zeta4401 traded 30x Ghast Tear for 64x Kelp in shop botanicos on page "Page 59217"
[20/02/2025 14:45:17][TRADE]zeta4401 traded 30x Ghast Tear for 64x Sweet Berries in shop botanicos on page "Page 59217"
[20/02/2025 14:45:19][TRADE]zeta4401 traded 30x Ghast Tear for 64x Melon Slice in shop botanicos on page "Page 59217"
[20/02/2025 14:45:20][TRADE]zeta4401 traded 30x Ghast Tear for 64x Kelp in shop botanicos on page "Page 59217"
[20/02/2025 14:45:22][TRADE]zeta4401 traded 30x Ghast Tear for 64x Sweet Berries in shop botanicos on page "Page 59217"
[20/02/2025 14:45:24][TRADE]zeta4401 traded 30x Ghast Tear for 64x Sweet Berries in shop botanicos on page "Page 59217"
[20/02/2025 14:46:26][TRADE]zeta4401 traded 30x Ghast Tear for 64x Sweet Berries in shop botanicos on page "Page 59217"
[20/02/2025 14:46:27][TRADE]zeta4401 traded 30x Ghast Tear for 64x Sweet Berries in shop botanicos on page "Page 59217"
[20/02/2025 14:46:28][TRADE]zeta4401 traded 30x Ghast Tear for 64x Sweet Berries in shop botanicos on page "Page 59217"
[20/02/2025 14:46:29][TRADE]zeta4401 traded 30x Ghast Tear for 64x Sweet Berries in shop botanicos on page "Page 59217"
[20/02/2025 14:46:29][TRADE]zeta4401 traded 30x Ghast Tear for 64x Sweet Berries in shop botanicos on page "Page 59217"
[20/02/2025 14:46:30][TRADE]zeta4401 traded 30x Ghast Tear for 64x Sweet Berries in shop botanicos on page "Page 59217"
[20/02/2025 14:46:30][TRADE]zeta4401 traded 30x Ghast Tear for 64x Sweet Berries in shop botanicos on page "Page 59217"
[20/02/2025 14:46:31][TRADE]zeta4401 traded 30x Ghast Tear for 64x Sweet Berries in shop botanicos on page "Page 59217"
[20/02/2025 14:46:32][TRADE]zeta4401 traded 30x Ghast Tear for 64x Sweet Berries in shop botanicos on page "Page 59217"
[20/02/2025 14:46:32][TRADE]zeta4401 traded 30x Ghast Tear for 64x Melon Slice in shop botanicos on page "Page 59217"
[20/02/2025 14:46:33][TRADE]zeta4401 traded 30x Ghast Tear for 64x Apple in shop botanicos on page "Page 59217"
[20/02/2025 14:46:33][TRADE]zeta4401 traded 30x Ghast Tear for 64x Beetroot in shop botanicos on page "Page 59217"
[20/02/2025 14:46:35][TRADE]zeta4401 traded 30x Ghast Tear for 64x Apple in shop botanicos on page "Page 59217"
[20/02/2025 14:47:18][TRADE]zeta4401 traded 30x Ghast Tear for 64x Sweet Berries in shop botanicos on page "Page 59217"
[20/02/2025 14:47:19][TRADE]zeta4401 traded 30x Ghast Tear for 64x Apple in shop botanicos on page "Page 59217"
[20/02/2025 14:47:20][TRADE]zeta4401 traded 30x Ghast Tear for 64x Apple in shop botanicos on page "Page 59217"
[20/02/2025 19:41:59][TRADE]zeta4401 traded 30x Ghast Tear for 64x Kelp in shop botanicos on page "Page 59217"
[20/02/2025 19:42:00][TRADE]zeta4401 traded 30x Ghast Tear for 64x Kelp in shop botanicos on page "Page 59217"
[20/02/2025 19:42:01][TRADE]zeta4401 traded 30x Ghast Tear for 64x Kelp in shop botanicos on page "Page 59217"
[20/02/2025 19:42:03][TRADE]zeta4401 traded 30x Ghast Tear for 64x Melon Slice in shop botanicos on page "Page 59217"
[20/02/2025 19:42:04][TRADE]zeta4401 traded 30x Ghast Tear for 64x Sweet Berries in shop botanicos on page "Page 59217"
[20/02/2025 19:42:04][TRADE]zeta4401 traded 30x Ghast Tear for 64x Sweet Berries in shop botanicos on page "Page 59217"
[20/02/2025 19:42:04][TRADE]zeta4401 traded 30x Ghast Tear for 64x Sweet Berries in shop botanicos on page "Page 59217"
[20/02/2025 19:42:04][TRADE]zeta4401 traded 30x Ghast Tear for 64x Sweet Berries in shop botanicos on page "Page 59217"
[20/02/2025 19:42:05][TRADE]zeta4401 traded 30x Ghast Tear for 64x Sweet Berries in shop botanicos on page "Page 59217"
[20/02/2025 19:42:05][TRADE]zeta4401 traded 30x Ghast Tear for 64x Sweet Berries in shop botanicos on page "Page 59217"
[20/02/2025 19:42:06][TRADE]zeta4401 traded 30x Ghast Tear for 64x Apple in shop botanicos on page "Page 59217"
[20/02/2025 19:42:07][TRADE]zeta4401 traded 30x Ghast Tear for 64x Sweet Berries in shop botanicos on page "Page 59217"
[20/02/2025 19:42:07][TRADE]zeta4401 traded 30x Ghast Tear for 64x Sweet Berries in shop botanicos on page "Page 59217"
[20/02/2025 19:42:07][TRADE]zeta4401 traded 30x Ghast Tear for 64x Sweet Berries in shop botanicos on page "Page 59217"
[20/02/2025 19:42:07][TRADE]zeta4401 traded 30x Ghast Tear for 64x Sweet Berries in shop botanicos on page "Page 59217"
[20/02/2025 19:42:08][TRADE]zeta4401 traded 30x Ghast Tear for 64x Sweet Berries in shop botanicos on page "Page 59217"
[20/02/2025 19:42:09][TRADE]zeta4401 traded 30x Ghast Tear for 64x Sweet Berries in shop botanicos on page "Page 59217"
[20/02/2025 19:42:10][TRADE]zeta4401 traded 30x Ghast Tear for 64x Sweet Berries in shop botanicos on page "Page 59217"
[20/02/2025 19:42:10][TRADE]zeta4401 traded 30x Ghast Tear for 64x Sweet Berries in shop botanicos on page "Page 59217"
[20/02/2025 19:42:11][TRADE]zeta4401 traded 30x Ghast Tear for 64x Sweet Berries in shop botanicos on page "Page 59217"
[20/02/2025 19:42:11][TRADE]zeta4401 traded 30x Ghast Tear for 64x Melon Slice in shop botanicos on page "Page 59217"
[20/02/2025 19:42:12][TRADE]zeta4401 traded 30x Ghast Tear for 64x Apple in shop botanicos on page "Page 59217"
[20/02/2025 19:42:13][TRADE]zeta4401 traded 30x Ghast Tear for 64x Beetroot in shop botanicos on page "Page 59217"
[20/02/2025 19:42:13][TRADE]zeta4401 traded 30x Ghast Tear for 64x Beetroot in shop botanicos on page "Page 59217"
[20/02/2025 19:42:15][TRADE]zeta4401 traded 30x Ghast Tear for 64x Apple in shop botanicos on page "Page 59217"
[20/02/2025 19:42:16][TRADE]zeta4401 traded 30x Ghast Tear for 64x Apple in shop botanicos on page "Page 59217"
[20/02/2025 19:42:18][TRADE]zeta4401 traded 30x Ghast Tear for 64x Sweet Berries in shop botanicos on page "Page 59217"
[20/02/2025 19:42:34][TRADE]zeta4401 traded 30x Ghast Tear for 64x Kelp in shop botanicos on page "Page 59217"
[20/02/2025 19:42:35][TRADE]zeta4401 traded 30x Ghast Tear for 64x Kelp in shop botanicos on page "Page 59217"
[20/02/2025 19:42:36][TRADE]zeta4401 traded 30x Ghast Tear for 64x Kelp in shop botanicos on page "Page 59217"
[20/02/2025 19:42:36][TRADE]zeta4401 traded 30x Ghast Tear for 64x Melon Slice in shop botanicos on page "Page 59217"
[20/02/2025 19:42:37][TRADE]zeta4401 traded 30x Ghast Tear for 64x Sweet Berries in shop botanicos on page "Page 59217"
[20/02/2025 19:42:37][TRADE]zeta4401 traded 30x Ghast Tear for 64x Sweet Berries in shop botanicos on page "Page 59217"
[20/02/2025 19:42:38][TRADE]zeta4401 traded 30x Ghast Tear for 64x Sweet Berries in shop botanicos on page "Page 59217"
[20/02/2025 19:42:39][TRADE]zeta4401 traded 30x Ghast Tear for 64x Sweet Berries in shop botanicos on page "Page 59217"
[20/02/2025 19:42:40][TRADE]zeta4401 traded 30x Ghast Tear for 64x Sweet Berries in shop botanicos on page "Page 59217"
[20/02/2025 19:42:40][TRADE]zeta4401 traded 30x Ghast Tear for 64x Sweet Berries in shop botanicos on page "Page 59217"
[20/02/2025 19:42:41][TRADE]zeta4401 traded 30x Ghast Tear for 64x Sweet Berries in shop botanicos on page "Page 59217"
[20/02/2025 19:42:41][TRADE]zeta4401 traded 30x Ghast Tear for 64x Sweet Berries in shop botanicos on page "Page 59217"
[20/02/2025 19:42:42][TRADE]zeta4401 traded 30x Ghast Tear for 64x Apple in shop botanicos on page "Page 59217"
[20/02/2025 19:42:42][TRADE]zeta4401 traded 30x Ghast Tear for 64x Beetroot in shop botanicos on page "Page 59217"
[20/02/2025 19:42:43][TRADE]zeta4401 traded 30x Ghast Tear for 64x Apple in shop botanicos on page "Page 59217"
[20/02/2025 19:42:44][TRADE]zeta4401 traded 30x Ghast Tear for 64x Apple in shop botanicos on page "Page 59217"
[20/02/2025 19:42:44][TRADE]zeta4401 traded 30x Ghast Tear for 64x Apple in shop botanicos on page "Page 59217"
[20/02/2025 19:42:45][TRADE]zeta4401 traded 30x Ghast Tear for 64x Apple in shop botanicos on page "Page 59217"
[20/02/2025 19:43:00][TRADE]zeta4401 traded 30x Ghast Tear for 64x Kelp in shop botanicos on page "Page 59217"
[20/02/2025 19:43:01][TRADE]zeta4401 traded 30x Ghast Tear for 64x Kelp in shop botanicos on page "Page 59217"
[20/02/2025 19:43:01][TRADE]zeta4401 traded 30x Ghast Tear for 64x Kelp in shop botanicos on page "Page 59217"
[20/02/2025 19:43:03][TRADE]zeta4401 traded 30x Ghast Tear for 64x Sweet Berries in shop botanicos on page "Page 59217"
[20/02/2025 19:43:04][TRADE]zeta4401 traded 30x Ghast Tear for 64x Sweet Berries in shop botanicos on page "Page 59217"
[20/02/2025 19:43:04][TRADE]zeta4401 traded 30x Ghast Tear for 64x Sweet Berries in shop botanicos on page "Page 59217"
[20/02/2025 19:43:04][TRADE]zeta4401 traded 30x Ghast Tear for 64x Melon Slice in shop botanicos on page "Page 59217"
[20/02/2025 19:43:06][TRADE]zeta4401 traded 30x Ghast Tear for 64x Apple in shop botanicos on page "Page 59217"
[20/02/2025 19:43:06][TRADE]zeta4401 traded 30x Ghast Tear for 64x Apple in shop botanicos on page "Page 59217"
[20/02/2025 19:43:23][TRADE]zeta4401 traded 30x Ghast Tear for 64x Kelp in shop botanicos on page "Page 59217"
[20/02/2025 19:43:24][TRADE]zeta4401 traded 30x Ghast Tear for 64x Kelp in shop botanicos on page "Page 59217"
[20/02/2025 19:43:24][TRADE]zeta4401 traded 30x Ghast Tear for 64x Kelp in shop botanicos on page "Page 59217"
[20/02/2025 19:43:25][TRADE]zeta4401 traded 30x Ghast Tear for 64x Melon Slice in shop botanicos on page "Page 59217"
[20/02/2025 19:43:27][TRADE]zeta4401 traded 30x Ghast Tear for 64x Sweet Berries in shop botanicos on page "Page 59217"
[20/02/2025 19:43:29][TRADE]zeta4401 traded 30x Ghast Tear for 64x Sweet Berries in shop botanicos on page "Page 59217"
[20/02/2025 19:43:30][TRADE]zeta4401 traded 30x Ghast Tear for 64x Sweet Berries in shop botanicos on page "Page 59217"
[20/02/2025 19:43:32][TRADE]zeta4401 traded 30x Ghast Tear for 64x Apple in shop botanicos on page "Page 59217"
[20/02/2025 19:43:34][TRADE]zeta4401 traded 30x Ghast Tear for 64x Beetroot in shop botanicos on page "Page 59217"
[20/02/2025 19:43:49][TRADE]zeta4401 traded 30x Ghast Tear for 64x Apple in shop botanicos on page "Page 59217"
[20/02/2025 19:43:51][TRADE]zeta4401 traded 30x Ghast Tear for 64x Melon Slice in shop botanicos on page "Page 59217"
[20/02/2025 19:43:53][TRADE]zeta4401 traded 30x Ghast Tear for 64x Apple in shop botanicos on page "Page 59217"
[20/02/2025 19:43:54][TRADE]zeta4401 traded 30x Ghast Tear for 64x Sweet Berries in shop botanicos on page "Page 59217"
[20/02/2025 19:43:56][TRADE]zeta4401 traded 30x Ghast Tear for 64x Sweet Berries in shop botanicos on page "Page 59217"
[20/02/2025 19:43:58][TRADE]zeta4401 traded 30x Ghast Tear for 64x Sweet Berries in shop botanicos on page "Page 59217"
[20/02/2025 19:44:02][TRADE]zeta4401 traded 30x Ghast Tear for 64x Sweet Berries in shop botanicos on page "Page 59217"
[20/02/2025 19:44:15][TRADE]zeta4401 traded 30x Ghast Tear for 64x Sweet Berries in shop botanicos on page "Page 59217"
[20/02/2025 19:44:16][TRADE]zeta4401 traded 30x Ghast Tear for 64x Apple in shop botanicos on page "Page 59217"
[20/02/2025 22:27:53][TRADE]YudaxNot traded 12x Ghast Tear for 64x Carrot in shop botanicos on page "Page 47386"
[20/02/2025 22:27:54][TRADE]YudaxNot traded 12x Ghast Tear for 64x Sea Pickle in shop botanicos on page "Page 47386"
[20/02/2025 22:27:54][TRADE]YudaxNot traded 12x Ghast Tear for 64x Beetroot in shop botanicos on page "Page 47386"
[20/02/2025 22:27:55][TRADE]YudaxNot traded 12x Ghast Tear for 64x Wheat in shop botanicos on page "Page 47386"
[20/02/2025 22:27:56][TRADE]YudaxNot traded 12x Ghast Tear for 64x Cocoa Beans in shop botanicos on page "Page 47386"
[20/02/2025 22:27:57][TRADE]YudaxNot traded 12x Ghast Tear for 64x Carrot in shop botanicos on page "Page 47386"
[20/02/2025 22:27:58][TRADE]YudaxNot traded 12x Ghast Tear for 64x Lily Pad in shop botanicos on page "Page 47386"
[20/02/2025 22:27:58][TRADE]YudaxNot traded 12x Ghast Tear for 64x Wheat in shop botanicos on page "Page 47386"
[20/02/2025 22:27:59][TRADE]YudaxNot traded 12x Ghast Tear for 64x Lily Pad in shop botanicos on page "Page 47386"
[20/02/2025 22:28:01][TRADE]YudaxNot traded 12x Ghast Tear for 64x Carrot in shop botanicos on page "Page 47386"
[20/02/2025 22:28:03][TRADE]YudaxNot traded 12x Ghast Tear for 64x Carrot in shop botanicos on page "Page 47386"
[20/02/2025 22:28:04][TRADE]YudaxNot traded 12x Ghast Tear for 64x Apple in shop botanicos on page "Page 47386"
[20/02/2025 22:28:04][TRADE]YudaxNot traded 12x Ghast Tear for 64x Carrot in shop botanicos on page "Page 47386"
[20/02/2025 22:28:05][TRADE]YudaxNot traded 12x Ghast Tear for 64x Apple in shop botanicos on page "Page 47386"
[20/02/2025 22:28:06][TRADE]YudaxNot traded 12x Ghast Tear for 64x Potato in shop botanicos on page "Page 47386"
[20/02/2025 22:28:08][TRADE]YudaxNot traded 12x Ghast Tear for 64x Potato in shop botanicos on page "Page 47386"
[20/02/2025 22:28:09][TRADE]YudaxNot traded 12x Ghast Tear for 64x Potato in shop botanicos on page "Page 47386"
[20/02/2025 22:28:09][TRADE]YudaxNot traded 12x Ghast Tear for 64x Potato in shop botanicos on page "Page 47386"
[20/02/2025 22:28:10][TRADE]YudaxNot traded 12x Ghast Tear for 64x Beetroot in shop botanicos on page "Page 47386"
[20/02/2025 22:28:12][TRADE]YudaxNot traded 12x Ghast Tear for 64x Potato in shop botanicos on page "Page 47386"
[20/02/2025 22:28:13][TRADE]YudaxNot traded 12x Ghast Tear for 64x Potato in shop botanicos on page "Page 47386"
[20/02/2025 22:28:16][TRADE]YudaxNot traded 12x Ghast Tear for 64x Beetroot in shop botanicos on page "Page 47386"
[20/02/2025 22:28:17][TRADE]YudaxNot traded 12x Ghast Tear for 64x Wheat in shop botanicos on page "Page 47386"
[20/02/2025 22:28:17][TRADE]YudaxNot traded 12x Ghast Tear for 64x Wheat in shop botanicos on page "Page 47386"
[20/02/2025 22:28:20][TRADE]YudaxNot traded 12x Ghast Tear for 64x Carrot in shop botanicos on page "Page 47386"
[20/02/2025 22:28:20][TRADE]YudaxNot traded 12x Ghast Tear for 64x Carrot in shop botanicos on page "Page 47386"
[20/02/2025 22:28:22][TRADE]YudaxNot traded 12x Ghast Tear for 64x Cocoa Beans in shop botanicos on page "Page 47386"
