[16/02/2025 02:14:06][TRADE]APHNYX traded 5x Ghast Tear for 64x Oak Log in shop lenador on page "Page 6160"
[16/02/2025 02:14:06][TRADE]APHNYX traded 5x Ghast Tear for 64x Oak Log in shop lenador on page "Page 6160"
[16/02/2025 02:14:08][TRADE]APHNYX traded 5x Ghast Tear for 64x Birch Log in shop lenador on page "Page 6160"
[16/02/2025 02:14:08][TRADE]APHNYX traded 5x Ghast Tear for 64x Birch Log in shop lenador on page "Page 6160"
[16/02/2025 02:14:09][TRADE]APHNYX traded 5x Ghast Tear for 64x Birch Log in shop lenador on page "Page 6160"
[16/02/2025 02:14:09][TRADE]APHNYX traded 5x Ghast Tear for 64x Birch Log in shop lenador on page "Page 6160"
[16/02/2025 02:14:09][TRADE]APHNYX traded 5x Ghast Tear for 64x Birch Log in shop lenador on page "Page 6160"
[16/02/2025 02:40:45][TRADE]APHNYX traded 5x Ghast Tear for 64x Oak Log in shop lenador on page "Page 6160"
[16/02/2025 02:40:45][TRADE]APHNYX traded 5x Ghast Tear for 64x Oak Log in shop lenador on page "Page 6160"
[16/02/2025 02:40:45][TRADE]APHNYX traded 5x Ghast Tear for 64x Oak Log in shop lenador on page "Page 6160"
[16/02/2025 02:40:46][TRADE]APHNYX traded 5x Ghast Tear for 64x Oak Log in shop lenador on page "Page 6160"
[16/02/2025 02:40:46][TRADE]APHNYX traded 5x Ghast Tear for 64x Oak Log in shop lenador on page "Page 6160"
[16/02/2025 02:40:46][TRADE]APHNYX traded 5x Ghast Tear for 64x Oak Log in shop lenador on page "Page 6160"
[16/02/2025 10:31:04][TRADE]Catoncio_1 traded 5x Ghast Tear for 64x Birch Log in shop lenador on page "Page 6160"
[16/02/2025 15:35:06][TRADE]Molotove_ traded 5x Ghast Tear for 64x Birch Log in shop lenador on page "Page 6160"
[16/02/2025 15:35:07][TRADE]Molotove_ traded 5x Ghast Tear for 64x Birch Log in shop lenador on page "Page 6160"
[16/02/2025 15:35:07][TRADE]Molotove_ traded 5x Ghast Tear for 64x Birch Log in shop lenador on page "Page 6160"
[16/02/2025 15:35:08][TRADE]Molotove_ traded 5x Ghast Tear for 64x Birch Log in shop lenador on page "Page 6160"
[16/02/2025 15:57:59][TRADE]luiguiwar traded 5x Ghast Tear for 64x Spruce Log in shop lenador on page "Page 6160"
[16/02/2025 15:58:00][TRADE]luiguiwar traded 5x Ghast Tear for 64x Spruce Log in shop lenador on page "Page 6160"
[16/02/2025 15:58:00][TRADE]luiguiwar traded 5x Ghast Tear for 64x Spruce Log in shop lenador on page "Page 6160"
[16/02/2025 15:58:00][TRADE]luiguiwar traded 5x Ghast Tear for 64x Spruce Log in shop lenador on page "Page 6160"
[16/02/2025 15:58:00][TRADE]luiguiwar traded 5x Ghast Tear for 64x Spruce Log in shop lenador on page "Page 6160"
[16/02/2025 15:58:01][TRADE]luiguiwar traded 5x Ghast Tear for 64x Spruce Log in shop lenador on page "Page 6160"
[16/02/2025 15:58:02][TRADE]luiguiwar traded 5x Ghast Tear for 64x Spruce Log in shop lenador on page "Page 6160"
[16/02/2025 15:58:03][TRADE]luiguiwar traded 5x Ghast Tear for 64x Spruce Log in shop lenador on page "Page 6160"
[16/02/2025 15:58:03][TRADE]luiguiwar traded 5x Ghast Tear for 64x Spruce Log in shop lenador on page "Page 6160"
[16/02/2025 15:58:06][TRADE]luiguiwar traded 5x Ghast Tear for 64x Oak Log in shop lenador on page "Page 6160"
[16/02/2025 15:58:06][TRADE]luiguiwar traded 5x Ghast Tear for 64x Oak Log in shop lenador on page "Page 6160"
[16/02/2025 15:58:07][TRADE]luiguiwar traded 5x Ghast Tear for 64x Oak Log in shop lenador on page "Page 6160"
[16/02/2025 15:58:07][TRADE]luiguiwar traded 5x Ghast Tear for 64x Oak Log in shop lenador on page "Page 6160"
[16/02/2025 15:58:07][TRADE]luiguiwar traded 5x Ghast Tear for 64x Oak Log in shop lenador on page "Page 6160"
[16/02/2025 15:58:09][TRADE]luiguiwar traded 5x Ghast Tear for 64x Birch Log in shop lenador on page "Page 6160"
[16/02/2025 15:58:10][TRADE]luiguiwar traded 5x Ghast Tear for 64x Birch Log in shop lenador on page "Page 6160"
[16/02/2025 15:58:10][TRADE]luiguiwar traded 5x Ghast Tear for 64x Birch Log in shop lenador on page "Page 6160"
[16/02/2025 15:58:10][TRADE]luiguiwar traded 5x Ghast Tear for 64x Birch Log in shop lenador on page "Page 6160"
[16/02/2025 15:58:23][TRADE]zeta4401 traded 5x Ghast Tear for 64x Oak Log in shop lenador on page "Page 6160"
[16/02/2025 15:58:24][TRADE]zeta4401 traded 5x Ghast Tear for 64x Oak Log in shop lenador on page "Page 6160"
[16/02/2025 15:58:24][TRADE]zeta4401 traded 5x Ghast Tear for 64x Oak Log in shop lenador on page "Page 6160"
[16/02/2025 15:58:26][TRADE]zeta4401 traded 5x Ghast Tear for 64x Birch Log in shop lenador on page "Page 6160"
[16/02/2025 16:15:37][TRADE]luiguiwar traded 5x Ghast Tear for 64x Oak Log in shop lenador on page "Page 6160"
[16/02/2025 17:28:07][TRADE]APHNYX traded 64x Warped Stem for 1x Ghast Tear,50x Ghast Tear in shop lenador on page "Page 49099"
[16/02/2025 17:28:08][TRADE]APHNYX traded 64x Jungle Log for 1x Ghast Tear in shop lenador on page "Page 49099"
[16/02/2025 17:28:14][TRADE]APHNYX traded 10x Ghast Tear for 64x Jungle Log in shop lenador on page "Page 6160"
[16/02/2025 17:28:15][TRADE]APHNYX traded 15x Ghast Tear for 64x Warped Stem in shop lenador on page "Page 6160"
[16/02/2025 17:30:18][TRADE]APHNYX traded 64x Acacia Log for 1x Ghast Tear in shop lenador on page "Page 49099"
[16/02/2025 17:30:22][TRADE]APHNYX traded 10x Ghast Tear for 64x Acacia Log in shop lenador on page "Page 6160"
[16/02/2025 17:38:19][TRADE]SafiroBarabaja22 traded 64x Birch Log for 50x Ghast Tear in shop lenador on page "Page 49099"
[16/02/2025 17:43:23][TRADE]SafiroBarabaja22 traded 5x Ghast Tear for 64x Birch Log in shop lenador on page "Page 6160"
[16/02/2025 17:43:25][TRADE]SafiroBarabaja22 traded 5x Ghast Tear for 64x Birch Log in shop lenador on page "Page 6160"
[16/02/2025 17:46:38][TRADE]zeta4401 traded 5x Ghast Tear for 64x Oak Log in shop lenador on page "Page 6160"
[16/02/2025 17:46:38][TRADE]zeta4401 traded 5x Ghast Tear for 64x Oak Log in shop lenador on page "Page 6160"
[16/02/2025 17:46:40][TRADE]zeta4401 traded 5x Ghast Tear for 64x Oak Log in shop lenador on page "Page 6160"
[16/02/2025 17:46:40][TRADE]zeta4401 traded 5x Ghast Tear for 64x Oak Log in shop lenador on page "Page 6160"
[16/02/2025 17:46:41][TRADE]zeta4401 traded 5x Ghast Tear for 64x Oak Log in shop lenador on page "Page 6160"
[16/02/2025 17:46:41][TRADE]zeta4401 traded 5x Ghast Tear for 64x Oak Log in shop lenador on page "Page 6160"
[16/02/2025 17:46:41][TRADE]zeta4401 traded 5x Ghast Tear for 64x Oak Log in shop lenador on page "Page 6160"
[16/02/2025 17:46:41][TRADE]zeta4401 traded 5x Ghast Tear for 64x Oak Log in shop lenador on page "Page 6160"
[16/02/2025 17:46:41][TRADE]zeta4401 traded 5x Ghast Tear for 64x Oak Log in shop lenador on page "Page 6160"
[16/02/2025 17:46:42][TRADE]zeta4401 traded 5x Ghast Tear for 64x Oak Log in shop lenador on page "Page 6160"
[16/02/2025 17:46:42][TRADE]zeta4401 traded 5x Ghast Tear for 64x Oak Log in shop lenador on page "Page 6160"
[16/02/2025 19:56:59][TRADE]Ghost_1390 traded 5x Ghast Tear for 64x Birch Log in shop lenador on page "Page 6160"
[16/02/2025 20:59:39][TRADE]SafiroBarabaja22 traded 5x Ghast Tear for 64x Birch Log in shop lenador on page "Page 6160"
[16/02/2025 20:59:48][TRADE]SafiroBarabaja22 traded 64x Oak Log for 50x Ghast Tear in shop lenador on page "Page 49099"
[16/02/2025 20:59:53][TRADE]SafiroBarabaja22 traded 5x Ghast Tear for 64x Oak Log in shop lenador on page "Page 6160"
[16/02/2025 20:59:53][TRADE]SafiroBarabaja22 traded 5x Ghast Tear for 64x Oak Log in shop lenador on page "Page 6160"
[16/02/2025 20:59:55][TRADE]SafiroBarabaja22 traded 5x Ghast Tear for 64x Spruce Log in shop lenador on page "Page 6160"
[16/02/2025 22:08:21][TRADE]luiguiwar traded 5x Ghast Tear for 64x Spruce Log in shop lenador on page "Page 6160"
[16/02/2025 22:08:21][TRADE]luiguiwar traded 5x Ghast Tear for 64x Spruce Log in shop lenador on page "Page 6160"
[16/02/2025 22:08:22][TRADE]luiguiwar traded 5x Ghast Tear for 64x Spruce Log in shop lenador on page "Page 6160"
[16/02/2025 22:08:22][TRADE]luiguiwar traded 5x Ghast Tear for 64x Spruce Log in shop lenador on page "Page 6160"
[16/02/2025 22:08:23][TRADE]luiguiwar traded 5x Ghast Tear for 64x Spruce Log in shop lenador on page "Page 6160"
[16/02/2025 22:08:24][TRADE]luiguiwar traded 5x Ghast Tear for 64x Spruce Log in shop lenador on page "Page 6160"
[16/02/2025 22:08:26][TRADE]luiguiwar traded 5x Ghast Tear for 64x Oak Log in shop lenador on page "Page 6160"
[16/02/2025 22:40:20][TRADE]Ghost_1390 traded 5x Ghast Tear for 64x Oak Log in shop lenador on page "Page 6160"
[16/02/2025 22:40:20][TRADE]Ghost_1390 traded 5x Ghast Tear for 64x Oak Log in shop lenador on page "Page 6160"
[16/02/2025 22:40:21][TRADE]Ghost_1390 traded 5x Ghast Tear for 64x Oak Log in shop lenador on page "Page 6160"
[16/02/2025 22:40:22][TRADE]Ghost_1390 traded 5x Ghast Tear for 64x Oak Log in shop lenador on page "Page 6160"
[16/02/2025 22:40:22][TRADE]Ghost_1390 traded 5x Ghast Tear for 64x Oak Log in shop lenador on page "Page 6160"
