[21/02/2025 06:16:59][TRADE]Molotove_ traded 12x Ghast Tear for 64x Birch Log in shop lenador on page "Page 6160"
[21/02/2025 06:16:59][TRADE]Molotove_ traded 12x Ghast Tear for 64x Birch Log in shop lenador on page "Page 6160"
[21/02/2025 06:17:00][TRADE]Molotove_ traded 12x Ghast Tear for 64x Birch Log in shop lenador on page "Page 6160"
[21/02/2025 06:17:00][TRADE]Molotove_ traded 12x Ghast Tear for 64x Birch Log in shop lenador on page "Page 6160"
[21/02/2025 06:17:01][TRADE]Molotove_ traded 12x Ghast Tear for 64x Birch Log in shop lenador on page "Page 6160"
[21/02/2025 06:17:01][TRADE]Molotove_ traded 12x Ghast Tear for 64x Birch Log in shop lenador on page "Page 6160"
[21/02/2025 06:17:02][TRADE]Molotove_ traded 12x Ghast Tear for 64x Birch Log in shop lenador on page "Page 6160"
[21/02/2025 06:17:02][TRADE]Molotove_ traded 12x Ghast Tear for 64x Birch Log in shop lenador on page "Page 6160"
[21/02/2025 15:26:31][TRADE]zeta4401 traded 64x Jungle Log for 1x Ghast Tear in shop lenador on page "Page 49099"
[21/02/2025 15:26:32][TRADE]zeta4401 traded 64x Jungle Log for 1x Ghast Tear in shop lenador on page "Page 49099"
[21/02/2025 15:34:39][TRADE]zeta4401 traded 64x Dark Oak Log for 1x Ghast Tear in shop lenador on page "Page 49099"
[21/02/2025 15:34:39][TRADE]zeta4401 traded 64x Dark Oak Log for 1x Ghast Tear in shop lenador on page "Page 49099"
[21/02/2025 17:18:19][TRADE]zeta4401 traded 64x Jungle Log for 1x Ghast Tear in shop lenador on page "Page 49099"
[21/02/2025 17:18:20][TRADE]zeta4401 traded 64x Jungle Log for 1x Ghast Tear in shop lenador on page "Page 49099"
[21/02/2025 17:37:46][TRADE]zeta4401 traded 64x Acacia Log for 1x Ghast Tear in shop lenador on page "Page 49099"
[21/02/2025 17:37:46][TRADE]zeta4401 traded 64x Acacia Log for 1x Ghast Tear in shop lenador on page "Page 49099"
[21/02/2025 19:23:12][TRADE]zeta4401 traded 64x Jungle Log for 1x Ghast Tear in shop lenador on page "Page 49099"
[21/02/2025 19:23:33][TRADE]zeta4401 traded 64x Jungle Log for 1x Ghast Tear in shop lenador on page "Page 49099"
[21/02/2025 19:29:10][TRADE]zeta4401 traded 64x Acacia Log for 1x Ghast Tear in shop lenador on page "Page 49099"
[21/02/2025 19:29:11][TRADE]zeta4401 traded 64x Acacia Log for 1x Ghast Tear in shop lenador on page "Page 49099"
[21/02/2025 20:09:37][TRADE]zeta4401 traded 64x Birch Log for 50x Ghast Tear in shop lenador on page "Page 49099"
[21/02/2025 20:09:38][TRADE]zeta4401 traded 64x Birch Log for 50x Ghast Tear in shop lenador on page "Page 49099"
[21/02/2025 20:14:45][TRADE]zeta4401 traded 64x Dark Oak Log for 1x Ghast Tear in shop lenador on page "Page 49099"
[21/02/2025 20:14:57][TRADE]zeta4401 traded 64x Dark Oak Log for 1x Ghast Tear in shop lenador on page "Page 49099"
[21/02/2025 20:32:48][TRADE]zeta4401 traded 64x Warped Stem for 1x Ghast Tear,50x Ghast Tear in shop lenador on page "Page 49099"
[21/02/2025 20:32:49][TRADE]zeta4401 traded 64x Warped Stem for 1x Ghast Tear,50x Ghast Tear in shop lenador on page "Page 49099"
[21/02/2025 20:32:49][TRADE]zeta4401 traded 64x Warped Stem for 1x Ghast Tear,50x Ghast Tear in shop lenador on page "Page 49099"
[21/02/2025 20:32:50][TRADE]zeta4401 traded 64x Warped Stem for 1x Ghast Tear,50x Ghast Tear in shop lenador on page "Page 49099"
[21/02/2025 22:21:31][TRADE]zeta4401 traded 64x Birch Log for 50x Ghast Tear in shop lenador on page "Page 49099"
[21/02/2025 22:21:31][TRADE]zeta4401 traded 64x Birch Log for 50x Ghast Tear in shop lenador on page "Page 49099"
[21/02/2025 22:21:32][TRADE]zeta4401 traded 64x Birch Log for 50x Ghast Tear in shop lenador on page "Page 49099"
[21/02/2025 22:32:28][TRADE]zeta4401 traded 64x Birch Log for 50x Ghast Tear in shop lenador on page "Page 49099"
[21/02/2025 22:33:26][TRADE]zeta4401 traded 64x Birch Log for 50x Ghast Tear in shop lenador on page "Page 49099"
[21/02/2025 23:35:12][TRADE]luiguiwar traded 64x Acacia Log for 1x Ghast Tear in shop lenador on page "Page 49099"
[21/02/2025 23:35:13][TRADE]luiguiwar traded 64x Acacia Log for 1x Ghast Tear in shop lenador on page "Page 49099"
[21/02/2025 23:35:14][TRADE]luiguiwar traded 64x Acacia Log for 1x Ghast Tear in shop lenador on page "Page 49099"
[21/02/2025 23:35:14][TRADE]luiguiwar traded 64x Acacia Log for 1x Ghast Tear in shop lenador on page "Page 49099"
[21/02/2025 23:35:15][TRADE]luiguiwar traded 64x Acacia Log for 1x Ghast Tear in shop lenador on page "Page 49099"
[21/02/2025 23:35:15][TRADE]luiguiwar traded 64x Acacia Log for 1x Ghast Tear in shop lenador on page "Page 49099"
[21/02/2025 23:35:16][TRADE]luiguiwar traded 64x Acacia Log for 1x Ghast Tear in shop lenador on page "Page 49099"
[21/02/2025 23:35:16][TRADE]luiguiwar traded 64x Acacia Log for 1x Ghast Tear in shop lenador on page "Page 49099"
[21/02/2025 23:35:17][TRADE]luiguiwar traded 64x Dark Oak Log for 1x Ghast Tear in shop lenador on page "Page 49099"
[21/02/2025 23:35:18][TRADE]luiguiwar traded 64x Dark Oak Log for 1x Ghast Tear in shop lenador on page "Page 49099"
[21/02/2025 23:35:18][TRADE]luiguiwar traded 64x Dark Oak Log for 1x Ghast Tear in shop lenador on page "Page 49099"
[21/02/2025 23:35:19][TRADE]luiguiwar traded 64x Dark Oak Log for 1x Ghast Tear in shop lenador on page "Page 49099"
[21/02/2025 23:35:19][TRADE]luiguiwar traded 64x Dark Oak Log for 1x Ghast Tear in shop lenador on page "Page 49099"
[21/02/2025 23:35:20][TRADE]luiguiwar traded 64x Dark Oak Log for 1x Ghast Tear in shop lenador on page "Page 49099"
[21/02/2025 23:35:20][TRADE]luiguiwar traded 64x Dark Oak Log for 1x Ghast Tear in shop lenador on page "Page 49099"
[21/02/2025 23:35:21][TRADE]luiguiwar traded 64x Dark Oak Log for 1x Ghast Tear in shop lenador on page "Page 49099"
