[24/02/2025 05:32:03][TRADE]Molotove_ traded 12x Ghast Tear for 64x Birch Log in shop lenador on page "Page 6160"
[24/02/2025 05:32:04][TRADE]Molotove_ traded 12x Ghast Tear for 64x Birch Log in shop lenador on page "Page 6160"
[24/02/2025 05:32:04][TRADE]Molotove_ traded 12x Ghast Tear for 64x Birch Log in shop lenador on page "Page 6160"
[24/02/2025 05:32:05][TRADE]Molotove_ traded 12x Ghast Tear for 64x Birch Log in shop lenador on page "Page 6160"
[24/02/2025 05:32:05][TRADE]Molotove_ traded 12x Ghast Tear for 64x Birch Log in shop lenador on page "Page 6160"
[24/02/2025 05:32:06][TRADE]Molotove_ traded 12x Ghast Tear for 64x Birch Log in shop lenador on page "Page 6160"
[24/02/2025 15:39:15][TRADE]Molotove_ traded 12x Ghast Tear for 64x Oak Log in shop lenador on page "Page 6160"
[24/02/2025 15:39:16][TRADE]Molotove_ traded 12x Ghast Tear for 64x Oak Log in shop lenador on page "Page 6160"
[24/02/2025 15:39:16][TRADE]Molotove_ traded 12x Ghast Tear for 64x Oak Log in shop lenador on page "Page 6160"
[24/02/2025 15:39:17][TRADE]Molotove_ traded 12x Ghast Tear for 64x Oak Log in shop lenador on page "Page 6160"
[24/02/2025 15:39:17][TRADE]Molotove_ traded 12x Ghast Tear for 64x Oak Log in shop lenador on page "Page 6160"
[24/02/2025 15:39:18][TRADE]Molotove_ traded 12x Ghast Tear for 64x Oak Log in shop lenador on page "Page 6160"
[24/02/2025 15:39:18][TRADE]Molotove_ traded 12x Ghast Tear for 64x Oak Log in shop lenador on page "Page 6160"
[24/02/2025 15:39:19][TRADE]Molotove_ traded 12x Ghast Tear for 64x Oak Log in shop lenador on page "Page 6160"
[24/02/2025 16:16:39][TRADE]Molotove_ traded 12x Ghast Tear for 64x Oak Log in shop lenador on page "Page 6160"
[24/02/2025 16:16:39][TRADE]Molotove_ traded 12x Ghast Tear for 64x Oak Log in shop lenador on page "Page 6160"
[24/02/2025 16:16:39][TRADE]Molotove_ traded 12x Ghast Tear for 64x Oak Log in shop lenador on page "Page 6160"
[24/02/2025 16:16:40][TRADE]Molotove_ traded 12x Ghast Tear for 64x Oak Log in shop lenador on page "Page 6160"
[24/02/2025 16:16:40][TRADE]Molotove_ traded 12x Ghast Tear for 64x Oak Log in shop lenador on page "Page 6160"
[24/02/2025 17:37:30][TRADE]Sanblaster traded 12x Ghast Tear for 64x Birch Log in shop lenador on page "Page 6160"
[24/02/2025 17:37:31][TRADE]Sanblaster traded 12x Ghast Tear for 64x Birch Log in shop lenador on page "Page 6160"
[24/02/2025 17:46:53][TRADE]NivlekNot traded 64x Jungle Log for 1x Ghast Tear in shop lenador on page "Page 49099"
[24/02/2025 17:47:00][TRADE]NivlekNot traded 64x Dark Oak Log for 1x Ghast Tear in shop lenador on page "Page 49099"
[24/02/2025 17:47:00][TRADE]NivlekNot traded 64x Dark Oak Log for 1x Ghast Tear in shop lenador on page "Page 49099"
[24/02/2025 18:24:54][TRADE]YudaxNot traded 64x Jungle Log for 1x Ghast Tear in shop lenador on page "Page 49099"
[24/02/2025 18:25:02][TRADE]YudaxNot traded 64x Acacia Log for 1x Ghast Tear in shop lenador on page "Page 49099"
[24/02/2025 18:25:32][TRADE]YudaxNot traded 64x Acacia Log for 1x Ghast Tear in shop lenador on page "Page 49099"
[24/02/2025 18:25:34][TRADE]YudaxNot traded 64x Jungle Log for 1x Ghast Tear in shop lenador on page "Page 49099"
[24/02/2025 18:26:19][TRADE]YudaxNot traded 64x Birch Log for 50x Ghast Tear in shop lenador on page "Page 49099"
[24/02/2025 18:26:45][TRADE]YudaxNot traded 64x Spruce Log for 50x Ghast Tear in shop lenador on page "Page 49099"
[24/02/2025 18:26:47][TRADE]YudaxNot traded 64x Birch Log for 50x Ghast Tear in shop lenador on page "Page 49099"
[24/02/2025 18:28:37][TRADE]YudaxNot traded 64x Birch Log for 50x Ghast Tear in shop lenador on page "Page 49099"
[24/02/2025 18:28:57][TRADE]YudaxNot traded 64x Spruce Log for 50x Ghast Tear in shop lenador on page "Page 49099"
[24/02/2025 19:48:13][TRADE]YudaxNot traded 64x Cherry Log for 1x Ghast Tear,50x Ghast Tear in shop lenador on page "Page 49099"
[24/02/2025 19:48:13][TRADE]YudaxNot traded 64x Cherry Log for 1x Ghast Tear,50x Ghast Tear in shop lenador on page "Page 49099"
[24/02/2025 19:48:14][TRADE]YudaxNot traded 64x Cherry Log for 1x Ghast Tear,50x Ghast Tear in shop lenador on page "Page 49099"
[24/02/2025 19:48:15][TRADE]YudaxNot traded 64x Cherry Log for 1x Ghast Tear,50x Ghast Tear in shop lenador on page "Page 49099"
[24/02/2025 19:49:12][TRADE]NivlekNot traded 64x Crimson Stem for 1x Ghast Tear,50x Ghast Tear in shop lenador on page "Page 49099"
[24/02/2025 19:49:13][TRADE]NivlekNot traded 64x Cherry Log for 1x Ghast Tear,50x Ghast Tear in shop lenador on page "Page 49099"
[24/02/2025 19:49:19][TRADE]NivlekNot traded 64x Dark Oak Log for 1x Ghast Tear in shop lenador on page "Page 49099"
[24/02/2025 19:49:21][TRADE]NivlekNot traded 64x Dark Oak Log for 1x Ghast Tear in shop lenador on page "Page 49099"
[24/02/2025 19:49:21][TRADE]NivlekNot traded 64x Dark Oak Log for 1x Ghast Tear in shop lenador on page "Page 49099"
[24/02/2025 19:49:25][TRADE]NivlekNot traded 64x Jungle Log for 1x Ghast Tear in shop lenador on page "Page 49099"
[24/02/2025 19:49:26][TRADE]NivlekNot traded 64x Jungle Log for 1x Ghast Tear in shop lenador on page "Page 49099"
[24/02/2025 19:50:48][TRADE]NivlekNot traded 64x Mangrove Log for 1x Ghast Tear,50x Ghast Tear in shop lenador on page "Page 49099"
[24/02/2025 19:51:01][TRADE]NivlekNot traded 64x Crimson Stem for 1x Ghast Tear,50x Ghast Tear in shop lenador on page "Page 49099"
