[19/02/2025 00:51:57][TRADE]TheEnderpro42 traded 12x Ghast Tear for 64x Oak Log in shop lenador on page "Page 6160"
[19/02/2025 00:51:58][TRADE]TheEnderpro42 traded 12x Ghast Tear for 64x Oak Log in shop lenador on page "Page 6160"
[19/02/2025 00:51:58][TRADE]TheEnderpro42 traded 12x Ghast Tear for 64x Oak Log in shop lenador on page "Page 6160"
[19/02/2025 00:51:59][TRADE]TheEnderpro42 traded 12x Ghast Tear for 64x Oak Log in shop lenador on page "Page 6160"
[19/02/2025 00:51:59][TRADE]TheEnderpro42 traded 12x Ghast Tear for 64x Oak Log in shop lenador on page "Page 6160"
[19/02/2025 00:51:59][TRADE]TheEnderpro42 traded 12x Ghast Tear for 64x Oak Log in shop lenador on page "Page 6160"
[19/02/2025 00:51:59][TRADE]TheEnderpro42 traded 12x Ghast Tear for 64x Oak Log in shop lenador on page "Page 6160"
[19/02/2025 00:51:59][TRADE]TheEnderpro42 traded 12x Ghast Tear for 64x Oak Log in shop lenador on page "Page 6160"
[19/02/2025 00:52:00][TRADE]TheEnderpro42 traded 12x Ghast Tear for 64x Oak Log in shop lenador on page "Page 6160"
[19/02/2025 00:52:00][TRADE]TheEnderpro42 traded 12x Ghast Tear for 64x Oak Log in shop lenador on page "Page 6160"
[19/02/2025 00:52:00][TRADE]TheEnderpro42 traded 12x Ghast Tear for 64x Oak Log in shop lenador on page "Page 6160"
[19/02/2025 00:52:02][TRADE]TheEnderpro42 traded 12x Ghast Tear for 64x Birch Log in shop lenador on page "Page 6160"
[19/02/2025 00:52:02][TRADE]TheEnderpro42 traded 12x Ghast Tear for 64x Birch Log in shop lenador on page "Page 6160"
[19/02/2025 01:49:55][TRADE]APHNYX traded 12x Ghast Tear for 64x Oak Log in shop lenador on page "Page 6160"
[19/02/2025 01:49:55][TRADE]APHNYX traded 12x Ghast Tear for 64x Oak Log in shop lenador on page "Page 6160"
[19/02/2025 01:49:56][TRADE]APHNYX traded 12x Ghast Tear for 64x Oak Log in shop lenador on page "Page 6160"
[19/02/2025 01:49:56][TRADE]APHNYX traded 12x Ghast Tear for 64x Oak Log in shop lenador on page "Page 6160"
[19/02/2025 01:49:56][TRADE]APHNYX traded 12x Ghast Tear for 64x Oak Log in shop lenador on page "Page 6160"
[19/02/2025 01:49:56][TRADE]APHNYX traded 12x Ghast Tear for 64x Oak Log in shop lenador on page "Page 6160"
[19/02/2025 01:49:57][TRADE]APHNYX traded 12x Ghast Tear for 64x Oak Log in shop lenador on page "Page 6160"
[19/02/2025 01:49:59][TRADE]APHNYX traded 12x Ghast Tear for 64x Birch Log in shop lenador on page "Page 6160"
[19/02/2025 01:50:00][TRADE]APHNYX traded 12x Ghast Tear for 64x Birch Log in shop lenador on page "Page 6160"
[19/02/2025 20:07:01][TRADE]zeta4401 traded 12x Ghast Tear for 64x Oak Log in shop lenador on page "Page 6160"
[19/02/2025 20:07:02][TRADE]zeta4401 traded 12x Ghast Tear for 64x Spruce Log in shop lenador on page "Page 6160"
[19/02/2025 20:54:51][TRADE]zeta4401 traded 64x Cherry Log for 1x Ghast Tear,50x Ghast Tear in shop lenador on page "Page 49099"
[19/02/2025 20:54:53][TRADE]zeta4401 traded 64x Cherry Log for 1x Ghast Tear,50x Ghast Tear in shop lenador on page "Page 49099"
[19/02/2025 20:55:02][TRADE]zeta4401 traded 64x Cherry Log for 1x Ghast Tear,50x Ghast Tear in shop lenador on page "Page 49099"
[19/02/2025 20:55:03][TRADE]zeta4401 traded 64x Cherry Log for 1x Ghast Tear,50x Ghast Tear in shop lenador on page "Page 49099"
[19/02/2025 23:14:56][TRADE]zeta4401 traded 64x Cherry Log for 1x Ghast Tear,50x Ghast Tear in shop lenador on page "Page 49099"
[19/02/2025 23:14:56][TRADE]zeta4401 traded 64x Cherry Log for 1x Ghast Tear,50x Ghast Tear in shop lenador on page "Page 49099"
[19/02/2025 23:14:57][TRADE]zeta4401 traded 64x Cherry Log for 1x Ghast Tear,50x Ghast Tear in shop lenador on page "Page 49099"
[19/02/2025 23:14:58][TRADE]zeta4401 traded 64x Cherry Log for 1x Ghast Tear,50x Ghast Tear in shop lenador on page "Page 49099"
[19/02/2025 23:14:58][TRADE]zeta4401 traded 64x Cherry Log for 1x Ghast Tear,50x Ghast Tear in shop lenador on page "Page 49099"
[19/02/2025 23:14:59][TRADE]zeta4401 traded 64x Cherry Log for 1x Ghast Tear,50x Ghast Tear in shop lenador on page "Page 49099"
[19/02/2025 23:14:59][TRADE]zeta4401 traded 64x Cherry Log for 1x Ghast Tear,50x Ghast Tear in shop lenador on page "Page 49099"
[19/02/2025 23:29:58][TRADE]zeta4401 traded 64x Cherry Log for 1x Ghast Tear,50x Ghast Tear in shop lenador on page "Page 49099"
