[22/02/2025 00:26:19][TRADE]NivlekNot traded 64x Acacia Log for 1x Ghast Tear in shop lenador on page "Page 49099"
[22/02/2025 00:26:19][TRADE]NivlekNot traded 64x Acacia Log for 1x Ghast Tear in shop lenador on page "Page 49099"
[22/02/2025 00:26:19][TRADE]NivlekNot traded 64x Acacia Log for 1x Ghast Tear in shop lenador on page "Page 49099"
[22/02/2025 00:26:20][TRADE]NivlekNot traded 64x Acacia Log for 1x Ghast Tear in shop lenador on page "Page 49099"
[22/02/2025 00:27:41][TRADE]NivlekNot traded 64x Birch Log for 50x Ghast Tear in shop lenador on page "Page 49099"
[22/02/2025 00:27:41][TRADE]NivlekNot traded 64x Birch Log for 50x Ghast Tear in shop lenador on page "Page 49099"
[22/02/2025 00:39:43][TRADE]NivlekNot traded 64x Warped Stem for 1x Ghast Tear,50x Ghast Tear in shop lenador on page "Page 49099"
[22/02/2025 00:39:44][TRADE]NivlekNot traded 64x Warped Stem for 1x Ghast Tear,50x Ghast Tear in shop lenador on page "Page 49099"
[22/02/2025 00:39:44][TRADE]NivlekNot traded 64x Warped Stem for 1x Ghast Tear,50x Ghast Tear in shop lenador on page "Page 49099"
[22/02/2025 00:39:45][TRADE]NivlekNot traded 64x Warped Stem for 1x Ghast Tear,50x Ghast Tear in shop lenador on page "Page 49099"
[22/02/2025 00:39:46][TRADE]NivlekNot traded 64x Warped Stem for 1x Ghast Tear,50x Ghast Tear in shop lenador on page "Page 49099"
[22/02/2025 00:39:47][TRADE]NivlekNot traded 64x Warped Stem for 1x Ghast Tear,50x Ghast Tear in shop lenador on page "Page 49099"
[22/02/2025 00:39:48][TRADE]NivlekNot traded 64x Warped Stem for 1x Ghast Tear,50x Ghast Tear in shop lenador on page "Page 49099"
[22/02/2025 00:40:02][TRADE]NivlekNot traded 64x Warped Stem for 1x Ghast Tear,50x Ghast Tear in shop lenador on page "Page 49099"
[22/02/2025 00:57:50][TRADE]NivlekNot traded 64x Oak Log for 50x Ghast Tear in shop lenador on page "Page 49099"
[22/02/2025 00:57:51][TRADE]NivlekNot traded 64x Spruce Log for 50x Ghast Tear in shop lenador on page "Page 49099"
[22/02/2025 11:43:28][TRADE]TheEnderpro42 traded 64x Cherry Log for 1x Ghast Tear,50x Ghast Tear in shop lenador on page "Page 49099"
[22/02/2025 11:43:29][TRADE]TheEnderpro42 traded 64x Cherry Log for 1x Ghast Tear,50x Ghast Tear in shop lenador on page "Page 49099"
[22/02/2025 11:43:41][TRADE]TheEnderpro42 traded 64x Cherry Log for 1x Ghast Tear,50x Ghast Tear in shop lenador on page "Page 49099"
[22/02/2025 11:44:02][TRADE]TheEnderpro42 traded 64x Cherry Log for 1x Ghast Tear,50x Ghast Tear in shop lenador on page "Page 49099"
[22/02/2025 11:46:10][TRADE]TheEnderpro42 traded 64x Warped Stem for 1x Ghast Tear,50x Ghast Tear in shop lenador on page "Page 49099"
[22/02/2025 11:46:19][TRADE]TheEnderpro42 traded 64x Warped Stem for 1x Ghast Tear,50x Ghast Tear in shop lenador on page "Page 49099"
[22/02/2025 11:58:08][TRADE]NivlekNot traded 64x Cherry Log for 1x Ghast Tear,50x Ghast Tear in shop lenador on page "Page 49099"
[22/02/2025 11:58:15][TRADE]NivlekNot traded 64x Cherry Log for 1x Ghast Tear,50x Ghast Tear in shop lenador on page "Page 49099"
[22/02/2025 11:58:16][TRADE]NivlekNot traded 64x Cherry Log for 1x Ghast Tear,50x Ghast Tear in shop lenador on page "Page 49099"
[22/02/2025 11:58:16][TRADE]NivlekNot traded 64x Cherry Log for 1x Ghast Tear,50x Ghast Tear in shop lenador on page "Page 49099"
[22/02/2025 19:37:58][TRADE]TheEnderpro42 traded 64x Warped Stem for 1x Ghast Tear,50x Ghast Tear in shop lenador on page "Page 49099"
[22/02/2025 19:38:06][TRADE]TheEnderpro42 traded 64x Warped Stem for 1x Ghast Tear,50x Ghast Tear in shop lenador on page "Page 49099"
[22/02/2025 22:46:16][TRADE]Sanblaster traded 12x Ghast Tear for 64x Oak Log in shop lenador on page "Page 6160"
[22/02/2025 22:48:44][TRADE]zeta4401 traded 64x Acacia Log for 1x Ghast Tear in shop lenador on page "Page 49099"
[22/02/2025 22:48:44][TRADE]zeta4401 traded 64x Acacia Log for 1x Ghast Tear in shop lenador on page "Page 49099"
[22/02/2025 22:48:46][TRADE]zeta4401 traded 64x Acacia Log for 1x Ghast Tear in shop lenador on page "Page 49099"
[22/02/2025 22:48:46][TRADE]zeta4401 traded 64x Acacia Log for 1x Ghast Tear in shop lenador on page "Page 49099"
[22/02/2025 22:48:48][TRADE]zeta4401 traded 64x Acacia Log for 1x Ghast Tear in shop lenador on page "Page 49099"
[22/02/2025 22:48:48][TRADE]zeta4401 traded 64x Acacia Log for 1x Ghast Tear in shop lenador on page "Page 49099"
[22/02/2025 23:00:29][TRADE]zeta4401 traded 64x Acacia Log for 1x Ghast Tear in shop lenador on page "Page 49099"
[22/02/2025 23:00:30][TRADE]zeta4401 traded 64x Acacia Log for 1x Ghast Tear in shop lenador on page "Page 49099"
[22/02/2025 23:00:30][TRADE]zeta4401 traded 64x Acacia Log for 1x Ghast Tear in shop lenador on page "Page 49099"
[22/02/2025 23:00:31][TRADE]zeta4401 traded 64x Acacia Log for 1x Ghast Tear in shop lenador on page "Page 49099"
