[17/02/2025 00:29:14][TRADE]APHNYX traded 5x Ghast Tear for 64x Oak Log in shop lenador on page "Page 6160"
[17/02/2025 00:29:15][TRADE]APHNYX traded 5x Ghast Tear for 64x Oak Log in shop lenador on page "Page 6160"
[17/02/2025 00:29:16][TRADE]APHNYX traded 5x Ghast Tear for 64x Birch Log in shop lenador on page "Page 6160"
[17/02/2025 00:29:17][TRADE]APHNYX traded 5x Ghast Tear for 64x Birch Log in shop lenador on page "Page 6160"
[17/02/2025 00:29:17][TRADE]APHNYX traded 5x Ghast Tear for 64x Birch Log in shop lenador on page "Page 6160"
[17/02/2025 00:29:17][TRADE]APHNYX traded 5x Ghast Tear for 64x Birch Log in shop lenador on page "Page 6160"
[17/02/2025 00:29:18][TRADE]APHNYX traded 5x Ghast Tear for 64x Birch Log in shop lenador on page "Page 6160"
[17/02/2025 00:29:18][TRADE]APHNYX traded 5x Ghast Tear for 64x Birch Log in shop lenador on page "Page 6160"
[17/02/2025 00:29:32][TRADE]APHNYX traded 5x Ghast Tear for 64x Birch Log in shop lenador on page "Page 6160"
[17/02/2025 00:29:32][TRADE]APHNYX traded 5x Ghast Tear for 64x Birch Log in shop lenador on page "Page 6160"
[17/02/2025 00:29:32][TRADE]APHNYX traded 5x Ghast Tear for 64x Birch Log in shop lenador on page "Page 6160"
[17/02/2025 00:29:32][TRADE]APHNYX traded 5x Ghast Tear for 64x Birch Log in shop lenador on page "Page 6160"
[17/02/2025 00:29:33][TRADE]APHNYX traded 5x Ghast Tear for 64x Birch Log in shop lenador on page "Page 6160"
[17/02/2025 00:29:33][TRADE]APHNYX traded 5x Ghast Tear for 64x Birch Log in shop lenador on page "Page 6160"
[17/02/2025 10:17:48][TRADE]Sanblaster traded 5x Ghast Tear for 64x Birch Log in shop lenador on page "Page 6160"
[17/02/2025 10:17:48][TRADE]Sanblaster traded 5x Ghast Tear for 64x Birch Log in shop lenador on page "Page 6160"
[17/02/2025 10:17:49][TRADE]Sanblaster traded 5x Ghast Tear for 64x Birch Log in shop lenador on page "Page 6160"
[17/02/2025 10:27:22][TRADE]_Etriox_ traded 5x Ghast Tear for 64x Birch Log in shop lenador on page "Page 6160"
[17/02/2025 10:27:23][TRADE]_Etriox_ traded 5x Ghast Tear for 64x Birch Log in shop lenador on page "Page 6160"
[17/02/2025 15:31:42][TRADE]luiguiwar traded 25x Ghast Tear for 64x Spruce Log in shop lenador on page "Page 6160"
[17/02/2025 15:31:43][TRADE]luiguiwar traded 25x Ghast Tear for 64x Spruce Log in shop lenador on page "Page 6160"
[17/02/2025 15:31:44][TRADE]luiguiwar traded 25x Ghast Tear for 64x Spruce Log in shop lenador on page "Page 6160"
[17/02/2025 15:31:44][TRADE]luiguiwar traded 25x Ghast Tear for 64x Spruce Log in shop lenador on page "Page 6160"
[17/02/2025 15:31:44][TRADE]luiguiwar traded 25x Ghast Tear for 64x Spruce Log in shop lenador on page "Page 6160"
[17/02/2025 15:31:45][TRADE]luiguiwar traded 25x Ghast Tear for 64x Spruce Log in shop lenador on page "Page 6160"
[17/02/2025 15:31:45][TRADE]luiguiwar traded 25x Ghast Tear for 64x Spruce Log in shop lenador on page "Page 6160"
[17/02/2025 15:31:46][TRADE]luiguiwar traded 25x Ghast Tear for 64x Spruce Log in shop lenador on page "Page 6160"
[17/02/2025 15:31:46][TRADE]luiguiwar traded 25x Ghast Tear for 64x Spruce Log in shop lenador on page "Page 6160"
[17/02/2025 15:31:47][TRADE]luiguiwar traded 25x Ghast Tear for 64x Spruce Log in shop lenador on page "Page 6160"
[17/02/2025 15:31:47][TRADE]luiguiwar traded 25x Ghast Tear for 64x Spruce Log in shop lenador on page "Page 6160"
[17/02/2025 15:31:47][TRADE]luiguiwar traded 25x Ghast Tear for 64x Spruce Log in shop lenador on page "Page 6160"
[17/02/2025 15:31:48][TRADE]luiguiwar traded 25x Ghast Tear for 64x Spruce Log in shop lenador on page "Page 6160"
[17/02/2025 15:31:48][TRADE]luiguiwar traded 25x Ghast Tear for 64x Spruce Log in shop lenador on page "Page 6160"
[17/02/2025 15:31:49][TRADE]luiguiwar traded 25x Ghast Tear for 64x Spruce Log in shop lenador on page "Page 6160"
[17/02/2025 15:31:49][TRADE]luiguiwar traded 25x Ghast Tear for 64x Spruce Log in shop lenador on page "Page 6160"
[17/02/2025 15:31:49][TRADE]luiguiwar traded 25x Ghast Tear for 64x Spruce Log in shop lenador on page "Page 6160"
[17/02/2025 15:39:30][TRADE]ElMilanesa2009 traded 25x Ghast Tear for 64x Birch Log in shop lenador on page "Page 6160"
[17/02/2025 15:39:31][TRADE]ElMilanesa2009 traded 25x Ghast Tear for 64x Birch Log in shop lenador on page "Page 6160"
[17/02/2025 17:36:24][TRADE]leonard_pascal traded 12x Ghast Tear for 64x Birch Log in shop lenador on page "Page 6160"
[17/02/2025 17:36:25][TRADE]leonard_pascal traded 12x Ghast Tear for 64x Birch Log in shop lenador on page "Page 6160"
[17/02/2025 17:36:25][TRADE]leonard_pascal traded 12x Ghast Tear for 64x Birch Log in shop lenador on page "Page 6160"
[17/02/2025 17:36:26][TRADE]leonard_pascal traded 12x Ghast Tear for 64x Birch Log in shop lenador on page "Page 6160"
[17/02/2025 17:36:26][TRADE]leonard_pascal traded 12x Ghast Tear for 64x Birch Log in shop lenador on page "Page 6160"
[17/02/2025 17:36:26][TRADE]leonard_pascal traded 12x Ghast Tear for 64x Birch Log in shop lenador on page "Page 6160"
[17/02/2025 17:36:26][TRADE]leonard_pascal traded 12x Ghast Tear for 64x Birch Log in shop lenador on page "Page 6160"
[17/02/2025 17:36:27][TRADE]leonard_pascal traded 12x Ghast Tear for 64x Birch Log in shop lenador on page "Page 6160"
