[26/02/2025 04:38:21][TRADE]Molotove_ traded 12x Ghast Tear for 64x Oak Log in shop lenador on page "Page 6160"
[26/02/2025 04:59:49][TRADE]Molotove_ traded 12x Ghast Tear for 64x Oak Log in shop lenador on page "Page 6160"
[26/02/2025 04:59:51][TRADE]Molotove_ traded 12x Ghast Tear for 64x Birch Log in shop lenador on page "Page 6160"
[26/02/2025 04:59:52][TRADE]Molotove_ traded 12x Ghast Tear for 64x Birch Log in shop lenador on page "Page 6160"
[26/02/2025 04:59:52][TRADE]Molotove_ traded 12x Ghast Tear for 64x Birch Log in shop lenador on page "Page 6160"
[26/02/2025 04:59:53][TRADE]Molotove_ traded 12x Ghast Tear for 64x Birch Log in shop lenador on page "Page 6160"
[26/02/2025 04:59:53][TRADE]Molotove_ traded 12x Ghast Tear for 64x Birch Log in shop lenador on page "Page 6160"
[26/02/2025 04:59:54][TRADE]Molotove_ traded 12x Ghast Tear for 64x Birch Log in shop lenador on page "Page 6160"
[26/02/2025 04:59:54][TRADE]Molotove_ traded 12x Ghast Tear for 64x Birch Log in shop lenador on page "Page 6160"
[26/02/2025 04:59:55][TRADE]Molotove_ traded 12x Ghast Tear for 64x Birch Log in shop lenador on page "Page 6160"
[26/02/2025 04:59:55][TRADE]Molotove_ traded 12x Ghast Tear for 64x Birch Log in shop lenador on page "Page 6160"
[26/02/2025 04:59:55][TRADE]Molotove_ traded 12x Ghast Tear for 64x Birch Log in shop lenador on page "Page 6160"
[26/02/2025 04:59:56][TRADE]Molotove_ traded 12x Ghast Tear for 64x Birch Log in shop lenador on page "Page 6160"
[26/02/2025 04:59:56][TRADE]Molotove_ traded 12x Ghast Tear for 64x Birch Log in shop lenador on page "Page 6160"
[26/02/2025 04:59:57][TRADE]Molotove_ traded 12x Ghast Tear for 64x Birch Log in shop lenador on page "Page 6160"
[26/02/2025 04:59:57][TRADE]Molotove_ traded 12x Ghast Tear for 64x Birch Log in shop lenador on page "Page 6160"
[26/02/2025 10:41:09][TRADE]buykl traded 64x Oak Log for 50x Ghast Tear in shop lenador on page "Page 49099"
[26/02/2025 10:41:10][TRADE]buykl traded 64x Birch Log for 50x Ghast Tear in shop lenador on page "Page 49099"
[26/02/2025 10:41:11][TRADE]buykl traded 64x Spruce Log for 50x Ghast Tear in shop lenador on page "Page 49099"
[26/02/2025 10:43:26][TRADE]buykl traded 64x Spruce Log for 50x Ghast Tear in shop lenador on page "Page 49099"
[26/02/2025 10:43:26][TRADE]buykl traded 64x Spruce Log for 50x Ghast Tear in shop lenador on page "Page 49099"
[26/02/2025 10:43:28][TRADE]buykl traded 64x Birch Log for 50x Ghast Tear in shop lenador on page "Page 49099"
[26/02/2025 10:43:28][TRADE]buykl traded 64x Birch Log for 50x Ghast Tear in shop lenador on page "Page 49099"
[26/02/2025 10:43:29][TRADE]buykl traded 64x Oak Log for 50x Ghast Tear in shop lenador on page "Page 49099"
[26/02/2025 10:43:30][TRADE]buykl traded 64x Oak Log for 50x Ghast Tear in shop lenador on page "Page 49099"
[26/02/2025 10:46:48][TRADE]buykl traded 64x Spruce Log for 50x Ghast Tear in shop lenador on page "Page 49099"
[26/02/2025 10:46:49][TRADE]buykl traded 64x Birch Log for 50x Ghast Tear in shop lenador on page "Page 49099"
[26/02/2025 10:46:49][TRADE]buykl traded 64x Oak Log for 50x Ghast Tear in shop lenador on page "Page 49099"
[26/02/2025 10:46:52][TRADE]buykl traded 64x Oak Log for 50x Ghast Tear in shop lenador on page "Page 49099"
[26/02/2025 10:47:08][TRADE]buykl traded 64x Birch Log for 50x Ghast Tear in shop lenador on page "Page 49099"
[26/02/2025 10:47:21][TRADE]buykl traded 64x Spruce Log for 50x Ghast Tear in shop lenador on page "Page 49099"
[26/02/2025 10:47:22][TRADE]buykl traded 64x Spruce Log for 50x Ghast Tear in shop lenador on page "Page 49099"
[26/02/2025 10:49:57][TRADE]buykl traded 64x Birch Log for 50x Ghast Tear in shop lenador on page "Page 49099"
[26/02/2025 10:49:59][TRADE]buykl traded 64x Oak Log for 50x Ghast Tear in shop lenador on page "Page 49099"
[26/02/2025 10:49:59][TRADE]buykl traded 64x Oak Log for 50x Ghast Tear in shop lenador on page "Page 49099"
[26/02/2025 10:50:13][TRADE]buykl traded 64x Birch Log for 50x Ghast Tear in shop lenador on page "Page 49099"
[26/02/2025 10:51:16][TRADE]buykl traded 64x Spruce Log for 50x Ghast Tear in shop lenador on page "Page 49099"
[26/02/2025 10:53:45][TRADE]buykl traded 64x Spruce Log for 50x Ghast Tear in shop lenador on page "Page 49099"
[26/02/2025 10:53:47][TRADE]buykl traded 64x Birch Log for 50x Ghast Tear in shop lenador on page "Page 49099"
[26/02/2025 10:53:47][TRADE]buykl traded 64x Oak Log for 50x Ghast Tear in shop lenador on page "Page 49099"
[26/02/2025 10:57:18][TRADE]buykl traded 64x Spruce Log for 50x Ghast Tear in shop lenador on page "Page 49099"
[26/02/2025 10:57:18][TRADE]buykl traded 64x Spruce Log for 50x Ghast Tear in shop lenador on page "Page 49099"
[26/02/2025 10:57:36][TRADE]buykl traded 64x Birch Log for 50x Ghast Tear in shop lenador on page "Page 49099"
[26/02/2025 10:57:36][TRADE]buykl traded 64x Birch Log for 50x Ghast Tear in shop lenador on page "Page 49099"
[26/02/2025 10:57:38][TRADE]buykl traded 64x Oak Log for 50x Ghast Tear in shop lenador on page "Page 49099"
[26/02/2025 10:57:38][TRADE]buykl traded 64x Oak Log for 50x Ghast Tear in shop lenador on page "Page 49099"
[26/02/2025 11:01:35][TRADE]buykl traded 64x Oak Log for 50x Ghast Tear in shop lenador on page "Page 49099"
[26/02/2025 11:01:35][TRADE]buykl traded 64x Birch Log for 50x Ghast Tear in shop lenador on page "Page 49099"
[26/02/2025 11:01:36][TRADE]buykl traded 64x Spruce Log for 50x Ghast Tear in shop lenador on page "Page 49099"
[26/02/2025 11:06:13][TRADE]buykl traded 64x Oak Log for 50x Ghast Tear in shop lenador on page "Page 49099"
[26/02/2025 11:06:14][TRADE]buykl traded 64x Oak Log for 50x Ghast Tear in shop lenador on page "Page 49099"
[26/02/2025 11:06:14][TRADE]buykl traded 64x Oak Log for 50x Ghast Tear in shop lenador on page "Page 49099"
[26/02/2025 11:06:15][TRADE]buykl traded 64x Birch Log for 50x Ghast Tear in shop lenador on page "Page 49099"
[26/02/2025 11:06:15][TRADE]buykl traded 64x Birch Log for 50x Ghast Tear in shop lenador on page "Page 49099"
[26/02/2025 11:06:16][TRADE]buykl traded 64x Birch Log for 50x Ghast Tear in shop lenador on page "Page 49099"
[26/02/2025 11:06:17][TRADE]buykl traded 64x Spruce Log for 50x Ghast Tear in shop lenador on page "Page 49099"
[26/02/2025 11:06:17][TRADE]buykl traded 64x Spruce Log for 50x Ghast Tear in shop lenador on page "Page 49099"
[26/02/2025 11:06:18][TRADE]buykl traded 64x Spruce Log for 50x Ghast Tear in shop lenador on page "Page 49099"
[26/02/2025 11:14:30][TRADE]buykl traded 64x Oak Log for 50x Ghast Tear in shop lenador on page "Page 49099"
[26/02/2025 11:14:31][TRADE]buykl traded 64x Oak Log for 50x Ghast Tear in shop lenador on page "Page 49099"
[26/02/2025 11:14:32][TRADE]buykl traded 64x Birch Log for 50x Ghast Tear in shop lenador on page "Page 49099"
[26/02/2025 11:14:32][TRADE]buykl traded 64x Birch Log for 50x Ghast Tear in shop lenador on page "Page 49099"
[26/02/2025 11:14:33][TRADE]buykl traded 64x Spruce Log for 50x Ghast Tear in shop lenador on page "Page 49099"
[26/02/2025 11:14:33][TRADE]buykl traded 64x Spruce Log for 50x Ghast Tear in shop lenador on page "Page 49099"
[26/02/2025 11:18:09][TRADE]buykl traded 64x Spruce Log for 50x Ghast Tear in shop lenador on page "Page 49099"
[26/02/2025 11:18:09][TRADE]buykl traded 64x Birch Log for 50x Ghast Tear in shop lenador on page "Page 49099"
[26/02/2025 11:18:10][TRADE]buykl traded 64x Oak Log for 50x Ghast Tear in shop lenador on page "Page 49099"
[26/02/2025 11:18:11][TRADE]buykl traded 64x Oak Log for 50x Ghast Tear in shop lenador on page "Page 49099"
[26/02/2025 11:18:11][TRADE]buykl traded 64x Birch Log for 50x Ghast Tear in shop lenador on page "Page 49099"
[26/02/2025 11:18:12][TRADE]buykl traded 64x Spruce Log for 50x Ghast Tear in shop lenador on page "Page 49099"
[26/02/2025 12:53:23][TRADE]buykl traded 64x Spruce Log for 50x Ghast Tear in shop lenador on page "Page 49099"
[26/02/2025 12:53:23][TRADE]buykl traded 64x Spruce Log for 50x Ghast Tear in shop lenador on page "Page 49099"
[26/02/2025 12:53:23][TRADE]buykl traded 64x Spruce Log for 50x Ghast Tear in shop lenador on page "Page 49099"
[26/02/2025 12:53:24][TRADE]buykl traded 64x Birch Log for 50x Ghast Tear in shop lenador on page "Page 49099"
[26/02/2025 12:53:24][TRADE]buykl traded 64x Birch Log for 50x Ghast Tear in shop lenador on page "Page 49099"
[26/02/2025 12:53:24][TRADE]buykl traded 64x Birch Log for 50x Ghast Tear in shop lenador on page "Page 49099"
[26/02/2025 12:53:25][TRADE]buykl traded 64x Oak Log for 50x Ghast Tear in shop lenador on page "Page 49099"
[26/02/2025 12:53:25][TRADE]buykl traded 64x Oak Log for 50x Ghast Tear in shop lenador on page "Page 49099"
[26/02/2025 12:53:26][TRADE]buykl traded 64x Oak Log for 50x Ghast Tear in shop lenador on page "Page 49099"
[26/02/2025 12:58:22][TRADE]buykl traded 64x Spruce Log for 50x Ghast Tear in shop lenador on page "Page 49099"
[26/02/2025 12:58:30][TRADE]buykl traded 64x Spruce Log for 50x Ghast Tear in shop lenador on page "Page 49099"
[26/02/2025 12:58:32][TRADE]buykl traded 64x Birch Log for 50x Ghast Tear in shop lenador on page "Page 49099"
[26/02/2025 12:58:35][TRADE]buykl traded 64x Oak Log for 50x Ghast Tear in shop lenador on page "Page 49099"
[26/02/2025 12:58:42][TRADE]buykl traded 64x Oak Log for 50x Ghast Tear in shop lenador on page "Page 49099"
[26/02/2025 12:58:43][TRADE]buykl traded 64x Birch Log for 50x Ghast Tear in shop lenador on page "Page 49099"
[26/02/2025 13:04:15][TRADE]buykl traded 64x Birch Log for 50x Ghast Tear in shop lenador on page "Page 49099"
[26/02/2025 13:04:15][TRADE]buykl traded 64x Spruce Log for 50x Ghast Tear in shop lenador on page "Page 49099"
[26/02/2025 13:04:16][TRADE]buykl traded 64x Oak Log for 50x Ghast Tear in shop lenador on page "Page 49099"
[26/02/2025 13:04:17][TRADE]buykl traded 64x Birch Log for 50x Ghast Tear in shop lenador on page "Page 49099"
[26/02/2025 13:04:18][TRADE]buykl traded 64x Spruce Log for 50x Ghast Tear in shop lenador on page "Page 49099"
[26/02/2025 13:04:34][TRADE]buykl traded 64x Oak Log for 50x Ghast Tear in shop lenador on page "Page 49099"
[26/02/2025 13:07:08][TRADE]buykl traded 64x Oak Log for 50x Ghast Tear in shop lenador on page "Page 49099"
[26/02/2025 13:07:09][TRADE]buykl traded 64x Birch Log for 50x Ghast Tear in shop lenador on page "Page 49099"
[26/02/2025 13:07:10][TRADE]buykl traded 64x Spruce Log for 50x Ghast Tear in shop lenador on page "Page 49099"
[26/02/2025 13:13:34][TRADE]buykl traded 64x Oak Log for 50x Ghast Tear in shop lenador on page "Page 49099"
[26/02/2025 13:13:35][TRADE]buykl traded 64x Birch Log for 50x Ghast Tear in shop lenador on page "Page 49099"
[26/02/2025 13:13:36][TRADE]buykl traded 64x Spruce Log for 50x Ghast Tear in shop lenador on page "Page 49099"
[26/02/2025 13:13:36][TRADE]buykl traded 64x Spruce Log for 50x Ghast Tear in shop lenador on page "Page 49099"
[26/02/2025 13:13:37][TRADE]buykl traded 64x Birch Log for 50x Ghast Tear in shop lenador on page "Page 49099"
[26/02/2025 13:13:37][TRADE]buykl traded 64x Oak Log for 50x Ghast Tear in shop lenador on page "Page 49099"
[26/02/2025 13:14:34][TRADE]buykl traded 64x Oak Log for 50x Ghast Tear in shop lenador on page "Page 49099"
[26/02/2025 13:14:35][TRADE]buykl traded 64x Birch Log for 50x Ghast Tear in shop lenador on page "Page 49099"
[26/02/2025 13:14:35][TRADE]buykl traded 64x Spruce Log for 50x Ghast Tear in shop lenador on page "Page 49099"
[26/02/2025 13:16:46][TRADE]buykl traded 64x Oak Log for 50x Ghast Tear in shop lenador on page "Page 49099"
[26/02/2025 13:16:47][TRADE]buykl traded 64x Birch Log for 50x Ghast Tear in shop lenador on page "Page 49099"
[26/02/2025 13:16:47][TRADE]buykl traded 64x Spruce Log for 50x Ghast Tear in shop lenador on page "Page 49099"
[26/02/2025 13:39:57][TRADE]buykl traded 64x Oak Log for 50x Ghast Tear in shop lenador on page "Page 49099"
[26/02/2025 13:39:58][TRADE]buykl traded 64x Oak Log for 50x Ghast Tear in shop lenador on page "Page 49099"
[26/02/2025 13:40:05][TRADE]buykl traded 64x Birch Log for 50x Ghast Tear in shop lenador on page "Page 49099"
[26/02/2025 13:40:05][TRADE]buykl traded 64x Birch Log for 50x Ghast Tear in shop lenador on page "Page 49099"
[26/02/2025 13:40:06][TRADE]buykl traded 64x Spruce Log for 50x Ghast Tear in shop lenador on page "Page 49099"
[26/02/2025 13:40:06][TRADE]buykl traded 64x Spruce Log for 50x Ghast Tear in shop lenador on page "Page 49099"
[26/02/2025 19:38:56][TRADE]RKurai_ traded 64x Oak Log for 50x Ghast Tear in shop lenador on page "Page 49099"
[26/02/2025 19:42:55][TRADE]YudaxNot traded 64x Oak Log for 50x Ghast Tear in shop lenador on page "Page 49099"
[26/02/2025 22:17:23][TRADE]Sanblaster traded 12x Ghast Tear for 64x Birch Log in shop lenador on page "Page 6160"
[26/02/2025 22:17:23][TRADE]Sanblaster traded 12x Ghast Tear for 64x Birch Log in shop lenador on page "Page 6160"
