[25.02.13 22:10:00 FINE]: [BetonQuest] BetonQuest 2.2.1 is starting...
[25.02.13 22:10:00 FINE]: [BetonQuest] Running on JRE 21.0.6 (build 7, optional Ubuntu-122.04.1, pre-release info N/A) by Ubuntu
[25.02.13 22:10:00 FINE]: [BetonQuest] (ConfigurationFile) No patch found.
[25.02.13 22:10:00 FINE]: [BetonQuest] Loaded configVersion language
[25.02.13 22:10:00 FINE]: [BetonQuest] Loaded pl language
[25.02.13 22:10:00 FINE]: [BetonQuest] Loaded en language
[25.02.13 22:10:00 FINE]: [BetonQuest] Loaded de language
[25.02.13 22:10:00 FINE]: [BetonQuest] Loaded fr language
[25.02.13 22:10:00 FINE]: [BetonQuest] Loaded cn language
[25.02.13 22:10:00 FINE]: [BetonQuest] Loaded es language
[25.02.13 22:10:00 FINE]: [BetonQuest] Loaded nl language
[25.02.13 22:10:00 FINE]: [BetonQuest] Loaded it language
[25.02.13 22:10:00 FINE]: [BetonQuest] Loaded hu language
[25.02.13 22:10:00 FINE]: [BetonQuest] Loaded vi language
[25.02.13 22:10:00 FINE]: [BetonQuest] Loaded pt-br language
[25.02.13 22:10:00 FINE]: [BetonQuest] Loaded pt-pt language
[25.02.13 22:10:00 FINE]: [BetonQuest] Loaded ru language
[25.02.13 22:10:00 INFO]: [BetonQuest] Using SQLite for storing data!
[25.02.13 22:10:00 FINE]: [BetonQuest] There are 0 global_tags and 0 global_points loaded
[25.02.13 22:10:01 FINE]: [BetonQuest] Registering advancement condition type
[25.02.13 22:10:01 FINE]: [BetonQuest] Registering and condition type
[25.02.13 22:10:01 FINE]: [BetonQuest] Registering armor condition type
[25.02.13 22:10:01 FINE]: [BetonQuest] Registering biome condition type
[25.02.13 22:10:01 FINE]: [BetonQuest] Registering burning condition type
[25.02.13 22:10:01 FINE]: [BetonQuest] Registering check condition type
[25.02.13 22:10:01 FINE]: [BetonQuest] Registering chestitem condition type
[25.02.13 22:10:01 FINE]: [BetonQuest] Registering conversation condition type
[25.02.13 22:10:01 FINE]: [BetonQuest] Registering dayofweek condition type
[25.02.13 22:10:01 FINE]: [BetonQuest] Registering effect condition type
[25.02.13 22:10:01 FINE]: [BetonQuest] Registering empty condition type
[25.02.13 22:10:01 FINE]: [BetonQuest] Registering entities condition type
[25.02.13 22:10:01 FINE]: [BetonQuest] Registering experience condition type
[25.02.13 22:10:01 FINE]: [BetonQuest] Registering facing condition type
[25.02.13 22:10:01 FINE]: [BetonQuest] Registering fly condition type
[25.02.13 22:10:01 FINE]: [BetonQuest] Registering gamemode condition type
[25.02.13 22:10:01 FINE]: [BetonQuest] Registering globalpoint condition type
[25.02.13 22:10:01 FINE]: [BetonQuest] Registering globaltag condition type
[25.02.13 22:10:01 FINE]: [BetonQuest] Registering hand condition type
[25.02.13 22:10:01 FINE]: [BetonQuest] Registering health condition type
[25.02.13 22:10:01 FINE]: [BetonQuest] Registering height condition type
[25.02.13 22:10:01 FINE]: [BetonQuest] Registering hunger condition type
[25.02.13 22:10:01 FINE]: [BetonQuest] Registering inconversation condition type
[25.02.13 22:10:01 FINE]: [BetonQuest] Registering item condition type
[25.02.13 22:10:01 FINE]: [BetonQuest] Registering itemdurability condition type
[25.02.13 22:10:01 FINE]: [BetonQuest] Registering journal condition type
[25.02.13 22:10:01 FINE]: [BetonQuest] Registering language condition type
[25.02.13 22:10:01 FINE]: [BetonQuest] Registering location condition type
[25.02.13 22:10:01 FINE]: [BetonQuest] Registering looking condition type
[25.02.13 22:10:01 FINE]: [BetonQuest] Registering mooncycle condition type
[25.02.13 22:10:01 FINE]: [BetonQuest] Registering numbercompare condition type
[25.02.13 22:10:01 FINE]: [BetonQuest] Registering objective condition type
[25.02.13 22:10:01 FINE]: [BetonQuest] Registering or condition type
[25.02.13 22:10:01 FINE]: [BetonQuest] Registering partialdate condition type
[25.02.13 22:10:01 FINE]: [BetonQuest] Registering party condition type
[25.02.13 22:10:01 FINE]: [BetonQuest] Registering permission condition type
[25.02.13 22:10:01 FINE]: [BetonQuest] Registering point condition type
[25.02.13 22:10:01 FINE]: [BetonQuest] Registering random condition type
[25.02.13 22:10:01 FINE]: [BetonQuest] Registering rating condition type
[25.02.13 22:10:01 FINE]: [BetonQuest] Registering realtime condition type
[25.02.13 22:10:01 FINE]: [BetonQuest] Registering ride condition type
[25.02.13 22:10:01 FINE]: [BetonQuest] Registering score condition type
[25.02.13 22:10:01 FINE]: [BetonQuest] Registering scoretag condition type
[25.02.13 22:10:01 FINE]: [BetonQuest] Registering sneak condition type
[25.02.13 22:10:01 FINE]: [BetonQuest] Registering stage condition type
[25.02.13 22:10:01 FINE]: [BetonQuest] Registering tag condition type
[25.02.13 22:10:01 FINE]: [BetonQuest] Registering testforblock condition type
[25.02.13 22:10:01 FINE]: [BetonQuest] Registering time condition type
[25.02.13 22:10:01 FINE]: [BetonQuest] Registering variable condition type
[25.02.13 22:10:01 FINE]: [BetonQuest] Registering weather condition type
[25.02.13 22:10:01 FINE]: [BetonQuest] Registering world condition type
[25.02.13 22:10:01 FINE]: [BetonQuest] Registering burn event type
[25.02.13 22:10:01 FINE]: [BetonQuest] Registering cancel event type
[25.02.13 22:10:01 FINE]: [BetonQuest] Registering cancelconversation event type
[25.02.13 22:10:01 FINE]: [BetonQuest] Registering chat event type
[25.02.13 22:10:01 FINE]: [BetonQuest] Registering chestclear event type
[25.02.13 22:10:01 FINE]: [BetonQuest] Registering chestgive event type
[25.02.13 22:10:01 FINE]: [BetonQuest] Registering chesttake event type
[25.02.13 22:10:01 FINE]: [BetonQuest] Registering compass event type
[25.02.13 22:10:01 FINE]: [BetonQuest] Registering command event type
[25.02.13 22:10:01 FINE]: [BetonQuest] Registering conversation event type
[25.02.13 22:10:01 FINE]: [BetonQuest] Registering damage event type
[25.02.13 22:10:01 FINE]: [BetonQuest] Registering deleffect event type
[25.02.13 22:10:01 FINE]: [BetonQuest] Registering deleteglobalpoint event type
[25.02.13 22:10:01 FINE]: [BetonQuest] Registering deletepoint event type
[25.02.13 22:10:01 FINE]: [BetonQuest] Registering door event type
[25.02.13 22:10:01 FINE]: [BetonQuest] Registering drop event type
[25.02.13 22:10:01 FINE]: [BetonQuest] Registering effect event type
[25.02.13 22:10:01 FINE]: [BetonQuest] Registering experience event type
[25.02.13 22:10:01 FINE]: [BetonQuest] Registering explosion event type
[25.02.13 22:10:01 FINE]: [BetonQuest] Registering folder event type
[25.02.13 22:10:01 FINE]: [BetonQuest] Registering first event type
[25.02.13 22:10:01 FINE]: [BetonQuest] Registering give event type
[25.02.13 22:10:01 FINE]: [BetonQuest] Registering givejournal event type
[25.02.13 22:10:01 FINE]: [BetonQuest] Registering globaltag event type
[25.02.13 22:10:01 FINE]: [BetonQuest] Registering globalpoint event type
[25.02.13 22:10:01 FINE]: [BetonQuest] Registering hunger event type
[25.02.13 22:10:01 FINE]: [BetonQuest] Registering if event type
[25.02.13 22:10:01 FINE]: [BetonQuest] Registering itemdurability event type
[25.02.13 22:10:01 FINE]: [BetonQuest] Registering journal event type
[25.02.13 22:10:01 FINE]: [BetonQuest] Registering kill event type
[25.02.13 22:10:01 FINE]: [BetonQuest] Registering language event type
[25.02.13 22:10:01 FINE]: [BetonQuest] Registering lever event type
[25.02.13 22:10:01 FINE]: [BetonQuest] Registering lightning event type
[25.02.13 22:10:01 FINE]: [BetonQuest] Registering log event type
[25.02.13 22:10:01 FINE]: [BetonQuest] Registering notify event type
[25.02.13 22:10:01 FINE]: [BetonQuest] Registering notifyall event type
[25.02.13 22:10:01 FINE]: [BetonQuest] Registering objective event type
[25.02.13 22:10:01 FINE]: [BetonQuest] Registering opsudo event type
[25.02.13 22:10:01 FINE]: [BetonQuest] Registering party event type
[25.02.13 22:10:01 FINE]: [BetonQuest] Registering pickrandom event type
[25.02.13 22:10:01 FINE]: [BetonQuest] Registering point event type
[25.02.13 22:10:01 FINE]: [BetonQuest] Registering removeentity event type
[25.02.13 22:10:01 FINE]: [BetonQuest] Registering run event type
[25.02.13 22:10:01 FINE]: [BetonQuest] Registering runForAll event type
[25.02.13 22:10:01 FINE]: [BetonQuest] Registering runIndependent event type
[25.02.13 22:10:01 FINE]: [BetonQuest] Registering setblock event type
[25.02.13 22:10:01 FINE]: [BetonQuest] Registering score event type
[25.02.13 22:10:01 FINE]: [BetonQuest] Registering scoretag event type
[25.02.13 22:10:01 FINE]: [BetonQuest] Registering spawn event type
[25.02.13 22:10:01 FINE]: [BetonQuest] Registering stage event type
[25.02.13 22:10:01 FINE]: [BetonQuest] Registering sudo event type
[25.02.13 22:10:01 FINE]: [BetonQuest] Registering tag event type
[25.02.13 22:10:01 FINE]: [BetonQuest] Registering take event type
[25.02.13 22:10:01 FINE]: [BetonQuest] Registering teleport event type
[25.02.13 22:10:01 FINE]: [BetonQuest] Registering time event type
[25.02.13 22:10:01 FINE]: [BetonQuest] Registering variable event type
[25.02.13 22:10:01 FINE]: [BetonQuest] Registering velocity event type
[25.02.13 22:10:01 FINE]: [BetonQuest] Registering weather event type
[25.02.13 22:10:01 FINE]: [BetonQuest] Registering action objective type
[25.02.13 22:10:01 FINE]: [BetonQuest] Registering arrow objective type
[25.02.13 22:10:01 FINE]: [BetonQuest] Registering block objective type
[25.02.13 22:10:01 FINE]: [BetonQuest] Registering breed objective type
[25.02.13 22:10:01 FINE]: [BetonQuest] Registering brew objective type
[25.02.13 22:10:01 FINE]: [BetonQuest] Registering chestput objective type
[25.02.13 22:10:01 FINE]: [BetonQuest] Registering command objective type
[25.02.13 22:10:01 FINE]: [BetonQuest] Registering consume objective type
[25.02.13 22:10:01 FINE]: [BetonQuest] Registering craft objective type
[25.02.13 22:10:01 FINE]: [BetonQuest] Registering delay objective type
[25.02.13 22:10:01 FINE]: [BetonQuest] Registering die objective type
[25.02.13 22:10:01 FINE]: [BetonQuest] Registering enchant objective type
[25.02.13 22:10:01 FINE]: [BetonQuest] Registering experience objective type
[25.02.13 22:10:01 FINE]: [BetonQuest] Registering fish objective type
[25.02.13 22:10:01 FINE]: [BetonQuest] Registering interact objective type
[25.02.13 22:10:01 FINE]: [BetonQuest] Registering kill objective type
[25.02.13 22:10:01 FINE]: [BetonQuest] Registering location objective type
[25.02.13 22:10:01 FINE]: [BetonQuest] Registering login objective type
[25.02.13 22:10:01 FINE]: [BetonQuest] Registering logout objective type
[25.02.13 22:10:01 FINE]: [BetonQuest] Registering mobkill objective type
[25.02.13 22:10:01 FINE]: [BetonQuest] Registering password objective type
[25.02.13 22:10:01 FINE]: [BetonQuest] Registering pickup objective type
[25.02.13 22:10:01 FINE]: [BetonQuest] Registering ride objective type
[25.02.13 22:10:01 FINE]: [BetonQuest] Registering shear objective type
[25.02.13 22:10:01 FINE]: [BetonQuest] Registering smelt objective type
[25.02.13 22:10:01 FINE]: [BetonQuest] Registering stage objective type
[25.02.13 22:10:01 FINE]: [BetonQuest] Registering step objective type
[25.02.13 22:10:01 FINE]: [BetonQuest] Registering tame objective type
[25.02.13 22:10:01 FINE]: [BetonQuest] Registering variable objective type
[25.02.13 22:10:01 FINE]: [BetonQuest] Registering equip objective type
[25.02.13 22:10:01 FINE]: [BetonQuest] Registering jump objective type
[25.02.13 22:10:01 FINE]: [BetonQuest] Registering resourcepack objective type
[25.02.13 22:10:01 FINE]: [BetonQuest] Registering condition variable type
[25.02.13 22:10:01 FINE]: [BetonQuest] Registering eval variable type
[25.02.13 22:10:01 FINE]: [BetonQuest] Registering globalpoint [legacy]variable type
[25.02.13 22:10:01 FINE]: [BetonQuest] Registering globaltag [legacy]variable type
[25.02.13 22:10:01 FINE]: [BetonQuest] Registering item [legacy]variable type
[25.02.13 22:10:01 FINE]: [BetonQuest] Registering itemdurability [legacy]variable type
[25.02.13 22:10:01 FINE]: [BetonQuest] Registering location [legacy]variable type
[25.02.13 22:10:01 FINE]: [BetonQuest] Registering math [legacy]variable type
[25.02.13 22:10:01 FINE]: [BetonQuest] Registering npc variable type
[25.02.13 22:10:01 FINE]: [BetonQuest] Registering objective [legacy]variable type
[25.02.13 22:10:01 FINE]: [BetonQuest] Registering point [legacy]variable type
[25.02.13 22:10:01 FINE]: [BetonQuest] Registering player variable type
[25.02.13 22:10:01 FINE]: [BetonQuest] Registering randomnumber [legacy]variable type
[25.02.13 22:10:01 FINE]: [BetonQuest] Registering tag [legacy]variable type
[25.02.13 22:10:01 FINE]: [BetonQuest] Registering version [legacy]variable type
[25.02.13 22:10:01 FINE]: [BetonQuest] Registering simple conversation IO type
[25.02.13 22:10:01 FINE]: [BetonQuest] Registering tellraw conversation IO type
[25.02.13 22:10:01 FINE]: [BetonQuest] Registering chest conversation IO type
[25.02.13 22:10:01 FINE]: [BetonQuest] Registering combined conversation IO type
[25.02.13 22:10:01 FINE]: [BetonQuest] Registering slowtellraw conversation IO type
[25.02.13 22:10:01 FINE]: [BetonQuest] Registering simple interceptor type
[25.02.13 22:10:01 FINE]: [BetonQuest] Registering none interceptor type
[25.02.13 22:10:01 FINE]: [BetonQuest] Registering suppress notify IO type
[25.02.13 22:10:01 FINE]: [BetonQuest] Registering chat notify IO type
[25.02.13 22:10:01 FINE]: [BetonQuest] Registering advancement notify IO type
[25.02.13 22:10:01 FINE]: [BetonQuest] Registering actionbar notify IO type
[25.02.13 22:10:01 FINE]: [BetonQuest] Registering bossbar notify IO type
[25.02.13 22:10:01 FINE]: [BetonQuest] Registering title notify IO type
[25.02.13 22:10:01 FINE]: [BetonQuest] Registering totem notify IO type
[25.02.13 22:10:01 FINE]: [BetonQuest] Registering subtitle notify IO type
[25.02.13 22:10:01 FINE]: [BetonQuest] Registering sound notify IO type
[25.02.13 22:10:01 INFO]: [BetonQuest] Hooking into LuckPerms
[25.02.13 22:10:01 FINE]: [BetonQuest] Registering luckperms event type
[25.02.13 22:10:01 INFO]: [BetonQuest] Hooking into Vault
[25.02.13 22:10:01 FINE]: [BetonQuest] Registering money event type
[25.02.13 22:10:01 FINE]: [BetonQuest] Registering money condition type
[25.02.13 22:10:01 FINE]: [BetonQuest] Registering money variable type
[25.02.13 22:10:01 FINE]: [BetonQuest] Registering permission event type
[25.02.13 22:10:01 INFO]: [BetonQuest] Hooking into WorldEdit
[25.02.13 22:10:01 FINE]: [BetonQuest] Registering paste [legacy]event type
[25.02.13 22:10:01 INFO]: [BetonQuest] Hooking into WorldGuard
[25.02.13 22:10:01 FINE]: [BetonQuest] Registering region [legacy]condition type
[25.02.13 22:10:01 FINE]: [BetonQuest] Registering region objective type
[25.02.13 22:10:01 INFO]: [BetonQuest] Hooking into PlaceholderAPI
[25.02.13 22:10:01 FINE]: [BetonQuest] Registering ph [legacy]variable type
[25.02.13 22:10:01 INFO]: [BetonQuest] Hooking into ProtocolLib
[25.02.13 22:10:01 FINE]: [BetonQuest] Registering menu conversation IO type
[25.02.13 22:10:01 FINE]: [BetonQuest] Registering packet interceptor type
[25.02.13 22:10:01 FINE]: [BetonQuest] Registering freeze [legacy]event type
[25.02.13 22:10:01 INFO]: [BetonQuest] Hooking into MythicMobs
[25.02.13 22:10:01 FINE]: [BetonQuest] Registering mythicmobdistance condition type
[25.02.13 22:10:01 FINE]: [BetonQuest] Registering mmobkill objective type
[25.02.13 22:10:01 FINE]: [BetonQuest] Registering mspawnmob event type
[25.02.13 22:10:01 INFO]: [BetonQuest] Hooking into Citizens
[25.02.13 22:10:01 FINE]: [BetonQuest] Registering npckill objective type
[25.02.13 22:10:01 FINE]: [BetonQuest] Registering npcinteract objective type
[25.02.13 22:10:01 FINE]: [BetonQuest] Registering npcrange objective type
[25.02.13 22:10:01 FINE]: [BetonQuest] Registering movenpc event type
[25.02.13 22:10:01 FINE]: [BetonQuest] Registering stopnpc event type
[25.02.13 22:10:01 FINE]: [BetonQuest] Registering teleportnpc event type
[25.02.13 22:10:01 FINE]: [BetonQuest] Registering chest conversation IO type
[25.02.13 22:10:01 FINE]: [BetonQuest] Registering combined conversation IO type
[25.02.13 22:10:01 FINE]: [BetonQuest] Registering citizen variable type
[25.02.13 22:10:01 FINE]: [BetonQuest] Registering npcdistance condition type
[25.02.13 22:10:01 FINE]: [BetonQuest] Registering npclocation condition type
[25.02.13 22:10:01 INFO]: [BetonQuest] Hooking into MythicLib
[25.02.13 22:10:01 FINE]: [BetonQuest] Registering mmostat [legacy]condition type
[25.02.13 22:10:01 FINE]: [BetonQuest] Registering mmoskill objective type
[25.02.13 22:10:01 INFO]: [BetonQuest] Hooking into Magic
[25.02.13 22:10:01 FINE]: [BetonQuest] Registering wand [legacy]condition type
[25.02.13 22:10:01 INFO]: [BetonQuest] Hooking into MMOCore
[25.02.13 22:10:01 FINE]: [BetonQuest] Registering mmoclass [legacy]condition type
[25.02.13 22:10:01 FINE]: [BetonQuest] Registering mmoattribute [legacy]condition type
[25.02.13 22:10:01 FINE]: [BetonQuest] Registering mmoprofession [legacy]condition type
[25.02.13 22:10:01 FINE]: [BetonQuest] Registering mmoprofessionlevelup objective type
[25.02.13 22:10:01 FINE]: [BetonQuest] Registering mmochangeclass objective type
[25.02.13 22:10:01 FINE]: [BetonQuest] Registering mmocorebreakblock objective type
[25.02.13 22:10:01 FINE]: [BetonQuest] Registering mmoclassexperience [legacy]event type
[25.02.13 22:10:01 FINE]: [BetonQuest] Registering mmoprofessionexperience [legacy]event type
[25.02.13 22:10:01 FINE]: [BetonQuest] Registering mmocoreclasspoints [legacy]event type
[25.02.13 22:10:01 FINE]: [BetonQuest] Registering mmocoreattributepoints [legacy]event type
[25.02.13 22:10:01 FINE]: [BetonQuest] Registering mmocoreattributereallocationpoints [legacy]event type
[25.02.13 22:10:01 FINE]: [BetonQuest] Registering mmocoreskillpoints [legacy]event type
[25.02.13 22:10:01 INFO]: [BetonQuest] Hooking into DecentHolograms
[25.02.13 22:10:01 INFO]: [BetonQuest] Hooking into Shopkeepers
[25.02.13 22:10:01 FINE]: [BetonQuest] Registering shopkeeper [legacy]event type
[25.02.13 22:10:01 FINE]: [BetonQuest] Registering shopamount [legacy]condition type
[25.02.13 22:10:01 INFO]: [BetonQuest] Hooking into Skript
[25.02.13 22:10:01 FINE]: [BetonQuest] Registering skript [legacy]event type
[25.02.13 22:10:01 INFO]: [BetonQuest] Hooking into MMOItems
[25.02.13 22:10:01 FINE]: [BetonQuest] Registering mmoitem [legacy]condition type
[25.02.13 22:10:01 FINE]: [BetonQuest] Registering mmohand [legacy]condition type
[25.02.13 22:10:01 FINE]: [BetonQuest] Registering mmoitemcraft objective type
[25.02.13 22:10:01 FINE]: [BetonQuest] Registering mmoitemupgrade objective type
[25.02.13 22:10:01 FINE]: [BetonQuest] Registering mmoitemapplygem objective type
[25.02.13 22:10:01 FINE]: [BetonQuest] Registering mmoitemgive [legacy]event type
[25.02.13 22:10:01 FINE]: [BetonQuest] Registering mmoitemtake event type
[25.02.13 22:10:01 INFO]: [BetonQuest] Using DecentHolograms as dedicated hologram provider!
[25.02.13 22:10:01 FINE]: [BetonQuest] Registering menu [legacy]condition type
[25.02.13 22:10:01 FINE]: [BetonQuest] Registering menu objective type
[25.02.13 22:10:01 FINE]: [BetonQuest] Registering menu [legacy]event type
[25.02.13 22:10:01 FINE]: [BetonQuest] Registering menu [legacy]variable type
[25.02.13 22:10:01 FINE]: [BetonQuest] Registered command rpgmenu!
[25.02.13 22:10:01 INFO]: [BetonQuest] BetonQuest successfully enabled!
[25.02.13 22:10:11 FINE]: [BetonQuest] Registering finishdungeon objective type
[25.02.13 22:10:11 FINE]: [BetonQuest] Registering playdungeon [legacy]event type
[25.02.13 22:10:20 INFO]: [BetonQuest] Enabled compatibility for LuckPerms, WorldEdit, Skript, DecentHolograms, PlaceholderAPI, MythicLib, MMOItems, WorldGuard, ProtocolLib, Citizens, Magic, Shopkeepers, MythicMobs, MMOCore, Vault!
[25.02.13 22:10:20 FINE]: [BetonQuest] Registering updatevisibility [legacy]event type
[25.02.13 22:10:20 FINE]: [BetonQuest] Registering npcregion condition type
[25.02.13 22:10:20 FINE]: [BetonQuest] (Schedules) Stopping schedulers...
[25.02.13 22:10:20 FINE]: [BetonQuest] <botanica> Loading stuff in package botanica
[25.02.13 22:10:20 FINE]: [BetonQuest] <botanica> (Schedules) Parsing schedules for package 'botanica'.
[25.02.13 22:10:20 FINE]: [BetonQuest] <botanica> (Schedules) Package contains no schedules.
[25.02.13 22:10:20 FINE]: [BetonQuest] <botanica> Everything in package botanica loaded
[25.02.13 22:10:20 FINE]: [BetonQuest] <tala> Loading stuff in package tala
[25.02.13 22:10:20 FINE]: [BetonQuest] <tala> (Schedules) Parsing schedules for package 'tala'.
[25.02.13 22:10:20 FINE]: [BetonQuest] <tala> (Schedules) Package contains no schedules.
[25.02.13 22:10:20 FINE]: [BetonQuest] <tala> Everything in package tala loaded
[25.02.13 22:10:20 FINE]: [BetonQuest] <pesca> Loading stuff in package pesca
[25.02.13 22:10:20 FINE]: [BetonQuest] <pesca> (Schedules) Parsing schedules for package 'pesca'.
[25.02.13 22:10:20 FINE]: [BetonQuest] <pesca> (Schedules) Package contains no schedules.
[25.02.13 22:10:20 FINE]: [BetonQuest] <pesca> Everything in package pesca loaded
[25.02.13 22:10:20 FINE]: [BetonQuest] <tutorialQuest> Loading stuff in package tutorialQuest
[25.02.13 22:10:20 FINE]: [BetonQuest] <tutorialQuest> Loading conversation 'Pedro'.
[25.02.13 22:10:20 FINE]: [BetonQuest] <tutorialQuest> Conversation loaded: 2 NPC options and 3 player options
[25.02.13 22:10:20 FINE]: [BetonQuest] <tutorialQuest> (Schedules) Parsing schedules for package 'tutorialQuest'.
[25.02.13 22:10:20 FINE]: [BetonQuest] <tutorialQuest> (Schedules) Package contains no schedules.
[25.02.13 22:10:20 FINE]: [BetonQuest] <tutorialQuest> Everything in package tutorialQuest loaded
[25.02.13 22:10:20 FINE]: [BetonQuest] <mineria> Loading stuff in package mineria
[25.02.13 22:10:20 FINE]: [BetonQuest] <mineria>   Event 'mineria.mineriamisioncumplida' loaded
[25.02.13 22:10:20 FINE]: [BetonQuest] <mineria>   Event 'mineria.mineriacontinuar' loaded
[25.02.13 22:10:20 FINE]: [BetonQuest] <mineria>   Event 'mineria.iniciomineria' loaded
[25.02.13 22:10:20 FINE]: [BetonQuest] <mineria>   Event 'mineria.mineriapausa' loaded
[25.02.13 22:10:20 FINE]: [BetonQuest] <mineria>   Event 'mineria.recompensamineria' loaded
[25.02.13 22:10:20 FINE]: [BetonQuest] <mineria>   Event 'mineria.misionaceptadamineria' loaded
[25.02.13 22:10:20 FINE]: [BetonQuest] <mineria>   Event 'mineria.premiomineria' loaded
[25.02.13 22:10:20 FINE]: [BetonQuest] <mineria>   Condition 'mineria.mineriaenpausa' loaded
[25.02.13 22:10:20 FINE]: [BetonQuest] <mineria>   Objective 'mineria.romperbloques' loaded
[25.02.13 22:10:20 FINE]: [BetonQuest] <mineria> Loading conversation 'Grum'.
[25.02.13 22:10:20 FINE]: [BetonQuest] <mineria> Conversation loaded: 4 NPC options and 2 player options
[25.02.13 22:10:20 FINE]: [BetonQuest] <mineria> (Schedules) Parsing schedules for package 'mineria'.
[25.02.13 22:10:20 FINE]: [BetonQuest] <mineria> (Schedules) Parsed schedule 'mineria.mineriamis'.
[25.02.13 22:10:20 FINE]: [BetonQuest] <mineria> (Schedules) Finished loading schedules from package 'mineria'.
[25.02.13 22:10:20 FINE]: [BetonQuest] <mineria> Everything in package mineria loaded
[25.02.13 22:10:20 FINE]: [BetonQuest] <MisionOthil> Loading stuff in package MisionOthil
[25.02.13 22:10:20 FINE]: [BetonQuest] <MisionOthil>   Event 'MisionOthil.mineriamisioncumplida' loaded
[25.02.13 22:10:20 FINE]: [BetonQuest] <MisionOthil>   Event 'MisionOthil.iniciomineria' loaded
[25.02.13 22:10:20 FINE]: [BetonQuest] <MisionOthil>   Event 'MisionOthil.misionaceptadamineria' loaded
[25.02.13 22:10:20 FINE]: [BetonQuest] <MisionOthil>   Event 'MisionOthil.premiomineria' loaded
[25.02.13 22:10:20 FINE]: [BetonQuest] <MisionOthil>   Objective 'MisionOthil.romperbloques' loaded
[25.02.13 22:10:20 FINE]: [BetonQuest] <MisionOthil> Loading conversation 'Othil'.
[25.02.13 22:10:20 FINE]: [BetonQuest] <MisionOthil> Conversation loaded: 5 NPC options and 4 player options
[25.02.13 22:10:20 FINE]: [BetonQuest] <MisionOthil> (Schedules) Parsing schedules for package 'MisionOthil'.
[25.02.13 22:10:20 FINE]: [BetonQuest] <MisionOthil> (Schedules) Package contains no schedules.
[25.02.13 22:10:20 FINE]: [BetonQuest] <MisionOthil> Everything in package MisionOthil loaded
[25.02.13 22:10:20 INFO]: [BetonQuest] There are 1 conditions, 11 events, 2 objectives and 3 conversations loaded from 6 packages.
[25.02.13 22:10:20 FINE]: [BetonQuest] (Schedules) Starting schedulers...
[25.02.13 22:10:20 FINE]: [BetonQuest] (Schedules) Starting simple scheduler.
[25.02.13 22:10:20 FINE]: [BetonQuest] (Schedules) Collecting missed schedules...
[25.02.13 22:10:20 FINE]: [BetonQuest] (Schedules) Found 0 missed schedule runs that will be caught up.
[25.02.13 22:10:20 FINE]: [BetonQuest] (Schedules) Simple scheduler start complete.
[25.02.13 22:10:20 FINE]: [BetonQuest] (Schedules) Starting realtime scheduler.
[25.02.13 22:10:20 FINE]: [BetonQuest] (Schedules) Collecting reboot schedules...
[25.02.13 22:10:20 FINE]: [BetonQuest] (Schedules) Found 0 reboot schedules. They will be run on next server tick.
[25.02.13 22:10:20 FINE]: [BetonQuest] (Schedules) Found 0 missed schedule runs that will be caught up.
[25.02.13 22:10:20 FINE]: [BetonQuest] (Schedules) Realtime scheduler start complete.
[25.02.13 22:10:20 INFO]: [BetonQuest] §aReloaded 0§a menus
[25.02.13 22:11:47 FINE]: [BetonQuest] Loaded 0 objectives, 1 tags, 0 points, 0 journal entries and 0 items for Felipe1205 with profile Felipe1205
[25.02.13 22:11:47 FINE]: [BetonQuest] Inserting data for Felipe1205 with profile Felipe1205
[25.02.13 22:24:55 FINE]: [BetonQuest] (Schedules) Stopping schedulers...
[25.02.13 22:24:55 FINE]: [BetonQuest] (Schedules) Stopping realtimedaily scheduler.
[25.02.13 22:24:55 FINE]: [BetonQuest] (Schedules) Successfully shut down executor service.
[25.02.13 22:24:55 FINE]: [BetonQuest] (Schedules) Stop complete.
[25.02.13 22:24:55 FINE]: [BetonQuest] (Schedules) Stopping realtimecron scheduler.
[25.02.13 22:24:55 FINE]: [BetonQuest] (Schedules) Successfully shut down executor service.
[25.02.13 22:24:55 FINE]: [BetonQuest] (Schedules) Stop complete.
[25.02.13 22:24:55 INFO]: [BetonQuest] BetonQuest successfully disabled!
