[16/02/2025 10:19:05][TRADE]Bsod2000 traded 64x Spruce Log for 5x Ghast Tear in shop constuccion on page "Page 61786"
[16/02/2025 10:19:25][TRADE]Bsod2000 traded 64x Spruce Planks for 5x Ghast Tear in shop constuccion on page "Page 61786"
[16/02/2025 14:00:31][TRADE]Bsod2000 traded 64x Glowstone for 5x Ghast Tear in shop constuccion on page "Page 60313"
[16/02/2025 14:41:39][TRADE]Molotove_ traded 64x Oak Log for 5x Ghast Tear in shop constuccion on page "Page 61786"
[16/02/2025 14:41:40][TRADE]Molotove_ traded 64x Oak Log for 5x Ghast Tear in shop constuccion on page "Page 61786"
[16/02/2025 14:42:06][TRADE]Molotove_ traded 64x Stone for 5x Ghast Tear in shop constuccion on page "Page 69682"
[16/02/2025 14:42:06][TRADE]Molotove_ traded 64x Stone for 5x Ghast Tear in shop constuccion on page "Page 69682"
[16/02/2025 14:42:08][TRADE]Molotove_ traded 64x Stone Slab for 5x Ghast Tear in shop constuccion on page "Page 69682"
[16/02/2025 15:03:37][TRADE]APHNYX traded 64x Diorite for 5x Ghast Tear in shop constuccion on page "Page 23166"
[16/02/2025 15:03:38][TRADE]APHNYX traded 64x Diorite Slab for 5x Ghast Tear in shop constuccion on page "Page 23166"
[16/02/2025 15:03:38][TRADE]APHNYX traded 64x Deepslate Brick Stairs for 5x Ghast Tear in shop constuccion on page "Page 23166"
[16/02/2025 15:03:39][TRADE]APHNYX traded 64x Andesite Slab for 5x Ghast Tear in shop constuccion on page "Page 23166"
[16/02/2025 15:03:39][TRADE]APHNYX traded 64x Brick Stairs for 5x Ghast Tear in shop constuccion on page "Page 23166"
[16/02/2025 15:05:18][TRADE]APHNYX traded 64x Mud Bricks for 5x Ghast Tear in shop constuccion on page "Page 23166"
[16/02/2025 15:05:18][TRADE]APHNYX traded 64x Mud Brick Stairs for 5x Ghast Tear in shop constuccion on page "Page 23166"
[16/02/2025 15:05:19][TRADE]APHNYX traded 64x Sandstone for 5x Ghast Tear in shop constuccion on page "Page 23166"
[16/02/2025 15:05:20][TRADE]APHNYX traded 64x Sandstone Slab for 5x Ghast Tear in shop constuccion on page "Page 23166"
[16/02/2025 15:05:20][TRADE]APHNYX traded 64x Sandstone Stairs for 5x Ghast Tear in shop constuccion on page "Page 23166"
[16/02/2025 15:05:23][TRADE]APHNYX traded 64x Waxed Exposed Cut Copper Stairs for 5x Ghast Tear in shop constuccion on page "Page 20205"
[16/02/2025 15:05:23][TRADE]APHNYX traded 64x Weathered Cut Copper Stairs for 5x Ghast Tear in shop constuccion on page "Page 20205"
[16/02/2025 15:05:24][TRADE]APHNYX traded 64x Polished Blackstone Bricks for 5x Ghast Tear in shop constuccion on page "Page 20205"
[16/02/2025 15:05:25][TRADE]APHNYX traded 64x Nether Brick Stairs for 5x Ghast Tear in shop constuccion on page "Page 20205"
[16/02/2025 15:05:25][TRADE]APHNYX traded 64x Cut Copper for 5x Ghast Tear in shop constuccion on page "Page 20205"
[16/02/2025 15:05:26][TRADE]APHNYX traded 64x Blackstone Stairs for 5x Ghast Tear in shop constuccion on page "Page 20205"
[16/02/2025 15:05:28][TRADE]APHNYX traded 64x Prismarine Slab for 5x Ghast Tear in shop constuccion on page "Page 69682"
[16/02/2025 15:05:28][TRADE]APHNYX traded 64x Prismarine for 5x Ghast Tear in shop constuccion on page "Page 69682"
[16/02/2025 15:05:28][TRADE]APHNYX traded 64x Cobblestone Stairs for 5x Ghast Tear in shop constuccion on page "Page 69682"
[16/02/2025 15:05:29][TRADE]APHNYX traded 64x Smooth Red Sandstone Stairs for 5x Ghast Tear in shop constuccion on page "Page 69682"
[16/02/2025 15:05:29][TRADE]APHNYX traded 64x Purpur Stairs for 5x Ghast Tear in shop constuccion on page "Page 69682"
[16/02/2025 15:05:29][TRADE]APHNYX traded 64x Red Sandstone Slab for 5x Ghast Tear in shop constuccion on page "Page 69682"
[16/02/2025 15:05:31][TRADE]APHNYX traded 64x Chiseled Red Sandstone for 5x Ghast Tear in shop constuccion on page "Page 63528"
[16/02/2025 15:05:32][TRADE]APHNYX traded 64x Calcite for 5x Ghast Tear in shop constuccion on page "Page 63528"
[16/02/2025 15:05:42][TRADE]APHNYX traded 64x Acacia Stairs for 5x Ghast Tear in shop constuccion on page "Page 61786"
[16/02/2025 15:05:44][TRADE]APHNYX traded 64x Bamboo Mosaic Stairs for 5x Ghast Tear in shop constuccion on page "Page 67861"
[16/02/2025 15:05:48][TRADE]APHNYX traded 64x Smooth Red Sandstone for 5x Ghast Tear in shop constuccion on page "Page 69682"
[16/02/2025 15:05:49][TRADE]APHNYX traded 64x Purpur Stairs for 5x Ghast Tear in shop constuccion on page "Page 69682"
[16/02/2025 15:05:49][TRADE]APHNYX traded 64x Dark Prismarine Slab for 5x Ghast Tear in shop constuccion on page "Page 69682"
[16/02/2025 15:05:50][TRADE]APHNYX traded 64x Red Sandstone for 5x Ghast Tear in shop constuccion on page "Page 69682"
[16/02/2025 15:05:52][TRADE]APHNYX traded 64x Cut Red Sandstone Slab for 5x Ghast Tear in shop constuccion on page "Page 63528"
[16/02/2025 15:05:52][TRADE]APHNYX traded 64x Cut Sandstone Slab for 5x Ghast Tear in shop constuccion on page "Page 63528"
[16/02/2025 15:05:52][TRADE]APHNYX traded 64x Cracked Deepslate Tiles for 5x Ghast Tear in shop constuccion on page "Page 63528"
[16/02/2025 15:05:53][TRADE]APHNYX traded 64x Smooth Basalt for 5x Ghast Tear in shop constuccion on page "Page 63528"
[16/02/2025 15:05:55][TRADE]APHNYX traded 64x Lapis Block for 5x Ghast Tear in shop constuccion on page "Page 41327"
[16/02/2025 15:05:55][TRADE]APHNYX traded 64x Emerald Block for 5x Ghast Tear in shop constuccion on page "Page 41327"
[16/02/2025 15:05:56][TRADE]APHNYX traded 64x Waxed Exposed Copper for 5x Ghast Tear in shop constuccion on page "Page 41327"
[16/02/2025 15:05:57][TRADE]APHNYX traded 64x Pink Wool for 5x Ghast Tear in shop constuccion on page "Page 48487"
[16/02/2025 15:05:59][TRADE]APHNYX traded 64x Blue Wool for 5x Ghast Tear in shop constuccion on page "Page 48487"
[16/02/2025 15:06:21][TRADE]APHNYX traded 64x Lime Terracotta for 5x Ghast Tear in shop constuccion on page "Page 88207"
[16/02/2025 15:06:21][TRADE]APHNYX traded 64x Red Stained Glass for 5x Ghast Tear in shop constuccion on page "Page 88207"
[16/02/2025 15:06:22][TRADE]APHNYX traded 64x Black Terracotta for 5x Ghast Tear in shop constuccion on page "Page 88207"
[16/02/2025 15:06:23][TRADE]APHNYX traded 64x Lime Concrete Powder for 5x Ghast Tear in shop constuccion on page "Page 66485"
[16/02/2025 15:06:24][TRADE]APHNYX traded 64x Lime Concrete for 5x Ghast Tear in shop constuccion on page "Page 66485"
[16/02/2025 15:06:24][TRADE]APHNYX traded 64x Blue Concrete for 5x Ghast Tear in shop constuccion on page "Page 66485"
[16/02/2025 15:06:28][TRADE]APHNYX traded 64x Soul Soil for 5x Ghast Tear in shop constuccion on page "Page 55574"
[16/02/2025 15:06:28][TRADE]APHNYX traded 64x Mangrove Leaves for 5x Ghast Tear in shop constuccion on page "Page 55574"
[16/02/2025 15:06:40][TRADE]APHNYX traded 64x Birch Planks for 5x Ghast Tear in shop constuccion on page "Page 61786"
[16/02/2025 15:06:48][TRADE]APHNYX traded 64x Diamond Block for 5x Ghast Tear in shop constuccion on page "Page 41327"
[16/02/2025 15:06:48][TRADE]APHNYX traded 64x Coal Block for 5x Ghast Tear in shop constuccion on page "Page 41327"
[16/02/2025 15:06:49][TRADE]APHNYX traded 64x Oxidized Copper for 5x Ghast Tear in shop constuccion on page "Page 41327"
[16/02/2025 15:06:49][TRADE]APHNYX traded 64x Raw Copper Block for 5x Ghast Tear in shop constuccion on page "Page 41327"
[16/02/2025 15:36:41][TRADE]Molotove_ traded 64x Stone for 5x Ghast Tear in shop constuccion on page "Page 69682"
[16/02/2025 15:36:41][TRADE]Molotove_ traded 64x Stone for 5x Ghast Tear in shop constuccion on page "Page 69682"
[16/02/2025 15:36:42][TRADE]Molotove_ traded 64x Stone for 5x Ghast Tear in shop constuccion on page "Page 69682"
[16/02/2025 15:36:43][TRADE]Molotove_ traded 64x Stone for 5x Ghast Tear in shop constuccion on page "Page 69682"
[16/02/2025 15:36:44][TRADE]Molotove_ traded 64x Stone for 5x Ghast Tear in shop constuccion on page "Page 69682"
[16/02/2025 15:36:44][TRADE]Molotove_ traded 64x Stone for 5x Ghast Tear in shop constuccion on page "Page 69682"
[16/02/2025 15:36:52][TRADE]Molotove_ traded 64x Oak Log for 5x Ghast Tear in shop constuccion on page "Page 61786"
[16/02/2025 15:36:53][TRADE]Molotove_ traded 64x Oak Log for 5x Ghast Tear in shop constuccion on page "Page 61786"
[16/02/2025 16:53:17][TRADE]NivlekNot traded 64x Spruce Log for 5x Ghast Tear in shop constuccion on page "Page 61786"
[16/02/2025 16:53:24][TRADE]zeta4401 traded 64x Smooth Quartz for 5x Ghast Tear in shop constuccion on page "Page 20205"
[16/02/2025 16:53:26][TRADE]NivlekNot traded 64x Stone Bricks for 5x Ghast Tear in shop constuccion on page "Page 23166"
[16/02/2025 16:53:28][TRADE]NivlekNot traded 64x Stone Bricks for 5x Ghast Tear in shop constuccion on page "Page 23166"
[16/02/2025 16:53:28][TRADE]NivlekNot traded 64x Stone Brick Slab for 5x Ghast Tear in shop constuccion on page "Page 23166"
[16/02/2025 17:01:29][TRADE]leonard_pascal traded 64x Spruce Log for 5x Ghast Tear in shop constuccion on page "Page 61786"
[16/02/2025 22:10:37][TRADE]YudaxNot traded 64x Mud Bricks for 5x Ghast Tear in shop constuccion on page "Page 23166"
[16/02/2025 22:10:37][TRADE]YudaxNot traded 64x Mud Bricks for 5x Ghast Tear in shop constuccion on page "Page 23166"
[16/02/2025 22:10:38][TRADE]YudaxNot traded 64x Mud Bricks for 5x Ghast Tear in shop constuccion on page "Page 23166"
[16/02/2025 22:10:38][TRADE]YudaxNot traded 64x Mud Bricks for 5x Ghast Tear in shop constuccion on page "Page 23166"
[16/02/2025 22:10:39][TRADE]YudaxNot traded 64x Mud Bricks for 5x Ghast Tear in shop constuccion on page "Page 23166"
[16/02/2025 22:10:39][TRADE]YudaxNot traded 64x Mud Bricks for 5x Ghast Tear in shop constuccion on page "Page 23166"
[16/02/2025 22:10:40][TRADE]YudaxNot traded 64x Mud Bricks for 5x Ghast Tear in shop constuccion on page "Page 23166"
[16/02/2025 22:10:40][TRADE]YudaxNot traded 64x Mud Bricks for 5x Ghast Tear in shop constuccion on page "Page 23166"
[16/02/2025 22:10:41][TRADE]YudaxNot traded 64x Mud Bricks for 5x Ghast Tear in shop constuccion on page "Page 23166"
[16/02/2025 22:10:41][TRADE]YudaxNot traded 64x Mud Bricks for 5x Ghast Tear in shop constuccion on page "Page 23166"
[16/02/2025 22:10:41][TRADE]YudaxNot traded 64x Mud Bricks for 5x Ghast Tear in shop constuccion on page "Page 23166"
[16/02/2025 22:10:42][TRADE]YudaxNot traded 64x Mud Bricks for 5x Ghast Tear in shop constuccion on page "Page 23166"
[16/02/2025 22:10:42][TRADE]YudaxNot traded 64x Mud Bricks for 5x Ghast Tear in shop constuccion on page "Page 23166"
[16/02/2025 22:11:04][TRADE]YudaxNot traded 64x Stone Bricks for 5x Ghast Tear in shop constuccion on page "Page 23166"
[16/02/2025 22:11:05][TRADE]YudaxNot traded 64x Stone Bricks for 5x Ghast Tear in shop constuccion on page "Page 23166"
[16/02/2025 22:11:05][TRADE]YudaxNot traded 64x Stone Bricks for 5x Ghast Tear in shop constuccion on page "Page 23166"
[16/02/2025 22:11:06][TRADE]YudaxNot traded 64x Stone Bricks for 5x Ghast Tear in shop constuccion on page "Page 23166"
[16/02/2025 22:11:06][TRADE]YudaxNot traded 64x Stone Bricks for 5x Ghast Tear in shop constuccion on page "Page 23166"
[16/02/2025 22:11:06][TRADE]YudaxNot traded 64x Stone Bricks for 5x Ghast Tear in shop constuccion on page "Page 23166"
[16/02/2025 22:11:07][TRADE]YudaxNot traded 64x Stone Bricks for 5x Ghast Tear in shop constuccion on page "Page 23166"
[16/02/2025 22:11:07][TRADE]YudaxNot traded 64x Stone Bricks for 5x Ghast Tear in shop constuccion on page "Page 23166"
[16/02/2025 22:11:08][TRADE]YudaxNot traded 64x Stone Bricks for 5x Ghast Tear in shop constuccion on page "Page 23166"
[16/02/2025 22:11:08][TRADE]YudaxNot traded 64x Stone Bricks for 5x Ghast Tear in shop constuccion on page "Page 23166"
[16/02/2025 22:11:09][TRADE]YudaxNot traded 64x Stone Bricks for 5x Ghast Tear in shop constuccion on page "Page 23166"
[16/02/2025 22:11:27][TRADE]YudaxNot traded 64x Stone Bricks for 5x Ghast Tear in shop constuccion on page "Page 23166"
[16/02/2025 22:11:28][TRADE]YudaxNot traded 64x Stone Bricks for 5x Ghast Tear in shop constuccion on page "Page 23166"
[16/02/2025 22:11:28][TRADE]YudaxNot traded 64x Stone Bricks for 5x Ghast Tear in shop constuccion on page "Page 23166"
[16/02/2025 22:11:28][TRADE]YudaxNot traded 64x Stone Bricks for 5x Ghast Tear in shop constuccion on page "Page 23166"
[16/02/2025 22:11:29][TRADE]YudaxNot traded 64x Stone Bricks for 5x Ghast Tear in shop constuccion on page "Page 23166"
[16/02/2025 22:11:30][TRADE]YudaxNot traded 64x Stone Bricks for 5x Ghast Tear in shop constuccion on page "Page 23166"
[16/02/2025 22:11:30][TRADE]YudaxNot traded 64x Stone Bricks for 5x Ghast Tear in shop constuccion on page "Page 23166"
[16/02/2025 22:12:01][TRADE]YudaxNot traded 64x Diamond Block for 5x Ghast Tear in shop constuccion on page "Page 41327"
[16/02/2025 22:21:28][TRADE]YudaxNot traded 64x Spruce Log for 5x Ghast Tear in shop constuccion on page "Page 61786"
[16/02/2025 22:21:29][TRADE]YudaxNot traded 64x Spruce Log for 5x Ghast Tear in shop constuccion on page "Page 61786"
[16/02/2025 22:21:29][TRADE]YudaxNot traded 64x Spruce Log for 5x Ghast Tear in shop constuccion on page "Page 61786"
[16/02/2025 22:21:30][TRADE]YudaxNot traded 64x Spruce Log for 5x Ghast Tear in shop constuccion on page "Page 61786"
[16/02/2025 22:21:30][TRADE]YudaxNot traded 64x Spruce Log for 5x Ghast Tear in shop constuccion on page "Page 61786"
[16/02/2025 22:21:30][TRADE]YudaxNot traded 64x Spruce Log for 5x Ghast Tear in shop constuccion on page "Page 61786"
[16/02/2025 22:21:31][TRADE]YudaxNot traded 64x Spruce Log for 5x Ghast Tear in shop constuccion on page "Page 61786"
[16/02/2025 22:22:26][TRADE]YudaxNot traded 64x Mud Bricks for 5x Ghast Tear in shop constuccion on page "Page 23166"
[16/02/2025 22:22:27][TRADE]YudaxNot traded 64x Mud Bricks for 5x Ghast Tear in shop constuccion on page "Page 23166"
[16/02/2025 22:22:27][TRADE]YudaxNot traded 64x Mud Bricks for 5x Ghast Tear in shop constuccion on page "Page 23166"
[16/02/2025 22:22:28][TRADE]YudaxNot traded 64x Mud Bricks for 5x Ghast Tear in shop constuccion on page "Page 23166"
[16/02/2025 22:22:28][TRADE]YudaxNot traded 64x Mud Bricks for 5x Ghast Tear in shop constuccion on page "Page 23166"
[16/02/2025 22:22:28][TRADE]YudaxNot traded 64x Mud Bricks for 5x Ghast Tear in shop constuccion on page "Page 23166"
[16/02/2025 22:22:29][TRADE]YudaxNot traded 64x Mud Bricks for 5x Ghast Tear in shop constuccion on page "Page 23166"
[16/02/2025 22:22:29][TRADE]YudaxNot traded 64x Mud Bricks for 5x Ghast Tear in shop constuccion on page "Page 23166"
[16/02/2025 22:22:29][TRADE]YudaxNot traded 64x Mud Bricks for 5x Ghast Tear in shop constuccion on page "Page 23166"
[16/02/2025 22:22:30][TRADE]YudaxNot traded 64x Mud Bricks for 5x Ghast Tear in shop constuccion on page "Page 23166"
[16/02/2025 22:22:44][TRADE]YudaxNot traded 64x Mud Bricks for 5x Ghast Tear in shop constuccion on page "Page 23166"
[16/02/2025 22:22:45][TRADE]YudaxNot traded 64x Mud Bricks for 5x Ghast Tear in shop constuccion on page "Page 23166"
[16/02/2025 22:22:45][TRADE]YudaxNot traded 64x Mud Bricks for 5x Ghast Tear in shop constuccion on page "Page 23166"
[16/02/2025 22:22:45][TRADE]YudaxNot traded 64x Mud Bricks for 5x Ghast Tear in shop constuccion on page "Page 23166"
[16/02/2025 22:42:18][TRADE]YudaxNot traded 64x Mud Brick Stairs for 5x Ghast Tear in shop constuccion on page "Page 23166"
[16/02/2025 22:43:15][TRADE]YudaxNot traded 64x Coal Block for 5x Ghast Tear in shop constuccion on page "Page 41327"
[16/02/2025 22:43:16][TRADE]YudaxNot traded 64x Coal Block for 5x Ghast Tear in shop constuccion on page "Page 41327"
[16/02/2025 22:43:17][TRADE]YudaxNot traded 64x Coal Block for 5x Ghast Tear in shop constuccion on page "Page 41327"
[16/02/2025 22:43:20][TRADE]YudaxNot traded 64x Coal Block for 5x Ghast Tear in shop constuccion on page "Page 41327"
[16/02/2025 22:43:36][TRADE]YudaxNot traded 64x Stone Bricks for 5x Ghast Tear in shop constuccion on page "Page 23166"
[16/02/2025 22:43:37][TRADE]YudaxNot traded 64x Stone Bricks for 5x Ghast Tear in shop constuccion on page "Page 23166"
[16/02/2025 22:43:37][TRADE]YudaxNot traded 64x Stone Bricks for 5x Ghast Tear in shop constuccion on page "Page 23166"
[16/02/2025 22:43:37][TRADE]YudaxNot traded 64x Stone Bricks for 5x Ghast Tear in shop constuccion on page "Page 23166"
[16/02/2025 22:43:38][TRADE]YudaxNot traded 64x Stone Bricks for 5x Ghast Tear in shop constuccion on page "Page 23166"
[16/02/2025 22:43:38][TRADE]YudaxNot traded 64x Stone Bricks for 5x Ghast Tear in shop constuccion on page "Page 23166"
[16/02/2025 22:43:38][TRADE]YudaxNot traded 64x Stone Bricks for 5x Ghast Tear in shop constuccion on page "Page 23166"
[16/02/2025 22:43:39][TRADE]YudaxNot traded 64x Stone Bricks for 5x Ghast Tear in shop constuccion on page "Page 23166"
[16/02/2025 22:43:39][TRADE]YudaxNot traded 64x Stone Bricks for 5x Ghast Tear in shop constuccion on page "Page 23166"
[16/02/2025 22:43:39][TRADE]YudaxNot traded 64x Stone Bricks for 5x Ghast Tear in shop constuccion on page "Page 23166"
[16/02/2025 22:43:40][TRADE]YudaxNot traded 64x Stone Bricks for 5x Ghast Tear in shop constuccion on page "Page 23166"
[16/02/2025 22:43:40][TRADE]YudaxNot traded 64x Stone Bricks for 5x Ghast Tear in shop constuccion on page "Page 23166"
[16/02/2025 22:43:41][TRADE]YudaxNot traded 64x Stone Bricks for 5x Ghast Tear in shop constuccion on page "Page 23166"
