[21/02/2025 03:25:36][TRADE]Molotove_ traded 64x Oak Log for 5x Ghast Tear in shop constuccion on page "Page 61786"
[21/02/2025 03:25:36][TRADE]Molotove_ traded 64x Oak Log for 5x Ghast Tear in shop constuccion on page "Page 61786"
[21/02/2025 03:25:37][TRADE]Molotove_ traded 64x Oak Log for 5x Ghast Tear in shop constuccion on page "Page 61786"
[21/02/2025 03:25:49][TRADE]Molotove_ traded 64x Oak Slab for 5x Ghast Tear in shop constuccion on page "Page 61786"
[21/02/2025 03:26:00][TRADE]Molotove_ traded 64x Stone for 5x Ghast Tear in shop constuccion on page "Page 69682"
[21/02/2025 03:26:01][TRADE]Molotove_ traded 64x Stone for 5x Ghast Tear in shop constuccion on page "Page 69682"
[21/02/2025 03:26:02][TRADE]Molotove_ traded 64x Stone for 5x Ghast Tear in shop constuccion on page "Page 69682"
[21/02/2025 03:26:02][TRADE]Molotove_ traded 64x Stone for 5x Ghast Tear in shop constuccion on page "Page 69682"
[21/02/2025 03:26:03][TRADE]Molotove_ traded 64x Stone for 5x Ghast Tear in shop constuccion on page "Page 69682"
[21/02/2025 03:26:04][TRADE]Molotove_ traded 64x Stone Slab for 5x Ghast Tear in shop constuccion on page "Page 69682"
[21/02/2025 03:26:05][TRADE]Molotove_ traded 64x Stone Slab for 5x Ghast Tear in shop constuccion on page "Page 69682"
[21/02/2025 03:39:23][TRADE]Molotove_ traded 64x Spruce Log for 5x Ghast Tear in shop constuccion on page "Page 61786"
[21/02/2025 03:39:24][TRADE]Molotove_ traded 64x Spruce Log for 5x Ghast Tear in shop constuccion on page "Page 61786"
[21/02/2025 03:39:24][TRADE]Molotove_ traded 64x Spruce Log for 5x Ghast Tear in shop constuccion on page "Page 61786"
[21/02/2025 03:39:25][TRADE]Molotove_ traded 64x Spruce Log for 5x Ghast Tear in shop constuccion on page "Page 61786"
[21/02/2025 03:39:25][TRADE]Molotove_ traded 64x Spruce Log for 5x Ghast Tear in shop constuccion on page "Page 61786"
[21/02/2025 03:41:43][TRADE]Molotove_ traded 64x Glass for 5x Ghast Tear in shop constuccion on page "Page 88207"
[21/02/2025 03:41:44][TRADE]Molotove_ traded 64x Glass for 5x Ghast Tear in shop constuccion on page "Page 88207"
[21/02/2025 03:41:44][TRADE]Molotove_ traded 64x Glass for 5x Ghast Tear in shop constuccion on page "Page 88207"
[21/02/2025 03:41:45][TRADE]Molotove_ traded 64x Glass for 5x Ghast Tear in shop constuccion on page "Page 88207"
[21/02/2025 03:41:45][TRADE]Molotove_ traded 64x Glass for 5x Ghast Tear in shop constuccion on page "Page 88207"
[21/02/2025 03:41:46][TRADE]Molotove_ traded 64x Glass for 5x Ghast Tear in shop constuccion on page "Page 88207"
[21/02/2025 03:41:48][TRADE]Molotove_ traded 64x Glass for 5x Ghast Tear in shop constuccion on page "Page 88207"
[21/02/2025 04:35:19][TRADE]Molotove_ traded 64x Oak Log for 5x Ghast Tear in shop constuccion on page "Page 61786"
[21/02/2025 05:02:04][TRADE]Molotove_ traded 64x Oak Log for 5x Ghast Tear in shop constuccion on page "Page 61786"
[21/02/2025 05:02:05][TRADE]Molotove_ traded 64x Oak Log for 5x Ghast Tear in shop constuccion on page "Page 61786"
[21/02/2025 05:02:30][TRADE]Molotove_ traded 64x Stone for 5x Ghast Tear in shop constuccion on page "Page 69682"
[21/02/2025 05:02:30][TRADE]Molotove_ traded 64x Stone for 5x Ghast Tear in shop constuccion on page "Page 69682"
[21/02/2025 05:02:41][TRADE]Molotove_ traded 64x Stone for 5x Ghast Tear in shop constuccion on page "Page 69682"
[21/02/2025 05:04:02][TRADE]Molotove_ traded 64x Stone for 5x Ghast Tear in shop constuccion on page "Page 69682"
[21/02/2025 06:17:41][TRADE]Molotove_ traded 64x Spruce Log for 5x Ghast Tear in shop constuccion on page "Page 61786"
[21/02/2025 06:17:42][TRADE]Molotove_ traded 64x Spruce Log for 5x Ghast Tear in shop constuccion on page "Page 61786"
[21/02/2025 06:17:42][TRADE]Molotove_ traded 64x Spruce Log for 5x Ghast Tear in shop constuccion on page "Page 61786"
[21/02/2025 06:17:43][TRADE]Molotove_ traded 64x Spruce Log for 5x Ghast Tear in shop constuccion on page "Page 61786"
[21/02/2025 08:49:50][TRADE]Molotove_ traded 64x Spruce Log for 5x Ghast Tear in shop constuccion on page "Page 61786"
[21/02/2025 08:49:50][TRADE]Molotove_ traded 64x Spruce Log for 5x Ghast Tear in shop constuccion on page "Page 61786"
[21/02/2025 08:49:51][TRADE]Molotove_ traded 64x Spruce Log for 5x Ghast Tear in shop constuccion on page "Page 61786"
[21/02/2025 08:50:14][TRADE]Molotove_ traded 64x Spruce Stairs for 5x Ghast Tear in shop constuccion on page "Page 61786"
[21/02/2025 08:50:15][TRADE]Molotove_ traded 64x Spruce Stairs for 5x Ghast Tear in shop constuccion on page "Page 61786"
[21/02/2025 08:50:16][TRADE]Molotove_ traded 64x Spruce Stairs for 5x Ghast Tear in shop constuccion on page "Page 61786"
[21/02/2025 08:50:16][TRADE]Molotove_ traded 64x Spruce Stairs for 5x Ghast Tear in shop constuccion on page "Page 61786"
[21/02/2025 08:50:17][TRADE]Molotove_ traded 64x Spruce Stairs for 5x Ghast Tear in shop constuccion on page "Page 61786"
[21/02/2025 08:50:17][TRADE]Molotove_ traded 64x Spruce Stairs for 5x Ghast Tear in shop constuccion on page "Page 61786"
[21/02/2025 09:08:55][TRADE]Molotove_ traded 64x Spruce Stairs for 5x Ghast Tear in shop constuccion on page "Page 61786"
[21/02/2025 09:08:56][TRADE]Molotove_ traded 64x Spruce Stairs for 5x Ghast Tear in shop constuccion on page "Page 61786"
[21/02/2025 09:08:56][TRADE]Molotove_ traded 64x Spruce Stairs for 5x Ghast Tear in shop constuccion on page "Page 61786"
[21/02/2025 09:08:57][TRADE]Molotove_ traded 64x Spruce Stairs for 5x Ghast Tear in shop constuccion on page "Page 61786"
[21/02/2025 09:09:03][TRADE]Molotove_ traded 64x Spruce Stairs for 5x Ghast Tear in shop constuccion on page "Page 61786"
[21/02/2025 09:20:47][TRADE]Molotove_ traded 64x Spruce Stairs for 5x Ghast Tear in shop constuccion on page "Page 61786"
[21/02/2025 09:20:48][TRADE]Molotove_ traded 64x Spruce Stairs for 5x Ghast Tear in shop constuccion on page "Page 61786"
[21/02/2025 09:20:48][TRADE]Molotove_ traded 64x Spruce Stairs for 5x Ghast Tear in shop constuccion on page "Page 61786"
[21/02/2025 09:20:52][TRADE]Molotove_ traded 64x Spruce Stairs for 5x Ghast Tear in shop constuccion on page "Page 61786"
[21/02/2025 09:20:53][TRADE]Molotove_ traded 64x Spruce Stairs for 5x Ghast Tear in shop constuccion on page "Page 61786"
[21/02/2025 09:42:11][TRADE]Molotove_ traded 64x Spruce Stairs for 5x Ghast Tear in shop constuccion on page "Page 61786"
[21/02/2025 22:17:00][TRADE]zeta4401 traded 64x Oak Log for 5x Ghast Tear in shop constuccion on page "Page 61786"
[21/02/2025 22:29:31][TRADE]zeta4401 traded 64x Smooth Quartz for 5x Ghast Tear in shop constuccion on page "Page 20205"
[21/02/2025 22:29:32][TRADE]zeta4401 traded 64x Smooth Quartz for 5x Ghast Tear in shop constuccion on page "Page 20205"
[21/02/2025 22:29:47][TRADE]zeta4401 traded 64x White Wool for 5x Ghast Tear in shop constuccion on page "Page 48487"
[21/02/2025 22:29:48][TRADE]zeta4401 traded 64x White Wool for 5x Ghast Tear in shop constuccion on page "Page 48487"
