[16/02/2025 02:11:44][TRADE]APHNYX traded 5x Ghast Tear for 64x Iron Ingot in shop mineros on page "Page 12068"
[16/02/2025 02:11:53][TRADE]APHNYX traded 5x Ghast Tear for 64x Iron Ingot in shop mineros on page "Page 12068"
[16/02/2025 02:11:56][TRADE]APHNYX traded 5x Ghast Tear for 64x Flint in shop mineros on page "Page 12068"
[16/02/2025 08:56:47][TRADE]NivlekNot traded 5x Ghast Tear for 64x Iron Ingot in shop mineros on page "Page 12068"
[16/02/2025 08:56:49][TRADE]NivlekNot traded 5x Ghast Tear for 64x Iron Ingot in shop mineros on page "Page 12068"
[16/02/2025 08:56:53][TRADE]NivlekNot traded 5x Ghast Tear for 64x Iron Ingot in shop mineros on page "Page 12068"
[16/02/2025 08:56:53][TRADE]NivlekNot traded 5x Ghast Tear for 64x Iron Ingot in shop mineros on page "Page 12068"
[16/02/2025 08:56:53][TRADE]NivlekNot traded 5x Ghast Tear for 64x Iron Ingot in shop mineros on page "Page 12068"
[16/02/2025 08:56:54][TRADE]NivlekNot traded 5x Ghast Tear for 64x Iron Ingot in shop mineros on page "Page 12068"
[16/02/2025 08:56:54][TRADE]NivlekNot traded 5x Ghast Tear for 64x Iron Ingot in shop mineros on page "Page 12068"
[16/02/2025 08:56:54][TRADE]NivlekNot traded 5x Ghast Tear for 64x Iron Ingot in shop mineros on page "Page 12068"
[16/02/2025 08:56:54][TRADE]NivlekNot traded 5x Ghast Tear for 64x Iron Ingot in shop mineros on page "Page 12068"
[16/02/2025 08:56:55][TRADE]NivlekNot traded 5x Ghast Tear for 64x Iron Ingot in shop mineros on page "Page 12068"
[16/02/2025 08:56:55][TRADE]NivlekNot traded 5x Ghast Tear for 64x Iron Ingot in shop mineros on page "Page 12068"
[16/02/2025 08:56:55][TRADE]NivlekNot traded 5x Ghast Tear for 64x Iron Ingot in shop mineros on page "Page 12068"
[16/02/2025 10:25:17][TRADE]Catoncio_1 traded 5x Ghast Tear for 64x Iron Ingot in shop mineros on page "Page 12068"
[16/02/2025 10:25:18][TRADE]Catoncio_1 traded 5x Ghast Tear for 64x Iron Ingot in shop mineros on page "Page 12068"
[16/02/2025 10:25:19][TRADE]Catoncio_1 traded 5x Ghast Tear for 64x Iron Ingot in shop mineros on page "Page 12068"
[16/02/2025 10:25:19][TRADE]Catoncio_1 traded 5x Ghast Tear for 64x Iron Ingot in shop mineros on page "Page 12068"
[16/02/2025 10:25:20][TRADE]Catoncio_1 traded 5x Ghast Tear for 64x Iron Ingot in shop mineros on page "Page 12068"
[16/02/2025 15:27:58][TRADE]Molotove_ traded 5x Ghast Tear for 64x Iron Ingot in shop mineros on page "Page 12068"
[16/02/2025 15:28:02][TRADE]Molotove_ traded 5x Ghast Tear for 64x Iron Ingot in shop mineros on page "Page 12068"
[16/02/2025 15:59:23][TRADE]luiguiwar traded 5x Ghast Tear for 64x Iron Ingot in shop mineros on page "Page 12068"
[16/02/2025 15:59:24][TRADE]luiguiwar traded 5x Ghast Tear for 64x Iron Ingot in shop mineros on page "Page 12068"
[16/02/2025 16:16:01][TRADE]luiguiwar traded 3x Ghast Tear for 64x Cobblestone in shop mineros on page "Page 12068"
[16/02/2025 16:17:59][TRADE]zeta4401 traded 3x Ghast Tear for 64x Cobblestone in shop mineros on page "Page 12068"
[16/02/2025 16:18:00][TRADE]zeta4401 traded 3x Ghast Tear for 64x Cobblestone in shop mineros on page "Page 12068"
[16/02/2025 16:22:31][TRADE]Catoncio_1 traded 5x Ghast Tear for 64x Iron Ingot in shop mineros on page "Page 12068"
[16/02/2025 16:22:32][TRADE]Catoncio_1 traded 5x Ghast Tear for 64x Iron Ingot in shop mineros on page "Page 12068"
[16/02/2025 17:28:35][TRADE]SafiroBarabaja22 traded 5x Ghast Tear for 64x Iron Ingot in shop mineros on page "Page 12068"
[16/02/2025 17:42:50][TRADE]SafiroBarabaja22 traded 3x Ghast Tear for 64x Cobblestone in shop mineros on page "Page 12068"
[16/02/2025 17:58:12][TRADE]APHNYX traded 64x Iron Ingot for 50x Ghast Tear in shop mineros on page "Page 80780"
[16/02/2025 17:58:13][TRADE]APHNYX traded 64x Quartz for 1x Ghast Tear in shop mineros on page "Page 80780"
[16/02/2025 17:58:13][TRADE]APHNYX traded 64x Redstone for 1x Ghast Tear in shop mineros on page "Page 80780"
[16/02/2025 17:58:14][TRADE]APHNYX traded 64x Cobblestone for 30x Ghast Tear in shop mineros on page "Page 80780"
[16/02/2025 17:58:14][TRADE]APHNYX traded 64x Amethyst Shard for 1x Ghast Tear in shop mineros on page "Page 80780"
[16/02/2025 17:58:14][TRADE]APHNYX traded 64x Prismarine Shard for 1x Ghast Tear,50x Ghast Tear in shop mineros on page "Page 80780"
[16/02/2025 17:58:16][TRADE]APHNYX traded 10x Ghast Tear for 64x Amethyst Shard in shop mineros on page "Page 12068"
[16/02/2025 17:58:17][TRADE]APHNYX traded 3x Ghast Tear for 64x Cobblestone in shop mineros on page "Page 12068"
[16/02/2025 17:58:18][TRADE]APHNYX traded 5x Ghast Tear for 64x Iron Ingot in shop mineros on page "Page 12068"
[16/02/2025 17:58:19][TRADE]APHNYX traded 10x Ghast Tear for 64x Quartz in shop mineros on page "Page 12068"
[16/02/2025 17:58:22][TRADE]APHNYX traded 15x Ghast Tear for 64x Prismarine Shard in shop mineros on page "Page 12068"
[16/02/2025 17:58:23][TRADE]APHNYX traded 10x Ghast Tear for 64x Redstone in shop mineros on page "Page 12068"
[16/02/2025 19:56:17][TRADE]Ghost_1390 traded 5x Ghast Tear for 64x Iron Ingot in shop mineros on page "Page 12068"
[16/02/2025 19:58:35][TRADE]Ghost_1390 traded 5x Ghast Tear for 64x Coal in shop mineros on page "Page 12068"
[16/02/2025 20:46:37][TRADE]SafiroBarabaja22 traded 5x Ghast Tear for 64x Iron Ingot in shop mineros on page "Page 12068"
[16/02/2025 20:46:39][TRADE]SafiroBarabaja22 traded 5x Ghast Tear for 64x Iron Ingot in shop mineros on page "Page 12068"
[16/02/2025 20:46:40][TRADE]SafiroBarabaja22 traded 5x Ghast Tear for 64x Iron Ingot in shop mineros on page "Page 12068"
[16/02/2025 20:46:40][TRADE]SafiroBarabaja22 traded 5x Ghast Tear for 64x Iron Ingot in shop mineros on page "Page 12068"
[16/02/2025 20:46:41][TRADE]SafiroBarabaja22 traded 5x Ghast Tear for 64x Iron Ingot in shop mineros on page "Page 12068"
[16/02/2025 20:46:42][TRADE]SafiroBarabaja22 traded 5x Ghast Tear for 64x Iron Ingot in shop mineros on page "Page 12068"
[16/02/2025 20:46:42][TRADE]SafiroBarabaja22 traded 5x Ghast Tear for 64x Iron Ingot in shop mineros on page "Page 12068"
[16/02/2025 20:46:43][TRADE]SafiroBarabaja22 traded 5x Ghast Tear for 64x Iron Ingot in shop mineros on page "Page 12068"
[16/02/2025 20:46:43][TRADE]SafiroBarabaja22 traded 5x Ghast Tear for 64x Iron Ingot in shop mineros on page "Page 12068"
[16/02/2025 23:00:09][TRADE]Ghost_1390 traded 5x Ghast Tear for 64x Iron Ingot in shop mineros on page "Page 12068"
[16/02/2025 23:00:11][TRADE]Ghost_1390 traded 5x Ghast Tear for 64x Iron Ingot in shop mineros on page "Page 12068"
[16/02/2025 23:00:12][TRADE]Ghost_1390 traded 5x Ghast Tear for 64x Iron Ingot in shop mineros on page "Page 12068"
[16/02/2025 23:00:12][TRADE]Ghost_1390 traded 5x Ghast Tear for 64x Iron Ingot in shop mineros on page "Page 12068"
[16/02/2025 23:00:12][TRADE]Ghost_1390 traded 5x Ghast Tear for 64x Iron Ingot in shop mineros on page "Page 12068"
