[22/02/2025 00:37:38][TRADE]Ghost_1390 traded 5x Ghast Tear for 64x Cobblestone in shop mineros on page "Page 12068"
[22/02/2025 00:47:40][TRADE]luiguiwar traded 5x Ghast Tear for 64x Cobblestone in shop mineros on page "Page 12068"
[22/02/2025 00:47:41][TRADE]luiguiwar traded 5x Ghast Tear for 64x Cobblestone in shop mineros on page "Page 12068"
[22/02/2025 00:47:41][TRADE]luiguiwar traded 5x Ghast Tear for 64x Cobblestone in shop mineros on page "Page 12068"
[22/02/2025 00:47:41][TRADE]luiguiwar traded 5x Ghast Tear for 64x Cobblestone in shop mineros on page "Page 12068"
[22/02/2025 00:47:42][TRADE]luiguiwar traded 5x Ghast Tear for 64x Cobblestone in shop mineros on page "Page 12068"
[22/02/2025 00:47:42][TRADE]luiguiwar traded 5x Ghast Tear for 64x Cobblestone in shop mineros on page "Page 12068"
[22/02/2025 00:47:42][TRADE]luiguiwar traded 5x Ghast Tear for 64x Cobblestone in shop mineros on page "Page 12068"
[22/02/2025 00:47:43][TRADE]luiguiwar traded 5x Ghast Tear for 64x Cobblestone in shop mineros on page "Page 12068"
[22/02/2025 00:47:43][TRADE]luiguiwar traded 5x Ghast Tear for 64x Cobblestone in shop mineros on page "Page 12068"
[22/02/2025 00:47:43][TRADE]luiguiwar traded 5x Ghast Tear for 64x Cobblestone in shop mineros on page "Page 12068"
[22/02/2025 00:47:44][TRADE]luiguiwar traded 5x Ghast Tear for 64x Cobblestone in shop mineros on page "Page 12068"
[22/02/2025 00:47:44][TRADE]luiguiwar traded 5x Ghast Tear for 64x Cobblestone in shop mineros on page "Page 12068"
[22/02/2025 00:47:44][TRADE]luiguiwar traded 5x Ghast Tear for 64x Cobblestone in shop mineros on page "Page 12068"
[22/02/2025 00:47:45][TRADE]luiguiwar traded 5x Ghast Tear for 64x Cobblestone in shop mineros on page "Page 12068"
[22/02/2025 00:47:45][TRADE]luiguiwar traded 5x Ghast Tear for 64x Cobblestone in shop mineros on page "Page 12068"
[22/02/2025 00:47:45][TRADE]luiguiwar traded 5x Ghast Tear for 64x Cobblestone in shop mineros on page "Page 12068"
[22/02/2025 00:47:46][TRADE]luiguiwar traded 5x Ghast Tear for 64x Cobblestone in shop mineros on page "Page 12068"
[22/02/2025 00:47:46][TRADE]luiguiwar traded 5x Ghast Tear for 64x Cobblestone in shop mineros on page "Page 12068"
[22/02/2025 00:47:46][TRADE]luiguiwar traded 5x Ghast Tear for 64x Cobblestone in shop mineros on page "Page 12068"
[22/02/2025 00:47:46][TRADE]luiguiwar traded 5x Ghast Tear for 64x Cobblestone in shop mineros on page "Page 12068"
[22/02/2025 00:47:51][TRADE]luiguiwar traded 5x Ghast Tear for 64x Cobblestone in shop mineros on page "Page 12068"
[22/02/2025 14:19:11][TRADE]YudaxNot traded 5x Ghast Tear for 64x Cobblestone in shop mineros on page "Page 12068"
[22/02/2025 14:19:11][TRADE]YudaxNot traded 5x Ghast Tear for 64x Cobblestone in shop mineros on page "Page 12068"
[22/02/2025 14:19:12][TRADE]YudaxNot traded 5x Ghast Tear for 64x Cobblestone in shop mineros on page "Page 12068"
[22/02/2025 14:19:12][TRADE]YudaxNot traded 5x Ghast Tear for 64x Cobblestone in shop mineros on page "Page 12068"
[22/02/2025 14:19:12][TRADE]YudaxNot traded 5x Ghast Tear for 64x Cobblestone in shop mineros on page "Page 12068"
[22/02/2025 14:19:12][TRADE]YudaxNot traded 5x Ghast Tear for 64x Cobblestone in shop mineros on page "Page 12068"
[22/02/2025 14:19:12][TRADE]YudaxNot traded 5x Ghast Tear for 64x Cobblestone in shop mineros on page "Page 12068"
[22/02/2025 14:19:13][TRADE]YudaxNot traded 5x Ghast Tear for 64x Cobblestone in shop mineros on page "Page 12068"
[22/02/2025 14:19:13][TRADE]YudaxNot traded 5x Ghast Tear for 64x Cobblestone in shop mineros on page "Page 12068"
[22/02/2025 14:19:13][TRADE]YudaxNot traded 5x Ghast Tear for 64x Cobblestone in shop mineros on page "Page 12068"
[22/02/2025 14:19:14][TRADE]YudaxNot traded 5x Ghast Tear for 64x Cobblestone in shop mineros on page "Page 12068"
[22/02/2025 14:19:14][TRADE]YudaxNot traded 5x Ghast Tear for 64x Cobblestone in shop mineros on page "Page 12068"
[22/02/2025 14:19:14][TRADE]YudaxNot traded 5x Ghast Tear for 64x Cobblestone in shop mineros on page "Page 12068"
[22/02/2025 14:19:15][TRADE]YudaxNot traded 5x Ghast Tear for 64x Cobblestone in shop mineros on page "Page 12068"
[22/02/2025 14:19:15][TRADE]YudaxNot traded 5x Ghast Tear for 64x Cobblestone in shop mineros on page "Page 12068"
[22/02/2025 14:19:15][TRADE]YudaxNot traded 5x Ghast Tear for 64x Cobblestone in shop mineros on page "Page 12068"
[22/02/2025 14:19:16][TRADE]YudaxNot traded 5x Ghast Tear for 64x Cobblestone in shop mineros on page "Page 12068"
[22/02/2025 14:19:16][TRADE]YudaxNot traded 5x Ghast Tear for 64x Cobblestone in shop mineros on page "Page 12068"
[22/02/2025 14:19:37][TRADE]YudaxNot traded 5x Ghast Tear for 64x Cobblestone in shop mineros on page "Page 12068"
[22/02/2025 14:19:38][TRADE]YudaxNot traded 5x Ghast Tear for 64x Cobblestone in shop mineros on page "Page 12068"
[22/02/2025 14:19:38][TRADE]YudaxNot traded 5x Ghast Tear for 64x Cobblestone in shop mineros on page "Page 12068"
[22/02/2025 14:19:38][TRADE]YudaxNot traded 5x Ghast Tear for 64x Cobblestone in shop mineros on page "Page 12068"
[22/02/2025 14:19:39][TRADE]YudaxNot traded 5x Ghast Tear for 64x Cobblestone in shop mineros on page "Page 12068"
[22/02/2025 14:19:39][TRADE]YudaxNot traded 5x Ghast Tear for 64x Cobblestone in shop mineros on page "Page 12068"
[22/02/2025 14:19:39][TRADE]YudaxNot traded 5x Ghast Tear for 64x Cobblestone in shop mineros on page "Page 12068"
[22/02/2025 14:19:40][TRADE]YudaxNot traded 5x Ghast Tear for 64x Cobblestone in shop mineros on page "Page 12068"
[22/02/2025 14:19:40][TRADE]YudaxNot traded 5x Ghast Tear for 64x Cobblestone in shop mineros on page "Page 12068"
[22/02/2025 14:19:40][TRADE]YudaxNot traded 5x Ghast Tear for 64x Cobblestone in shop mineros on page "Page 12068"
[22/02/2025 14:19:40][TRADE]YudaxNot traded 5x Ghast Tear for 64x Cobblestone in shop mineros on page "Page 12068"
[22/02/2025 20:09:59][TRADE]Endless_Abyss traded 12x Ghast Tear for 64x Iron Ingot in shop mineros on page "Page 12068"
[22/02/2025 20:10:00][TRADE]Endless_Abyss traded 5x Ghast Tear for 64x Cobblestone in shop mineros on page "Page 12068"
