[18/02/2025 07:18:56][TRADE]Molotove_ traded 12x Ghast Tear for 64x Iron Ingot in shop mineros on page "Page 12068"
[18/02/2025 07:18:57][TRADE]Molotove_ traded 12x Ghast Tear for 64x Iron Ingot in shop mineros on page "Page 12068"
[18/02/2025 17:48:22][TRADE]Endless_Abyss traded 12x Ghast Tear for 64x Iron Ingot in shop mineros on page "Page 12068"
[18/02/2025 17:48:23][TRADE]Endless_Abyss traded 12x Ghast Tear for 64x Iron Ingot in shop mineros on page "Page 12068"
[18/02/2025 17:48:23][TRADE]Endless_Abyss traded 12x Ghast Tear for 64x Iron Ingot in shop mineros on page "Page 12068"
[18/02/2025 17:48:23][TRADE]Endless_Abyss traded 12x Ghast Tear for 64x Iron Ingot in shop mineros on page "Page 12068"
[18/02/2025 17:48:24][TRADE]Endless_Abyss traded 12x Ghast Tear for 64x Iron Ingot in shop mineros on page "Page 12068"
[18/02/2025 17:48:24][TRADE]Endless_Abyss traded 12x Ghast Tear for 64x Iron Ingot in shop mineros on page "Page 12068"
[18/02/2025 17:48:24][TRADE]Endless_Abyss traded 12x Ghast Tear for 64x Iron Ingot in shop mineros on page "Page 12068"
[18/02/2025 17:48:24][TRADE]Endless_Abyss traded 12x Ghast Tear for 64x Iron Ingot in shop mineros on page "Page 12068"
[18/02/2025 17:48:25][TRADE]Endless_Abyss traded 12x Ghast Tear for 64x Iron Ingot in shop mineros on page "Page 12068"
[18/02/2025 17:48:25][TRADE]Endless_Abyss traded 12x Ghast Tear for 64x Iron Ingot in shop mineros on page "Page 12068"
[18/02/2025 17:48:25][TRADE]Endless_Abyss traded 12x Ghast Tear for 64x Iron Ingot in shop mineros on page "Page 12068"
[18/02/2025 17:48:25][TRADE]Endless_Abyss traded 12x Ghast Tear for 64x Iron Ingot in shop mineros on page "Page 12068"
[18/02/2025 17:48:26][TRADE]Endless_Abyss traded 12x Ghast Tear for 64x Iron Ingot in shop mineros on page "Page 12068"
[18/02/2025 17:48:26][TRADE]Endless_Abyss traded 12x Ghast Tear for 64x Iron Ingot in shop mineros on page "Page 12068"
[18/02/2025 17:48:26][TRADE]Endless_Abyss traded 12x Ghast Tear for 64x Iron Ingot in shop mineros on page "Page 12068"
[18/02/2025 17:48:26][TRADE]Endless_Abyss traded 12x Ghast Tear for 64x Iron Ingot in shop mineros on page "Page 12068"
[18/02/2025 17:48:26][TRADE]Endless_Abyss traded 12x Ghast Tear for 64x Iron Ingot in shop mineros on page "Page 12068"
[18/02/2025 17:48:27][TRADE]Endless_Abyss traded 12x Ghast Tear for 64x Iron Ingot in shop mineros on page "Page 12068"
[18/02/2025 17:48:27][TRADE]Endless_Abyss traded 12x Ghast Tear for 64x Iron Ingot in shop mineros on page "Page 12068"
[18/02/2025 17:48:27][TRADE]Endless_Abyss traded 12x Ghast Tear for 64x Iron Ingot in shop mineros on page "Page 12068"
[18/02/2025 17:48:27][TRADE]Endless_Abyss traded 12x Ghast Tear for 64x Iron Ingot in shop mineros on page "Page 12068"
[18/02/2025 17:48:27][TRADE]Endless_Abyss traded 12x Ghast Tear for 64x Iron Ingot in shop mineros on page "Page 12068"
[18/02/2025 17:48:28][TRADE]Endless_Abyss traded 12x Ghast Tear for 64x Iron Ingot in shop mineros on page "Page 12068"
[18/02/2025 17:48:28][TRADE]Endless_Abyss traded 12x Ghast Tear for 64x Iron Ingot in shop mineros on page "Page 12068"
[18/02/2025 17:48:28][TRADE]Endless_Abyss traded 12x Ghast Tear for 64x Iron Ingot in shop mineros on page "Page 12068"
[18/02/2025 17:48:29][TRADE]Endless_Abyss traded 12x Ghast Tear for 64x Iron Ingot in shop mineros on page "Page 12068"
[18/02/2025 17:48:29][TRADE]Endless_Abyss traded 12x Ghast Tear for 64x Iron Ingot in shop mineros on page "Page 12068"
[18/02/2025 17:48:29][TRADE]Endless_Abyss traded 12x Ghast Tear for 64x Iron Ingot in shop mineros on page "Page 12068"
[18/02/2025 17:48:29][TRADE]Endless_Abyss traded 12x Ghast Tear for 64x Iron Ingot in shop mineros on page "Page 12068"
[18/02/2025 17:48:29][TRADE]Endless_Abyss traded 12x Ghast Tear for 64x Iron Ingot in shop mineros on page "Page 12068"
[18/02/2025 17:48:30][TRADE]Endless_Abyss traded 12x Ghast Tear for 64x Iron Ingot in shop mineros on page "Page 12068"
[18/02/2025 17:48:30][TRADE]Endless_Abyss traded 12x Ghast Tear for 64x Iron Ingot in shop mineros on page "Page 12068"
[18/02/2025 17:48:30][TRADE]Endless_Abyss traded 12x Ghast Tear for 64x Iron Ingot in shop mineros on page "Page 12068"
[18/02/2025 17:48:40][TRADE]Endless_Abyss traded 12x Ghast Tear for 64x Iron Ingot in shop mineros on page "Page 12068"
[18/02/2025 17:48:40][TRADE]Endless_Abyss traded 12x Ghast Tear for 64x Iron Ingot in shop mineros on page "Page 12068"
[18/02/2025 21:49:02][TRADE]m00nless_ traded 12x Ghast Tear for 64x Iron Ingot in shop mineros on page "Page 12068"
[18/02/2025 22:51:05][TRADE]TheEnderpro42 traded 12x Ghast Tear for 64x Iron Ingot in shop mineros on page "Page 12068"
[18/02/2025 22:51:05][TRADE]TheEnderpro42 traded 12x Ghast Tear for 64x Iron Ingot in shop mineros on page "Page 12068"
[18/02/2025 22:51:06][TRADE]TheEnderpro42 traded 12x Ghast Tear for 64x Iron Ingot in shop mineros on page "Page 12068"
[18/02/2025 22:51:06][TRADE]TheEnderpro42 traded 12x Ghast Tear for 64x Iron Ingot in shop mineros on page "Page 12068"
[18/02/2025 23:28:17][TRADE]zeta4401 traded 12x Ghast Tear for 64x Flint in shop mineros on page "Page 12068"
[18/02/2025 23:28:17][TRADE]zeta4401 traded 12x Ghast Tear for 64x Flint in shop mineros on page "Page 12068"
[18/02/2025 23:28:17][TRADE]zeta4401 traded 12x Ghast Tear for 64x Flint in shop mineros on page "Page 12068"
[18/02/2025 23:28:18][TRADE]zeta4401 traded 12x Ghast Tear for 64x Flint in shop mineros on page "Page 12068"
[18/02/2025 23:28:18][TRADE]zeta4401 traded 12x Ghast Tear for 64x Flint in shop mineros on page "Page 12068"
[18/02/2025 23:28:18][TRADE]zeta4401 traded 12x Ghast Tear for 64x Flint in shop mineros on page "Page 12068"
[18/02/2025 23:28:19][TRADE]zeta4401 traded 12x Ghast Tear for 64x Flint in shop mineros on page "Page 12068"
[18/02/2025 23:28:19][TRADE]zeta4401 traded 12x Ghast Tear for 64x Flint in shop mineros on page "Page 12068"
[18/02/2025 23:28:19][TRADE]zeta4401 traded 12x Ghast Tear for 64x Flint in shop mineros on page "Page 12068"
[18/02/2025 23:29:11][TRADE]zeta4401 traded 12x Ghast Tear for 64x Iron Ingot in shop mineros on page "Page 12068"
