[21/02/2025 04:34:30][TRADE]Molotove_ traded 64x Coal for 50x Ghast Tear in shop mineros on page "Page 80780"
[21/02/2025 04:42:40][TRADE]Molotove_ traded 12x Ghast Tear for 64x Iron Ingot in shop mineros on page "Page 12068"
[21/02/2025 04:42:41][TRADE]Molotove_ traded 12x Ghast Tear for 64x Iron Ingot in shop mineros on page "Page 12068"
[21/02/2025 05:52:26][TRADE]Molotove_ traded 12x Ghast Tear for 64x Coal in shop mineros on page "Page 12068"
[21/02/2025 09:41:44][TRADE]Molotove_ traded 12x Ghast Tear for 64x Iron Ingot in shop mineros on page "Page 12068"
[21/02/2025 11:12:13][TRADE]buykl traded 5x Ghast Tear for 64x Cobblestone in shop mineros on page "Page 12068"
[21/02/2025 11:12:13][TRADE]buykl traded 5x Ghast Tear for 64x Cobblestone in shop mineros on page "Page 12068"
[21/02/2025 11:12:13][TRADE]buykl traded 5x Ghast Tear for 64x Cobblestone in shop mineros on page "Page 12068"
[21/02/2025 11:12:14][TRADE]buykl traded 5x Ghast Tear for 64x Cobblestone in shop mineros on page "Page 12068"
[21/02/2025 11:12:14][TRADE]buykl traded 5x Ghast Tear for 64x Cobblestone in shop mineros on page "Page 12068"
[21/02/2025 11:12:14][TRADE]buykl traded 5x Ghast Tear for 64x Cobblestone in shop mineros on page "Page 12068"
[21/02/2025 11:12:15][TRADE]buykl traded 5x Ghast Tear for 64x Cobblestone in shop mineros on page "Page 12068"
[21/02/2025 11:12:15][TRADE]buykl traded 5x Ghast Tear for 64x Cobblestone in shop mineros on page "Page 12068"
[21/02/2025 11:12:15][TRADE]buykl traded 5x Ghast Tear for 64x Cobblestone in shop mineros on page "Page 12068"
[21/02/2025 11:12:16][TRADE]buykl traded 5x Ghast Tear for 64x Cobblestone in shop mineros on page "Page 12068"
[21/02/2025 16:35:01][TRADE]Endless_Abyss traded 5x Ghast Tear for 64x Cobblestone in shop mineros on page "Page 12068"
[21/02/2025 16:35:01][TRADE]Endless_Abyss traded 5x Ghast Tear for 64x Cobblestone in shop mineros on page "Page 12068"
[21/02/2025 16:35:02][TRADE]Endless_Abyss traded 5x Ghast Tear for 64x Cobblestone in shop mineros on page "Page 12068"
[21/02/2025 16:35:02][TRADE]Endless_Abyss traded 5x Ghast Tear for 64x Cobblestone in shop mineros on page "Page 12068"
[21/02/2025 16:35:02][TRADE]Endless_Abyss traded 5x Ghast Tear for 64x Cobblestone in shop mineros on page "Page 12068"
[21/02/2025 16:35:02][TRADE]Endless_Abyss traded 5x Ghast Tear for 64x Cobblestone in shop mineros on page "Page 12068"
[21/02/2025 16:35:03][TRADE]Endless_Abyss traded 5x Ghast Tear for 64x Cobblestone in shop mineros on page "Page 12068"
[21/02/2025 16:35:03][TRADE]Endless_Abyss traded 5x Ghast Tear for 64x Cobblestone in shop mineros on page "Page 12068"
[21/02/2025 16:35:03][TRADE]Endless_Abyss traded 5x Ghast Tear for 64x Cobblestone in shop mineros on page "Page 12068"
[21/02/2025 16:35:03][TRADE]Endless_Abyss traded 5x Ghast Tear for 64x Cobblestone in shop mineros on page "Page 12068"
[21/02/2025 16:35:05][TRADE]Endless_Abyss traded 12x Ghast Tear for 64x Iron Ingot in shop mineros on page "Page 12068"
[21/02/2025 16:35:05][TRADE]Endless_Abyss traded 12x Ghast Tear for 64x Iron Ingot in shop mineros on page "Page 12068"
[21/02/2025 16:35:06][TRADE]Endless_Abyss traded 12x Ghast Tear for 64x Iron Ingot in shop mineros on page "Page 12068"
[21/02/2025 16:35:06][TRADE]Endless_Abyss traded 12x Ghast Tear for 64x Iron Ingot in shop mineros on page "Page 12068"
[21/02/2025 16:35:06][TRADE]Endless_Abyss traded 12x Ghast Tear for 64x Iron Ingot in shop mineros on page "Page 12068"
[21/02/2025 16:35:06][TRADE]Endless_Abyss traded 12x Ghast Tear for 64x Iron Ingot in shop mineros on page "Page 12068"
[21/02/2025 16:35:07][TRADE]Endless_Abyss traded 12x Ghast Tear for 64x Iron Ingot in shop mineros on page "Page 12068"
[21/02/2025 16:35:07][TRADE]Endless_Abyss traded 12x Ghast Tear for 64x Iron Ingot in shop mineros on page "Page 12068"
[21/02/2025 16:35:07][TRADE]Endless_Abyss traded 12x Ghast Tear for 64x Iron Ingot in shop mineros on page "Page 12068"
[21/02/2025 16:35:07][TRADE]Endless_Abyss traded 12x Ghast Tear for 64x Iron Ingot in shop mineros on page "Page 12068"
[21/02/2025 16:35:07][TRADE]Endless_Abyss traded 12x Ghast Tear for 64x Iron Ingot in shop mineros on page "Page 12068"
[21/02/2025 16:35:07][TRADE]Endless_Abyss traded 12x Ghast Tear for 64x Iron Ingot in shop mineros on page "Page 12068"
[21/02/2025 16:35:08][TRADE]Endless_Abyss traded 12x Ghast Tear for 64x Iron Ingot in shop mineros on page "Page 12068"
[21/02/2025 16:35:08][TRADE]Endless_Abyss traded 12x Ghast Tear for 64x Iron Ingot in shop mineros on page "Page 12068"
[21/02/2025 16:35:08][TRADE]Endless_Abyss traded 12x Ghast Tear for 64x Iron Ingot in shop mineros on page "Page 12068"
[21/02/2025 16:35:08][TRADE]Endless_Abyss traded 12x Ghast Tear for 64x Iron Ingot in shop mineros on page "Page 12068"
[21/02/2025 16:35:09][TRADE]Endless_Abyss traded 12x Ghast Tear for 64x Iron Ingot in shop mineros on page "Page 12068"
[21/02/2025 16:35:09][TRADE]Endless_Abyss traded 12x Ghast Tear for 64x Iron Ingot in shop mineros on page "Page 12068"
[21/02/2025 16:35:09][TRADE]Endless_Abyss traded 12x Ghast Tear for 64x Iron Ingot in shop mineros on page "Page 12068"
[21/02/2025 16:35:09][TRADE]Endless_Abyss traded 12x Ghast Tear for 64x Iron Ingot in shop mineros on page "Page 12068"
[21/02/2025 16:35:09][TRADE]Endless_Abyss traded 12x Ghast Tear for 64x Iron Ingot in shop mineros on page "Page 12068"
[21/02/2025 16:35:09][TRADE]Endless_Abyss traded 12x Ghast Tear for 64x Iron Ingot in shop mineros on page "Page 12068"
[21/02/2025 17:38:22][TRADE]Endless_Abyss traded 5x Ghast Tear for 64x Cobblestone in shop mineros on page "Page 12068"
[21/02/2025 17:38:22][TRADE]Endless_Abyss traded 5x Ghast Tear for 64x Cobblestone in shop mineros on page "Page 12068"
[21/02/2025 17:38:23][TRADE]Endless_Abyss traded 5x Ghast Tear for 64x Cobblestone in shop mineros on page "Page 12068"
[21/02/2025 17:38:23][TRADE]Endless_Abyss traded 5x Ghast Tear for 64x Cobblestone in shop mineros on page "Page 12068"
[21/02/2025 17:38:25][TRADE]Endless_Abyss traded 12x Ghast Tear for 64x Iron Ingot in shop mineros on page "Page 12068"
[21/02/2025 17:38:26][TRADE]Endless_Abyss traded 12x Ghast Tear for 64x Iron Ingot in shop mineros on page "Page 12068"
[21/02/2025 17:38:26][TRADE]Endless_Abyss traded 12x Ghast Tear for 64x Iron Ingot in shop mineros on page "Page 12068"
[21/02/2025 17:38:26][TRADE]Endless_Abyss traded 12x Ghast Tear for 64x Iron Ingot in shop mineros on page "Page 12068"
[21/02/2025 17:38:26][TRADE]Endless_Abyss traded 12x Ghast Tear for 64x Iron Ingot in shop mineros on page "Page 12068"
[21/02/2025 17:38:28][TRADE]Endless_Abyss traded 12x Ghast Tear for 64x Copper Ingot in shop mineros on page "Page 12068"
[21/02/2025 17:38:28][TRADE]Endless_Abyss traded 12x Ghast Tear for 64x Copper Ingot in shop mineros on page "Page 12068"
[21/02/2025 18:37:53][TRADE]Endless_Abyss traded 12x Ghast Tear for 64x Iron Ingot in shop mineros on page "Page 12068"
[21/02/2025 18:37:53][TRADE]Endless_Abyss traded 12x Ghast Tear for 64x Iron Ingot in shop mineros on page "Page 12068"
[21/02/2025 18:37:53][TRADE]Endless_Abyss traded 12x Ghast Tear for 64x Iron Ingot in shop mineros on page "Page 12068"
[21/02/2025 18:37:53][TRADE]Endless_Abyss traded 12x Ghast Tear for 64x Iron Ingot in shop mineros on page "Page 12068"
[21/02/2025 18:37:54][TRADE]Endless_Abyss traded 12x Ghast Tear for 64x Iron Ingot in shop mineros on page "Page 12068"
[21/02/2025 18:37:54][TRADE]Endless_Abyss traded 12x Ghast Tear for 64x Iron Ingot in shop mineros on page "Page 12068"
[21/02/2025 18:37:54][TRADE]Endless_Abyss traded 12x Ghast Tear for 64x Iron Ingot in shop mineros on page "Page 12068"
[21/02/2025 18:37:54][TRADE]Endless_Abyss traded 12x Ghast Tear for 64x Iron Ingot in shop mineros on page "Page 12068"
[21/02/2025 18:37:54][TRADE]Endless_Abyss traded 12x Ghast Tear for 64x Iron Ingot in shop mineros on page "Page 12068"
[21/02/2025 18:37:54][TRADE]Endless_Abyss traded 12x Ghast Tear for 64x Iron Ingot in shop mineros on page "Page 12068"
[21/02/2025 18:37:55][TRADE]Endless_Abyss traded 12x Ghast Tear for 64x Iron Ingot in shop mineros on page "Page 12068"
[21/02/2025 18:38:00][TRADE]Endless_Abyss traded 12x Ghast Tear for 64x Coal in shop mineros on page "Page 12068"
[21/02/2025 18:38:00][TRADE]Endless_Abyss traded 12x Ghast Tear for 64x Coal in shop mineros on page "Page 12068"
[21/02/2025 18:38:01][TRADE]Endless_Abyss traded 12x Ghast Tear for 64x Coal in shop mineros on page "Page 12068"
[21/02/2025 18:38:01][TRADE]Endless_Abyss traded 12x Ghast Tear for 64x Coal in shop mineros on page "Page 12068"
[21/02/2025 18:38:01][TRADE]Endless_Abyss traded 12x Ghast Tear for 64x Coal in shop mineros on page "Page 12068"
[21/02/2025 18:38:01][TRADE]Endless_Abyss traded 12x Ghast Tear for 64x Coal in shop mineros on page "Page 12068"
[21/02/2025 18:38:03][TRADE]Endless_Abyss traded 5x Ghast Tear for 64x Cobblestone in shop mineros on page "Page 12068"
[21/02/2025 18:38:04][TRADE]Endless_Abyss traded 5x Ghast Tear for 64x Cobblestone in shop mineros on page "Page 12068"
[21/02/2025 18:38:04][TRADE]Endless_Abyss traded 5x Ghast Tear for 64x Cobblestone in shop mineros on page "Page 12068"
[21/02/2025 18:38:04][TRADE]Endless_Abyss traded 5x Ghast Tear for 64x Cobblestone in shop mineros on page "Page 12068"
[21/02/2025 18:38:04][TRADE]Endless_Abyss traded 5x Ghast Tear for 64x Cobblestone in shop mineros on page "Page 12068"
[21/02/2025 18:38:05][TRADE]Endless_Abyss traded 5x Ghast Tear for 64x Cobblestone in shop mineros on page "Page 12068"
[21/02/2025 18:38:05][TRADE]Endless_Abyss traded 5x Ghast Tear for 64x Cobblestone in shop mineros on page "Page 12068"
[21/02/2025 18:38:05][TRADE]Endless_Abyss traded 5x Ghast Tear for 64x Cobblestone in shop mineros on page "Page 12068"
[21/02/2025 18:38:05][TRADE]Endless_Abyss traded 5x Ghast Tear for 64x Cobblestone in shop mineros on page "Page 12068"
[21/02/2025 18:38:23][TRADE]Endless_Abyss traded 12x Ghast Tear for 64x Copper Ingot in shop mineros on page "Page 12068"
[21/02/2025 18:38:23][TRADE]Endless_Abyss traded 12x Ghast Tear for 64x Copper Ingot in shop mineros on page "Page 12068"
[21/02/2025 18:38:24][TRADE]Endless_Abyss traded 12x Ghast Tear for 64x Copper Ingot in shop mineros on page "Page 12068"
[21/02/2025 18:38:24][TRADE]Endless_Abyss traded 12x Ghast Tear for 64x Copper Ingot in shop mineros on page "Page 12068"
[21/02/2025 18:42:31][TRADE]Endless_Abyss traded 5x Ghast Tear for 64x Cobblestone in shop mineros on page "Page 12068"
[21/02/2025 18:42:32][TRADE]Endless_Abyss traded 5x Ghast Tear for 64x Cobblestone in shop mineros on page "Page 12068"
[21/02/2025 18:42:32][TRADE]Endless_Abyss traded 5x Ghast Tear for 64x Cobblestone in shop mineros on page "Page 12068"
[21/02/2025 18:42:32][TRADE]Endless_Abyss traded 5x Ghast Tear for 64x Cobblestone in shop mineros on page "Page 12068"
[21/02/2025 18:42:32][TRADE]Endless_Abyss traded 5x Ghast Tear for 64x Cobblestone in shop mineros on page "Page 12068"
[21/02/2025 18:42:33][TRADE]Endless_Abyss traded 5x Ghast Tear for 64x Cobblestone in shop mineros on page "Page 12068"
[21/02/2025 18:42:33][TRADE]Endless_Abyss traded 5x Ghast Tear for 64x Cobblestone in shop mineros on page "Page 12068"
[21/02/2025 18:42:33][TRADE]Endless_Abyss traded 5x Ghast Tear for 64x Cobblestone in shop mineros on page "Page 12068"
[21/02/2025 18:42:34][TRADE]Endless_Abyss traded 5x Ghast Tear for 64x Cobblestone in shop mineros on page "Page 12068"
[21/02/2025 18:42:34][TRADE]Endless_Abyss traded 5x Ghast Tear for 64x Cobblestone in shop mineros on page "Page 12068"
[21/02/2025 18:42:36][TRADE]Endless_Abyss traded 5x Ghast Tear for 64x Cobblestone in shop mineros on page "Page 12068"
[21/02/2025 18:42:36][TRADE]Endless_Abyss traded 5x Ghast Tear for 64x Cobblestone in shop mineros on page "Page 12068"
[21/02/2025 18:42:36][TRADE]Endless_Abyss traded 5x Ghast Tear for 64x Cobblestone in shop mineros on page "Page 12068"
[21/02/2025 18:42:36][TRADE]Endless_Abyss traded 5x Ghast Tear for 64x Cobblestone in shop mineros on page "Page 12068"
[21/02/2025 18:42:36][TRADE]Endless_Abyss traded 5x Ghast Tear for 64x Cobblestone in shop mineros on page "Page 12068"
[21/02/2025 18:42:37][TRADE]Endless_Abyss traded 5x Ghast Tear for 64x Cobblestone in shop mineros on page "Page 12068"
[21/02/2025 18:42:37][TRADE]Endless_Abyss traded 5x Ghast Tear for 64x Cobblestone in shop mineros on page "Page 12068"
[21/02/2025 18:42:37][TRADE]Endless_Abyss traded 5x Ghast Tear for 64x Cobblestone in shop mineros on page "Page 12068"
[21/02/2025 18:42:38][TRADE]Endless_Abyss traded 5x Ghast Tear for 64x Cobblestone in shop mineros on page "Page 12068"
[21/02/2025 18:42:38][TRADE]Endless_Abyss traded 5x Ghast Tear for 64x Cobblestone in shop mineros on page "Page 12068"
[21/02/2025 18:42:38][TRADE]Endless_Abyss traded 5x Ghast Tear for 64x Cobblestone in shop mineros on page "Page 12068"
[21/02/2025 18:42:39][TRADE]Endless_Abyss traded 5x Ghast Tear for 64x Cobblestone in shop mineros on page "Page 12068"
[21/02/2025 18:42:39][TRADE]Endless_Abyss traded 5x Ghast Tear for 64x Cobblestone in shop mineros on page "Page 12068"
[21/02/2025 19:18:44][TRADE]Endless_Abyss traded 12x Ghast Tear for 64x Iron Ingot in shop mineros on page "Page 12068"
[21/02/2025 19:18:44][TRADE]Endless_Abyss traded 12x Ghast Tear for 64x Iron Ingot in shop mineros on page "Page 12068"
[21/02/2025 19:18:44][TRADE]Endless_Abyss traded 12x Ghast Tear for 64x Iron Ingot in shop mineros on page "Page 12068"
[21/02/2025 19:18:44][TRADE]Endless_Abyss traded 12x Ghast Tear for 64x Iron Ingot in shop mineros on page "Page 12068"
[21/02/2025 19:18:45][TRADE]Endless_Abyss traded 12x Ghast Tear for 64x Iron Ingot in shop mineros on page "Page 12068"
[21/02/2025 19:18:45][TRADE]Endless_Abyss traded 12x Ghast Tear for 64x Iron Ingot in shop mineros on page "Page 12068"
[21/02/2025 19:18:45][TRADE]Endless_Abyss traded 12x Ghast Tear for 64x Iron Ingot in shop mineros on page "Page 12068"
[21/02/2025 19:18:45][TRADE]Endless_Abyss traded 12x Ghast Tear for 64x Iron Ingot in shop mineros on page "Page 12068"
[21/02/2025 19:18:45][TRADE]Endless_Abyss traded 12x Ghast Tear for 64x Iron Ingot in shop mineros on page "Page 12068"
[21/02/2025 19:18:45][TRADE]Endless_Abyss traded 12x Ghast Tear for 64x Iron Ingot in shop mineros on page "Page 12068"
[21/02/2025 19:18:46][TRADE]Endless_Abyss traded 12x Ghast Tear for 64x Iron Ingot in shop mineros on page "Page 12068"
[21/02/2025 19:18:46][TRADE]Endless_Abyss traded 12x Ghast Tear for 64x Iron Ingot in shop mineros on page "Page 12068"
[21/02/2025 19:18:46][TRADE]Endless_Abyss traded 12x Ghast Tear for 64x Iron Ingot in shop mineros on page "Page 12068"
[21/02/2025 19:18:46][TRADE]Endless_Abyss traded 12x Ghast Tear for 64x Iron Ingot in shop mineros on page "Page 12068"
[21/02/2025 19:18:47][TRADE]Endless_Abyss traded 12x Ghast Tear for 64x Iron Ingot in shop mineros on page "Page 12068"
[21/02/2025 19:18:47][TRADE]Endless_Abyss traded 12x Ghast Tear for 64x Iron Ingot in shop mineros on page "Page 12068"
[21/02/2025 20:20:14][TRADE]Endless_Abyss traded 5x Ghast Tear for 64x Cobblestone in shop mineros on page "Page 12068"
[21/02/2025 20:20:14][TRADE]Endless_Abyss traded 5x Ghast Tear for 64x Cobblestone in shop mineros on page "Page 12068"
[21/02/2025 20:20:15][TRADE]Endless_Abyss traded 5x Ghast Tear for 64x Cobblestone in shop mineros on page "Page 12068"
[21/02/2025 20:59:14][TRADE]Endless_Abyss traded 25x Ghast Tear for 64x Gold Ingot in shop mineros on page "Page 12068"
[21/02/2025 20:59:15][TRADE]Endless_Abyss traded 25x Ghast Tear for 64x Gold Ingot in shop mineros on page "Page 12068"
[21/02/2025 20:59:15][TRADE]Endless_Abyss traded 25x Ghast Tear for 64x Gold Ingot in shop mineros on page "Page 12068"
[21/02/2025 20:59:16][TRADE]Endless_Abyss traded 25x Ghast Tear for 64x Gold Ingot in shop mineros on page "Page 12068"
[21/02/2025 20:59:16][TRADE]Endless_Abyss traded 25x Ghast Tear for 64x Gold Ingot in shop mineros on page "Page 12068"
[21/02/2025 20:59:16][TRADE]Endless_Abyss traded 25x Ghast Tear for 64x Gold Ingot in shop mineros on page "Page 12068"
[21/02/2025 20:59:16][TRADE]Endless_Abyss traded 25x Ghast Tear for 64x Gold Ingot in shop mineros on page "Page 12068"
[21/02/2025 20:59:16][TRADE]Endless_Abyss traded 25x Ghast Tear for 64x Gold Ingot in shop mineros on page "Page 12068"
[21/02/2025 20:59:16][TRADE]Endless_Abyss traded 25x Ghast Tear for 64x Gold Ingot in shop mineros on page "Page 12068"
[21/02/2025 20:59:17][TRADE]Endless_Abyss traded 25x Ghast Tear for 64x Gold Ingot in shop mineros on page "Page 12068"
[21/02/2025 20:59:17][TRADE]Endless_Abyss traded 25x Ghast Tear for 64x Gold Ingot in shop mineros on page "Page 12068"
[21/02/2025 20:59:17][TRADE]Endless_Abyss traded 25x Ghast Tear for 64x Gold Ingot in shop mineros on page "Page 12068"
[21/02/2025 20:59:18][TRADE]Endless_Abyss traded 25x Ghast Tear for 64x Gold Ingot in shop mineros on page "Page 12068"
[21/02/2025 20:59:18][TRADE]Endless_Abyss traded 25x Ghast Tear for 64x Gold Ingot in shop mineros on page "Page 12068"
[21/02/2025 20:59:18][TRADE]Endless_Abyss traded 25x Ghast Tear for 64x Gold Ingot in shop mineros on page "Page 12068"
[21/02/2025 20:59:19][TRADE]Endless_Abyss traded 25x Ghast Tear for 64x Gold Ingot in shop mineros on page "Page 12068"
[21/02/2025 20:59:19][TRADE]Endless_Abyss traded 25x Ghast Tear for 64x Gold Ingot in shop mineros on page "Page 12068"
[21/02/2025 20:59:19][TRADE]Endless_Abyss traded 25x Ghast Tear for 64x Gold Ingot in shop mineros on page "Page 12068"
[21/02/2025 20:59:20][TRADE]Endless_Abyss traded 25x Ghast Tear for 64x Gold Ingot in shop mineros on page "Page 12068"
[21/02/2025 20:59:20][TRADE]Endless_Abyss traded 25x Ghast Tear for 64x Gold Ingot in shop mineros on page "Page 12068"
[21/02/2025 20:59:20][TRADE]Endless_Abyss traded 25x Ghast Tear for 64x Gold Ingot in shop mineros on page "Page 12068"
[21/02/2025 20:59:20][TRADE]Endless_Abyss traded 25x Ghast Tear for 64x Gold Ingot in shop mineros on page "Page 12068"
[21/02/2025 20:59:21][TRADE]Endless_Abyss traded 25x Ghast Tear for 64x Gold Ingot in shop mineros on page "Page 12068"
[21/02/2025 20:59:21][TRADE]Endless_Abyss traded 25x Ghast Tear for 64x Gold Ingot in shop mineros on page "Page 12068"
[21/02/2025 20:59:21][TRADE]Endless_Abyss traded 25x Ghast Tear for 64x Gold Ingot in shop mineros on page "Page 12068"
[21/02/2025 20:59:21][TRADE]Endless_Abyss traded 25x Ghast Tear for 64x Gold Ingot in shop mineros on page "Page 12068"
[21/02/2025 20:59:21][TRADE]Endless_Abyss traded 25x Ghast Tear for 64x Gold Ingot in shop mineros on page "Page 12068"
[21/02/2025 20:59:22][TRADE]Endless_Abyss traded 25x Ghast Tear for 64x Gold Ingot in shop mineros on page "Page 12068"
[21/02/2025 20:59:22][TRADE]Endless_Abyss traded 25x Ghast Tear for 64x Gold Ingot in shop mineros on page "Page 12068"
[21/02/2025 20:59:22][TRADE]Endless_Abyss traded 25x Ghast Tear for 64x Gold Ingot in shop mineros on page "Page 12068"
[21/02/2025 20:59:23][TRADE]Endless_Abyss traded 25x Ghast Tear for 64x Gold Ingot in shop mineros on page "Page 12068"
[21/02/2025 20:59:23][TRADE]Endless_Abyss traded 25x Ghast Tear for 64x Gold Ingot in shop mineros on page "Page 12068"
[21/02/2025 20:59:34][TRADE]Endless_Abyss traded 5x Ghast Tear for 64x Cobblestone in shop mineros on page "Page 12068"
[21/02/2025 20:59:34][TRADE]Endless_Abyss traded 5x Ghast Tear for 64x Cobblestone in shop mineros on page "Page 12068"
[21/02/2025 20:59:34][TRADE]Endless_Abyss traded 5x Ghast Tear for 64x Cobblestone in shop mineros on page "Page 12068"
[21/02/2025 20:59:35][TRADE]Endless_Abyss traded 5x Ghast Tear for 64x Cobblestone in shop mineros on page "Page 12068"
[21/02/2025 20:59:35][TRADE]Endless_Abyss traded 5x Ghast Tear for 64x Cobblestone in shop mineros on page "Page 12068"
[21/02/2025 20:59:35][TRADE]Endless_Abyss traded 5x Ghast Tear for 64x Cobblestone in shop mineros on page "Page 12068"
[21/02/2025 20:59:35][TRADE]Endless_Abyss traded 5x Ghast Tear for 64x Cobblestone in shop mineros on page "Page 12068"
[21/02/2025 20:59:35][TRADE]Endless_Abyss traded 5x Ghast Tear for 64x Cobblestone in shop mineros on page "Page 12068"
[21/02/2025 20:59:36][TRADE]Endless_Abyss traded 5x Ghast Tear for 64x Cobblestone in shop mineros on page "Page 12068"
