[17/02/2025 00:29:56][TRADE]APHNYX traded 3x Ghast Tear for 64x Cobblestone in shop mineros on page "Page 12068"
[17/02/2025 00:29:57][TRADE]APHNYX traded 3x Ghast Tear for 64x Cobblestone in shop mineros on page "Page 12068"
[17/02/2025 00:29:58][TRADE]APHNYX traded 5x Ghast Tear for 64x Iron Ingot in shop mineros on page "Page 12068"
[17/02/2025 00:29:59][TRADE]APHNYX traded 5x Ghast Tear for 64x Iron Ingot in shop mineros on page "Page 12068"
[17/02/2025 00:29:59][TRADE]APHNYX traded 5x Ghast Tear for 64x Iron Ingot in shop mineros on page "Page 12068"
[17/02/2025 00:30:01][TRADE]APHNYX traded 5x Ghast Tear for 64x Flint in shop mineros on page "Page 12068"
[17/02/2025 00:30:01][TRADE]APHNYX traded 5x Ghast Tear for 64x Flint in shop mineros on page "Page 12068"
[17/02/2025 09:49:03][TRADE]NivlekNot traded 5x Ghast Tear for 64x Iron Ingot in shop mineros on page "Page 12068"
[17/02/2025 09:49:04][TRADE]NivlekNot traded 5x Ghast Tear for 64x Iron Ingot in shop mineros on page "Page 12068"
[17/02/2025 09:49:04][TRADE]NivlekNot traded 5x Ghast Tear for 64x Iron Ingot in shop mineros on page "Page 12068"
[17/02/2025 09:49:05][TRADE]NivlekNot traded 5x Ghast Tear for 64x Iron Ingot in shop mineros on page "Page 12068"
[17/02/2025 09:49:05][TRADE]NivlekNot traded 5x Ghast Tear for 64x Iron Ingot in shop mineros on page "Page 12068"
[17/02/2025 09:49:05][TRADE]NivlekNot traded 5x Ghast Tear for 64x Iron Ingot in shop mineros on page "Page 12068"
[17/02/2025 09:49:05][TRADE]NivlekNot traded 5x Ghast Tear for 64x Iron Ingot in shop mineros on page "Page 12068"
[17/02/2025 09:49:05][TRADE]NivlekNot traded 5x Ghast Tear for 64x Iron Ingot in shop mineros on page "Page 12068"
[17/02/2025 09:49:06][TRADE]NivlekNot traded 5x Ghast Tear for 64x Iron Ingot in shop mineros on page "Page 12068"
[17/02/2025 09:49:06][TRADE]NivlekNot traded 5x Ghast Tear for 64x Iron Ingot in shop mineros on page "Page 12068"
[17/02/2025 09:49:06][TRADE]NivlekNot traded 5x Ghast Tear for 64x Iron Ingot in shop mineros on page "Page 12068"
[17/02/2025 09:49:07][TRADE]NivlekNot traded 5x Ghast Tear for 64x Iron Ingot in shop mineros on page "Page 12068"
[17/02/2025 09:49:07][TRADE]NivlekNot traded 5x Ghast Tear for 64x Iron Ingot in shop mineros on page "Page 12068"
[17/02/2025 09:49:07][TRADE]NivlekNot traded 5x Ghast Tear for 64x Iron Ingot in shop mineros on page "Page 12068"
[17/02/2025 09:49:07][TRADE]NivlekNot traded 5x Ghast Tear for 64x Iron Ingot in shop mineros on page "Page 12068"
[17/02/2025 09:49:09][TRADE]NivlekNot traded 5x Ghast Tear for 64x Iron Ingot in shop mineros on page "Page 12068"
[17/02/2025 09:49:31][TRADE]NivlekNot traded 5x Ghast Tear for 64x Iron Ingot in shop mineros on page "Page 12068"
[17/02/2025 10:26:11][TRADE]_Etriox_ traded 5x Ghast Tear for 64x Iron Ingot in shop mineros on page "Page 12068"
[17/02/2025 14:14:33][TRADE]Endless_Abyss traded 10x Ghast Tear for 64x Cobblestone in shop mineros on page "Page 12068"
[17/02/2025 14:14:34][TRADE]Endless_Abyss traded 10x Ghast Tear for 64x Cobblestone in shop mineros on page "Page 12068"
[17/02/2025 14:14:34][TRADE]Endless_Abyss traded 10x Ghast Tear for 64x Cobblestone in shop mineros on page "Page 12068"
[17/02/2025 14:14:34][TRADE]Endless_Abyss traded 10x Ghast Tear for 64x Cobblestone in shop mineros on page "Page 12068"
[17/02/2025 14:14:35][TRADE]Endless_Abyss traded 10x Ghast Tear for 64x Cobblestone in shop mineros on page "Page 12068"
[17/02/2025 14:14:35][TRADE]Endless_Abyss traded 10x Ghast Tear for 64x Cobblestone in shop mineros on page "Page 12068"
[17/02/2025 14:14:35][TRADE]Endless_Abyss traded 10x Ghast Tear for 64x Cobblestone in shop mineros on page "Page 12068"
[17/02/2025 14:14:35][TRADE]Endless_Abyss traded 10x Ghast Tear for 64x Cobblestone in shop mineros on page "Page 12068"
[17/02/2025 14:14:36][TRADE]Endless_Abyss traded 10x Ghast Tear for 64x Cobblestone in shop mineros on page "Page 12068"
[17/02/2025 14:14:36][TRADE]Endless_Abyss traded 10x Ghast Tear for 64x Cobblestone in shop mineros on page "Page 12068"
[17/02/2025 14:14:36][TRADE]Endless_Abyss traded 10x Ghast Tear for 64x Cobblestone in shop mineros on page "Page 12068"
[17/02/2025 14:14:37][TRADE]Endless_Abyss traded 10x Ghast Tear for 64x Cobblestone in shop mineros on page "Page 12068"
[17/02/2025 14:14:37][TRADE]Endless_Abyss traded 10x Ghast Tear for 64x Cobblestone in shop mineros on page "Page 12068"
[17/02/2025 14:14:37][TRADE]Endless_Abyss traded 10x Ghast Tear for 64x Cobblestone in shop mineros on page "Page 12068"
[17/02/2025 14:14:37][TRADE]Endless_Abyss traded 10x Ghast Tear for 64x Cobblestone in shop mineros on page "Page 12068"
[17/02/2025 14:14:38][TRADE]Endless_Abyss traded 10x Ghast Tear for 64x Cobblestone in shop mineros on page "Page 12068"
[17/02/2025 14:14:38][TRADE]Endless_Abyss traded 10x Ghast Tear for 64x Cobblestone in shop mineros on page "Page 12068"
[17/02/2025 14:14:38][TRADE]Endless_Abyss traded 10x Ghast Tear for 64x Cobblestone in shop mineros on page "Page 12068"
[17/02/2025 14:14:39][TRADE]Endless_Abyss traded 10x Ghast Tear for 64x Cobblestone in shop mineros on page "Page 12068"
[17/02/2025 14:14:39][TRADE]Endless_Abyss traded 10x Ghast Tear for 64x Cobblestone in shop mineros on page "Page 12068"
[17/02/2025 14:14:39][TRADE]Endless_Abyss traded 10x Ghast Tear for 64x Cobblestone in shop mineros on page "Page 12068"
[17/02/2025 14:14:39][TRADE]Endless_Abyss traded 10x Ghast Tear for 64x Cobblestone in shop mineros on page "Page 12068"
[17/02/2025 14:14:40][TRADE]Endless_Abyss traded 10x Ghast Tear for 64x Cobblestone in shop mineros on page "Page 12068"
[17/02/2025 14:53:15][TRADE]Endless_Abyss traded 10x Ghast Tear for 64x Cobblestone in shop mineros on page "Page 12068"
[17/02/2025 14:53:15][TRADE]Endless_Abyss traded 10x Ghast Tear for 64x Cobblestone in shop mineros on page "Page 12068"
[17/02/2025 14:53:16][TRADE]Endless_Abyss traded 10x Ghast Tear for 64x Cobblestone in shop mineros on page "Page 12068"
[17/02/2025 14:53:16][TRADE]Endless_Abyss traded 10x Ghast Tear for 64x Cobblestone in shop mineros on page "Page 12068"
[17/02/2025 14:53:16][TRADE]Endless_Abyss traded 10x Ghast Tear for 64x Cobblestone in shop mineros on page "Page 12068"
[17/02/2025 14:53:16][TRADE]Endless_Abyss traded 10x Ghast Tear for 64x Cobblestone in shop mineros on page "Page 12068"
[17/02/2025 14:53:16][TRADE]Endless_Abyss traded 10x Ghast Tear for 64x Cobblestone in shop mineros on page "Page 12068"
[17/02/2025 14:53:16][TRADE]Endless_Abyss traded 10x Ghast Tear for 64x Cobblestone in shop mineros on page "Page 12068"
[17/02/2025 14:53:17][TRADE]Endless_Abyss traded 10x Ghast Tear for 64x Cobblestone in shop mineros on page "Page 12068"
[17/02/2025 14:53:17][TRADE]Endless_Abyss traded 10x Ghast Tear for 64x Cobblestone in shop mineros on page "Page 12068"
[17/02/2025 14:53:17][TRADE]Endless_Abyss traded 10x Ghast Tear for 64x Cobblestone in shop mineros on page "Page 12068"
[17/02/2025 14:53:17][TRADE]Endless_Abyss traded 10x Ghast Tear for 64x Cobblestone in shop mineros on page "Page 12068"
[17/02/2025 14:53:18][TRADE]Endless_Abyss traded 10x Ghast Tear for 64x Cobblestone in shop mineros on page "Page 12068"
[17/02/2025 14:53:18][TRADE]Endless_Abyss traded 10x Ghast Tear for 64x Cobblestone in shop mineros on page "Page 12068"
[17/02/2025 14:53:18][TRADE]Endless_Abyss traded 10x Ghast Tear for 64x Cobblestone in shop mineros on page "Page 12068"
[17/02/2025 14:53:18][TRADE]Endless_Abyss traded 10x Ghast Tear for 64x Cobblestone in shop mineros on page "Page 12068"
[17/02/2025 14:53:18][TRADE]Endless_Abyss traded 10x Ghast Tear for 64x Cobblestone in shop mineros on page "Page 12068"
[17/02/2025 14:53:19][TRADE]Endless_Abyss traded 10x Ghast Tear for 64x Cobblestone in shop mineros on page "Page 12068"
[17/02/2025 14:53:19][TRADE]Endless_Abyss traded 10x Ghast Tear for 64x Cobblestone in shop mineros on page "Page 12068"
[17/02/2025 14:53:19][TRADE]Endless_Abyss traded 10x Ghast Tear for 64x Cobblestone in shop mineros on page "Page 12068"
[17/02/2025 14:53:19][TRADE]Endless_Abyss traded 10x Ghast Tear for 64x Cobblestone in shop mineros on page "Page 12068"
[17/02/2025 14:53:19][TRADE]Endless_Abyss traded 10x Ghast Tear for 64x Cobblestone in shop mineros on page "Page 12068"
[17/02/2025 14:53:20][TRADE]Endless_Abyss traded 10x Ghast Tear for 64x Cobblestone in shop mineros on page "Page 12068"
[17/02/2025 14:53:28][TRADE]Endless_Abyss traded 25x Ghast Tear for 64x Flint in shop mineros on page "Page 12068"
[17/02/2025 15:23:06][TRADE]Endless_Abyss traded 10x Ghast Tear for 64x Cobblestone in shop mineros on page "Page 12068"
[17/02/2025 15:23:06][TRADE]Endless_Abyss traded 10x Ghast Tear for 64x Cobblestone in shop mineros on page "Page 12068"
[17/02/2025 15:23:06][TRADE]Endless_Abyss traded 10x Ghast Tear for 64x Cobblestone in shop mineros on page "Page 12068"
[17/02/2025 15:23:07][TRADE]Endless_Abyss traded 10x Ghast Tear for 64x Cobblestone in shop mineros on page "Page 12068"
[17/02/2025 15:23:07][TRADE]Endless_Abyss traded 10x Ghast Tear for 64x Cobblestone in shop mineros on page "Page 12068"
[17/02/2025 15:23:07][TRADE]Endless_Abyss traded 10x Ghast Tear for 64x Cobblestone in shop mineros on page "Page 12068"
[17/02/2025 15:23:08][TRADE]Endless_Abyss traded 10x Ghast Tear for 64x Cobblestone in shop mineros on page "Page 12068"
[17/02/2025 15:23:08][TRADE]Endless_Abyss traded 10x Ghast Tear for 64x Cobblestone in shop mineros on page "Page 12068"
[17/02/2025 15:23:08][TRADE]Endless_Abyss traded 10x Ghast Tear for 64x Cobblestone in shop mineros on page "Page 12068"
[17/02/2025 15:23:08][TRADE]Endless_Abyss traded 10x Ghast Tear for 64x Cobblestone in shop mineros on page "Page 12068"
[17/02/2025 15:23:09][TRADE]Endless_Abyss traded 10x Ghast Tear for 64x Cobblestone in shop mineros on page "Page 12068"
[17/02/2025 15:23:09][TRADE]Endless_Abyss traded 10x Ghast Tear for 64x Cobblestone in shop mineros on page "Page 12068"
[17/02/2025 15:23:09][TRADE]Endless_Abyss traded 10x Ghast Tear for 64x Cobblestone in shop mineros on page "Page 12068"
[17/02/2025 15:23:11][TRADE]Endless_Abyss traded 25x Ghast Tear for 64x Iron Ingot in shop mineros on page "Page 12068"
[17/02/2025 15:23:11][TRADE]Endless_Abyss traded 25x Ghast Tear for 64x Iron Ingot in shop mineros on page "Page 12068"
[17/02/2025 15:23:12][TRADE]Endless_Abyss traded 25x Ghast Tear for 64x Iron Ingot in shop mineros on page "Page 12068"
[17/02/2025 15:23:12][TRADE]Endless_Abyss traded 25x Ghast Tear for 64x Iron Ingot in shop mineros on page "Page 12068"
[17/02/2025 15:23:12][TRADE]Endless_Abyss traded 25x Ghast Tear for 64x Iron Ingot in shop mineros on page "Page 12068"
[17/02/2025 15:23:13][TRADE]Endless_Abyss traded 25x Ghast Tear for 64x Iron Ingot in shop mineros on page "Page 12068"
[17/02/2025 15:23:13][TRADE]Endless_Abyss traded 25x Ghast Tear for 64x Iron Ingot in shop mineros on page "Page 12068"
[17/02/2025 15:23:13][TRADE]Endless_Abyss traded 25x Ghast Tear for 64x Iron Ingot in shop mineros on page "Page 12068"
[17/02/2025 15:23:14][TRADE]Endless_Abyss traded 25x Ghast Tear for 64x Iron Ingot in shop mineros on page "Page 12068"
[17/02/2025 15:23:15][TRADE]Endless_Abyss traded 25x Ghast Tear for 64x Iron Ingot in shop mineros on page "Page 12068"
[17/02/2025 15:23:15][TRADE]Endless_Abyss traded 25x Ghast Tear for 64x Iron Ingot in shop mineros on page "Page 12068"
[17/02/2025 15:23:15][TRADE]Endless_Abyss traded 25x Ghast Tear for 64x Iron Ingot in shop mineros on page "Page 12068"
[17/02/2025 15:23:15][TRADE]Endless_Abyss traded 25x Ghast Tear for 64x Iron Ingot in shop mineros on page "Page 12068"
[17/02/2025 15:23:16][TRADE]Endless_Abyss traded 25x Ghast Tear for 64x Iron Ingot in shop mineros on page "Page 12068"
[17/02/2025 15:23:16][TRADE]Endless_Abyss traded 25x Ghast Tear for 64x Iron Ingot in shop mineros on page "Page 12068"
[17/02/2025 15:23:16][TRADE]Endless_Abyss traded 25x Ghast Tear for 64x Iron Ingot in shop mineros on page "Page 12068"
[17/02/2025 15:23:17][TRADE]Endless_Abyss traded 25x Ghast Tear for 64x Iron Ingot in shop mineros on page "Page 12068"
[17/02/2025 15:23:17][TRADE]Endless_Abyss traded 25x Ghast Tear for 64x Iron Ingot in shop mineros on page "Page 12068"
[17/02/2025 15:23:17][TRADE]Endless_Abyss traded 25x Ghast Tear for 64x Iron Ingot in shop mineros on page "Page 12068"
[17/02/2025 15:23:17][TRADE]Endless_Abyss traded 25x Ghast Tear for 64x Iron Ingot in shop mineros on page "Page 12068"
[17/02/2025 15:23:18][TRADE]Endless_Abyss traded 25x Ghast Tear for 64x Iron Ingot in shop mineros on page "Page 12068"
[17/02/2025 15:25:15][TRADE]Endless_Abyss traded 25x Ghast Tear for 64x Iron Ingot in shop mineros on page "Page 12068"
[17/02/2025 15:25:15][TRADE]Endless_Abyss traded 25x Ghast Tear for 64x Iron Ingot in shop mineros on page "Page 12068"
[17/02/2025 15:25:15][TRADE]Endless_Abyss traded 25x Ghast Tear for 64x Iron Ingot in shop mineros on page "Page 12068"
[17/02/2025 15:25:15][TRADE]Endless_Abyss traded 25x Ghast Tear for 64x Iron Ingot in shop mineros on page "Page 12068"
[17/02/2025 15:25:15][TRADE]Endless_Abyss traded 25x Ghast Tear for 64x Iron Ingot in shop mineros on page "Page 12068"
[17/02/2025 15:25:16][TRADE]Endless_Abyss traded 25x Ghast Tear for 64x Iron Ingot in shop mineros on page "Page 12068"
[17/02/2025 15:25:16][TRADE]Endless_Abyss traded 25x Ghast Tear for 64x Iron Ingot in shop mineros on page "Page 12068"
[17/02/2025 15:25:16][TRADE]Endless_Abyss traded 25x Ghast Tear for 64x Iron Ingot in shop mineros on page "Page 12068"
[17/02/2025 15:25:17][TRADE]Endless_Abyss traded 25x Ghast Tear for 64x Iron Ingot in shop mineros on page "Page 12068"
[17/02/2025 15:35:48][TRADE]ElMilanesa2009 traded 25x Ghast Tear for 64x Iron Ingot in shop mineros on page "Page 12068"
[17/02/2025 15:35:51][TRADE]ElMilanesa2009 traded 25x Ghast Tear for 64x Iron Ingot in shop mineros on page "Page 12068"
[17/02/2025 17:38:11][TRADE]leonard_pascal traded 12x Ghast Tear for 64x Iron Ingot in shop mineros on page "Page 12068"
[17/02/2025 17:38:13][TRADE]leonard_pascal traded 12x Ghast Tear for 64x Iron Ingot in shop mineros on page "Page 12068"
[17/02/2025 17:38:13][TRADE]leonard_pascal traded 12x Ghast Tear for 64x Iron Ingot in shop mineros on page "Page 12068"
[17/02/2025 17:38:19][TRADE]leonard_pascal traded 12x Ghast Tear for 64x Coal in shop mineros on page "Page 12068"
