[26/02/2025 10:11:30][TRADE]buykl traded 12x Ghast Tear for 64x Iron Ingot in shop mineros on page "Page 12068"
[26/02/2025 10:11:30][TRADE]buykl traded 12x Ghast Tear for 64x Iron Ingot in shop mineros on page "Page 12068"
[26/02/2025 10:11:30][TRADE]buykl traded 12x Ghast Tear for 64x Iron Ingot in shop mineros on page "Page 12068"
[26/02/2025 10:11:31][TRADE]buykl traded 12x Ghast Tear for 64x Iron Ingot in shop mineros on page "Page 12068"
[26/02/2025 10:11:31][TRADE]buykl traded 12x Ghast Tear for 64x Iron Ingot in shop mineros on page "Page 12068"
[26/02/2025 10:11:31][TRADE]buykl traded 12x Ghast Tear for 64x Iron Ingot in shop mineros on page "Page 12068"
[26/02/2025 10:11:32][TRADE]buykl traded 12x Ghast Tear for 64x Iron Ingot in shop mineros on page "Page 12068"
[26/02/2025 10:11:32][TRADE]buykl traded 12x Ghast Tear for 64x Iron Ingot in shop mineros on page "Page 12068"
[26/02/2025 10:11:32][TRADE]buykl traded 12x Ghast Tear for 64x Iron Ingot in shop mineros on page "Page 12068"
[26/02/2025 10:29:09][TRADE]buykl traded 64x Copper Ingot for 50x Ghast Tear in shop mineros on page "Page 80780"
[26/02/2025 10:29:09][TRADE]buykl traded 64x Copper Ingot for 50x Ghast Tear in shop mineros on page "Page 80780"
[26/02/2025 10:29:36][TRADE]buykl traded 64x Flint for 50x Ghast Tear in shop mineros on page "Page 80780"
[26/02/2025 10:29:42][TRADE]buykl traded 64x Flint for 50x Ghast Tear in shop mineros on page "Page 80780"
[26/02/2025 10:36:20][TRADE]buykl traded 64x Coal for 50x Ghast Tear in shop mineros on page "Page 80780"
[26/02/2025 10:42:57][TRADE]buykl traded 64x Coal for 50x Ghast Tear in shop mineros on page "Page 80780"
[26/02/2025 10:42:57][TRADE]buykl traded 64x Coal for 50x Ghast Tear in shop mineros on page "Page 80780"
[26/02/2025 10:42:59][TRADE]buykl traded 64x Flint for 50x Ghast Tear in shop mineros on page "Page 80780"
[26/02/2025 10:42:59][TRADE]buykl traded 64x Flint for 50x Ghast Tear in shop mineros on page "Page 80780"
[26/02/2025 10:44:21][TRADE]buykl traded 64x Copper Ingot for 50x Ghast Tear in shop mineros on page "Page 80780"
[26/02/2025 10:44:21][TRADE]buykl traded 64x Copper Ingot for 50x Ghast Tear in shop mineros on page "Page 80780"
[26/02/2025 10:47:52][TRADE]buykl traded 64x Copper Ingot for 50x Ghast Tear in shop mineros on page "Page 80780"
[26/02/2025 10:47:53][TRADE]buykl traded 64x Iron Ingot for 50x Ghast Tear in shop mineros on page "Page 80780"
[26/02/2025 10:51:46][TRADE]buykl traded 64x Copper Ingot for 50x Ghast Tear in shop mineros on page "Page 80780"
[26/02/2025 10:51:46][TRADE]buykl traded 64x Copper Ingot for 50x Ghast Tear in shop mineros on page "Page 80780"
[26/02/2025 10:52:49][TRADE]buykl traded 64x Flint for 50x Ghast Tear in shop mineros on page "Page 80780"
[26/02/2025 10:52:50][TRADE]buykl traded 64x Coal for 50x Ghast Tear in shop mineros on page "Page 80780"
[26/02/2025 10:56:13][TRADE]buykl traded 64x Coal for 50x Ghast Tear in shop mineros on page "Page 80780"
[26/02/2025 10:56:13][TRADE]buykl traded 64x Coal for 50x Ghast Tear in shop mineros on page "Page 80780"
[26/02/2025 10:56:14][TRADE]buykl traded 64x Flint for 50x Ghast Tear in shop mineros on page "Page 80780"
[26/02/2025 10:56:15][TRADE]buykl traded 64x Flint for 50x Ghast Tear in shop mineros on page "Page 80780"
[26/02/2025 10:56:17][TRADE]buykl traded 64x Copper Ingot for 50x Ghast Tear in shop mineros on page "Page 80780"
[26/02/2025 10:56:17][TRADE]buykl traded 64x Copper Ingot for 50x Ghast Tear in shop mineros on page "Page 80780"
[26/02/2025 10:56:18][TRADE]buykl traded 64x Iron Ingot for 50x Ghast Tear in shop mineros on page "Page 80780"
[26/02/2025 11:08:45][TRADE]buykl traded 64x Copper Ingot for 50x Ghast Tear in shop mineros on page "Page 80780"
[26/02/2025 11:08:46][TRADE]buykl traded 64x Iron Ingot for 50x Ghast Tear in shop mineros on page "Page 80780"
[26/02/2025 11:08:47][TRADE]buykl traded 64x Iron Ingot for 50x Ghast Tear in shop mineros on page "Page 80780"
[26/02/2025 11:08:48][TRADE]buykl traded 64x Copper Ingot for 50x Ghast Tear in shop mineros on page "Page 80780"
[26/02/2025 11:14:58][TRADE]buykl traded 64x Copper Ingot for 50x Ghast Tear in shop mineros on page "Page 80780"
[26/02/2025 11:15:08][TRADE]buykl traded 64x Coal for 50x Ghast Tear in shop mineros on page "Page 80780"
[26/02/2025 11:15:27][TRADE]buykl traded 12x Ghast Tear for 64x Iron Ingot in shop mineros on page "Page 12068"
[26/02/2025 11:15:31][TRADE]buykl traded 64x Flint for 50x Ghast Tear in shop mineros on page "Page 80780"
[26/02/2025 11:17:29][TRADE]buykl traded 64x Iron Ingot for 50x Ghast Tear in shop mineros on page "Page 80780"
[26/02/2025 11:17:38][TRADE]buykl traded 64x Flint for 50x Ghast Tear in shop mineros on page "Page 80780"
[26/02/2025 11:17:46][TRADE]buykl traded 64x Coal for 50x Ghast Tear in shop mineros on page "Page 80780"
[26/02/2025 11:17:49][TRADE]buykl traded 64x Iron Ingot for 50x Ghast Tear in shop mineros on page "Page 80780"
[26/02/2025 12:53:44][TRADE]buykl traded 64x Coal for 50x Ghast Tear in shop mineros on page "Page 80780"
[26/02/2025 12:53:44][TRADE]buykl traded 64x Coal for 50x Ghast Tear in shop mineros on page "Page 80780"
[26/02/2025 12:53:45][TRADE]buykl traded 64x Flint for 50x Ghast Tear in shop mineros on page "Page 80780"
[26/02/2025 12:53:45][TRADE]buykl traded 64x Flint for 50x Ghast Tear in shop mineros on page "Page 80780"
[26/02/2025 12:53:46][TRADE]buykl traded 64x Iron Ingot for 50x Ghast Tear in shop mineros on page "Page 80780"
[26/02/2025 12:53:47][TRADE]buykl traded 64x Copper Ingot for 50x Ghast Tear in shop mineros on page "Page 80780"
[26/02/2025 12:53:50][TRADE]buykl traded 64x Iron Ingot for 50x Ghast Tear in shop mineros on page "Page 80780"
[26/02/2025 12:57:55][TRADE]buykl traded 64x Iron Ingot for 50x Ghast Tear in shop mineros on page "Page 80780"
[26/02/2025 12:57:55][TRADE]buykl traded 64x Iron Ingot for 50x Ghast Tear in shop mineros on page "Page 80780"
[26/02/2025 12:57:56][TRADE]buykl traded 64x Copper Ingot for 50x Ghast Tear in shop mineros on page "Page 80780"
[26/02/2025 12:57:57][TRADE]buykl traded 64x Copper Ingot for 50x Ghast Tear in shop mineros on page "Page 80780"
[26/02/2025 12:57:58][TRADE]buykl traded 64x Cobblestone for 30x Ghast Tear in shop mineros on page "Page 80780"
[26/02/2025 13:02:06][TRADE]buykl traded 64x Copper Ingot for 50x Ghast Tear in shop mineros on page "Page 80780"
[26/02/2025 13:02:06][TRADE]buykl traded 64x Iron Ingot for 50x Ghast Tear in shop mineros on page "Page 80780"
[26/02/2025 13:02:08][TRADE]buykl traded 64x Cobblestone for 30x Ghast Tear in shop mineros on page "Page 80780"
[26/02/2025 13:02:39][TRADE]buykl traded 64x Coal for 50x Ghast Tear in shop mineros on page "Page 80780"
[26/02/2025 13:02:39][TRADE]buykl traded 64x Coal for 50x Ghast Tear in shop mineros on page "Page 80780"
[26/02/2025 13:02:40][TRADE]buykl traded 64x Flint for 50x Ghast Tear in shop mineros on page "Page 80780"
[26/02/2025 13:02:42][TRADE]buykl traded 64x Flint for 50x Ghast Tear in shop mineros on page "Page 80780"
[26/02/2025 13:07:30][TRADE]buykl traded 64x Copper Ingot for 50x Ghast Tear in shop mineros on page "Page 80780"
[26/02/2025 13:13:58][TRADE]buykl traded 64x Cobblestone for 30x Ghast Tear in shop mineros on page "Page 80780"
[26/02/2025 13:14:00][TRADE]buykl traded 64x Flint for 50x Ghast Tear in shop mineros on page "Page 80780"
[26/02/2025 13:14:00][TRADE]buykl traded 64x Iron Ingot for 50x Ghast Tear in shop mineros on page "Page 80780"
[26/02/2025 13:14:01][TRADE]buykl traded 64x Iron Ingot for 50x Ghast Tear in shop mineros on page "Page 80780"
[26/02/2025 13:14:01][TRADE]buykl traded 64x Copper Ingot for 50x Ghast Tear in shop mineros on page "Page 80780"
[26/02/2025 13:14:02][TRADE]buykl traded 64x Copper Ingot for 50x Ghast Tear in shop mineros on page "Page 80780"
[26/02/2025 13:14:05][TRADE]buykl traded 64x Iron Ingot for 50x Ghast Tear in shop mineros on page "Page 80780"
[26/02/2025 13:14:05][TRADE]buykl traded 64x Copper Ingot for 50x Ghast Tear in shop mineros on page "Page 80780"
[26/02/2025 13:14:13][TRADE]buykl traded 64x Flint for 50x Ghast Tear in shop mineros on page "Page 80780"
[26/02/2025 13:14:13][TRADE]buykl traded 64x Flint for 50x Ghast Tear in shop mineros on page "Page 80780"
[26/02/2025 13:14:14][TRADE]buykl traded 64x Coal for 50x Ghast Tear in shop mineros on page "Page 80780"
[26/02/2025 13:14:14][TRADE]buykl traded 64x Coal for 50x Ghast Tear in shop mineros on page "Page 80780"
[26/02/2025 13:20:21][TRADE]buykl traded 64x Cobblestone for 30x Ghast Tear in shop mineros on page "Page 80780"
[26/02/2025 13:42:42][TRADE]buykl traded 64x Cobblestone for 30x Ghast Tear in shop mineros on page "Page 80780"
[26/02/2025 13:42:42][TRADE]buykl traded 64x Cobblestone for 30x Ghast Tear in shop mineros on page "Page 80780"
[26/02/2025 22:17:08][TRADE]Sanblaster traded 12x Ghast Tear for 64x Iron Ingot in shop mineros on page "Page 12068"
