[8/21/24, 8:21 PM] §8[§9Hablando§8][§9%essentials_nickname%§8]§r: kdawd
[8/21/24, 8:21 PM] §8[§cGritando§8][§f%essentials_nickname%§8]§r: dad
[8/21/24, 8:28 PM] §8[§9Hablando§8][§9essentials_nickname§8]§r: da
[8/21/24, 8:28 PM] §8[§9Hablando§8][§9%essentials_nickname%§8]§r: daa
[8/21/24, 8:30 PM] §8[§9Hablando§8][§9%essentials_nickname%§8]§r: daa
[8/21/24, 8:35 PM] §8[§9Hablando§8][§9%essentials_nickname%§8]§r: daa
[8/21/24, 8:36 PM] §8[§9Hablando§8][§9%essentials_nickname%§8]§r: daa
[8/21/24, 8:39 PM] §8[§9Hablando§8][§9Jared§8]§r: da
[8/21/24, 8:40 PM] §8[§cGritando§8][§fJared§8]§r: hola
[8/21/24, 8:41 PM] §8[§bBajo§8][§bJared§8]§r: hola
[8/21/24, 8:41 PM] §8[§bBajo§8][§bJared§8]§r: hola
[8/21/24, 8:41 PM] §8[§bBajo§8][§bJared§8]§r: hola
[8/21/24, 8:41 PM] §8[§bBajo§8][§bJared§8]§r: hola
[8/21/24, 8:41 PM] §8[§bBajo§8][§bJared§8]§r: hola
[8/21/24, 8:41 PM] §8[§bBajo§8][§bJared§8]§r: hola
[8/21/24, 8:41 PM] §8[§bBajo§8][§bJared§8]§r: hola
[8/21/24, 8:41 PM] §8[§bBajo§8][§bJared§8]§r: hola
[8/21/24, 8:41 PM] §8[§bBajo§8][§bJared§8]§r: hola
[8/21/24, 8:41 PM] §8[§bBajo§8][§bJared§8]§r: hola
[8/21/24, 8:41 PM] §8[§bBajo§8][§bJared§8]§r: hola
[8/21/24, 8:41 PM] §8[§bBajo§8][§bJared§8]§r: hola
[8/21/24, 8:41 PM] §8[§bBajo§8][§bJared§8]§r: hola
[8/21/24, 8:41 PM] §8[§bBajo§8][§bJared§8]§r: hola
[8/21/24, 8:41 PM] §8[§bBajo§8][§bJared§8]§r: hola
[8/21/24, 8:41 PM] §8[§cGritando§8][§fAPHNYX§8]§r: tiren paro
[8/21/24, 8:41 PM] §8[§bBajo§8][§bJared§8]§r: h
[8/21/24, 8:42 PM] §8[§eOOC§8][§eJared§8]§r: s
[8/21/24, 8:43 PM] §8[§eOOC§8][§eJared§8]§r: &4patata
[8/21/24, 8:44 PM] §8[§dSusurrando§8][§dAPHNYX§8]§r: asda
[8/21/24, 8:45 PM] §8[§9Hablando§8][§9APHNYX§8]§r: as
[8/21/24, 8:46 PM] §8[§eOOC§8][§eAPHNYX§8]§r: as
[8/21/24, 8:50 PM] §8[§9Hablando§8][§9Jared§8]§r: adadaw
[8/21/24, 8:50 PM] §8[§9Hablando§8][§9Jared§8]§7: a
[8/21/24, 8:50 PM] §8[§5Susurrando§8][§5Jared§8]§7: a
[8/21/24, 8:51 PM] §8[§dOOC§8][§dAPHNYX§8]§7: asdasd
[8/21/24, 8:51 PM] §8[§4Gritando§8][§4Jared§8]§7: a
[8/21/24, 8:51 PM] §8[§bBajo§8][§bJared§8]§7: a
[8/21/24, 8:51 PM] §8[§9Hablando§8][§9APHNYX§8]§7: as
[8/21/24, 8:51 PM] §8[§4Gritando§8][§4APHNYX§8]§7: TIREN PARO
[8/21/24, 8:51 PM] §8[§bBajo§8][§bAPHNYX§8]§7: negros de mierda
[8/21/24, 8:51 PM] §8[§5Susurrando§8][§5APHNYX§8]§7: aycabron
[8/21/24, 8:51 PM] §8[§9Hablando§8][§9APHNYX§8]§7: :v
[8/21/24, 8:51 PM] §8[§4Gritando§8][§4APHNYX§8]§7: TIREN PARO
[8/21/24, 8:52 PM] §8[§4Gritando§8][§4APHNYX§8]§7: HOLA
[8/21/24, 8:52 PM] §8[§5Susurrando§8][§5Jared§8]§7: hola
[8/21/24, 8:52 PM] §8[§5Susurrando§8][§5APHNYX§8]§7: hola
[8/21/24, 8:52 PM] §8[§4Gritando§8][§4APHNYX§8]§7: ola
[8/21/24, 8:55 PM] §8[§9Hablando§8][§9Jared§8]§7: a
[8/21/24, 9:07 PM] §8[§bSusurrando§8][§bJared§8]§7: a
[8/21/24, 9:07 PM] §8[§9Bajo§8][§9Jared§8]§7: a
[8/21/24, 9:07 PM] §8[§3Hablando§8][§3Jared§8]§7: a
[8/21/24, 9:07 PM] §8[§1Gritando§8][§1Jared§8]§7: a
[8/21/24, 9:09 PM] §8[§dOOC§8][§dAPHNYX§8]§7: .
[8/21/24, 9:09 PM] §3Jared §3hol
[8/21/24, 9:09 PM] §3APHNYX §3sdas
[8/21/24, 9:09 PM] §3§oa
[8/21/24, 9:10 PM] §3§otiren paro
[8/21/24, 9:10 PM] §1§otiren paro
[8/21/24, 9:10 PM] §8[§4Gritando§8][§4Jared§8]§7: te odio
[8/21/24, 9:21 PM] §8[§bBajo§8][§bAPHNYX§8]§7: .
[8/21/24, 9:22 PM] §8[§9Hablando§8][§9APHNYX§8]§7: .
[8/21/24, 9:22 PM] §8[§4Gritando§8][§4APHNYX§8]§7: .
[8/21/24, 9:22 PM] §8[§5Susurrando§8][§5APHNYX§8]§7: .
[8/21/24, 9:22 PM] §8[§dOOC§8][§dAPHNYX§8]§7: .
[8/21/24, 9:27 PM] §8[§4Gritando§8][§4Jared§8]§7: a
[8/21/24, 9:37 PM] §dJared §dbaila epicamente
[8/21/24, 9:37 PM] §dAPHNYX §dTIRA PARO
[8/21/24, 9:37 PM] §dJared §dbaila epicamente
[8/21/24, 9:37 PM] §dAPHNYX §dTIRA PARO
