[18/02/2025 17:25:17][TRADE]APHNYX traded 1x Heart Of The Sea for 3x Ghast Tear,50x Ghast Tear in shop joyeros on page "Page 35165"
[18/02/2025 18:30:55][TRADE]Catoncio_1 traded 1x Heart Of The Sea for 3x Ghast Tear,50x Ghast Tear in shop joyeros on page "Page 35165"
[18/02/2025 18:31:36][TRADE]Catoncio_1 traded 1x Heart Of The Sea for 5x Ghast Tear,50x Ghast Tear in shop joyeros on page "Page 35165"
[18/02/2025 18:31:41][TRADE]Catoncio_1 traded 1x Heart Of The Sea for 3x Ghast Tear,50x Ghast Tear in shop joyeros on page "Page 35165"
[18/02/2025 18:34:38][TRADE]Catoncio_1 traded 1x Heart Of The Sea for 3x Ghast Tear,50x Ghast Tear in shop joyeros on page "Page 35165"
[18/02/2025 18:34:49][TRADE]Catoncio_1 traded 1x Heart Of The Sea for 3x Ghast Tear,50x Ghast Tear in shop joyeros on page "Page 35165"
[18/02/2025 18:34:53][TRADE]Catoncio_1 traded 1x Heart Of The Sea for 3x Ghast Tear,50x Ghast Tear in shop joyeros on page "Page 35165"
[18/02/2025 18:34:59][TRADE]Catoncio_1 traded 1x Heart Of The Sea for 3x Ghast Tear,50x Ghast Tear in shop joyeros on page "Page 35165"
[18/02/2025 20:57:07][TRADE]luiguiwar traded 1x Heart Of The Sea for 1x Heart Of The Sea,15x Ghast Tear in shop joyeros on page "Page 35165"
[18/02/2025 20:57:32][TRADE]luiguiwar traded 1x Heart Of The Sea for 3x Ghast Tear,50x Ghast Tear in shop joyeros on page "Page 35165"
[18/02/2025 20:58:03][TRADE]luiguiwar traded 1x Heart Of The Sea for 3x Ghast Tear,50x Ghast Tear in shop joyeros on page "Page 35165"
[18/02/2025 20:58:45][TRADE]luiguiwar traded 1x Heart Of The Sea for 3x Ghast Tear,50x Ghast Tear in shop joyeros on page "Page 35165"
[18/02/2025 21:37:02][TRADE]Catoncio_1 traded 1x Heart Of The Sea for 1x Heart Of The Sea,3x Ghast Tear,50x Ghast Tear in shop joyeros on page "Page 35165"
[18/02/2025 21:37:15][TRADE]Catoncio_1 traded 1x Heart Of The Sea for 1x Heart Of The Sea,15x Ghast Tear in shop joyeros on page "Page 35165"
[18/02/2025 21:42:52][TRADE]luiguiwar traded 1x Heart Of The Sea for 3x Ghast Tear,50x Ghast Tear in shop joyeros on page "Page 35165"
[18/02/2025 21:43:01][TRADE]luiguiwar traded 1x Heart Of The Sea for 3x Ghast Tear,50x Ghast Tear,1x Heart Of The Sea in shop joyeros on page "Page 35165"
[18/02/2025 21:43:27][TRADE]luiguiwar traded 1x Heart Of The Sea for 1x Heart Of The Sea,3x Ghast Tear,50x Ghast Tear in shop joyeros on page "Page 35165"
[18/02/2025 21:44:59][TRADE]luiguiwar traded 1x Heart Of The Sea for 3x Ghast Tear,50x Ghast Tear in shop joyeros on page "Page 35165"
[18/02/2025 22:22:40][TRADE]luiguiwar traded 1x Heart Of The Sea for 1x Heart Of The Sea,15x Ghast Tear in shop joyeros on page "Page 35165"
[18/02/2025 22:23:07][TRADE]luiguiwar traded 1x Heart Of The Sea for 1x Heart Of The Sea,15x Ghast Tear in shop joyeros on page "Page 35165"
[18/02/2025 22:40:32][TRADE]TheEnderpro42 traded 1x Heart Of The Sea for 1x Heart Of The Sea,15x Ghast Tear in shop joyeros on page "Page 35165"
[18/02/2025 23:01:31][TRADE]APHNYX traded 1x Heart Of The Sea for 3x Ghast Tear,50x Ghast Tear in shop joyeros on page "Page 35165"
[18/02/2025 23:01:33][TRADE]APHNYX traded 1x Heart Of The Sea for 3x Ghast Tear,50x Ghast Tear in shop joyeros on page "Page 35165"
[18/02/2025 23:09:26][TRADE]Catoncio_1 traded 1x Heart Of The Sea for 3x Ghast Tear,50x Ghast Tear in shop joyeros on page "Page 35165"
[18/02/2025 23:09:27][TRADE]Catoncio_1 traded 1x Heart Of The Sea for 1x Heart Of The Sea,3x Ghast Tear,50x Ghast Tear in shop joyeros on page "Page 35165"
[18/02/2025 23:10:46][TRADE]Catoncio_1 traded 1x Heart Of The Sea for 1x Heart Of The Sea,3x Ghast Tear,50x Ghast Tear in shop joyeros on page "Page 35165"
[18/02/2025 23:11:09][TRADE]Catoncio_1 traded 1x Heart Of The Sea for 1x Heart Of The Sea,3x Ghast Tear,50x Ghast Tear in shop joyeros on page "Page 35165"
[18/02/2025 23:11:16][TRADE]Catoncio_1 traded 1x Heart Of The Sea for 1x Heart Of The Sea,15x Ghast Tear in shop joyeros on page "Page 35165"
[18/02/2025 23:11:43][TRADE]Catoncio_1 traded 1x Heart Of The Sea for 3x Ghast Tear,50x Ghast Tear in shop joyeros on page "Page 35165"
