[20/02/2025 16:25:56][TRADE]APHNYX traded 1x Heart Of The Sea for 3x Ghast Tear,50x Ghast Tear in shop joyeros on page "Page 35165"
[20/02/2025 16:26:13][TRADE]APHNYX traded 1x Heart Of The Sea for 3x Ghast Tear,50x Ghast Tear in shop joyeros on page "Page 35165"
[20/02/2025 16:26:29][TRADE]APHNYX traded 1x Heart Of The Sea for 1x Heart Of The Sea,3x Ghast Tear,50x Ghast Tear in shop joyeros on page "Page 35165"
[20/02/2025 16:26:30][TRADE]APHNYX traded 1x Heart Of The Sea for 1x Heart Of The Sea,15x Ghast Tear in shop joyeros on page "Page 35165"
[20/02/2025 16:26:34][TRADE]APHNYX traded 1x Heart Of The Sea for 3x Ghast Tear,50x Ghast Tear in shop joyeros on page "Page 35165"
[20/02/2025 16:26:34][TRADE]APHNYX traded 1x Heart Of The Sea for 1x Heart Of The Sea,3x Ghast Tear,50x Ghast Tear in shop joyeros on page "Page 35165"
[20/02/2025 16:26:35][TRADE]APHNYX traded 1x Heart Of The Sea for 1x Heart Of The Sea,15x Ghast Tear in shop joyeros on page "Page 35165"
[20/02/2025 16:26:40][TRADE]APHNYX traded 1x Heart Of The Sea for 3x Ghast Tear,50x Ghast Tear in shop joyeros on page "Page 35165"
[20/02/2025 16:26:55][TRADE]APHNYX traded 1x Heart Of The Sea for 3x Ghast Tear,50x Ghast Tear in shop joyeros on page "Page 35165"
[20/02/2025 16:26:55][TRADE]APHNYX traded 1x Heart Of The Sea for 1x Heart Of The Sea,3x Ghast Tear,50x Ghast Tear in shop joyeros on page "Page 35165"
[20/02/2025 16:26:56][TRADE]APHNYX traded 1x Heart Of The Sea for 1x Heart Of The Sea,15x Ghast Tear in shop joyeros on page "Page 35165"
[20/02/2025 16:26:58][TRADE]APHNYX traded 1x Heart Of The Sea for 3x Ghast Tear,50x Ghast Tear in shop joyeros on page "Page 35165"
[20/02/2025 16:26:59][TRADE]APHNYX traded 1x Heart Of The Sea for 1x Heart Of The Sea,3x Ghast Tear,50x Ghast Tear in shop joyeros on page "Page 35165"
[20/02/2025 16:27:01][TRADE]APHNYX traded 1x Heart Of The Sea for 1x Heart Of The Sea,15x Ghast Tear in shop joyeros on page "Page 35165"
[20/02/2025 16:27:09][TRADE]APHNYX traded 1x Heart Of The Sea for 3x Ghast Tear,50x Ghast Tear in shop joyeros on page "Page 35165"
[20/02/2025 16:27:10][TRADE]APHNYX traded 1x Heart Of The Sea for 1x Heart Of The Sea,3x Ghast Tear,50x Ghast Tear in shop joyeros on page "Page 35165"
[20/02/2025 16:27:10][TRADE]APHNYX traded 1x Heart Of The Sea for 1x Heart Of The Sea,3x Ghast Tear,50x Ghast Tear in shop joyeros on page "Page 35165"
[20/02/2025 16:27:14][TRADE]APHNYX traded 1x Heart Of The Sea for 3x Ghast Tear,50x Ghast Tear in shop joyeros on page "Page 35165"
[20/02/2025 16:27:15][TRADE]APHNYX traded 1x Heart Of The Sea for 1x Heart Of The Sea,3x Ghast Tear,50x Ghast Tear in shop joyeros on page "Page 35165"
[20/02/2025 16:27:15][TRADE]APHNYX traded 1x Heart Of The Sea for 15x Ghast Tear,1x Heart Of The Sea in shop joyeros on page "Page 35165"
[20/02/2025 16:27:16][TRADE]APHNYX traded 1x Heart Of The Sea for 3x Ghast Tear,50x Ghast Tear in shop joyeros on page "Page 35165"
[20/02/2025 16:27:17][TRADE]APHNYX traded 1x Heart Of The Sea for 1x Heart Of The Sea,3x Ghast Tear,50x Ghast Tear in shop joyeros on page "Page 35165"
[20/02/2025 16:27:18][TRADE]APHNYX traded 1x Heart Of The Sea for 15x Ghast Tear,1x Heart Of The Sea in shop joyeros on page "Page 35165"
[20/02/2025 16:27:18][TRADE]APHNYX traded 1x Heart Of The Sea for 3x Ghast Tear,50x Ghast Tear in shop joyeros on page "Page 35165"
[20/02/2025 16:27:19][TRADE]APHNYX traded 1x Heart Of The Sea for 3x Ghast Tear,50x Ghast Tear,1x Heart Of The Sea in shop joyeros on page "Page 35165"
[20/02/2025 16:27:20][TRADE]APHNYX traded 1x Heart Of The Sea for 1x Heart Of The Sea,15x Ghast Tear in shop joyeros on page "Page 35165"
[20/02/2025 16:27:20][TRADE]APHNYX traded 1x Heart Of The Sea for 3x Ghast Tear,50x Ghast Tear in shop joyeros on page "Page 35165"
[20/02/2025 16:27:23][TRADE]APHNYX traded 1x Heart Of The Sea for 3x Ghast Tear,50x Ghast Tear in shop joyeros on page "Page 35165"
[20/02/2025 16:53:08][TRADE]APHNYX traded 1x Heart Of The Sea for 1x Heart Of The Sea,15x Ghast Tear in shop joyeros on page "Page 35165"
[20/02/2025 16:53:11][TRADE]APHNYX traded 8x Ghast Tear,1x Heart Of The Sea for 1x Heart Of The Sea in shop joyeros on page "Page 10073"
[20/02/2025 16:53:11][TRADE]APHNYX traded 8x Ghast Tear,1x Heart Of The Sea for 1x Heart Of The Sea in shop joyeros on page "Page 10073"
[20/02/2025 16:53:15][TRADE]APHNYX traded 8x Ghast Tear,1x Heart Of The Sea for 1x Heart Of The Sea in shop joyeros on page "Page 10073"
[20/02/2025 16:53:16][TRADE]APHNYX traded 1x Heart Of The Sea,88x Ghast Tear for 1x Heart Of The Sea in shop joyeros on page "Page 10073"
[20/02/2025 16:53:17][TRADE]APHNYX traded 1x Heart Of The Sea,88x Ghast Tear for 1x Heart Of The Sea in shop joyeros on page "Page 10073"
[20/02/2025 16:53:17][TRADE]APHNYX traded 88x Ghast Tear,1x Heart Of The Sea for 1x Heart Of The Sea in shop joyeros on page "Page 10073"
[20/02/2025 16:53:18][TRADE]APHNYX traded 1x Heart Of The Sea,88x Ghast Tear for 1x Heart Of The Sea in shop joyeros on page "Page 10073"
[20/02/2025 16:53:19][TRADE]APHNYX traded 8x Ghast Tear,1x Heart Of The Sea for 1x Heart Of The Sea in shop joyeros on page "Page 10073"
[20/02/2025 16:53:28][TRADE]APHNYX traded 1x Heart Of The Sea for 1x Heart Of The Sea,15x Ghast Tear in shop joyeros on page "Page 35165"
[20/02/2025 16:53:30][TRADE]APHNYX traded 1x Heart Of The Sea,88x Ghast Tear for 1x Heart Of The Sea in shop joyeros on page "Page 10073"
[20/02/2025 16:53:31][TRADE]APHNYX traded 1x Heart Of The Sea,88x Ghast Tear for 1x Heart Of The Sea in shop joyeros on page "Page 10073"
[20/02/2025 16:53:32][TRADE]APHNYX traded 8x Ghast Tear,1x Heart Of The Sea for 1x Heart Of The Sea in shop joyeros on page "Page 10073"
[20/02/2025 16:53:32][TRADE]APHNYX traded 88x Ghast Tear for 1x Heart Of The Sea in shop joyeros on page "Page 10073"
[20/02/2025 16:53:33][TRADE]APHNYX traded 88x Ghast Tear for 1x Heart Of The Sea in shop joyeros on page "Page 10073"
[20/02/2025 16:53:34][TRADE]APHNYX traded 1x Heart Of The Sea,8x Ghast Tear for 1x Heart Of The Sea in shop joyeros on page "Page 10073"
[20/02/2025 16:53:35][TRADE]APHNYX traded 1x Heart Of The Sea,8x Ghast Tear for 1x Heart Of The Sea in shop joyeros on page "Page 10073"
[20/02/2025 16:53:36][TRADE]APHNYX traded 1x Heart Of The Sea,88x Ghast Tear for 1x Heart Of The Sea in shop joyeros on page "Page 10073"
[20/02/2025 16:53:36][TRADE]APHNYX traded 88x Ghast Tear for 1x Heart Of The Sea in shop joyeros on page "Page 10073"
[20/02/2025 16:53:37][TRADE]APHNYX traded 1x Heart Of The Sea,88x Ghast Tear for 1x Heart Of The Sea in shop joyeros on page "Page 10073"
[20/02/2025 18:18:50][TRADE]buykl traded 1x Heart Of The Sea for 5x Ghast Tear,50x Ghast Tear in shop joyeros on page "Page 35165"
[20/02/2025 18:20:10][TRADE]buykl traded 1x Heart Of The Sea for 3x Ghast Tear,50x Ghast Tear in shop joyeros on page "Page 35165"
