[24/02/2025 19:40:19][TRADE]YudaxNot traded 1x Heart Of The Sea for 3x Ghast Tear,50x Ghast Tear in shop joyeros on page "Page 35165"
[24/02/2025 19:41:43][TRADE]YudaxNot traded 1x Heart Of The Sea for 3x Ghast Tear,50x Ghast Tear in shop joyeros on page "Page 66968"
[24/02/2025 19:41:44][TRADE]YudaxNot traded 1x Heart Of The Sea for 3x Ghast Tear,50x Ghast Tear,1x Heart Of The Sea in shop joyeros on page "Page 66968"
[24/02/2025 19:41:47][TRADE]YudaxNot traded 1x Heart Of The Sea for 15x Ghast Tear,1x Heart Of The Sea in shop joyeros on page "Page 66968"
[24/02/2025 19:41:55][TRADE]YudaxNot traded 1x Heart Of The Sea for 1x Heart Of The Sea,15x Ghast Tear in shop joyeros on page "Page 66968"
[24/02/2025 19:42:01][TRADE]YudaxNot traded 1x Heart Of The Sea for 3x Ghast Tear,50x Ghast Tear in shop joyeros on page "Page 66968"
[24/02/2025 19:42:01][TRADE]YudaxNot traded 1x Heart Of The Sea for 3x Ghast Tear,50x Ghast Tear,1x Heart Of The Sea in shop joyeros on page "Page 66968"
[24/02/2025 19:42:02][TRADE]YudaxNot traded 1x Heart Of The Sea for 15x Ghast Tear,1x Heart Of The Sea in shop joyeros on page "Page 66968"
[24/02/2025 19:42:05][TRADE]YudaxNot traded 1x Heart Of The Sea for 3x Ghast Tear,50x Ghast Tear in shop joyeros on page "Page 66968"
[24/02/2025 19:42:06][TRADE]YudaxNot traded 1x Heart Of The Sea for 3x Ghast Tear,50x Ghast Tear,1x Heart Of The Sea in shop joyeros on page "Page 66968"
[24/02/2025 19:42:49][TRADE]YudaxNot traded 1x Ghast Tear,75x Ghast Tear,1x Heart Of The Sea for 1x Heart Of The Sea in shop joyeros on page "Page 65637"
[24/02/2025 19:42:50][TRADE]YudaxNot traded 1x Ghast Tear,75x Ghast Tear for 1x Heart Of The Sea in shop joyeros on page "Page 65637"
[24/02/2025 19:52:34][TRADE]YudaxNot traded 1x Heart Of The Sea for 3x Ghast Tear,50x Ghast Tear in shop joyeros on page "Page 35165"
[24/02/2025 23:06:10][TRADE]YudaxNot traded 1x Heart Of The Sea for 3x Ghast Tear,50x Ghast Tear in shop joyeros on page "Page 35165"
[24/02/2025 23:39:03][TRADE]APHNYX traded 1x Heart Of The Sea for 3x Ghast Tear,50x Ghast Tear in shop joyeros on page "Page 35165"
[24/02/2025 23:39:03][TRADE]APHNYX traded 1x Heart Of The Sea for 3x Ghast Tear,50x Ghast Tear,1x Heart Of The Sea in shop joyeros on page "Page 35165"
[24/02/2025 23:39:04][TRADE]APHNYX traded 1x Heart Of The Sea for 1x Heart Of The Sea,15x Ghast Tear in shop joyeros on page "Page 35165"
[24/02/2025 23:39:18][TRADE]APHNYX traded 1x Heart Of The Sea for 3x Ghast Tear,50x Ghast Tear in shop joyeros on page "Page 35165"
[24/02/2025 23:39:18][TRADE]APHNYX traded 1x Heart Of The Sea for 3x Ghast Tear,50x Ghast Tear,1x Heart Of The Sea in shop joyeros on page "Page 35165"
[24/02/2025 23:39:18][TRADE]APHNYX traded 1x Heart Of The Sea for 1x Heart Of The Sea,15x Ghast Tear in shop joyeros on page "Page 35165"
[24/02/2025 23:39:19][TRADE]APHNYX traded 1x Heart Of The Sea for 3x Ghast Tear,50x Ghast Tear in shop joyeros on page "Page 35165"
[24/02/2025 23:39:20][TRADE]APHNYX traded 1x Heart Of The Sea for 3x Ghast Tear,50x Ghast Tear,1x Heart Of The Sea in shop joyeros on page "Page 35165"
[24/02/2025 23:39:21][TRADE]APHNYX traded 1x Heart Of The Sea for 15x Ghast Tear,1x Heart Of The Sea in shop joyeros on page "Page 35165"
[24/02/2025 23:39:28][TRADE]APHNYX traded 1x Heart Of The Sea for 3x Ghast Tear,50x Ghast Tear in shop joyeros on page "Page 35165"
[24/02/2025 23:39:29][TRADE]APHNYX traded 1x Heart Of The Sea for 1x Heart Of The Sea,3x Ghast Tear,50x Ghast Tear in shop joyeros on page "Page 35165"
[24/02/2025 23:39:29][TRADE]APHNYX traded 1x Heart Of The Sea for 1x Heart Of The Sea,15x Ghast Tear in shop joyeros on page "Page 35165"
[24/02/2025 23:39:30][TRADE]APHNYX traded 1x Heart Of The Sea for 3x Ghast Tear,50x Ghast Tear in shop joyeros on page "Page 35165"
[24/02/2025 23:39:31][TRADE]APHNYX traded 1x Heart Of The Sea for 3x Ghast Tear,50x Ghast Tear,1x Heart Of The Sea in shop joyeros on page "Page 35165"
[24/02/2025 23:39:31][TRADE]APHNYX traded 1x Heart Of The Sea for 3x Ghast Tear,50x Ghast Tear,1x Heart Of The Sea in shop joyeros on page "Page 35165"
[24/02/2025 23:39:33][TRADE]APHNYX traded 1x Heart Of The Sea for 3x Ghast Tear,50x Ghast Tear in shop joyeros on page "Page 35165"
[24/02/2025 23:39:33][TRADE]APHNYX traded 1x Heart Of The Sea for 1x Heart Of The Sea,3x Ghast Tear,50x Ghast Tear in shop joyeros on page "Page 35165"
[24/02/2025 23:39:34][TRADE]APHNYX traded 1x Heart Of The Sea for 1x Heart Of The Sea,15x Ghast Tear in shop joyeros on page "Page 35165"
[24/02/2025 23:39:34][TRADE]APHNYX traded 1x Heart Of The Sea for 3x Ghast Tear,50x Ghast Tear in shop joyeros on page "Page 35165"
[24/02/2025 23:39:35][TRADE]APHNYX traded 1x Heart Of The Sea for 3x Ghast Tear,50x Ghast Tear,1x Heart Of The Sea in shop joyeros on page "Page 35165"
[24/02/2025 23:39:35][TRADE]APHNYX traded 1x Heart Of The Sea for 1x Heart Of The Sea,15x Ghast Tear in shop joyeros on page "Page 35165"
[24/02/2025 23:39:37][TRADE]APHNYX traded 1x Heart Of The Sea for 3x Ghast Tear,50x Ghast Tear in shop joyeros on page "Page 35165"
[24/02/2025 23:39:37][TRADE]APHNYX traded 1x Heart Of The Sea for 1x Heart Of The Sea,3x Ghast Tear,50x Ghast Tear in shop joyeros on page "Page 35165"
[24/02/2025 23:39:38][TRADE]APHNYX traded 1x Heart Of The Sea for 15x Ghast Tear,1x Heart Of The Sea in shop joyeros on page "Page 35165"
[24/02/2025 23:39:38][TRADE]APHNYX traded 1x Heart Of The Sea for 3x Ghast Tear,50x Ghast Tear in shop joyeros on page "Page 35165"
[24/02/2025 23:39:56][TRADE]APHNYX traded 1x Heart Of The Sea for 3x Ghast Tear,50x Ghast Tear in shop joyeros on page "Page 35165"
[24/02/2025 23:39:59][TRADE]APHNYX traded 1x Heart Of The Sea for 5x Ghast Tear,50x Ghast Tear in shop joyeros on page "Page 35165"
[24/02/2025 23:40:01][TRADE]APHNYX traded 1x Heart Of The Sea for 3x Ghast Tear,50x Ghast Tear in shop joyeros on page "Page 35165"
[24/02/2025 23:40:03][TRADE]APHNYX traded 1x Heart Of The Sea for 3x Ghast Tear,50x Ghast Tear in shop joyeros on page "Page 35165"
[24/02/2025 23:40:05][TRADE]APHNYX traded 1x Heart Of The Sea for 3x Ghast Tear,50x Ghast Tear in shop joyeros on page "Page 35165"
[24/02/2025 23:41:35][TRADE]APHNYX traded 1x Heart Of The Sea for 3x Ghast Tear,50x Ghast Tear in shop joyeros on page "Page 35165"
[24/02/2025 23:52:24][TRADE]APHNYX traded 1x Heart Of The Sea for 1x Heart Of The Sea,3x Ghast Tear,50x Ghast Tear in shop joyeros on page "Page 35165"
[24/02/2025 23:52:25][TRADE]APHNYX traded 1x Heart Of The Sea for 1x Heart Of The Sea,15x Ghast Tear in shop joyeros on page "Page 35165"
[24/02/2025 23:52:26][TRADE]APHNYX traded 1x Heart Of The Sea for 1x Heart Of The Sea,3x Ghast Tear,50x Ghast Tear in shop joyeros on page "Page 35165"
[24/02/2025 23:52:26][TRADE]APHNYX traded 1x Heart Of The Sea for 15x Ghast Tear,1x Heart Of The Sea in shop joyeros on page "Page 35165"
[24/02/2025 23:52:27][TRADE]APHNYX traded 1x Heart Of The Sea for 3x Ghast Tear,50x Ghast Tear,1x Heart Of The Sea in shop joyeros on page "Page 35165"
[24/02/2025 23:52:27][TRADE]APHNYX traded 1x Heart Of The Sea for 1x Heart Of The Sea,15x Ghast Tear in shop joyeros on page "Page 35165"
[24/02/2025 23:52:28][TRADE]APHNYX traded 1x Heart Of The Sea for 3x Ghast Tear,50x Ghast Tear,1x Heart Of The Sea in shop joyeros on page "Page 35165"
[24/02/2025 23:52:28][TRADE]APHNYX traded 1x Heart Of The Sea for 1x Heart Of The Sea,15x Ghast Tear in shop joyeros on page "Page 35165"
[24/02/2025 23:52:29][TRADE]APHNYX traded 1x Heart Of The Sea for 3x Ghast Tear,50x Ghast Tear,1x Heart Of The Sea in shop joyeros on page "Page 35165"
[24/02/2025 23:52:29][TRADE]APHNYX traded 1x Heart Of The Sea for 15x Ghast Tear,1x Heart Of The Sea in shop joyeros on page "Page 35165"
[24/02/2025 23:52:31][TRADE]APHNYX traded 1x Heart Of The Sea for 50x Ghast Tear,3x Ghast Tear,1x Heart Of The Sea in shop joyeros on page "Page 35165"
[24/02/2025 23:52:32][TRADE]APHNYX traded 1x Heart Of The Sea for 1x Heart Of The Sea,15x Ghast Tear in shop joyeros on page "Page 35165"
[24/02/2025 23:52:33][TRADE]APHNYX traded 1x Heart Of The Sea for 3x Ghast Tear,50x Ghast Tear in shop joyeros on page "Page 35165"
[24/02/2025 23:52:33][TRADE]APHNYX traded 1x Heart Of The Sea for 1x Heart Of The Sea,15x Ghast Tear in shop joyeros on page "Page 35165"
[24/02/2025 23:56:07][TRADE]YudaxNot traded 1x Heart Of The Sea for 3x Ghast Tear,50x Ghast Tear,1x Heart Of The Sea in shop joyeros on page "Page 35165"
[24/02/2025 23:56:10][TRADE]YudaxNot traded 1x Heart Of The Sea for 15x Ghast Tear,1x Heart Of The Sea in shop joyeros on page "Page 35165"
[24/02/2025 23:56:14][TRADE]YudaxNot traded 1x Heart Of The Sea for 3x Ghast Tear,50x Ghast Tear in shop joyeros on page "Page 35165"
[24/02/2025 23:56:24][TRADE]YudaxNot traded 1x Heart Of The Sea for 3x Ghast Tear,50x Ghast Tear,1x Heart Of The Sea in shop joyeros on page "Page 35165"
[24/02/2025 23:57:37][TRADE]YudaxNot traded 1x Heart Of The Sea for 3x Ghast Tear,50x Ghast Tear,1x Heart Of The Sea in shop joyeros on page "Page 35165"
[24/02/2025 23:57:39][TRADE]YudaxNot traded 1x Heart Of The Sea for 1x Heart Of The Sea,15x Ghast Tear in shop joyeros on page "Page 35165"
[24/02/2025 23:58:01][TRADE]YudaxNot traded 1x Heart Of The Sea for 3x Ghast Tear,50x Ghast Tear,1x Heart Of The Sea in shop joyeros on page "Page 35165"
