[16/02/2025 00:33:50][TRADE]EthelRoxana17 traded 1x Cherry Boat for 10x Ghast Tear in shop decoraciones on page "Page 62788"
[16/02/2025 14:09:13][TRADE]Bsod2000 traded 1x Brown Bed for 10x Ghast Tear in shop decoraciones on page "Page 75415"
[16/02/2025 14:09:22][TRADE]Bsod2000 traded 16x Jungle Hanging Sign for 10x Ghast Tear in shop decoraciones on page "Page 26097"
[16/02/2025 14:09:36][TRADE]Bsod2000 traded 64x Spruce Door for 10x Ghast Tear in shop decoraciones on page "Page 26097"
[16/02/2025 14:09:48][TRADE]Bsod2000 traded 64x Glass Pane for 10x Ghast Tear in shop decoraciones on page "Page 24317"
[16/02/2025 14:10:21][TRADE]Bsod2000 traded 1x Music Disc Relic for 10x Ghast Tear in shop decoraciones on page "Page 60004"
[16/02/2025 14:11:19][TRADE]Bsod2000 traded 64x Bell for 10x Ghast Tear in shop decoraciones on page "Page 60004"
[16/02/2025 14:11:28][TRADE]Bsod2000 traded 64x Barrel for 10x Ghast Tear in shop decoraciones on page "Page 62788"
[16/02/2025 15:26:24][TRADE]APHNYX traded 16x Light Gray Banner for 10x Ghast Tear in shop decoraciones on page "Page 75415"
[16/02/2025 15:26:25][TRADE]APHNYX traded 1x Gray Bed for 10x Ghast Tear in shop decoraciones on page "Page 75415"
[16/02/2025 15:26:27][TRADE]APHNYX traded 64x Dandelion for 10x Ghast Tear in shop decoraciones on page "Page 49198"
[16/02/2025 15:26:28][TRADE]APHNYX traded 64x Dark Oak Sapling for 10x Ghast Tear in shop decoraciones on page "Page 49198"
[16/02/2025 16:50:42][TRADE]YudaxNot traded 64x Chest for 10x Ghast Tear in shop decoraciones on page "Page 62788"
[16/02/2025 16:51:04][TRADE]NivlekNot traded 64x Crafting Table for 10x Ghast Tear in shop decoraciones on page "Page 62788"
[16/02/2025 16:51:12][TRADE]NivlekNot traded 64x Smoker for 10x Ghast Tear in shop decoraciones on page "Page 62788"
[16/02/2025 16:51:12][TRADE]NivlekNot traded 64x Furnace for 10x Ghast Tear in shop decoraciones on page "Page 62788"
[16/02/2025 16:51:17][TRADE]NivlekNot traded 64x Chest for 10x Ghast Tear in shop decoraciones on page "Page 62788"
[16/02/2025 16:51:23][TRADE]NivlekNot traded 1x Mangrove Chest Boat for 10x Ghast Tear in shop decoraciones on page "Page 62788"
[16/02/2025 16:52:01][TRADE]NivlekNot traded 64x Spruce Door for 10x Ghast Tear in shop decoraciones on page "Page 26097"
[16/02/2025 17:06:47][TRADE]leonard_pascal traded 16x Spruce Sign for 10x Ghast Tear in shop decoraciones on page "Page 26097"
[16/02/2025 17:06:57][TRADE]leonard_pascal traded 16x Oak Sign for 10x Ghast Tear in shop decoraciones on page "Page 26097"
[16/02/2025 17:57:01][TRADE]SafiroBarabaja22 traded 64x Chest for 10x Ghast Tear in shop decoraciones on page "Page 62788"
[16/02/2025 22:33:50][TRADE]_Etriox_ traded 64x Furnace for 10x Ghast Tear in shop decoraciones on page "Page 62788"
[16/02/2025 22:42:09][TRADE]NivlekNot traded 1x Black Bed for 10x Ghast Tear in shop decoraciones on page "Page 75415"
[16/02/2025 22:47:40][TRADE]Catoncio_1 traded 64x Furnace for 10x Ghast Tear in shop decoraciones on page "Page 62788"
