[24/02/2025 05:32:42][TRADE]Molotove_ traded 64x Spruce Door for 10x Ghast Tear in shop decoraciones on page "Page 26097"
[24/02/2025 05:33:14][TRADE]Molotove_ traded 64x Glass Pane for 10x Ghast Tear in shop decoraciones on page "Page 24317"
[24/02/2025 05:33:18][TRADE]Molotove_ traded 64x Torch for 10x Ghast Tear in shop decoraciones on page "Page 60004"
[24/02/2025 05:33:19][TRADE]Molotove_ traded 64x Torch for 10x Ghast Tear in shop decoraciones on page "Page 60004"
[24/02/2025 05:33:32][TRADE]Molotove_ traded 64x Barrel for 10x Ghast Tear in shop decoraciones on page "Page 62788"
[24/02/2025 05:33:36][TRADE]Molotove_ traded 64x Furnace for 10x Ghast Tear in shop decoraciones on page "Page 62788"
[24/02/2025 05:34:07][TRADE]Molotove_ traded 1x Purple Bed for 10x Ghast Tear in shop decoraciones on page "Page 75415"
[24/02/2025 05:34:07][TRADE]Molotove_ traded 1x Purple Bed for 10x Ghast Tear in shop decoraciones on page "Page 75415"
[24/02/2025 05:34:11][TRADE]Molotove_ traded 1x Red Bed for 10x Ghast Tear in shop decoraciones on page "Page 75415"
[24/02/2025 05:34:12][TRADE]Molotove_ traded 1x Red Bed for 10x Ghast Tear in shop decoraciones on page "Page 75415"
[24/02/2025 05:34:12][TRADE]Molotove_ traded 1x Red Bed for 10x Ghast Tear in shop decoraciones on page "Page 75415"
[24/02/2025 05:34:13][TRADE]Molotove_ traded 1x Red Bed for 10x Ghast Tear in shop decoraciones on page "Page 75415"
[24/02/2025 06:01:13][TRADE]Molotove_ traded 64x Spruce Trapdoor for 10x Ghast Tear in shop decoraciones on page "Page 26097"
[24/02/2025 06:01:19][TRADE]Molotove_ traded 16x Oak Sign for 10x Ghast Tear in shop decoraciones on page "Page 26097"
[24/02/2025 06:01:21][TRADE]Molotove_ traded 16x Oak Hanging Sign for 10x Ghast Tear in shop decoraciones on page "Page 26097"
[24/02/2025 06:01:41][TRADE]Molotove_ traded 64x Campfire for 10x Ghast Tear in shop decoraciones on page "Page 60004"
[24/02/2025 15:39:50][TRADE]Molotove_ traded 64x Red Carpet for 10x Ghast Tear in shop decoraciones on page "Page 24317"
[24/02/2025 15:39:53][TRADE]Molotove_ traded 64x Red Carpet for 10x Ghast Tear in shop decoraciones on page "Page 24317"
[24/02/2025 15:40:10][TRADE]Molotove_ traded 64x Chest for 10x Ghast Tear in shop decoraciones on page "Page 62788"
[24/02/2025 15:40:17][TRADE]Molotove_ traded 64x Lectern for 10x Ghast Tear in shop decoraciones on page "Page 62788"
[24/02/2025 15:40:24][TRADE]Molotove_ traded 64x White Candle for 10x Ghast Tear in shop decoraciones on page "Page 32398"
[24/02/2025 15:40:57][TRADE]Molotove_ traded 64x Crafting Table for 10x Ghast Tear in shop decoraciones on page "Page 62788"
[24/02/2025 15:41:05][TRADE]Molotove_ traded 64x Painting for 10x Ghast Tear in shop decoraciones on page "Page 60004"
[24/02/2025 15:41:14][TRADE]Molotove_ traded 1x Red Bed for 10x Ghast Tear in shop decoraciones on page "Page 75415"
[24/02/2025 15:41:14][TRADE]Molotove_ traded 1x Red Bed for 10x Ghast Tear in shop decoraciones on page "Page 75415"
[24/02/2025 16:18:06][TRADE]Molotove_ traded 64x Red Carpet for 10x Ghast Tear in shop decoraciones on page "Page 24317"
[24/02/2025 16:18:31][TRADE]Molotove_ traded 1x Red Bed for 10x Ghast Tear in shop decoraciones on page "Page 75415"
[24/02/2025 23:08:23][TRADE]YudaxNot traded 64x Black Dye for 10x Ghast Tear in shop decoraciones on page "Page 32398"
