[24/02/2025 06:00:38][TRADE]Molotove_ traded 1x Wooden Axe for 40x Ghast Tear in shop herreros on page "Page 81116"
[24/02/2025 16:16:59][TRADE]Molotove_ traded 1x Wooden Axe for 40x Ghast Tear in shop herreros on page "Page 81116"
[24/02/2025 17:17:57][TRADE]YudaxNot traded 1x Netherite Hoe for 1x Ghast Tear,40x Ghast Tear in shop herreros on page "Page 80507"
[24/02/2025 17:17:57][TRADE]YudaxNot traded 1x Netherite Hoe for 1x Ghast Tear,40x Ghast Tear in shop herreros on page "Page 80507"
[24/02/2025 17:17:58][TRADE]YudaxNot traded 1x Netherite Hoe for 1x Ghast Tear,40x Ghast Tear in shop herreros on page "Page 80507"
[24/02/2025 17:18:10][TRADE]NivlekNot traded 1x Netherite Hoe for 1x Ghast Tear,40x Ghast Tear in shop herreros on page "Page 80507"
[24/02/2025 17:18:10][TRADE]NivlekNot traded 1x Netherite Hoe for 1x Ghast Tear,40x Ghast Tear in shop herreros on page "Page 80507"
[24/02/2025 17:46:15][TRADE]NivlekNot traded 1x Shears for 7x Ghast Tear,50x Ghast Tear in shop herreros on page "Page 81116"
[24/02/2025 17:46:16][TRADE]NivlekNot traded 1x Shears for 7x Ghast Tear,50x Ghast Tear in shop herreros on page "Page 81116"
[24/02/2025 17:46:18][TRADE]NivlekNot traded 1x Shears for 7x Ghast Tear,50x Ghast Tear in shop herreros on page "Page 81116"
[24/02/2025 17:47:52][TRADE]RKurai_ traded 1x Chainmail Helmet for 7x Ghast Tear,50x Ghast Tear in shop herreros on page "Page 39551"
[24/02/2025 23:01:27][TRADE]APHNYX traded 1x Diamond Chestplate for 37x Ghast Tear,50x Ghast Tear in shop herreros on page "Page 93756"
[24/02/2025 23:01:28][TRADE]APHNYX traded 1x Diamond Chestplate for 37x Ghast Tear,50x Ghast Tear in shop herreros on page "Page 93756"
[24/02/2025 23:01:28][TRADE]APHNYX traded 1x Diamond Chestplate for 37x Ghast Tear,50x Ghast Tear in shop herreros on page "Page 93756"
[24/02/2025 23:01:30][TRADE]APHNYX traded 1x Netherite Chestplate for 52x Ghast Tear,50x Ghast Tear in shop herreros on page "Page 93756"
[24/02/2025 23:01:30][TRADE]APHNYX traded 1x Netherite Chestplate for 52x Ghast Tear,50x Ghast Tear in shop herreros on page "Page 93756"
[24/02/2025 23:01:31][TRADE]APHNYX traded 1x Netherite Chestplate for 52x Ghast Tear,50x Ghast Tear in shop herreros on page "Page 93756"
[24/02/2025 23:01:54][TRADE]APHNYX traded 1x Diamond Helmet for 37x Ghast Tear,50x Ghast Tear in shop herreros on page "Page 93756"
[24/02/2025 23:01:55][TRADE]APHNYX traded 1x Diamond Chestplate for 37x Ghast Tear,50x Ghast Tear in shop herreros on page "Page 93756"
[24/02/2025 23:01:55][TRADE]APHNYX traded 1x Diamond Leggings for 37x Ghast Tear,50x Ghast Tear in shop herreros on page "Page 93756"
[24/02/2025 23:01:55][TRADE]APHNYX traded 1x Diamond Boots for 37x Ghast Tear,50x Ghast Tear in shop herreros on page "Page 93756"
[24/02/2025 23:01:56][TRADE]APHNYX traded 1x Diamond Helmet for 37x Ghast Tear,50x Ghast Tear in shop herreros on page "Page 93756"
[24/02/2025 23:01:56][TRADE]APHNYX traded 1x Diamond Chestplate for 37x Ghast Tear,50x Ghast Tear in shop herreros on page "Page 93756"
[24/02/2025 23:01:57][TRADE]APHNYX traded 1x Diamond Leggings for 37x Ghast Tear,50x Ghast Tear in shop herreros on page "Page 93756"
[24/02/2025 23:01:57][TRADE]APHNYX traded 1x Diamond Boots for 37x Ghast Tear,50x Ghast Tear in shop herreros on page "Page 93756"
[24/02/2025 23:02:00][TRADE]APHNYX traded 1x Diamond Helmet for 37x Ghast Tear,50x Ghast Tear in shop herreros on page "Page 93756"
[24/02/2025 23:02:01][TRADE]APHNYX traded 1x Diamond Chestplate for 37x Ghast Tear,50x Ghast Tear in shop herreros on page "Page 93756"
[24/02/2025 23:02:01][TRADE]APHNYX traded 1x Diamond Leggings for 37x Ghast Tear,50x Ghast Tear in shop herreros on page "Page 93756"
[24/02/2025 23:02:02][TRADE]APHNYX traded 1x Diamond Boots for 37x Ghast Tear,50x Ghast Tear in shop herreros on page "Page 93756"
[24/02/2025 23:02:21][TRADE]APHNYX traded 1x Netherite Helmet for 52x Ghast Tear,50x Ghast Tear in shop herreros on page "Page 93756"
[24/02/2025 23:02:21][TRADE]APHNYX traded 1x Netherite Chestplate for 52x Ghast Tear,50x Ghast Tear in shop herreros on page "Page 93756"
[24/02/2025 23:02:22][TRADE]APHNYX traded 1x Netherite Leggings for 52x Ghast Tear,50x Ghast Tear in shop herreros on page "Page 93756"
