[22/02/2025 00:04:38][TRADE]zeta4401 traded 1x Golden Hoe for 1x Ghast Tear in shop herreros on page "Page 73472"
[22/02/2025 00:04:39][TRADE]zeta4401 traded 1x Golden Hoe for 1x Ghast Tear in shop herreros on page "Page 73472"
[22/02/2025 00:04:39][TRADE]zeta4401 traded 1x Golden Hoe for 1x Ghast Tear in shop herreros on page "Page 73472"
[22/02/2025 00:04:40][TRADE]zeta4401 traded 1x Golden Hoe for 1x Ghast Tear in shop herreros on page "Page 73472"
[22/02/2025 00:04:40][TRADE]zeta4401 traded 1x Golden Hoe for 1x Ghast Tear in shop herreros on page "Page 73472"
[22/02/2025 00:04:40][TRADE]zeta4401 traded 1x Golden Hoe for 1x Ghast Tear in shop herreros on page "Page 73472"
[22/02/2025 00:04:41][TRADE]zeta4401 traded 1x Golden Hoe for 1x Ghast Tear in shop herreros on page "Page 73472"
[22/02/2025 01:01:57][TRADE]NivlekNot traded 1x Leather Boots for 2x Ghast Tear,50x Ghast Tear in shop herreros on page "Page 39551"
[22/02/2025 01:01:57][TRADE]NivlekNot traded 1x Leather Leggings for 2x Ghast Tear,50x Ghast Tear in shop herreros on page "Page 39551"
[22/02/2025 01:01:57][TRADE]NivlekNot traded 1x Leather Chestplate for 2x Ghast Tear,50x Ghast Tear in shop herreros on page "Page 39551"
[22/02/2025 01:01:58][TRADE]NivlekNot traded 1x Leather Helmet for 2x Ghast Tear,50x Ghast Tear in shop herreros on page "Page 39551"
[22/02/2025 01:22:29][TRADE]NivlekNot traded 1x Golden Hoe for 1x Ghast Tear in shop herreros on page "Page 73472"
[22/02/2025 01:22:30][TRADE]NivlekNot traded 1x Golden Hoe for 1x Ghast Tear in shop herreros on page "Page 73472"
[22/02/2025 01:22:35][TRADE]NivlekNot traded 1x Shears for 2x Ghast Tear,50x Ghast Tear in shop herreros on page "Page 81116"
[22/02/2025 01:22:35][TRADE]NivlekNot traded 1x Shears for 2x Ghast Tear,50x Ghast Tear in shop herreros on page "Page 81116"
[22/02/2025 01:22:36][TRADE]NivlekNot traded 1x Shears for 2x Ghast Tear,50x Ghast Tear in shop herreros on page "Page 81116"
[22/02/2025 01:22:36][TRADE]NivlekNot traded 1x Shears for 2x Ghast Tear,50x Ghast Tear in shop herreros on page "Page 81116"
[22/02/2025 01:31:13][TRADE]zeta4401 traded 1x Wooden Axe for 40x Ghast Tear in shop herreros on page "Page 81116"
[22/02/2025 10:52:57][TRADE]NivlekNot traded 1x Golden Hoe for 1x Ghast Tear in shop herreros on page "Page 73472"
[22/02/2025 10:52:57][TRADE]NivlekNot traded 1x Golden Hoe for 1x Ghast Tear in shop herreros on page "Page 73472"
[22/02/2025 10:54:48][TRADE]NivlekNot traded 1x Stone Hoe for 60x Ghast Tear in shop herreros on page "Page 81116"
[22/02/2025 10:54:56][TRADE]NivlekNot traded 1x Stone Hoe for 60x Ghast Tear in shop herreros on page "Page 81116"
[22/02/2025 10:54:56][TRADE]NivlekNot traded 1x Stone Hoe for 60x Ghast Tear in shop herreros on page "Page 81116"
[22/02/2025 10:54:56][TRADE]NivlekNot traded 1x Stone Hoe for 60x Ghast Tear in shop herreros on page "Page 81116"
[22/02/2025 10:56:14][TRADE]NivlekNot traded 30x Ghast Tear for 1x Stone Hoe in shop herreros on page "Page 59271"
[22/02/2025 10:56:15][TRADE]NivlekNot traded 30x Ghast Tear for 1x Stone Hoe in shop herreros on page "Page 59271"
[22/02/2025 10:56:15][TRADE]NivlekNot traded 30x Ghast Tear for 1x Stone Hoe in shop herreros on page "Page 59271"
[22/02/2025 10:56:16][TRADE]NivlekNot traded 30x Ghast Tear for 1x Stone Hoe in shop herreros on page "Page 59271"
[22/02/2025 10:56:21][TRADE]NivlekNot traded 1x Iron Hoe for 80x Ghast Tear in shop herreros on page "Page 73472"
[22/02/2025 10:56:32][TRADE]NivlekNot traded 1x Iron Hoe for 80x Ghast Tear in shop herreros on page "Page 73472"
[22/02/2025 10:56:32][TRADE]NivlekNot traded 1x Iron Hoe for 80x Ghast Tear in shop herreros on page "Page 73472"
[22/02/2025 10:56:33][TRADE]NivlekNot traded 1x Iron Hoe for 80x Ghast Tear in shop herreros on page "Page 73472"
[22/02/2025 11:10:34][TRADE]Ghost_1390 traded 1x Wooden Hoe for 40x Ghast Tear in shop herreros on page "Page 81116"
[22/02/2025 11:14:37][TRADE]NivlekNot traded 1x Iron Hoe for 80x Ghast Tear in shop herreros on page "Page 73472"
[22/02/2025 11:18:18][TRADE]Ghost_1390 traded 1x Bow for 2x Ghast Tear,50x Ghast Tear in shop herreros on page "Page 81116"
[22/02/2025 11:23:37][TRADE]NivlekNot traded 1x Iron Hoe for 80x Ghast Tear in shop herreros on page "Page 73472"
[22/02/2025 11:27:45][TRADE]Ghost_1390 traded 1x Wooden Axe for 40x Ghast Tear in shop herreros on page "Page 81116"
[22/02/2025 11:33:14][TRADE]NivlekNot traded 1x Iron Hoe for 80x Ghast Tear in shop herreros on page "Page 73472"
[22/02/2025 11:33:15][TRADE]NivlekNot traded 1x Iron Hoe for 80x Ghast Tear in shop herreros on page "Page 73472"
[22/02/2025 11:38:59][TRADE]Ghost_1390 traded 1x Stone Hoe for 60x Ghast Tear in shop herreros on page "Page 81116"
[22/02/2025 11:39:01][TRADE]Ghost_1390 traded 1x Stone Hoe for 60x Ghast Tear in shop herreros on page "Page 81116"
[22/02/2025 11:41:28][TRADE]NivlekNot traded 1x Iron Hoe for 80x Ghast Tear in shop herreros on page "Page 73472"
[22/02/2025 11:41:29][TRADE]NivlekNot traded 1x Iron Hoe for 80x Ghast Tear in shop herreros on page "Page 73472"
[22/02/2025 11:47:24][TRADE]NivlekNot traded 1x Golden Hoe for 1x Ghast Tear in shop herreros on page "Page 73472"
[22/02/2025 11:47:24][TRADE]NivlekNot traded 1x Golden Hoe for 1x Ghast Tear in shop herreros on page "Page 73472"
[22/02/2025 11:53:18][TRADE]NivlekNot traded 1x Golden Hoe for 1x Ghast Tear in shop herreros on page "Page 73472"
[22/02/2025 11:53:19][TRADE]NivlekNot traded 1x Golden Hoe for 1x Ghast Tear in shop herreros on page "Page 73472"
[22/02/2025 12:05:25][TRADE]Ghost_1390 traded 1x Stone Hoe for 60x Ghast Tear in shop herreros on page "Page 81116"
[22/02/2025 12:05:25][TRADE]Ghost_1390 traded 1x Wooden Hoe for 40x Ghast Tear in shop herreros on page "Page 81116"
[22/02/2025 14:20:58][TRADE]YudaxNot traded 1x Wooden Hoe for 40x Ghast Tear in shop herreros on page "Page 81116"
[22/02/2025 14:21:10][TRADE]YudaxNot traded 1x Stone Hoe for 60x Ghast Tear in shop herreros on page "Page 81116"
[22/02/2025 14:21:22][TRADE]YudaxNot traded 1x Golden Hoe for 1x Ghast Tear in shop herreros on page "Page 73472"
[22/02/2025 14:21:27][TRADE]YudaxNot traded 1x Iron Hoe for 80x Ghast Tear in shop herreros on page "Page 73472"
[22/02/2025 14:21:45][TRADE]YudaxNot traded 1x Iron Hoe for 80x Ghast Tear in shop herreros on page "Page 73472"
[22/02/2025 14:38:13][TRADE]YudaxNot traded 1x Iron Hoe for 80x Ghast Tear in shop herreros on page "Page 73472"
[22/02/2025 14:49:41][TRADE]YudaxNot traded 1x Iron Hoe for 80x Ghast Tear in shop herreros on page "Page 73472"
[22/02/2025 14:49:41][TRADE]YudaxNot traded 1x Iron Hoe for 80x Ghast Tear in shop herreros on page "Page 73472"
[22/02/2025 15:05:20][TRADE]YudaxNot traded 1x Iron Hoe for 80x Ghast Tear in shop herreros on page "Page 73472"
[22/02/2025 15:05:20][TRADE]YudaxNot traded 1x Iron Hoe for 80x Ghast Tear in shop herreros on page "Page 73472"
[22/02/2025 15:27:51][TRADE]YudaxNot traded 1x Golden Hoe for 1x Ghast Tear in shop herreros on page "Page 73472"
[22/02/2025 15:28:17][TRADE]YudaxNot traded 1x Golden Hoe for 1x Ghast Tear in shop herreros on page "Page 73472"
[22/02/2025 15:28:18][TRADE]YudaxNot traded 1x Golden Hoe for 1x Ghast Tear in shop herreros on page "Page 73472"
[22/02/2025 15:28:18][TRADE]YudaxNot traded 1x Golden Hoe for 1x Ghast Tear in shop herreros on page "Page 73472"
[22/02/2025 15:36:16][TRADE]YudaxNot traded 1x Golden Hoe for 1x Ghast Tear in shop herreros on page "Page 73472"
[22/02/2025 15:36:17][TRADE]YudaxNot traded 1x Golden Hoe for 1x Ghast Tear in shop herreros on page "Page 73472"
[22/02/2025 15:36:17][TRADE]YudaxNot traded 1x Golden Hoe for 1x Ghast Tear in shop herreros on page "Page 73472"
[22/02/2025 15:36:17][TRADE]YudaxNot traded 1x Golden Hoe for 1x Ghast Tear in shop herreros on page "Page 73472"
[22/02/2025 16:24:08][TRADE]YudaxNot traded 1x Golden Hoe for 1x Ghast Tear in shop herreros on page "Page 73472"
[22/02/2025 16:24:08][TRADE]YudaxNot traded 1x Golden Hoe for 1x Ghast Tear in shop herreros on page "Page 73472"
[22/02/2025 16:24:08][TRADE]YudaxNot traded 1x Golden Hoe for 1x Ghast Tear in shop herreros on page "Page 73472"
[22/02/2025 16:24:09][TRADE]YudaxNot traded 1x Golden Hoe for 1x Ghast Tear in shop herreros on page "Page 73472"
[22/02/2025 16:24:09][TRADE]YudaxNot traded 1x Golden Hoe for 1x Ghast Tear in shop herreros on page "Page 73472"
[22/02/2025 16:24:10][TRADE]YudaxNot traded 1x Golden Hoe for 1x Ghast Tear in shop herreros on page "Page 73472"
[22/02/2025 16:24:10][TRADE]YudaxNot traded 1x Golden Hoe for 1x Ghast Tear in shop herreros on page "Page 73472"
[22/02/2025 16:24:11][TRADE]YudaxNot traded 1x Golden Hoe for 1x Ghast Tear in shop herreros on page "Page 73472"
[22/02/2025 16:24:11][TRADE]YudaxNot traded 1x Golden Hoe for 1x Ghast Tear in shop herreros on page "Page 73472"
[22/02/2025 16:24:12][TRADE]YudaxNot traded 1x Golden Hoe for 1x Ghast Tear in shop herreros on page "Page 73472"
[22/02/2025 17:46:04][TRADE]YudaxNot traded 1x Netherite Hoe for 1x Ghast Tear,40x Ghast Tear in shop herreros on page "Page 80507"
[22/02/2025 17:46:08][TRADE]YudaxNot traded 1x Diamond Hoe for 1x Ghast Tear,20x Ghast Tear in shop herreros on page "Page 80507"
[22/02/2025 17:46:23][TRADE]YudaxNot traded 1x Netherite Hoe for 1x Ghast Tear,40x Ghast Tear in shop herreros on page "Page 80507"
[22/02/2025 17:46:25][TRADE]YudaxNot traded 1x Netherite Hoe for 1x Ghast Tear,40x Ghast Tear in shop herreros on page "Page 80507"
[22/02/2025 17:46:26][TRADE]YudaxNot traded 1x Diamond Hoe for 1x Ghast Tear,20x Ghast Tear in shop herreros on page "Page 80507"
[22/02/2025 18:31:03][TRADE]YudaxNot traded 1x Netherite Hoe for 1x Ghast Tear,40x Ghast Tear in shop herreros on page "Page 80507"
[22/02/2025 18:31:04][TRADE]YudaxNot traded 1x Netherite Hoe for 1x Ghast Tear,40x Ghast Tear in shop herreros on page "Page 80507"
[22/02/2025 18:31:37][TRADE]YudaxNot traded 1x Netherite Hoe for 1x Ghast Tear,40x Ghast Tear in shop herreros on page "Page 80507"
[22/02/2025 18:31:38][TRADE]YudaxNot traded 1x Netherite Hoe for 1x Ghast Tear,40x Ghast Tear in shop herreros on page "Page 80507"
[22/02/2025 19:40:58][TRADE]NivlekNot traded 1x Golden Hoe for 1x Ghast Tear in shop herreros on page "Page 73472"
[22/02/2025 19:40:59][TRADE]NivlekNot traded 1x Golden Hoe for 1x Ghast Tear in shop herreros on page "Page 73472"
[22/02/2025 19:41:07][TRADE]NivlekNot traded 1x Golden Hoe for 1x Ghast Tear in shop herreros on page "Page 73472"
[22/02/2025 19:41:07][TRADE]NivlekNot traded 1x Golden Hoe for 1x Ghast Tear in shop herreros on page "Page 73472"
[22/02/2025 19:43:15][TRADE]YudaxNot traded 1x Netherite Hoe for 1x Ghast Tear,40x Ghast Tear in shop herreros on page "Page 80507"
[22/02/2025 19:43:16][TRADE]YudaxNot traded 1x Netherite Hoe for 1x Ghast Tear,40x Ghast Tear in shop herreros on page "Page 80507"
[22/02/2025 19:43:17][TRADE]YudaxNot traded 1x Netherite Hoe for 1x Ghast Tear,40x Ghast Tear in shop herreros on page "Page 80507"
[22/02/2025 19:43:17][TRADE]YudaxNot traded 1x Netherite Hoe for 1x Ghast Tear,40x Ghast Tear in shop herreros on page "Page 80507"
[22/02/2025 19:43:18][TRADE]YudaxNot traded 1x Netherite Hoe for 1x Ghast Tear,40x Ghast Tear in shop herreros on page "Page 80507"
[22/02/2025 19:43:19][TRADE]YudaxNot traded 1x Netherite Hoe for 1x Ghast Tear,40x Ghast Tear in shop herreros on page "Page 80507"
[22/02/2025 21:16:44][TRADE]Ghost_1390 traded 1x Stone Hoe for 60x Ghast Tear in shop herreros on page "Page 81116"
[22/02/2025 21:17:28][TRADE]Ghost_1390 traded 1x Wooden Hoe for 40x Ghast Tear in shop herreros on page "Page 81116"
[22/02/2025 22:47:36][TRADE]Sanblaster traded 1x Wooden Axe for 40x Ghast Tear in shop herreros on page "Page 81116"
[22/02/2025 23:24:59][TRADE]Sanblaster traded 1x Wooden Axe for 40x Ghast Tear in shop herreros on page "Page 81116"
[22/02/2025 23:42:49][TRADE]Sanblaster traded 1x Stone Axe for 60x Ghast Tear in shop herreros on page "Page 81116"
[22/02/2025 23:42:51][TRADE]Sanblaster traded 1x Stone Axe for 60x Ghast Tear in shop herreros on page "Page 81116"
