[18/02/2025 05:22:21][TRADE]Molotove_ traded 1x Stone Pickaxe for 60x Ghast Tear in shop herreros on page "Page 81116"
[18/02/2025 06:56:26][TRADE]Molotove_ traded 1x Wooden Pickaxe for 40x Ghast Tear in shop herreros on page "Page 81116"
[18/02/2025 06:56:28][TRADE]Molotove_ traded 1x Wooden Hoe for 40x Ghast Tear in shop herreros on page "Page 81116"
[18/02/2025 15:27:15][TRADE]luiguiwar traded 1x Iron Hoe for 80x Ghast Tear in shop herreros on page "Page 73472"
[18/02/2025 15:27:16][TRADE]luiguiwar traded 1x Iron Hoe for 80x Ghast Tear in shop herreros on page "Page 73472"
[18/02/2025 15:27:17][TRADE]luiguiwar traded 1x Iron Hoe for 80x Ghast Tear in shop herreros on page "Page 73472"
[18/02/2025 16:09:50][TRADE]Catoncio_1 traded 1x Iron Hoe for 80x Ghast Tear in shop herreros on page "Page 73472"
[18/02/2025 16:47:18][TRADE]luiguiwar traded 1x Iron Hoe for 80x Ghast Tear in shop herreros on page "Page 73472"
[18/02/2025 16:47:19][TRADE]luiguiwar traded 1x Iron Hoe for 80x Ghast Tear in shop herreros on page "Page 73472"
[18/02/2025 16:47:20][TRADE]luiguiwar traded 1x Iron Hoe for 80x Ghast Tear in shop herreros on page "Page 73472"
[18/02/2025 19:46:29][TRADE]NivlekNot traded 1x Shears for 7x Ghast Tear,50x Ghast Tear in shop herreros on page "Page 81116"
[18/02/2025 21:06:15][TRADE]luiguiwar traded 1x Iron Hoe for 80x Ghast Tear in shop herreros on page "Page 73472"
[18/02/2025 21:06:16][TRADE]luiguiwar traded 1x Iron Hoe for 80x Ghast Tear in shop herreros on page "Page 73472"
[18/02/2025 21:06:27][TRADE]luiguiwar traded 1x Iron Hoe for 80x Ghast Tear in shop herreros on page "Page 73472"
[18/02/2025 21:41:56][TRADE]luiguiwar traded 1x Golden Hoe for 1x Ghast Tear in shop herreros on page "Page 73472"
[18/02/2025 21:41:57][TRADE]luiguiwar traded 1x Golden Hoe for 1x Ghast Tear in shop herreros on page "Page 73472"
[18/02/2025 21:41:58][TRADE]luiguiwar traded 1x Golden Hoe for 1x Ghast Tear in shop herreros on page "Page 73472"
[18/02/2025 21:41:58][TRADE]luiguiwar traded 1x Golden Hoe for 1x Ghast Tear in shop herreros on page "Page 73472"
[18/02/2025 22:01:00][TRADE]Catoncio_1 traded 1x Iron Hoe for 80x Ghast Tear in shop herreros on page "Page 73472"
[18/02/2025 22:01:01][TRADE]Catoncio_1 traded 1x Iron Hoe for 80x Ghast Tear in shop herreros on page "Page 73472"
[18/02/2025 22:18:02][TRADE]Catoncio_1 traded 1x Iron Hoe for 80x Ghast Tear in shop herreros on page "Page 73472"
[18/02/2025 22:21:20][TRADE]luiguiwar traded 1x Golden Hoe for 1x Ghast Tear in shop herreros on page "Page 73472"
[18/02/2025 22:21:21][TRADE]luiguiwar traded 1x Golden Hoe for 1x Ghast Tear in shop herreros on page "Page 73472"
[18/02/2025 22:21:21][TRADE]luiguiwar traded 1x Golden Hoe for 1x Ghast Tear in shop herreros on page "Page 73472"
[18/02/2025 22:21:22][TRADE]luiguiwar traded 1x Golden Hoe for 1x Ghast Tear in shop herreros on page "Page 73472"
[18/02/2025 22:42:31][TRADE]Catoncio_1 traded 1x Iron Hoe for 80x Ghast Tear in shop herreros on page "Page 73472"
[18/02/2025 22:42:31][TRADE]Catoncio_1 traded 1x Iron Hoe for 80x Ghast Tear in shop herreros on page "Page 73472"
[18/02/2025 22:42:32][TRADE]Catoncio_1 traded 1x Iron Hoe for 80x Ghast Tear in shop herreros on page "Page 73472"
[18/02/2025 23:03:08][TRADE]zeta4401 traded 1x Wooden Hoe for 40x Ghast Tear in shop herreros on page "Page 81116"
[18/02/2025 23:03:08][TRADE]zeta4401 traded 1x Wooden Hoe for 40x Ghast Tear in shop herreros on page "Page 81116"
[18/02/2025 23:04:23][TRADE]Catoncio_1 traded 1x Iron Hoe for 80x Ghast Tear in shop herreros on page "Page 73472"
[18/02/2025 23:05:53][TRADE]Catoncio_1 traded 1x Iron Hoe for 80x Ghast Tear in shop herreros on page "Page 73472"
[18/02/2025 23:05:53][TRADE]Catoncio_1 traded 1x Iron Hoe for 80x Ghast Tear in shop herreros on page "Page 73472"
[18/02/2025 23:05:54][TRADE]Catoncio_1 traded 1x Iron Hoe for 80x Ghast Tear in shop herreros on page "Page 73472"
[18/02/2025 23:30:47][TRADE]zeta4401 traded 1x Wooden Hoe for 40x Ghast Tear in shop herreros on page "Page 81116"
[18/02/2025 23:30:48][TRADE]zeta4401 traded 1x Wooden Hoe for 40x Ghast Tear in shop herreros on page "Page 81116"
[18/02/2025 23:30:48][TRADE]zeta4401 traded 1x Wooden Hoe for 40x Ghast Tear in shop herreros on page "Page 81116"
[18/02/2025 23:30:49][TRADE]zeta4401 traded 1x Wooden Hoe for 40x Ghast Tear in shop herreros on page "Page 81116"
[18/02/2025 23:48:32][TRADE]Catoncio_1 traded 1x Iron Hoe for 80x Ghast Tear in shop herreros on page "Page 73472"
[18/02/2025 23:48:33][TRADE]Catoncio_1 traded 1x Iron Hoe for 80x Ghast Tear in shop herreros on page "Page 73472"
