[20/02/2025 00:38:31][TRADE]zeta4401 traded 1x Golden Hoe for 1x Ghast Tear in shop herreros on page "Page 73472"
[20/02/2025 00:38:32][TRADE]zeta4401 traded 1x Golden Hoe for 1x Ghast Tear in shop herreros on page "Page 73472"
[20/02/2025 00:38:33][TRADE]zeta4401 traded 1x Golden Hoe for 1x Ghast Tear in shop herreros on page "Page 73472"
[20/02/2025 00:38:34][TRADE]zeta4401 traded 1x Golden Hoe for 1x Ghast Tear in shop herreros on page "Page 73472"
[20/02/2025 15:01:44][TRADE]zeta4401 traded 1x Golden Hoe for 1x Ghast Tear in shop herreros on page "Page 73472"
[20/02/2025 15:01:45][TRADE]zeta4401 traded 1x Golden Hoe for 1x Ghast Tear in shop herreros on page "Page 73472"
[20/02/2025 15:01:45][TRADE]zeta4401 traded 1x Golden Hoe for 1x Ghast Tear in shop herreros on page "Page 73472"
[20/02/2025 15:01:46][TRADE]zeta4401 traded 1x Golden Hoe for 1x Ghast Tear in shop herreros on page "Page 73472"
[20/02/2025 15:21:06][TRADE]luiguiwar traded 1x Golden Hoe for 1x Ghast Tear in shop herreros on page "Page 73472"
[20/02/2025 15:21:07][TRADE]luiguiwar traded 1x Golden Hoe for 1x Ghast Tear in shop herreros on page "Page 73472"
[20/02/2025 15:21:08][TRADE]luiguiwar traded 1x Golden Hoe for 1x Ghast Tear in shop herreros on page "Page 73472"
[20/02/2025 15:21:08][TRADE]luiguiwar traded 1x Golden Hoe for 1x Ghast Tear in shop herreros on page "Page 73472"
[20/02/2025 17:07:29][TRADE]APHNYX traded 1x Golden Chestplate for 25x Ghast Tear in shop herreros on page "Page 36031"
[20/02/2025 17:07:29][TRADE]APHNYX traded 1x Golden Chestplate for 25x Ghast Tear in shop herreros on page "Page 36031"
[20/02/2025 17:07:31][TRADE]APHNYX traded 1x Golden Chestplate for 25x Ghast Tear in shop herreros on page "Page 36031"
[20/02/2025 17:07:36][TRADE]APHNYX traded 50x Ghast Tear for 1x Golden Chestplate in shop herreros on page "Page 67029"
[20/02/2025 17:07:37][TRADE]APHNYX traded 50x Ghast Tear for 1x Golden Chestplate in shop herreros on page "Page 67029"
[20/02/2025 17:13:11][TRADE]APHNYX traded 1x Iron Helmet for 15x Ghast Tear in shop herreros on page "Page 36031"
[20/02/2025 17:22:28][TRADE]APHNYX traded 30x Ghast Tear for 1x Iron Helmet in shop herreros on page "Page 67029"
[20/02/2025 17:22:30][TRADE]APHNYX traded 30x Ghast Tear for 1x Iron Helmet in shop herreros on page "Page 67029"
[20/02/2025 17:22:31][TRADE]APHNYX traded 50x Ghast Tear for 1x Golden Helmet in shop herreros on page "Page 67029"
[20/02/2025 17:22:32][TRADE]APHNYX traded 50x Ghast Tear for 1x Golden Helmet in shop herreros on page "Page 67029"
[20/02/2025 17:22:45][TRADE]APHNYX traded 1x Golden Helmet for 25x Ghast Tear in shop herreros on page "Page 36031"
[20/02/2025 17:22:47][TRADE]APHNYX traded 50x Ghast Tear for 1x Golden Helmet in shop herreros on page "Page 67029"
[20/02/2025 18:15:27][TRADE]buykl traded 1x Ghast Tear,25x Ghast Tear for 1x Leather Helmet in shop herreros on page "Page 11692"
[20/02/2025 18:15:28][TRADE]buykl traded 1x Ghast Tear,25x Ghast Tear for 1x Leather Leggings in shop herreros on page "Page 11692"
[20/02/2025 18:15:51][TRADE]buykl traded 1x Leather Helmet for 2x Ghast Tear,50x Ghast Tear in shop herreros on page "Page 39551"
[20/02/2025 18:15:53][TRADE]buykl traded 1x Ghast Tear,25x Ghast Tear for 1x Leather Helmet in shop herreros on page "Page 11692"
[20/02/2025 18:15:53][TRADE]buykl traded 1x Ghast Tear,25x Ghast Tear for 1x Leather Helmet in shop herreros on page "Page 11692"
[20/02/2025 18:17:17][TRADE]buykl traded 1x Ghast Tear,25x Ghast Tear for 1x Leather Helmet in shop herreros on page "Page 11692"
[20/02/2025 18:17:46][TRADE]buykl traded 1x Ghast Tear,25x Ghast Tear for 1x Leather Chestplate in shop herreros on page "Page 11692"
[20/02/2025 18:18:15][TRADE]buykl traded 1x Ghast Tear,25x Ghast Tear for 1x Leather Chestplate in shop herreros on page "Page 11692"
[20/02/2025 18:18:59][TRADE]buykl traded 1x Ghast Tear,25x Ghast Tear for 1x Leather Helmet in shop herreros on page "Page 11692"
[20/02/2025 18:19:56][TRADE]buykl traded 1x Ghast Tear,25x Ghast Tear for 1x Leather Helmet in shop herreros on page "Page 11692"
[20/02/2025 18:20:32][TRADE]buykl traded 1x Ghast Tear,25x Ghast Tear for 1x Leather Helmet in shop herreros on page "Page 11692"
[20/02/2025 19:28:50][TRADE]buykl traded 3x Ghast Tear,75x Ghast Tear for 1x Chainmail Helmet in shop herreros on page "Page 11692"
[20/02/2025 19:28:50][TRADE]buykl traded 3x Ghast Tear,75x Ghast Tear for 1x Chainmail Chestplate in shop herreros on page "Page 11692"
[20/02/2025 19:28:51][TRADE]buykl traded 3x Ghast Tear,75x Ghast Tear for 1x Chainmail Leggings in shop herreros on page "Page 11692"
[20/02/2025 19:28:51][TRADE]buykl traded 3x Ghast Tear,75x Ghast Tear for 1x Chainmail Boots in shop herreros on page "Page 11692"
[20/02/2025 19:29:26][TRADE]buykl traded 1x Ghast Tear,25x Ghast Tear for 1x Leather Helmet in shop herreros on page "Page 11692"
[20/02/2025 19:29:27][TRADE]buykl traded 1x Ghast Tear,25x Ghast Tear for 1x Leather Helmet in shop herreros on page "Page 11692"
[20/02/2025 21:43:59][TRADE]YudaxNot traded 1x Wooden Axe for 40x Ghast Tear in shop herreros on page "Page 81116"
[20/02/2025 22:24:02][TRADE]zeta4401 traded 1x Wooden Axe for 40x Ghast Tear in shop herreros on page "Page 81116"
[20/02/2025 23:15:50][TRADE]Catoncio_1 traded 1x Wooden Hoe for 40x Ghast Tear in shop herreros on page "Page 81116"
