[16/02/2025 13:24:21][TRADE]NivlekNot traded 5x Ghast Tear for 1x Leather Boots in shop herreros on page "Page 11692"
[16/02/2025 13:24:23][TRADE]NivlekNot traded 5x Ghast Tear for 1x Leather Leggings in shop herreros on page "Page 11692"
[16/02/2025 13:24:23][TRADE]NivlekNot traded 5x Ghast Tear for 1x Leather Chestplate in shop herreros on page "Page 11692"
[16/02/2025 13:24:23][TRADE]NivlekNot traded 5x Ghast Tear for 1x Leather Helmet in shop herreros on page "Page 11692"
[16/02/2025 13:24:24][TRADE]NivlekNot traded 5x Ghast Tear for 1x Leather Boots in shop herreros on page "Page 11692"
[16/02/2025 13:24:24][TRADE]NivlekNot traded 5x Ghast Tear for 1x Leather Leggings in shop herreros on page "Page 11692"
[16/02/2025 13:24:25][TRADE]NivlekNot traded 5x Ghast Tear for 1x Leather Chestplate in shop herreros on page "Page 11692"
[16/02/2025 13:24:26][TRADE]YudaxNot traded 5x Ghast Tear for 1x Leather Boots in shop herreros on page "Page 11692"
[16/02/2025 13:24:28][TRADE]YudaxNot traded 5x Ghast Tear for 1x Leather Leggings in shop herreros on page "Page 11692"
[16/02/2025 13:24:29][TRADE]YudaxNot traded 5x Ghast Tear for 1x Leather Chestplate in shop herreros on page "Page 11692"
[16/02/2025 13:24:35][TRADE]YudaxNot traded 5x Ghast Tear for 1x Leather Helmet in shop herreros on page "Page 11692"
[16/02/2025 13:24:41][TRADE]NivlekNot traded 5x Ghast Tear for 1x Wooden Axe in shop herreros on page "Page 59271"
[16/02/2025 13:24:44][TRADE]NivlekNot traded 5x Ghast Tear for 1x Wooden Hoe in shop herreros on page "Page 59271"
[16/02/2025 13:24:46][TRADE]NivlekNot traded 5x Ghast Tear for 1x Fishing Rod in shop herreros on page "Page 59271"
[16/02/2025 13:26:36][TRADE]NivlekNot traded 5x Ghast Tear for 1x Leather Boots in shop herreros on page "Page 11692"
[16/02/2025 13:26:37][TRADE]NivlekNot traded 5x Ghast Tear for 1x Leather Boots in shop herreros on page "Page 11692"
[16/02/2025 13:26:37][TRADE]NivlekNot traded 5x Ghast Tear for 1x Leather Leggings in shop herreros on page "Page 11692"
[16/02/2025 13:26:37][TRADE]NivlekNot traded 5x Ghast Tear for 1x Leather Chestplate in shop herreros on page "Page 11692"
[16/02/2025 13:26:38][TRADE]NivlekNot traded 5x Ghast Tear for 1x Leather Helmet in shop herreros on page "Page 11692"
[16/02/2025 13:26:38][TRADE]NivlekNot traded 5x Ghast Tear for 1x Leather Leggings in shop herreros on page "Page 11692"
[16/02/2025 13:26:38][TRADE]NivlekNot traded 5x Ghast Tear for 1x Leather Chestplate in shop herreros on page "Page 11692"
[16/02/2025 13:26:39][TRADE]NivlekNot traded 5x Ghast Tear for 1x Leather Helmet in shop herreros on page "Page 11692"
[16/02/2025 13:26:49][TRADE]NivlekNot traded 5x Ghast Tear for 1x Leather Boots in shop herreros on page "Page 11692"
[16/02/2025 13:26:50][TRADE]NivlekNot traded 5x Ghast Tear for 1x Leather Leggings in shop herreros on page "Page 11692"
[16/02/2025 13:26:51][TRADE]NivlekNot traded 5x Ghast Tear for 1x Leather Chestplate in shop herreros on page "Page 11692"
[16/02/2025 13:26:51][TRADE]NivlekNot traded 5x Ghast Tear for 1x Leather Helmet in shop herreros on page "Page 11692"
[16/02/2025 13:26:53][TRADE]NivlekNot traded 5x Ghast Tear for 1x Leather Boots in shop herreros on page "Page 11692"
[16/02/2025 13:26:53][TRADE]NivlekNot traded 5x Ghast Tear for 1x Leather Leggings in shop herreros on page "Page 11692"
[16/02/2025 13:26:54][TRADE]NivlekNot traded 5x Ghast Tear for 1x Leather Chestplate in shop herreros on page "Page 11692"
[16/02/2025 13:26:54][TRADE]NivlekNot traded 5x Ghast Tear for 1x Leather Helmet in shop herreros on page "Page 11692"
[16/02/2025 13:27:07][TRADE]YudaxNot traded 5x Ghast Tear for 1x Leather Boots in shop herreros on page "Page 11692"
[16/02/2025 13:27:08][TRADE]YudaxNot traded 5x Ghast Tear for 1x Leather Leggings in shop herreros on page "Page 11692"
[16/02/2025 13:27:08][TRADE]YudaxNot traded 5x Ghast Tear for 1x Leather Chestplate in shop herreros on page "Page 11692"
[16/02/2025 13:27:09][TRADE]YudaxNot traded 5x Ghast Tear for 1x Leather Helmet in shop herreros on page "Page 11692"
[16/02/2025 13:27:12][TRADE]YudaxNot traded 5x Ghast Tear for 1x Leather Boots in shop herreros on page "Page 11692"
[16/02/2025 13:27:12][TRADE]YudaxNot traded 5x Ghast Tear for 1x Leather Leggings in shop herreros on page "Page 11692"
[16/02/2025 13:27:13][TRADE]YudaxNot traded 5x Ghast Tear for 1x Leather Chestplate in shop herreros on page "Page 11692"
[16/02/2025 13:27:14][TRADE]YudaxNot traded 5x Ghast Tear for 1x Leather Helmet in shop herreros on page "Page 11692"
[16/02/2025 13:27:16][TRADE]YudaxNot traded 5x Ghast Tear for 1x Leather Helmet in shop herreros on page "Page 11692"
[16/02/2025 13:27:16][TRADE]YudaxNot traded 5x Ghast Tear for 1x Leather Chestplate in shop herreros on page "Page 11692"
[16/02/2025 13:27:17][TRADE]YudaxNot traded 5x Ghast Tear for 1x Leather Leggings in shop herreros on page "Page 11692"
[16/02/2025 13:27:17][TRADE]YudaxNot traded 5x Ghast Tear for 1x Leather Boots in shop herreros on page "Page 11692"
[16/02/2025 13:28:15][TRADE]NivlekNot traded 5x Ghast Tear for 1x Leather Boots in shop herreros on page "Page 11692"
[16/02/2025 13:28:17][TRADE]NivlekNot traded 5x Ghast Tear for 1x Leather Leggings in shop herreros on page "Page 11692"
[16/02/2025 13:28:17][TRADE]NivlekNot traded 5x Ghast Tear for 1x Leather Chestplate in shop herreros on page "Page 11692"
[16/02/2025 13:28:17][TRADE]NivlekNot traded 5x Ghast Tear for 1x Leather Helmet in shop herreros on page "Page 11692"
[16/02/2025 13:28:19][TRADE]NivlekNot traded 5x Ghast Tear for 1x Leather Boots in shop herreros on page "Page 11692"
[16/02/2025 13:28:20][TRADE]NivlekNot traded 5x Ghast Tear for 1x Leather Leggings in shop herreros on page "Page 11692"
[16/02/2025 13:28:20][TRADE]NivlekNot traded 5x Ghast Tear for 1x Leather Chestplate in shop herreros on page "Page 11692"
[16/02/2025 13:28:20][TRADE]NivlekNot traded 5x Ghast Tear for 1x Leather Helmet in shop herreros on page "Page 11692"
[16/02/2025 13:28:29][TRADE]NivlekNot traded 5x Ghast Tear for 1x Leather Boots in shop herreros on page "Page 11692"
[16/02/2025 13:28:29][TRADE]NivlekNot traded 5x Ghast Tear for 1x Leather Leggings in shop herreros on page "Page 11692"
[16/02/2025 13:28:29][TRADE]NivlekNot traded 5x Ghast Tear for 1x Leather Chestplate in shop herreros on page "Page 11692"
[16/02/2025 13:28:29][TRADE]NivlekNot traded 5x Ghast Tear for 1x Leather Helmet in shop herreros on page "Page 11692"
[16/02/2025 13:28:30][TRADE]NivlekNot traded 5x Ghast Tear for 1x Leather Boots in shop herreros on page "Page 11692"
[16/02/2025 13:28:30][TRADE]NivlekNot traded 5x Ghast Tear for 1x Leather Leggings in shop herreros on page "Page 11692"
[16/02/2025 13:28:30][TRADE]NivlekNot traded 5x Ghast Tear for 1x Leather Chestplate in shop herreros on page "Page 11692"
[16/02/2025 13:28:30][TRADE]NivlekNot traded 5x Ghast Tear for 1x Leather Helmet in shop herreros on page "Page 11692"
[16/02/2025 13:28:51][TRADE]YudaxNot traded 5x Ghast Tear for 1x Leather Boots in shop herreros on page "Page 11692"
[16/02/2025 13:28:52][TRADE]YudaxNot traded 5x Ghast Tear for 1x Leather Leggings in shop herreros on page "Page 11692"
[16/02/2025 13:28:52][TRADE]YudaxNot traded 5x Ghast Tear for 1x Leather Chestplate in shop herreros on page "Page 11692"
[16/02/2025 13:28:53][TRADE]YudaxNot traded 5x Ghast Tear for 1x Leather Helmet in shop herreros on page "Page 11692"
[16/02/2025 13:28:55][TRADE]YudaxNot traded 5x Ghast Tear for 1x Leather Boots in shop herreros on page "Page 11692"
[16/02/2025 13:28:56][TRADE]YudaxNot traded 5x Ghast Tear for 1x Leather Leggings in shop herreros on page "Page 11692"
[16/02/2025 13:28:56][TRADE]YudaxNot traded 5x Ghast Tear for 1x Leather Chestplate in shop herreros on page "Page 11692"
[16/02/2025 13:28:56][TRADE]YudaxNot traded 5x Ghast Tear for 1x Leather Helmet in shop herreros on page "Page 11692"
[16/02/2025 13:28:57][TRADE]YudaxNot traded 5x Ghast Tear for 1x Leather Helmet in shop herreros on page "Page 11692"
[16/02/2025 13:28:57][TRADE]YudaxNot traded 5x Ghast Tear for 1x Leather Chestplate in shop herreros on page "Page 11692"
[16/02/2025 13:28:58][TRADE]YudaxNot traded 5x Ghast Tear for 1x Leather Leggings in shop herreros on page "Page 11692"
[16/02/2025 13:28:58][TRADE]YudaxNot traded 5x Ghast Tear for 1x Leather Boots in shop herreros on page "Page 11692"
[16/02/2025 13:30:11][TRADE]NivlekNot traded 5x Ghast Tear for 1x Leather Boots in shop herreros on page "Page 11692"
[16/02/2025 13:30:11][TRADE]NivlekNot traded 5x Ghast Tear for 1x Leather Leggings in shop herreros on page "Page 11692"
[16/02/2025 13:30:12][TRADE]NivlekNot traded 5x Ghast Tear for 1x Leather Chestplate in shop herreros on page "Page 11692"
[16/02/2025 13:30:12][TRADE]NivlekNot traded 5x Ghast Tear for 1x Leather Helmet in shop herreros on page "Page 11692"
[16/02/2025 13:30:12][TRADE]NivlekNot traded 5x Ghast Tear for 1x Leather Boots in shop herreros on page "Page 11692"
[16/02/2025 13:30:13][TRADE]NivlekNot traded 5x Ghast Tear for 1x Leather Leggings in shop herreros on page "Page 11692"
[16/02/2025 13:30:13][TRADE]NivlekNot traded 5x Ghast Tear for 1x Leather Chestplate in shop herreros on page "Page 11692"
[16/02/2025 13:30:13][TRADE]NivlekNot traded 5x Ghast Tear for 1x Leather Helmet in shop herreros on page "Page 11692"
[16/02/2025 13:30:24][TRADE]YudaxNot traded 5x Ghast Tear for 1x Leather Boots in shop herreros on page "Page 11692"
[16/02/2025 13:30:24][TRADE]YudaxNot traded 5x Ghast Tear for 1x Leather Leggings in shop herreros on page "Page 11692"
[16/02/2025 13:30:24][TRADE]YudaxNot traded 5x Ghast Tear for 1x Leather Chestplate in shop herreros on page "Page 11692"
[16/02/2025 13:30:25][TRADE]YudaxNot traded 5x Ghast Tear for 1x Leather Helmet in shop herreros on page "Page 11692"
[16/02/2025 13:30:25][TRADE]NivlekNot traded 5x Ghast Tear for 1x Leather Boots in shop herreros on page "Page 11692"
[16/02/2025 13:30:25][TRADE]NivlekNot traded 5x Ghast Tear for 1x Leather Leggings in shop herreros on page "Page 11692"
[16/02/2025 13:30:26][TRADE]NivlekNot traded 5x Ghast Tear for 1x Leather Chestplate in shop herreros on page "Page 11692"
[16/02/2025 13:30:27][TRADE]YudaxNot traded 5x Ghast Tear for 1x Leather Boots in shop herreros on page "Page 11692"
[16/02/2025 13:30:27][TRADE]NivlekNot traded 5x Ghast Tear for 1x Leather Helmet in shop herreros on page "Page 11692"
[16/02/2025 13:30:27][TRADE]YudaxNot traded 5x Ghast Tear for 1x Leather Leggings in shop herreros on page "Page 11692"
[16/02/2025 13:30:27][TRADE]YudaxNot traded 5x Ghast Tear for 1x Leather Chestplate in shop herreros on page "Page 11692"
[16/02/2025 13:30:28][TRADE]YudaxNot traded 5x Ghast Tear for 1x Leather Helmet in shop herreros on page "Page 11692"
[16/02/2025 13:30:28][TRADE]YudaxNot traded 5x Ghast Tear for 1x Leather Helmet in shop herreros on page "Page 11692"
[16/02/2025 13:30:28][TRADE]YudaxNot traded 5x Ghast Tear for 1x Leather Chestplate in shop herreros on page "Page 11692"
[16/02/2025 13:30:29][TRADE]YudaxNot traded 5x Ghast Tear for 1x Leather Leggings in shop herreros on page "Page 11692"
[16/02/2025 13:30:29][TRADE]YudaxNot traded 5x Ghast Tear for 1x Leather Boots in shop herreros on page "Page 11692"
[16/02/2025 13:30:29][TRADE]NivlekNot traded 5x Ghast Tear for 1x Leather Boots in shop herreros on page "Page 11692"
[16/02/2025 13:30:30][TRADE]NivlekNot traded 5x Ghast Tear for 1x Leather Leggings in shop herreros on page "Page 11692"
[16/02/2025 13:30:30][TRADE]NivlekNot traded 5x Ghast Tear for 1x Leather Chestplate in shop herreros on page "Page 11692"
[16/02/2025 13:30:30][TRADE]NivlekNot traded 5x Ghast Tear for 1x Leather Helmet in shop herreros on page "Page 11692"
[16/02/2025 13:30:31][TRADE]YudaxNot traded 5x Ghast Tear for 1x Leather Helmet in shop herreros on page "Page 11692"
[16/02/2025 13:30:31][TRADE]YudaxNot traded 5x Ghast Tear for 1x Leather Chestplate in shop herreros on page "Page 11692"
[16/02/2025 13:30:32][TRADE]YudaxNot traded 5x Ghast Tear for 1x Leather Leggings in shop herreros on page "Page 11692"
[16/02/2025 13:30:32][TRADE]YudaxNot traded 5x Ghast Tear for 1x Leather Boots in shop herreros on page "Page 11692"
[16/02/2025 13:34:43][TRADE]NivlekNot traded 5x Ghast Tear for 1x Leather Boots in shop herreros on page "Page 11692"
[16/02/2025 13:34:43][TRADE]NivlekNot traded 5x Ghast Tear for 1x Leather Leggings in shop herreros on page "Page 11692"
[16/02/2025 13:34:44][TRADE]NivlekNot traded 5x Ghast Tear for 1x Leather Chestplate in shop herreros on page "Page 11692"
[16/02/2025 13:34:44][TRADE]NivlekNot traded 5x Ghast Tear for 1x Leather Helmet in shop herreros on page "Page 11692"
[16/02/2025 13:34:45][TRADE]NivlekNot traded 5x Ghast Tear for 1x Leather Boots in shop herreros on page "Page 11692"
[16/02/2025 13:34:45][TRADE]NivlekNot traded 5x Ghast Tear for 1x Leather Leggings in shop herreros on page "Page 11692"
[16/02/2025 13:34:45][TRADE]NivlekNot traded 5x Ghast Tear for 1x Leather Chestplate in shop herreros on page "Page 11692"
[16/02/2025 13:34:46][TRADE]NivlekNot traded 5x Ghast Tear for 1x Leather Helmet in shop herreros on page "Page 11692"
[16/02/2025 13:34:46][TRADE]NivlekNot traded 5x Ghast Tear for 1x Leather Boots in shop herreros on page "Page 11692"
[16/02/2025 13:34:46][TRADE]NivlekNot traded 5x Ghast Tear for 1x Leather Leggings in shop herreros on page "Page 11692"
[16/02/2025 13:34:47][TRADE]NivlekNot traded 5x Ghast Tear for 1x Leather Chestplate in shop herreros on page "Page 11692"
[16/02/2025 13:34:47][TRADE]NivlekNot traded 5x Ghast Tear for 1x Leather Helmet in shop herreros on page "Page 11692"
[16/02/2025 13:34:52][TRADE]NivlekNot traded 5x Ghast Tear for 1x Leather Boots in shop herreros on page "Page 11692"
[16/02/2025 13:34:52][TRADE]NivlekNot traded 5x Ghast Tear for 1x Leather Leggings in shop herreros on page "Page 11692"
[16/02/2025 13:34:52][TRADE]NivlekNot traded 5x Ghast Tear for 1x Leather Chestplate in shop herreros on page "Page 11692"
[16/02/2025 13:34:52][TRADE]YudaxNot traded 5x Ghast Tear for 1x Leather Leggings in shop herreros on page "Page 11692"
[16/02/2025 13:34:53][TRADE]NivlekNot traded 5x Ghast Tear for 1x Leather Helmet in shop herreros on page "Page 11692"
[16/02/2025 13:34:53][TRADE]YudaxNot traded 5x Ghast Tear for 1x Leather Boots in shop herreros on page "Page 11692"
[16/02/2025 13:34:54][TRADE]YudaxNot traded 5x Ghast Tear for 1x Leather Chestplate in shop herreros on page "Page 11692"
[16/02/2025 13:34:54][TRADE]YudaxNot traded 5x Ghast Tear for 1x Leather Helmet in shop herreros on page "Page 11692"
[16/02/2025 13:34:55][TRADE]YudaxNot traded 5x Ghast Tear for 1x Leather Helmet in shop herreros on page "Page 11692"
[16/02/2025 13:34:55][TRADE]YudaxNot traded 5x Ghast Tear for 1x Leather Chestplate in shop herreros on page "Page 11692"
[16/02/2025 13:34:56][TRADE]YudaxNot traded 5x Ghast Tear for 1x Leather Leggings in shop herreros on page "Page 11692"
[16/02/2025 13:34:56][TRADE]YudaxNot traded 5x Ghast Tear for 1x Leather Boots in shop herreros on page "Page 11692"
[16/02/2025 13:34:57][TRADE]YudaxNot traded 5x Ghast Tear for 1x Leather Boots in shop herreros on page "Page 11692"
[16/02/2025 13:34:58][TRADE]YudaxNot traded 5x Ghast Tear for 1x Leather Leggings in shop herreros on page "Page 11692"
[16/02/2025 13:34:59][TRADE]YudaxNot traded 5x Ghast Tear for 1x Leather Helmet in shop herreros on page "Page 11692"
[16/02/2025 13:35:03][TRADE]YudaxNot traded 5x Ghast Tear for 1x Leather Helmet in shop herreros on page "Page 11692"
[16/02/2025 13:35:04][TRADE]YudaxNot traded 5x Ghast Tear for 1x Leather Chestplate in shop herreros on page "Page 11692"
[16/02/2025 13:35:04][TRADE]YudaxNot traded 5x Ghast Tear for 1x Leather Leggings in shop herreros on page "Page 11692"
[16/02/2025 13:35:04][TRADE]YudaxNot traded 5x Ghast Tear for 1x Leather Boots in shop herreros on page "Page 11692"
[16/02/2025 13:35:06][TRADE]YudaxNot traded 5x Ghast Tear for 1x Leather Helmet in shop herreros on page "Page 11692"
[16/02/2025 13:35:08][TRADE]YudaxNot traded 5x Ghast Tear for 1x Leather Boots in shop herreros on page "Page 11692"
[16/02/2025 13:35:09][TRADE]YudaxNot traded 5x Ghast Tear for 1x Leather Leggings in shop herreros on page "Page 11692"
[16/02/2025 13:35:33][TRADE]YudaxNot traded 5x Ghast Tear for 1x Leather Helmet in shop herreros on page "Page 11692"
[16/02/2025 13:36:31][TRADE]NivlekNot traded 5x Ghast Tear for 1x Leather Helmet in shop herreros on page "Page 11692"
[16/02/2025 13:36:39][TRADE]NivlekNot traded 5x Ghast Tear for 1x Leather Boots in shop herreros on page "Page 11692"
[16/02/2025 13:36:39][TRADE]YudaxNot traded 5x Ghast Tear for 1x Leather Boots in shop herreros on page "Page 11692"
[16/02/2025 13:36:40][TRADE]NivlekNot traded 5x Ghast Tear for 1x Leather Leggings in shop herreros on page "Page 11692"
[16/02/2025 13:36:40][TRADE]YudaxNot traded 5x Ghast Tear for 1x Leather Leggings in shop herreros on page "Page 11692"
[16/02/2025 13:36:40][TRADE]NivlekNot traded 5x Ghast Tear for 1x Leather Chestplate in shop herreros on page "Page 11692"
[16/02/2025 13:36:40][TRADE]NivlekNot traded 5x Ghast Tear for 1x Leather Helmet in shop herreros on page "Page 11692"
[16/02/2025 13:36:40][TRADE]YudaxNot traded 5x Ghast Tear for 1x Leather Chestplate in shop herreros on page "Page 11692"
[16/02/2025 13:36:41][TRADE]YudaxNot traded 5x Ghast Tear for 1x Leather Helmet in shop herreros on page "Page 11692"
[16/02/2025 13:36:41][TRADE]NivlekNot traded 5x Ghast Tear for 1x Leather Boots in shop herreros on page "Page 11692"
[16/02/2025 13:36:41][TRADE]NivlekNot traded 5x Ghast Tear for 1x Leather Leggings in shop herreros on page "Page 11692"
[16/02/2025 13:36:41][TRADE]NivlekNot traded 5x Ghast Tear for 1x Leather Chestplate in shop herreros on page "Page 11692"
[16/02/2025 13:36:42][TRADE]NivlekNot traded 5x Ghast Tear for 1x Leather Helmet in shop herreros on page "Page 11692"
[16/02/2025 13:36:42][TRADE]YudaxNot traded 5x Ghast Tear for 1x Leather Chestplate in shop herreros on page "Page 11692"
[16/02/2025 13:36:42][TRADE]NivlekNot traded 5x Ghast Tear for 1x Leather Boots in shop herreros on page "Page 11692"
[16/02/2025 13:36:42][TRADE]YudaxNot traded 5x Ghast Tear for 1x Leather Leggings in shop herreros on page "Page 11692"
[16/02/2025 13:36:42][TRADE]NivlekNot traded 5x Ghast Tear for 1x Leather Leggings in shop herreros on page "Page 11692"
[16/02/2025 13:36:43][TRADE]NivlekNot traded 5x Ghast Tear for 1x Leather Chestplate in shop herreros on page "Page 11692"
[16/02/2025 13:36:43][TRADE]YudaxNot traded 5x Ghast Tear for 1x Leather Boots in shop herreros on page "Page 11692"
[16/02/2025 13:36:43][TRADE]NivlekNot traded 5x Ghast Tear for 1x Leather Helmet in shop herreros on page "Page 11692"
[16/02/2025 13:36:44][TRADE]NivlekNot traded 5x Ghast Tear for 1x Leather Boots in shop herreros on page "Page 11692"
[16/02/2025 13:36:44][TRADE]NivlekNot traded 5x Ghast Tear for 1x Leather Leggings in shop herreros on page "Page 11692"
[16/02/2025 13:36:45][TRADE]NivlekNot traded 5x Ghast Tear for 1x Leather Chestplate in shop herreros on page "Page 11692"
[16/02/2025 13:36:45][TRADE]NivlekNot traded 5x Ghast Tear for 1x Leather Helmet in shop herreros on page "Page 11692"
[16/02/2025 13:36:45][TRADE]YudaxNot traded 5x Ghast Tear for 1x Leather Helmet in shop herreros on page "Page 11692"
[16/02/2025 13:36:45][TRADE]YudaxNot traded 5x Ghast Tear for 1x Leather Chestplate in shop herreros on page "Page 11692"
[16/02/2025 13:36:46][TRADE]YudaxNot traded 5x Ghast Tear for 1x Leather Boots in shop herreros on page "Page 11692"
[16/02/2025 13:36:46][TRADE]YudaxNot traded 5x Ghast Tear for 1x Leather Boots in shop herreros on page "Page 11692"
[16/02/2025 13:36:47][TRADE]YudaxNot traded 5x Ghast Tear for 1x Leather Leggings in shop herreros on page "Page 11692"
[16/02/2025 13:36:48][TRADE]YudaxNot traded 5x Ghast Tear for 1x Leather Chestplate in shop herreros on page "Page 11692"
[16/02/2025 13:36:48][TRADE]YudaxNot traded 5x Ghast Tear for 1x Leather Helmet in shop herreros on page "Page 11692"
[16/02/2025 13:36:49][TRADE]YudaxNot traded 5x Ghast Tear for 1x Leather Leggings in shop herreros on page "Page 11692"
[16/02/2025 13:36:50][TRADE]YudaxNot traded 5x Ghast Tear for 1x Leather Chestplate in shop herreros on page "Page 11692"
[16/02/2025 13:39:09][TRADE]NivlekNot traded 5x Ghast Tear for 1x Leather Boots in shop herreros on page "Page 11692"
[16/02/2025 13:39:09][TRADE]NivlekNot traded 5x Ghast Tear for 1x Leather Leggings in shop herreros on page "Page 11692"
[16/02/2025 13:39:10][TRADE]NivlekNot traded 5x Ghast Tear for 1x Leather Chestplate in shop herreros on page "Page 11692"
[16/02/2025 13:39:10][TRADE]NivlekNot traded 5x Ghast Tear for 1x Leather Helmet in shop herreros on page "Page 11692"
[16/02/2025 13:39:10][TRADE]NivlekNot traded 5x Ghast Tear for 1x Leather Boots in shop herreros on page "Page 11692"
[16/02/2025 13:39:11][TRADE]NivlekNot traded 5x Ghast Tear for 1x Leather Leggings in shop herreros on page "Page 11692"
[16/02/2025 13:39:11][TRADE]NivlekNot traded 5x Ghast Tear for 1x Leather Chestplate in shop herreros on page "Page 11692"
[16/02/2025 13:39:11][TRADE]NivlekNot traded 5x Ghast Tear for 1x Leather Helmet in shop herreros on page "Page 11692"
[16/02/2025 13:39:11][TRADE]NivlekNot traded 5x Ghast Tear for 1x Leather Boots in shop herreros on page "Page 11692"
[16/02/2025 13:39:12][TRADE]NivlekNot traded 5x Ghast Tear for 1x Leather Leggings in shop herreros on page "Page 11692"
[16/02/2025 13:39:12][TRADE]NivlekNot traded 5x Ghast Tear for 1x Leather Chestplate in shop herreros on page "Page 11692"
[16/02/2025 13:39:12][TRADE]NivlekNot traded 5x Ghast Tear for 1x Leather Helmet in shop herreros on page "Page 11692"
[16/02/2025 13:39:14][TRADE]NivlekNot traded 5x Ghast Tear for 1x Leather Boots in shop herreros on page "Page 11692"
[16/02/2025 13:39:14][TRADE]NivlekNot traded 5x Ghast Tear for 1x Leather Leggings in shop herreros on page "Page 11692"
[16/02/2025 13:39:14][TRADE]NivlekNot traded 5x Ghast Tear for 1x Leather Chestplate in shop herreros on page "Page 11692"
[16/02/2025 13:39:14][TRADE]NivlekNot traded 5x Ghast Tear for 1x Leather Helmet in shop herreros on page "Page 11692"
[16/02/2025 13:39:16][TRADE]NivlekNot traded 5x Ghast Tear for 1x Leather Helmet in shop herreros on page "Page 11692"
[16/02/2025 13:39:17][TRADE]NivlekNot traded 5x Ghast Tear for 1x Leather Helmet in shop herreros on page "Page 11692"
[16/02/2025 13:59:27][TRADE]NivlekNot traded 5x Ghast Tear for 1x Leather Boots in shop herreros on page "Page 11692"
[16/02/2025 13:59:28][TRADE]NivlekNot traded 5x Ghast Tear for 1x Leather Leggings in shop herreros on page "Page 11692"
[16/02/2025 13:59:28][TRADE]NivlekNot traded 5x Ghast Tear for 1x Leather Chestplate in shop herreros on page "Page 11692"
[16/02/2025 13:59:29][TRADE]NivlekNot traded 5x Ghast Tear for 1x Leather Boots in shop herreros on page "Page 11692"
[16/02/2025 13:59:29][TRADE]NivlekNot traded 5x Ghast Tear for 1x Leather Leggings in shop herreros on page "Page 11692"
[16/02/2025 13:59:29][TRADE]NivlekNot traded 5x Ghast Tear for 1x Leather Chestplate in shop herreros on page "Page 11692"
[16/02/2025 13:59:29][TRADE]NivlekNot traded 5x Ghast Tear for 1x Leather Helmet in shop herreros on page "Page 11692"
[16/02/2025 13:59:30][TRADE]NivlekNot traded 5x Ghast Tear for 1x Leather Boots in shop herreros on page "Page 11692"
[16/02/2025 13:59:30][TRADE]NivlekNot traded 5x Ghast Tear for 1x Leather Leggings in shop herreros on page "Page 11692"
[16/02/2025 13:59:30][TRADE]NivlekNot traded 5x Ghast Tear for 1x Leather Chestplate in shop herreros on page "Page 11692"
[16/02/2025 13:59:30][TRADE]NivlekNot traded 5x Ghast Tear for 1x Leather Helmet in shop herreros on page "Page 11692"
[16/02/2025 13:59:32][TRADE]NivlekNot traded 5x Ghast Tear for 1x Leather Boots in shop herreros on page "Page 11692"
[16/02/2025 13:59:32][TRADE]NivlekNot traded 5x Ghast Tear for 1x Leather Leggings in shop herreros on page "Page 11692"
[16/02/2025 13:59:32][TRADE]NivlekNot traded 5x Ghast Tear for 1x Leather Chestplate in shop herreros on page "Page 11692"
[16/02/2025 13:59:33][TRADE]NivlekNot traded 5x Ghast Tear for 1x Leather Helmet in shop herreros on page "Page 11692"
[16/02/2025 13:59:34][TRADE]NivlekNot traded 5x Ghast Tear for 1x Leather Boots in shop herreros on page "Page 11692"
[16/02/2025 13:59:34][TRADE]NivlekNot traded 5x Ghast Tear for 1x Leather Leggings in shop herreros on page "Page 11692"
[16/02/2025 13:59:35][TRADE]NivlekNot traded 5x Ghast Tear for 1x Leather Chestplate in shop herreros on page "Page 11692"
[16/02/2025 13:59:35][TRADE]NivlekNot traded 5x Ghast Tear for 1x Leather Helmet in shop herreros on page "Page 11692"
[16/02/2025 13:59:40][TRADE]NivlekNot traded 5x Ghast Tear for 1x Leather Helmet in shop herreros on page "Page 11692"
[16/02/2025 14:01:21][TRADE]NivlekNot traded 5x Ghast Tear for 1x Leather Boots in shop herreros on page "Page 11692"
[16/02/2025 14:01:21][TRADE]NivlekNot traded 5x Ghast Tear for 1x Leather Leggings in shop herreros on page "Page 11692"
[16/02/2025 14:01:21][TRADE]NivlekNot traded 5x Ghast Tear for 1x Leather Chestplate in shop herreros on page "Page 11692"
[16/02/2025 14:01:21][TRADE]NivlekNot traded 5x Ghast Tear for 1x Leather Helmet in shop herreros on page "Page 11692"
[16/02/2025 14:01:23][TRADE]NivlekNot traded 5x Ghast Tear for 1x Leather Helmet in shop herreros on page "Page 11692"
[16/02/2025 14:01:25][TRADE]NivlekNot traded 5x Ghast Tear for 1x Leather Leggings in shop herreros on page "Page 11692"
[16/02/2025 14:01:32][TRADE]NivlekNot traded 5x Ghast Tear for 1x Leather Chestplate in shop herreros on page "Page 11692"
[16/02/2025 14:01:34][TRADE]NivlekNot traded 5x Ghast Tear for 1x Leather Boots in shop herreros on page "Page 11692"
[16/02/2025 14:01:36][TRADE]NivlekNot traded 5x Ghast Tear for 1x Leather Helmet in shop herreros on page "Page 11692"
[16/02/2025 14:01:45][TRADE]NivlekNot traded 5x Ghast Tear for 1x Wooden Axe in shop herreros on page "Page 59271"
[16/02/2025 14:01:47][TRADE]NivlekNot traded 5x Ghast Tear for 1x Wooden Sword in shop herreros on page "Page 59271"
[16/02/2025 14:01:50][TRADE]NivlekNot traded 5x Ghast Tear for 1x Wooden Sword in shop herreros on page "Page 59271"
[16/02/2025 14:01:52][TRADE]NivlekNot traded 5x Ghast Tear for 1x Wooden Sword in shop herreros on page "Page 59271"
[16/02/2025 14:01:54][TRADE]NivlekNot traded 5x Ghast Tear for 1x Wooden Axe in shop herreros on page "Page 59271"
[16/02/2025 14:01:56][TRADE]NivlekNot traded 5x Ghast Tear for 1x Bow in shop herreros on page "Page 59271"
[16/02/2025 14:02:09][TRADE]NivlekNot traded 5x Ghast Tear for 1x Crossbow in shop herreros on page "Page 59271"
[16/02/2025 14:02:34][TRADE]NivlekNot traded 5x Ghast Tear for 1x Wooden Pickaxe in shop herreros on page "Page 59271"
[16/02/2025 14:04:54][TRADE]NivlekNot traded 5x Ghast Tear for 1x Leather Boots in shop herreros on page "Page 11692"
[16/02/2025 14:04:54][TRADE]NivlekNot traded 5x Ghast Tear for 1x Leather Leggings in shop herreros on page "Page 11692"
[16/02/2025 14:04:54][TRADE]NivlekNot traded 5x Ghast Tear for 1x Leather Chestplate in shop herreros on page "Page 11692"
[16/02/2025 14:04:54][TRADE]NivlekNot traded 5x Ghast Tear for 1x Leather Helmet in shop herreros on page "Page 11692"
[16/02/2025 14:06:27][TRADE]NivlekNot traded 5x Ghast Tear for 1x Leather Boots in shop herreros on page "Page 11692"
[16/02/2025 14:06:28][TRADE]NivlekNot traded 5x Ghast Tear for 1x Leather Helmet in shop herreros on page "Page 11692"
[16/02/2025 14:06:29][TRADE]NivlekNot traded 5x Ghast Tear for 1x Leather Boots in shop herreros on page "Page 11692"
[16/02/2025 14:06:29][TRADE]NivlekNot traded 5x Ghast Tear for 1x Leather Leggings in shop herreros on page "Page 11692"
[16/02/2025 14:06:29][TRADE]NivlekNot traded 5x Ghast Tear for 1x Leather Chestplate in shop herreros on page "Page 11692"
[16/02/2025 14:06:29][TRADE]NivlekNot traded 5x Ghast Tear for 1x Leather Helmet in shop herreros on page "Page 11692"
[16/02/2025 14:06:30][TRADE]NivlekNot traded 5x Ghast Tear for 1x Leather Helmet in shop herreros on page "Page 11692"
[16/02/2025 14:06:30][TRADE]NivlekNot traded 5x Ghast Tear for 1x Leather Leggings in shop herreros on page "Page 11692"
[16/02/2025 14:06:30][TRADE]NivlekNot traded 5x Ghast Tear for 1x Leather Boots in shop herreros on page "Page 11692"
[16/02/2025 14:06:31][TRADE]NivlekNot traded 5x Ghast Tear for 1x Leather Chestplate in shop herreros on page "Page 11692"
[16/02/2025 14:06:32][TRADE]NivlekNot traded 5x Ghast Tear for 1x Leather Boots in shop herreros on page "Page 11692"
[16/02/2025 14:06:33][TRADE]NivlekNot traded 5x Ghast Tear for 1x Leather Chestplate in shop herreros on page "Page 11692"
[16/02/2025 14:06:34][TRADE]NivlekNot traded 5x Ghast Tear for 1x Leather Helmet in shop herreros on page "Page 11692"
[16/02/2025 14:06:35][TRADE]NivlekNot traded 5x Ghast Tear for 1x Leather Helmet in shop herreros on page "Page 11692"
[16/02/2025 14:06:37][TRADE]NivlekNot traded 5x Ghast Tear for 1x Leather Leggings in shop herreros on page "Page 11692"
[16/02/2025 14:09:25][TRADE]YudaxNot traded 5x Ghast Tear for 1x Leather Boots in shop herreros on page "Page 11692"
[16/02/2025 14:09:26][TRADE]YudaxNot traded 5x Ghast Tear for 1x Leather Leggings in shop herreros on page "Page 11692"
[16/02/2025 14:09:26][TRADE]YudaxNot traded 5x Ghast Tear for 1x Leather Chestplate in shop herreros on page "Page 11692"
[16/02/2025 14:09:27][TRADE]YudaxNot traded 5x Ghast Tear for 1x Leather Helmet in shop herreros on page "Page 11692"
[16/02/2025 14:09:28][TRADE]YudaxNot traded 5x Ghast Tear for 1x Leather Boots in shop herreros on page "Page 11692"
[16/02/2025 14:09:28][TRADE]YudaxNot traded 5x Ghast Tear for 1x Leather Leggings in shop herreros on page "Page 11692"
[16/02/2025 14:09:29][TRADE]YudaxNot traded 5x Ghast Tear for 1x Leather Chestplate in shop herreros on page "Page 11692"
[16/02/2025 14:09:29][TRADE]YudaxNot traded 5x Ghast Tear for 1x Leather Helmet in shop herreros on page "Page 11692"
[16/02/2025 14:09:31][TRADE]YudaxNot traded 5x Ghast Tear for 1x Leather Boots in shop herreros on page "Page 11692"
[16/02/2025 14:09:31][TRADE]YudaxNot traded 5x Ghast Tear for 1x Leather Leggings in shop herreros on page "Page 11692"
[16/02/2025 14:09:32][TRADE]YudaxNot traded 5x Ghast Tear for 1x Leather Chestplate in shop herreros on page "Page 11692"
[16/02/2025 14:09:35][TRADE]YudaxNot traded 5x Ghast Tear for 1x Leather Boots in shop herreros on page "Page 11692"
[16/02/2025 14:09:35][TRADE]YudaxNot traded 5x Ghast Tear for 1x Leather Leggings in shop herreros on page "Page 11692"
[16/02/2025 14:09:36][TRADE]YudaxNot traded 5x Ghast Tear for 1x Leather Chestplate in shop herreros on page "Page 11692"
[16/02/2025 14:09:57][TRADE]NivlekNot traded 5x Ghast Tear for 1x Leather Boots in shop herreros on page "Page 11692"
[16/02/2025 14:09:57][TRADE]NivlekNot traded 5x Ghast Tear for 1x Leather Leggings in shop herreros on page "Page 11692"
[16/02/2025 14:09:58][TRADE]NivlekNot traded 5x Ghast Tear for 1x Leather Chestplate in shop herreros on page "Page 11692"
[16/02/2025 14:09:58][TRADE]NivlekNot traded 5x Ghast Tear for 1x Leather Helmet in shop herreros on page "Page 11692"
[16/02/2025 14:09:58][TRADE]NivlekNot traded 5x Ghast Tear for 1x Leather Boots in shop herreros on page "Page 11692"
[16/02/2025 14:09:59][TRADE]NivlekNot traded 5x Ghast Tear for 1x Leather Leggings in shop herreros on page "Page 11692"
[16/02/2025 14:09:59][TRADE]NivlekNot traded 5x Ghast Tear for 1x Leather Chestplate in shop herreros on page "Page 11692"
[16/02/2025 14:09:59][TRADE]NivlekNot traded 5x Ghast Tear for 1x Leather Helmet in shop herreros on page "Page 11692"
[16/02/2025 15:52:10][TRADE]APHNYX traded 5x Ghast Tear for 1x Leather Helmet in shop herreros on page "Page 11692"
[16/02/2025 15:52:44][TRADE]APHNYX traded 5x Ghast Tear for 1x Leather Helmet in shop herreros on page "Page 11692"
[16/02/2025 15:52:44][TRADE]APHNYX traded 5x Ghast Tear for 1x Leather Chestplate in shop herreros on page "Page 11692"
[16/02/2025 15:52:45][TRADE]APHNYX traded 5x Ghast Tear for 1x Leather Leggings in shop herreros on page "Page 11692"
[16/02/2025 15:52:45][TRADE]APHNYX traded 5x Ghast Tear for 1x Leather Boots in shop herreros on page "Page 11692"
[16/02/2025 15:52:46][TRADE]APHNYX traded 5x Ghast Tear for 1x Leather Helmet in shop herreros on page "Page 11692"
[16/02/2025 15:52:47][TRADE]APHNYX traded 5x Ghast Tear for 1x Leather Chestplate in shop herreros on page "Page 11692"
[16/02/2025 15:52:48][TRADE]APHNYX traded 5x Ghast Tear for 1x Leather Leggings in shop herreros on page "Page 11692"
[16/02/2025 15:52:49][TRADE]APHNYX traded 5x Ghast Tear for 1x Leather Boots in shop herreros on page "Page 11692"
[16/02/2025 15:53:29][TRADE]APHNYX traded 15x Ghast Tear for 1x Chainmail Helmet in shop herreros on page "Page 11692"
[16/02/2025 15:53:29][TRADE]APHNYX traded 15x Ghast Tear for 1x Chainmail Chestplate in shop herreros on page "Page 11692"
[16/02/2025 15:53:29][TRADE]APHNYX traded 15x Ghast Tear for 1x Chainmail Leggings in shop herreros on page "Page 11692"
[16/02/2025 15:53:30][TRADE]APHNYX traded 15x Ghast Tear for 1x Chainmail Boots in shop herreros on page "Page 11692"
[16/02/2025 15:53:30][TRADE]APHNYX traded 15x Ghast Tear for 1x Chainmail Helmet in shop herreros on page "Page 11692"
[16/02/2025 15:53:30][TRADE]APHNYX traded 15x Ghast Tear for 1x Chainmail Chestplate in shop herreros on page "Page 11692"
[16/02/2025 15:53:31][TRADE]APHNYX traded 15x Ghast Tear for 1x Chainmail Boots in shop herreros on page "Page 11692"
[16/02/2025 15:53:32][TRADE]APHNYX traded 15x Ghast Tear for 1x Chainmail Leggings in shop herreros on page "Page 11692"
[16/02/2025 15:54:25][TRADE]APHNYX traded 30x Ghast Tear for 1x Iron Helmet in shop herreros on page "Page 67029"
[16/02/2025 15:54:26][TRADE]APHNYX traded 30x Ghast Tear for 1x Iron Chestplate in shop herreros on page "Page 67029"
[16/02/2025 15:54:27][TRADE]APHNYX traded 30x Ghast Tear for 1x Iron Leggings in shop herreros on page "Page 67029"
[16/02/2025 15:54:27][TRADE]APHNYX traded 30x Ghast Tear for 1x Iron Boots in shop herreros on page "Page 67029"
[16/02/2025 15:54:28][TRADE]APHNYX traded 30x Ghast Tear for 1x Iron Helmet in shop herreros on page "Page 67029"
[16/02/2025 15:54:28][TRADE]APHNYX traded 30x Ghast Tear for 1x Iron Chestplate in shop herreros on page "Page 67029"
[16/02/2025 15:54:28][TRADE]APHNYX traded 30x Ghast Tear for 1x Iron Leggings in shop herreros on page "Page 67029"
[16/02/2025 15:54:29][TRADE]APHNYX traded 30x Ghast Tear for 1x Iron Boots in shop herreros on page "Page 67029"
[16/02/2025 16:16:24][TRADE]APHNYX traded 1x Leather Leggings for 2x Ghast Tear,50x Ghast Tear in shop herreros on page "Page 39551"
[16/02/2025 16:16:27][TRADE]APHNYX traded 5x Ghast Tear for 1x Leather Leggings in shop herreros on page "Page 11692"
[16/02/2025 16:26:36][TRADE]APHNYX traded 1x Leather Leggings for 2x Ghast Tear,50x Ghast Tear in shop herreros on page "Page 39551"
[16/02/2025 16:26:38][TRADE]APHNYX traded 1x Leather Chestplate for 2x Ghast Tear,50x Ghast Tear in shop herreros on page "Page 39551"
[16/02/2025 16:26:52][TRADE]APHNYX traded 1x Chainmail Leggings for 50x Ghast Tear,7x Ghast Tear in shop herreros on page "Page 39551"
[16/02/2025 16:26:52][TRADE]APHNYX traded 1x Chainmail Chestplate for 7x Ghast Tear,50x Ghast Tear in shop herreros on page "Page 39551"
[16/02/2025 16:26:53][TRADE]APHNYX traded 1x Chainmail Helmet for 7x Ghast Tear,50x Ghast Tear in shop herreros on page "Page 39551"
[16/02/2025 16:26:53][TRADE]APHNYX traded 1x Chainmail Leggings for 7x Ghast Tear,50x Ghast Tear in shop herreros on page "Page 39551"
[16/02/2025 16:26:55][TRADE]APHNYX traded 1x Chainmail Boots for 7x Ghast Tear,50x Ghast Tear in shop herreros on page "Page 39551"
[16/02/2025 16:26:55][TRADE]APHNYX traded 1x Chainmail Boots for 50x Ghast Tear,7x Ghast Tear in shop herreros on page "Page 39551"
[16/02/2025 16:26:55][TRADE]APHNYX traded 1x Chainmail Chestplate for 7x Ghast Tear,50x Ghast Tear in shop herreros on page "Page 39551"
[16/02/2025 16:26:56][TRADE]APHNYX traded 1x Chainmail Helmet for 7x Ghast Tear,50x Ghast Tear in shop herreros on page "Page 39551"
[16/02/2025 16:26:57][TRADE]APHNYX traded 1x Chainmail Helmet for 50x Ghast Tear,7x Ghast Tear in shop herreros on page "Page 39551"
[16/02/2025 16:26:57][TRADE]APHNYX traded 1x Chainmail Helmet for 7x Ghast Tear,50x Ghast Tear in shop herreros on page "Page 39551"
[16/02/2025 16:27:34][TRADE]NivlekNot traded 5x Ghast Tear for 1x Leather Leggings in shop herreros on page "Page 11692"
[16/02/2025 16:33:20][TRADE]APHNYX traded 1x Chainmail Helmet for 7x Ghast Tear,50x Ghast Tear in shop herreros on page "Page 39551"
[16/02/2025 16:33:21][TRADE]APHNYX traded 1x Chainmail Chestplate for 50x Ghast Tear,7x Ghast Tear in shop herreros on page "Page 39551"
[16/02/2025 16:33:21][TRADE]APHNYX traded 1x Chainmail Leggings for 50x Ghast Tear,7x Ghast Tear in shop herreros on page "Page 39551"
[16/02/2025 16:33:21][TRADE]APHNYX traded 1x Chainmail Boots for 50x Ghast Tear,7x Ghast Tear in shop herreros on page "Page 39551"
[16/02/2025 16:33:22][TRADE]APHNYX traded 1x Chainmail Helmet for 50x Ghast Tear,7x Ghast Tear in shop herreros on page "Page 39551"
[16/02/2025 16:33:22][TRADE]APHNYX traded 1x Chainmail Chestplate for 7x Ghast Tear,50x Ghast Tear in shop herreros on page "Page 39551"
[16/02/2025 16:33:22][TRADE]APHNYX traded 1x Chainmail Leggings for 7x Ghast Tear,50x Ghast Tear in shop herreros on page "Page 39551"
[16/02/2025 16:33:23][TRADE]APHNYX traded 1x Chainmail Boots for 7x Ghast Tear,50x Ghast Tear in shop herreros on page "Page 39551"
[16/02/2025 16:33:34][TRADE]APHNYX traded 1x Chainmail Helmet for 7x Ghast Tear,50x Ghast Tear in shop herreros on page "Page 39551"
[16/02/2025 16:33:34][TRADE]APHNYX traded 1x Chainmail Chestplate for 7x Ghast Tear,50x Ghast Tear in shop herreros on page "Page 39551"
[16/02/2025 16:33:35][TRADE]APHNYX traded 1x Chainmail Leggings for 7x Ghast Tear,50x Ghast Tear in shop herreros on page "Page 39551"
[16/02/2025 16:33:36][TRADE]APHNYX traded 1x Chainmail Boots for 7x Ghast Tear,50x Ghast Tear in shop herreros on page "Page 39551"
[16/02/2025 16:33:38][TRADE]APHNYX traded 15x Ghast Tear for 1x Chainmail Helmet in shop herreros on page "Page 11692"
[16/02/2025 16:33:39][TRADE]APHNYX traded 15x Ghast Tear for 1x Chainmail Chestplate in shop herreros on page "Page 11692"
[16/02/2025 16:33:39][TRADE]APHNYX traded 15x Ghast Tear for 1x Chainmail Leggings in shop herreros on page "Page 11692"
[16/02/2025 16:33:39][TRADE]APHNYX traded 15x Ghast Tear for 1x Chainmail Boots in shop herreros on page "Page 11692"
[16/02/2025 16:33:40][TRADE]APHNYX traded 15x Ghast Tear for 1x Chainmail Helmet in shop herreros on page "Page 11692"
[16/02/2025 16:33:40][TRADE]APHNYX traded 15x Ghast Tear for 1x Chainmail Chestplate in shop herreros on page "Page 11692"
[16/02/2025 16:33:41][TRADE]APHNYX traded 15x Ghast Tear for 1x Chainmail Leggings in shop herreros on page "Page 11692"
[16/02/2025 16:33:41][TRADE]APHNYX traded 15x Ghast Tear for 1x Chainmail Boots in shop herreros on page "Page 11692"
[16/02/2025 16:33:42][TRADE]APHNYX traded 15x Ghast Tear for 1x Chainmail Helmet in shop herreros on page "Page 11692"
[16/02/2025 16:33:42][TRADE]APHNYX traded 15x Ghast Tear for 1x Chainmail Chestplate in shop herreros on page "Page 11692"
[16/02/2025 16:33:42][TRADE]APHNYX traded 15x Ghast Tear for 1x Chainmail Leggings in shop herreros on page "Page 11692"
[16/02/2025 16:33:43][TRADE]APHNYX traded 15x Ghast Tear for 1x Chainmail Boots in shop herreros on page "Page 11692"
[16/02/2025 17:04:28][TRADE]APHNYX traded 5x Ghast Tear for 1x Wooden Hoe in shop herreros on page "Page 59271"
[16/02/2025 17:04:31][TRADE]APHNYX traded 5x Ghast Tear for 1x Fishing Rod in shop herreros on page "Page 59271"
[16/02/2025 17:04:32][TRADE]APHNYX traded 5x Ghast Tear for 1x Wooden Pickaxe in shop herreros on page "Page 59271"
[16/02/2025 17:04:33][TRADE]APHNYX traded 5x Ghast Tear for 1x Wooden Axe in shop herreros on page "Page 59271"
[16/02/2025 17:04:34][TRADE]APHNYX traded 15x Ghast Tear for 1x Fishing Rod in shop herreros on page "Page 59271"
[16/02/2025 17:15:05][TRADE]APHNYX traded 1x Leather Chestplate for 2x Ghast Tear,50x Ghast Tear in shop herreros on page "Page 39551"
[16/02/2025 17:15:05][TRADE]APHNYX traded 1x Leather Boots for 2x Ghast Tear,50x Ghast Tear in shop herreros on page "Page 39551"
[16/02/2025 17:15:18][TRADE]APHNYX traded 1x Chainmail Leggings for 7x Ghast Tear,50x Ghast Tear in shop herreros on page "Page 39551"
[16/02/2025 17:15:18][TRADE]APHNYX traded 1x Chainmail Helmet for 50x Ghast Tear,7x Ghast Tear in shop herreros on page "Page 39551"
[16/02/2025 17:15:19][TRADE]APHNYX traded 1x Chainmail Leggings for 7x Ghast Tear,50x Ghast Tear in shop herreros on page "Page 39551"
[16/02/2025 17:15:19][TRADE]APHNYX traded 1x Chainmail Boots for 7x Ghast Tear,50x Ghast Tear in shop herreros on page "Page 39551"
[16/02/2025 17:15:19][TRADE]APHNYX traded 1x Chainmail Boots for 7x Ghast Tear,50x Ghast Tear in shop herreros on page "Page 39551"
[16/02/2025 17:15:20][TRADE]APHNYX traded 1x Chainmail Boots for 50x Ghast Tear,7x Ghast Tear in shop herreros on page "Page 39551"
[16/02/2025 17:15:20][TRADE]APHNYX traded 1x Chainmail Chestplate for 7x Ghast Tear,50x Ghast Tear in shop herreros on page "Page 39551"
[16/02/2025 17:15:22][TRADE]APHNYX traded 15x Ghast Tear for 1x Chainmail Boots in shop herreros on page "Page 11692"
[16/02/2025 17:15:22][TRADE]APHNYX traded 15x Ghast Tear for 1x Chainmail Leggings in shop herreros on page "Page 11692"
[16/02/2025 17:15:24][TRADE]APHNYX traded 15x Ghast Tear for 1x Chainmail Boots in shop herreros on page "Page 11692"
[16/02/2025 17:15:25][TRADE]APHNYX traded 15x Ghast Tear for 1x Chainmail Leggings in shop herreros on page "Page 11692"
[16/02/2025 17:15:25][TRADE]APHNYX traded 15x Ghast Tear for 1x Chainmail Chestplate in shop herreros on page "Page 11692"
[16/02/2025 17:15:26][TRADE]APHNYX traded 15x Ghast Tear for 1x Chainmail Helmet in shop herreros on page "Page 11692"
[16/02/2025 17:15:27][TRADE]APHNYX traded 15x Ghast Tear for 1x Chainmail Boots in shop herreros on page "Page 11692"
[16/02/2025 17:15:29][TRADE]APHNYX traded 5x Ghast Tear for 1x Leather Chestplate in shop herreros on page "Page 11692"
[16/02/2025 17:15:32][TRADE]APHNYX traded 5x Ghast Tear for 1x Leather Boots in shop herreros on page "Page 11692"
[16/02/2025 17:15:35][TRADE]APHNYX traded 1x Stone Pickaxe for 60x Ghast Tear in shop herreros on page "Page 81116"
[16/02/2025 17:15:37][TRADE]APHNYX traded 15x Ghast Tear for 1x Stone Pickaxe in shop herreros on page "Page 59271"
[16/02/2025 17:15:40][TRADE]APHNYX traded 1x Shield for 7x Ghast Tear,50x Ghast Tear in shop herreros on page "Page 81116"
[16/02/2025 17:15:41][TRADE]APHNYX traded 15x Ghast Tear for 1x Shield in shop herreros on page "Page 59271"
[16/02/2025 17:36:46][TRADE]Catoncio_1 traded 1x Wooden Hoe for 40x Ghast Tear in shop herreros on page "Page 81116"
[16/02/2025 17:54:45][TRADE]NivlekNot traded 1x Wooden Hoe for 40x Ghast Tear in shop herreros on page "Page 81116"
[16/02/2025 18:18:27][TRADE]Catoncio_1 traded 1x Wooden Hoe for 40x Ghast Tear in shop herreros on page "Page 81116"
[16/02/2025 18:30:56][TRADE]Catoncio_1 traded 1x Wooden Hoe for 40x Ghast Tear in shop herreros on page "Page 81116"
[16/02/2025 18:39:44][TRADE]Catoncio_1 traded 1x Wooden Hoe for 40x Ghast Tear in shop herreros on page "Page 81116"
[16/02/2025 18:47:15][TRADE]Catoncio_1 traded 1x Wooden Hoe for 40x Ghast Tear in shop herreros on page "Page 81116"
[16/02/2025 18:53:30][TRADE]Catoncio_1 traded 1x Stone Hoe for 60x Ghast Tear in shop herreros on page "Page 81116"
[16/02/2025 19:29:37][TRADE]Catoncio_1 traded 1x Wooden Hoe for 40x Ghast Tear in shop herreros on page "Page 81116"
[16/02/2025 19:40:51][TRADE]Catoncio_1 traded 1x Wooden Hoe for 40x Ghast Tear in shop herreros on page "Page 81116"
[16/02/2025 19:54:40][TRADE]Catoncio_1 traded 1x Wooden Hoe for 40x Ghast Tear in shop herreros on page "Page 81116"
[16/02/2025 20:03:54][TRADE]Catoncio_1 traded 1x Wooden Hoe for 40x Ghast Tear in shop herreros on page "Page 81116"
[16/02/2025 20:03:54][TRADE]Catoncio_1 traded 1x Wooden Hoe for 40x Ghast Tear in shop herreros on page "Page 81116"
[16/02/2025 21:27:05][TRADE]Catoncio_1 traded 1x Wooden Hoe for 40x Ghast Tear in shop herreros on page "Page 81116"
[16/02/2025 21:27:05][TRADE]Catoncio_1 traded 1x Wooden Hoe for 40x Ghast Tear in shop herreros on page "Page 81116"
[16/02/2025 22:01:26][TRADE]Bsod2000 traded 1x Wooden Hoe for 40x Ghast Tear in shop herreros on page "Page 81116"
[16/02/2025 22:45:14][TRADE]Bsod2000 traded 1x Wooden Hoe for 40x Ghast Tear in shop herreros on page "Page 81116"
[16/02/2025 23:04:06][TRADE]Bsod2000 traded 1x Wooden Hoe for 40x Ghast Tear in shop herreros on page "Page 81116"
[16/02/2025 23:04:34][TRADE]NivlekNot traded 1x Wooden Pickaxe for 40x Ghast Tear in shop herreros on page "Page 81116"
