[21/02/2025 01:33:09][TRADE]APHNYX traded 1x Ghast Tear,25x Ghast Tear for 1x Leather Leggings in shop herreros on page "Page 11692"
[21/02/2025 01:33:51][TRADE]APHNYX traded 1x Ghast Tear,25x Ghast Tear for 1x Bow in shop herreros on page "Page 59271"
[21/02/2025 01:33:56][TRADE]APHNYX traded 1x Ghast Tear,25x Ghast Tear for 1x Book in shop herreros on page "Page 59271"
[21/02/2025 06:08:05][TRADE]Molotove_ traded 1x Wooden Axe for 40x Ghast Tear in shop herreros on page "Page 81116"
[21/02/2025 08:58:45][TRADE]NivlekNot traded 1x Ghast Tear,25x Ghast Tear for 1x Shield in shop herreros on page "Page 59271"
[21/02/2025 08:59:12][TRADE]NivlekNot traded 1x Wooden Sword for 2x Ghast Tear,50x Ghast Tear in shop herreros on page "Page 81116"
[21/02/2025 09:01:20][TRADE]NivlekNot traded 1x Ghast Tear,25x Ghast Tear for 1x Wooden Sword in shop herreros on page "Page 59271"
[21/02/2025 09:24:18][TRADE]NivlekNot traded 1x Wooden Sword for 2x Ghast Tear,50x Ghast Tear in shop herreros on page "Page 81116"
[21/02/2025 09:29:59][TRADE]NivlekNot traded 1x Wooden Sword for 2x Ghast Tear,50x Ghast Tear in shop herreros on page "Page 81116"
[21/02/2025 09:30:00][TRADE]NivlekNot traded 1x Wooden Sword for 2x Ghast Tear,50x Ghast Tear in shop herreros on page "Page 81116"
[21/02/2025 09:30:09][TRADE]NivlekNot traded 1x Wooden Sword for 2x Ghast Tear,50x Ghast Tear in shop herreros on page "Page 81116"
[21/02/2025 09:30:10][TRADE]NivlekNot traded 1x Wooden Sword for 2x Ghast Tear,50x Ghast Tear in shop herreros on page "Page 81116"
[21/02/2025 09:30:28][TRADE]NivlekNot traded 1x Wooden Sword for 2x Ghast Tear,50x Ghast Tear in shop herreros on page "Page 81116"
[21/02/2025 09:30:28][TRADE]NivlekNot traded 1x Wooden Sword for 2x Ghast Tear,50x Ghast Tear in shop herreros on page "Page 81116"
[21/02/2025 09:30:28][TRADE]NivlekNot traded 1x Wooden Sword for 2x Ghast Tear,50x Ghast Tear in shop herreros on page "Page 81116"
[21/02/2025 09:30:29][TRADE]NivlekNot traded 1x Wooden Sword for 2x Ghast Tear,50x Ghast Tear in shop herreros on page "Page 81116"
[21/02/2025 09:30:31][TRADE]NivlekNot traded 1x Wooden Sword for 2x Ghast Tear,50x Ghast Tear in shop herreros on page "Page 81116"
[21/02/2025 09:30:31][TRADE]NivlekNot traded 1x Wooden Sword for 2x Ghast Tear,50x Ghast Tear in shop herreros on page "Page 81116"
[21/02/2025 11:41:20][TRADE]buykl traded 1x Ghast Tear,25x Ghast Tear for 1x Leather Chestplate in shop herreros on page "Page 11692"
[21/02/2025 11:41:24][TRADE]buykl traded 3x Ghast Tear,75x Ghast Tear for 1x Chainmail Helmet in shop herreros on page "Page 11692"
[21/02/2025 15:28:05][TRADE]zeta4401 traded 1x Diamond Hoe for 1x Ghast Tear,20x Ghast Tear in shop herreros on page "Page 80507"
[21/02/2025 15:28:06][TRADE]zeta4401 traded 1x Diamond Hoe for 1x Ghast Tear,20x Ghast Tear in shop herreros on page "Page 80507"
[21/02/2025 15:28:08][TRADE]zeta4401 traded 1x Diamond Hoe for 1x Ghast Tear,20x Ghast Tear in shop herreros on page "Page 80507"
[21/02/2025 15:28:10][TRADE]zeta4401 traded 1x Diamond Hoe for 1x Ghast Tear,20x Ghast Tear in shop herreros on page "Page 80507"
[21/02/2025 15:47:06][TRADE]Catoncio_1 traded 1x Diamond Hoe for 1x Ghast Tear,20x Ghast Tear in shop herreros on page "Page 80507"
[21/02/2025 15:54:40][TRADE]luiguiwar traded 1x Diamond Hoe for 1x Ghast Tear,20x Ghast Tear in shop herreros on page "Page 80507"
[21/02/2025 15:54:41][TRADE]luiguiwar traded 1x Diamond Hoe for 1x Ghast Tear,20x Ghast Tear in shop herreros on page "Page 80507"
[21/02/2025 15:55:04][TRADE]luiguiwar traded 1x Diamond Hoe for 1x Ghast Tear,20x Ghast Tear in shop herreros on page "Page 80507"
[21/02/2025 15:55:06][TRADE]luiguiwar traded 1x Diamond Hoe for 1x Ghast Tear,20x Ghast Tear in shop herreros on page "Page 80507"
[21/02/2025 16:06:38][TRADE]NivlekNot traded 1x Shears for 2x Ghast Tear,50x Ghast Tear in shop herreros on page "Page 81116"
[21/02/2025 16:06:38][TRADE]NivlekNot traded 1x Shears for 2x Ghast Tear,50x Ghast Tear in shop herreros on page "Page 81116"
[21/02/2025 16:06:39][TRADE]NivlekNot traded 1x Shears for 2x Ghast Tear,50x Ghast Tear in shop herreros on page "Page 81116"
[21/02/2025 16:06:39][TRADE]NivlekNot traded 1x Shears for 2x Ghast Tear,50x Ghast Tear in shop herreros on page "Page 81116"
[21/02/2025 16:06:39][TRADE]NivlekNot traded 1x Shears for 2x Ghast Tear,50x Ghast Tear in shop herreros on page "Page 81116"
[21/02/2025 16:07:02][TRADE]NivlekNot traded 1x Shears for 2x Ghast Tear,50x Ghast Tear in shop herreros on page "Page 81116"
[21/02/2025 16:07:03][TRADE]NivlekNot traded 1x Shears for 2x Ghast Tear,50x Ghast Tear in shop herreros on page "Page 81116"
[21/02/2025 16:59:02][TRADE]TheEnderpro42 traded 1x Iron Hoe for 80x Ghast Tear in shop herreros on page "Page 73472"
[21/02/2025 17:32:54][TRADE]TheEnderpro42 traded 1x Stone Sword for 7x Ghast Tear,50x Ghast Tear in shop herreros on page "Page 81116"
[21/02/2025 19:44:37][TRADE]zeta4401 traded 1x Golden Hoe for 1x Ghast Tear in shop herreros on page "Page 73472"
[21/02/2025 19:44:37][TRADE]zeta4401 traded 1x Golden Hoe for 1x Ghast Tear in shop herreros on page "Page 73472"
[21/02/2025 19:44:38][TRADE]zeta4401 traded 1x Golden Hoe for 1x Ghast Tear in shop herreros on page "Page 73472"
[21/02/2025 20:10:41][TRADE]zeta4401 traded 1x Golden Hoe for 1x Ghast Tear in shop herreros on page "Page 73472"
[21/02/2025 20:10:42][TRADE]zeta4401 traded 1x Golden Hoe for 1x Ghast Tear in shop herreros on page "Page 73472"
[21/02/2025 20:10:42][TRADE]zeta4401 traded 1x Golden Hoe for 1x Ghast Tear in shop herreros on page "Page 73472"
[21/02/2025 22:28:17][TRADE]NivlekNot traded 1x Wooden Hoe for 40x Ghast Tear in shop herreros on page "Page 81116"
[21/02/2025 23:55:05][TRADE]NivlekNot traded 1x Stone Hoe for 60x Ghast Tear in shop herreros on page "Page 81116"
[21/02/2025 23:55:05][TRADE]NivlekNot traded 1x Stone Hoe for 60x Ghast Tear in shop herreros on page "Page 81116"
[21/02/2025 23:59:38][TRADE]luiguiwar traded 1x Golden Hoe for 1x Ghast Tear in shop herreros on page "Page 73472"
[21/02/2025 23:59:39][TRADE]luiguiwar traded 1x Golden Hoe for 1x Ghast Tear in shop herreros on page "Page 73472"
[21/02/2025 23:59:40][TRADE]luiguiwar traded 1x Golden Hoe for 1x Ghast Tear in shop herreros on page "Page 73472"
