[23/02/2025 09:14:19][TRADE]NivlekNot traded 1x Golden Hoe for 1x Ghast Tear in shop herreros on page "Page 73472"
[23/02/2025 09:14:20][TRADE]NivlekNot traded 1x Golden Hoe for 1x Ghast Tear in shop herreros on page "Page 73472"
[23/02/2025 09:15:02][TRADE]NivlekNot traded 50x Ghast Tear for 1x Golden Hoe in shop herreros on page "Page 56594"
[23/02/2025 09:15:03][TRADE]NivlekNot traded 50x Ghast Tear for 1x Golden Hoe in shop herreros on page "Page 56594"
[23/02/2025 09:15:07][TRADE]NivlekNot traded 1x Golden Hoe for 1x Ghast Tear in shop herreros on page "Page 73472"
[23/02/2025 09:15:07][TRADE]NivlekNot traded 1x Golden Hoe for 1x Ghast Tear in shop herreros on page "Page 73472"
[23/02/2025 09:15:07][TRADE]NivlekNot traded 1x Golden Hoe for 1x Ghast Tear in shop herreros on page "Page 73472"
[23/02/2025 09:15:08][TRADE]NivlekNot traded 1x Golden Hoe for 1x Ghast Tear in shop herreros on page "Page 73472"
[23/02/2025 09:15:08][TRADE]NivlekNot traded 1x Golden Hoe for 1x Ghast Tear in shop herreros on page "Page 73472"
[23/02/2025 09:15:08][TRADE]NivlekNot traded 1x Golden Hoe for 1x Ghast Tear in shop herreros on page "Page 73472"
[23/02/2025 09:15:09][TRADE]NivlekNot traded 1x Golden Hoe for 1x Ghast Tear in shop herreros on page "Page 73472"
[23/02/2025 09:15:09][TRADE]NivlekNot traded 1x Golden Hoe for 1x Ghast Tear in shop herreros on page "Page 73472"
[23/02/2025 09:29:46][TRADE]NivlekNot traded 1x Diamond Hoe for 1x Ghast Tear,20x Ghast Tear in shop herreros on page "Page 80507"
[23/02/2025 09:29:47][TRADE]NivlekNot traded 1x Diamond Hoe for 1x Ghast Tear,20x Ghast Tear in shop herreros on page "Page 80507"
[23/02/2025 09:29:47][TRADE]NivlekNot traded 1x Diamond Hoe for 1x Ghast Tear,20x Ghast Tear in shop herreros on page "Page 80507"
[23/02/2025 09:29:49][TRADE]NivlekNot traded 1x Diamond Hoe for 1x Ghast Tear,20x Ghast Tear in shop herreros on page "Page 80507"
[23/02/2025 09:29:50][TRADE]NivlekNot traded 1x Diamond Hoe for 1x Ghast Tear,20x Ghast Tear in shop herreros on page "Page 80507"
[23/02/2025 09:29:51][TRADE]NivlekNot traded 1x Diamond Hoe for 1x Ghast Tear,20x Ghast Tear in shop herreros on page "Page 80507"
[23/02/2025 10:23:53][TRADE]NivlekNot traded 1x Netherite Hoe for 1x Ghast Tear,40x Ghast Tear in shop herreros on page "Page 80507"
[23/02/2025 10:23:54][TRADE]NivlekNot traded 1x Netherite Hoe for 1x Ghast Tear,40x Ghast Tear in shop herreros on page "Page 80507"
[23/02/2025 10:23:54][TRADE]NivlekNot traded 1x Netherite Hoe for 1x Ghast Tear,40x Ghast Tear in shop herreros on page "Page 80507"
[23/02/2025 10:23:54][TRADE]NivlekNot traded 1x Netherite Hoe for 1x Ghast Tear,40x Ghast Tear in shop herreros on page "Page 80507"
[23/02/2025 10:23:57][TRADE]NivlekNot traded 1x Diamond Hoe for 1x Ghast Tear,20x Ghast Tear in shop herreros on page "Page 80507"
[23/02/2025 10:26:16][TRADE]NivlekNot traded 1x Netherite Hoe for 1x Ghast Tear,40x Ghast Tear in shop herreros on page "Page 80507"
[23/02/2025 10:26:17][TRADE]NivlekNot traded 1x Netherite Hoe for 1x Ghast Tear,40x Ghast Tear in shop herreros on page "Page 80507"
[23/02/2025 10:26:19][TRADE]NivlekNot traded 1x Diamond Hoe for 1x Ghast Tear,20x Ghast Tear in shop herreros on page "Page 80507"
[23/02/2025 11:32:16][TRADE]NivlekNot traded 1x Netherite Hoe for 1x Ghast Tear,40x Ghast Tear in shop herreros on page "Page 80507"
[23/02/2025 11:32:16][TRADE]NivlekNot traded 1x Netherite Hoe for 1x Ghast Tear,40x Ghast Tear in shop herreros on page "Page 80507"
[23/02/2025 11:32:17][TRADE]NivlekNot traded 1x Netherite Hoe for 1x Ghast Tear,40x Ghast Tear in shop herreros on page "Page 80507"
[23/02/2025 11:32:17][TRADE]NivlekNot traded 1x Netherite Hoe for 1x Ghast Tear,40x Ghast Tear in shop herreros on page "Page 80507"
[23/02/2025 11:32:17][TRADE]NivlekNot traded 1x Netherite Hoe for 1x Ghast Tear,40x Ghast Tear in shop herreros on page "Page 80507"
[23/02/2025 11:32:18][TRADE]NivlekNot traded 1x Netherite Hoe for 1x Ghast Tear,40x Ghast Tear in shop herreros on page "Page 80507"
[23/02/2025 11:32:18][TRADE]NivlekNot traded 1x Netherite Hoe for 1x Ghast Tear,40x Ghast Tear in shop herreros on page "Page 80507"
[23/02/2025 11:32:19][TRADE]NivlekNot traded 1x Netherite Hoe for 1x Ghast Tear,40x Ghast Tear in shop herreros on page "Page 80507"
[23/02/2025 11:32:19][TRADE]NivlekNot traded 1x Netherite Hoe for 1x Ghast Tear,40x Ghast Tear in shop herreros on page "Page 80507"
[23/02/2025 11:32:19][TRADE]NivlekNot traded 1x Netherite Hoe for 1x Ghast Tear,40x Ghast Tear in shop herreros on page "Page 80507"
[23/02/2025 12:28:23][TRADE]NivlekNot traded 1x Netherite Hoe for 1x Ghast Tear,40x Ghast Tear in shop herreros on page "Page 80507"
[23/02/2025 12:28:23][TRADE]NivlekNot traded 1x Netherite Hoe for 1x Ghast Tear,40x Ghast Tear in shop herreros on page "Page 80507"
[23/02/2025 12:57:35][TRADE]NivlekNot traded 1x Netherite Hoe for 1x Ghast Tear,40x Ghast Tear in shop herreros on page "Page 80507"
[23/02/2025 12:57:35][TRADE]NivlekNot traded 1x Netherite Hoe for 1x Ghast Tear,40x Ghast Tear in shop herreros on page "Page 80507"
[23/02/2025 12:57:35][TRADE]NivlekNot traded 1x Netherite Hoe for 1x Ghast Tear,40x Ghast Tear in shop herreros on page "Page 80507"
[23/02/2025 12:57:36][TRADE]NivlekNot traded 1x Netherite Hoe for 1x Ghast Tear,40x Ghast Tear in shop herreros on page "Page 80507"
[23/02/2025 12:57:37][TRADE]NivlekNot traded 1x Netherite Hoe for 1x Ghast Tear,40x Ghast Tear in shop herreros on page "Page 80507"
[23/02/2025 12:57:37][TRADE]NivlekNot traded 1x Netherite Hoe for 1x Ghast Tear,40x Ghast Tear in shop herreros on page "Page 80507"
[23/02/2025 12:57:37][TRADE]NivlekNot traded 1x Netherite Hoe for 1x Ghast Tear,40x Ghast Tear in shop herreros on page "Page 80507"
[23/02/2025 12:57:38][TRADE]NivlekNot traded 1x Netherite Hoe for 1x Ghast Tear,40x Ghast Tear in shop herreros on page "Page 80507"
[23/02/2025 13:18:35][TRADE]NivlekNot traded 1x Netherite Hoe for 1x Ghast Tear,40x Ghast Tear in shop herreros on page "Page 80507"
[23/02/2025 13:18:35][TRADE]NivlekNot traded 1x Netherite Hoe for 1x Ghast Tear,40x Ghast Tear in shop herreros on page "Page 80507"
[23/02/2025 13:18:35][TRADE]NivlekNot traded 1x Netherite Hoe for 1x Ghast Tear,40x Ghast Tear in shop herreros on page "Page 80507"
[23/02/2025 13:18:35][TRADE]NivlekNot traded 1x Netherite Hoe for 1x Ghast Tear,40x Ghast Tear in shop herreros on page "Page 80507"
[23/02/2025 13:18:36][TRADE]NivlekNot traded 1x Netherite Hoe for 1x Ghast Tear,40x Ghast Tear in shop herreros on page "Page 80507"
[23/02/2025 13:18:36][TRADE]NivlekNot traded 1x Netherite Hoe for 1x Ghast Tear,40x Ghast Tear in shop herreros on page "Page 80507"
[23/02/2025 14:22:06][TRADE]NivlekNot traded 1x Netherite Hoe for 1x Ghast Tear,40x Ghast Tear in shop herreros on page "Page 80507"
[23/02/2025 14:22:06][TRADE]NivlekNot traded 1x Netherite Hoe for 1x Ghast Tear,40x Ghast Tear in shop herreros on page "Page 80507"
[23/02/2025 14:22:06][TRADE]NivlekNot traded 1x Netherite Hoe for 1x Ghast Tear,40x Ghast Tear in shop herreros on page "Page 80507"
[23/02/2025 14:22:07][TRADE]NivlekNot traded 1x Netherite Hoe for 1x Ghast Tear,40x Ghast Tear in shop herreros on page "Page 80507"
[23/02/2025 14:22:07][TRADE]NivlekNot traded 1x Netherite Hoe for 1x Ghast Tear,40x Ghast Tear in shop herreros on page "Page 80507"
[23/02/2025 14:37:50][TRADE]NivlekNot traded 1x Netherite Hoe for 1x Ghast Tear,40x Ghast Tear in shop herreros on page "Page 80507"
[23/02/2025 14:37:50][TRADE]NivlekNot traded 1x Netherite Hoe for 1x Ghast Tear,40x Ghast Tear in shop herreros on page "Page 80507"
[23/02/2025 14:37:51][TRADE]NivlekNot traded 1x Netherite Hoe for 1x Ghast Tear,40x Ghast Tear in shop herreros on page "Page 80507"
[23/02/2025 15:00:50][TRADE]NivlekNot traded 1x Netherite Hoe for 1x Ghast Tear,40x Ghast Tear in shop herreros on page "Page 80507"
[23/02/2025 15:00:50][TRADE]NivlekNot traded 1x Netherite Hoe for 1x Ghast Tear,40x Ghast Tear in shop herreros on page "Page 80507"
[23/02/2025 15:00:51][TRADE]NivlekNot traded 1x Netherite Hoe for 1x Ghast Tear,40x Ghast Tear in shop herreros on page "Page 80507"
[23/02/2025 15:00:51][TRADE]NivlekNot traded 1x Netherite Hoe for 1x Ghast Tear,40x Ghast Tear in shop herreros on page "Page 80507"
[23/02/2025 15:00:51][TRADE]NivlekNot traded 1x Netherite Hoe for 1x Ghast Tear,40x Ghast Tear in shop herreros on page "Page 80507"
[23/02/2025 15:16:48][TRADE]NivlekNot traded 1x Netherite Hoe for 1x Ghast Tear,40x Ghast Tear in shop herreros on page "Page 80507"
[23/02/2025 15:16:48][TRADE]NivlekNot traded 1x Netherite Hoe for 1x Ghast Tear,40x Ghast Tear in shop herreros on page "Page 80507"
[23/02/2025 15:16:48][TRADE]NivlekNot traded 1x Netherite Hoe for 1x Ghast Tear,40x Ghast Tear in shop herreros on page "Page 80507"
[23/02/2025 15:16:49][TRADE]NivlekNot traded 1x Netherite Hoe for 1x Ghast Tear,40x Ghast Tear in shop herreros on page "Page 80507"
[23/02/2025 16:19:11][TRADE]luiguiwar traded 1x Golden Hoe for 1x Ghast Tear in shop herreros on page "Page 73472"
[23/02/2025 16:19:11][TRADE]luiguiwar traded 1x Golden Hoe for 1x Ghast Tear in shop herreros on page "Page 73472"
[23/02/2025 16:19:11][TRADE]luiguiwar traded 1x Golden Hoe for 1x Ghast Tear in shop herreros on page "Page 73472"
[23/02/2025 16:19:12][TRADE]luiguiwar traded 1x Golden Hoe for 1x Ghast Tear in shop herreros on page "Page 73472"
[23/02/2025 16:55:02][TRADE]NivlekNot traded 1x Wooden Axe for 40x Ghast Tear in shop herreros on page "Page 81116"
[23/02/2025 16:55:03][TRADE]NivlekNot traded 1x Stone Axe for 60x Ghast Tear in shop herreros on page "Page 81116"
[23/02/2025 16:55:32][TRADE]luiguiwar traded 1x Golden Hoe for 1x Ghast Tear in shop herreros on page "Page 73472"
[23/02/2025 16:55:32][TRADE]luiguiwar traded 1x Golden Hoe for 1x Ghast Tear in shop herreros on page "Page 73472"
[23/02/2025 16:55:32][TRADE]luiguiwar traded 1x Golden Hoe for 1x Ghast Tear in shop herreros on page "Page 73472"
[23/02/2025 16:55:33][TRADE]luiguiwar traded 1x Golden Hoe for 1x Ghast Tear in shop herreros on page "Page 73472"
[23/02/2025 16:55:33][TRADE]luiguiwar traded 1x Golden Hoe for 1x Ghast Tear in shop herreros on page "Page 73472"
[23/02/2025 19:03:09][TRADE]Sanblaster traded 1x Wooden Sword for 2x Ghast Tear,50x Ghast Tear in shop herreros on page "Page 81116"
[23/02/2025 19:27:55][TRADE]Ghost_1390 traded 1x Stone Hoe for 60x Ghast Tear in shop herreros on page "Page 81116"
[23/02/2025 19:28:01][TRADE]Ghost_1390 traded 1x Wooden Hoe for 40x Ghast Tear in shop herreros on page "Page 81116"
[23/02/2025 22:01:07][TRADE]YudaxNot traded 1x Wooden Pickaxe for 40x Ghast Tear in shop herreros on page "Page 81116"
[23/02/2025 22:06:35][TRADE]YudaxNot traded 1x Wooden Pickaxe for 40x Ghast Tear in shop herreros on page "Page 81116"
[23/02/2025 22:06:35][TRADE]YudaxNot traded 1x Wooden Pickaxe for 40x Ghast Tear in shop herreros on page "Page 81116"
[23/02/2025 22:06:36][TRADE]YudaxNot traded 1x Wooden Pickaxe for 40x Ghast Tear in shop herreros on page "Page 81116"
[23/02/2025 22:06:36][TRADE]YudaxNot traded 1x Wooden Pickaxe for 40x Ghast Tear in shop herreros on page "Page 81116"
[23/02/2025 22:16:34][TRADE]YudaxNot traded 1x Wooden Pickaxe for 40x Ghast Tear in shop herreros on page "Page 81116"
[23/02/2025 22:16:36][TRADE]YudaxNot traded 1x Ghast Tear,25x Ghast Tear for 1x Wooden Pickaxe in shop herreros on page "Page 59271"
[23/02/2025 22:17:59][TRADE]YudaxNot traded 1x Wooden Pickaxe for 40x Ghast Tear in shop herreros on page "Page 81116"
[23/02/2025 22:18:00][TRADE]YudaxNot traded 1x Wooden Pickaxe for 40x Ghast Tear in shop herreros on page "Page 81116"
[23/02/2025 22:18:00][TRADE]YudaxNot traded 1x Wooden Pickaxe for 40x Ghast Tear in shop herreros on page "Page 81116"
[23/02/2025 22:18:00][TRADE]YudaxNot traded 1x Wooden Pickaxe for 40x Ghast Tear in shop herreros on page "Page 81116"
[23/02/2025 22:18:01][TRADE]YudaxNot traded 1x Wooden Pickaxe for 40x Ghast Tear in shop herreros on page "Page 81116"
[23/02/2025 22:18:01][TRADE]YudaxNot traded 1x Wooden Pickaxe for 40x Ghast Tear in shop herreros on page "Page 81116"
[23/02/2025 22:18:10][TRADE]YudaxNot traded 1x Ghast Tear,25x Ghast Tear for 1x Wooden Pickaxe in shop herreros on page "Page 59271"
[23/02/2025 22:18:10][TRADE]YudaxNot traded 1x Ghast Tear,25x Ghast Tear for 1x Wooden Pickaxe in shop herreros on page "Page 59271"
[23/02/2025 22:18:11][TRADE]YudaxNot traded 1x Ghast Tear,25x Ghast Tear for 1x Wooden Pickaxe in shop herreros on page "Page 59271"
[23/02/2025 22:18:11][TRADE]YudaxNot traded 1x Ghast Tear,25x Ghast Tear for 1x Wooden Pickaxe in shop herreros on page "Page 59271"
[23/02/2025 22:18:11][TRADE]YudaxNot traded 1x Ghast Tear,25x Ghast Tear for 1x Wooden Pickaxe in shop herreros on page "Page 59271"
[23/02/2025 22:18:12][TRADE]YudaxNot traded 1x Ghast Tear,25x Ghast Tear for 1x Wooden Pickaxe in shop herreros on page "Page 59271"
[23/02/2025 22:18:15][TRADE]YudaxNot traded 1x Wooden Pickaxe for 40x Ghast Tear in shop herreros on page "Page 81116"
[23/02/2025 22:18:15][TRADE]YudaxNot traded 1x Wooden Pickaxe for 40x Ghast Tear in shop herreros on page "Page 81116"
[23/02/2025 22:18:15][TRADE]YudaxNot traded 1x Wooden Pickaxe for 40x Ghast Tear in shop herreros on page "Page 81116"
[23/02/2025 22:18:16][TRADE]YudaxNot traded 1x Wooden Pickaxe for 40x Ghast Tear in shop herreros on page "Page 81116"
[23/02/2025 22:36:43][TRADE]YudaxNot traded 1x Stone Pickaxe for 60x Ghast Tear in shop herreros on page "Page 81116"
[23/02/2025 22:36:44][TRADE]YudaxNot traded 1x Stone Pickaxe for 60x Ghast Tear in shop herreros on page "Page 81116"
[23/02/2025 22:38:54][TRADE]YudaxNot traded 30x Ghast Tear for 1x Stone Pickaxe in shop herreros on page "Page 59271"
[23/02/2025 22:39:07][TRADE]YudaxNot traded 1x Wooden Pickaxe for 40x Ghast Tear in shop herreros on page "Page 81116"
