[19/02/2025 00:00:47][TRADE]Catoncio_1 traded 1x Iron Hoe for 80x Ghast Tear in shop herreros on page "Page 73472"
[19/02/2025 00:07:02][TRADE]Catoncio_1 traded 1x Shears for 7x Ghast Tear,50x Ghast Tear in shop herreros on page "Page 81116"
[19/02/2025 00:11:33][TRADE]Catoncio_1 traded 1x Chainmail Helmet for 7x Ghast Tear,50x Ghast Tear in shop herreros on page "Page 39551"
[19/02/2025 00:11:34][TRADE]Catoncio_1 traded 1x Chainmail Chestplate for 50x Ghast Tear,7x Ghast Tear in shop herreros on page "Page 39551"
[19/02/2025 00:11:35][TRADE]Catoncio_1 traded 1x Chainmail Leggings for 50x Ghast Tear,7x Ghast Tear in shop herreros on page "Page 39551"
[19/02/2025 00:11:35][TRADE]Catoncio_1 traded 1x Chainmail Boots for 50x Ghast Tear,7x Ghast Tear in shop herreros on page "Page 39551"
[19/02/2025 00:33:59][TRADE]TheEnderpro42 traded 1x Wooden Hoe for 40x Ghast Tear in shop herreros on page "Page 81116"
[19/02/2025 00:34:08][TRADE]TheEnderpro42 traded 1x Wooden Pickaxe for 40x Ghast Tear in shop herreros on page "Page 81116"
[19/02/2025 00:35:07][TRADE]TheEnderpro42 traded 1x Stone Hoe for 60x Ghast Tear in shop herreros on page "Page 81116"
[19/02/2025 01:07:36][TRADE]TheEnderpro42 traded 1x Stone Hoe for 60x Ghast Tear in shop herreros on page "Page 81116"
[19/02/2025 10:01:46][TRADE]TheEnderpro42 traded 1x Stone Hoe for 60x Ghast Tear in shop herreros on page "Page 81116"
[19/02/2025 10:48:33][TRADE]TheEnderpro42 traded 1x Stone Hoe for 60x Ghast Tear in shop herreros on page "Page 81116"
[19/02/2025 10:58:45][TRADE]TheEnderpro42 traded 1x Stone Hoe for 60x Ghast Tear in shop herreros on page "Page 81116"
[19/02/2025 10:58:46][TRADE]TheEnderpro42 traded 1x Stone Hoe for 60x Ghast Tear in shop herreros on page "Page 81116"
[19/02/2025 11:20:16][TRADE]TheEnderpro42 traded 1x Wooden Hoe for 40x Ghast Tear in shop herreros on page "Page 81116"
[19/02/2025 11:26:43][TRADE]TheEnderpro42 traded 1x Stone Hoe for 60x Ghast Tear in shop herreros on page "Page 81116"
[19/02/2025 12:20:39][TRADE]TheEnderpro42 traded 1x Stone Hoe for 60x Ghast Tear in shop herreros on page "Page 81116"
[19/02/2025 12:28:14][TRADE]TheEnderpro42 traded 1x Stone Hoe for 60x Ghast Tear in shop herreros on page "Page 81116"
[19/02/2025 12:28:32][TRADE]TheEnderpro42 traded 1x Stone Hoe for 60x Ghast Tear in shop herreros on page "Page 81116"
[19/02/2025 12:48:24][TRADE]TheEnderpro42 traded 1x Stone Hoe for 60x Ghast Tear in shop herreros on page "Page 81116"
[19/02/2025 13:37:44][TRADE]TheEnderpro42 traded 1x Iron Hoe for 80x Ghast Tear in shop herreros on page "Page 73472"
[19/02/2025 13:51:28][TRADE]TheEnderpro42 traded 1x Iron Hoe for 80x Ghast Tear in shop herreros on page "Page 73472"
[19/02/2025 13:51:29][TRADE]TheEnderpro42 traded 1x Iron Hoe for 80x Ghast Tear in shop herreros on page "Page 73472"
[19/02/2025 14:16:19][TRADE]TheEnderpro42 traded 1x Iron Hoe for 80x Ghast Tear in shop herreros on page "Page 73472"
[19/02/2025 14:16:20][TRADE]TheEnderpro42 traded 1x Iron Hoe for 80x Ghast Tear in shop herreros on page "Page 73472"
[19/02/2025 18:42:46][TRADE]TheEnderpro42 traded 1x Chainmail Helmet for 7x Ghast Tear,50x Ghast Tear in shop herreros on page "Page 39551"
[19/02/2025 18:42:49][TRADE]TheEnderpro42 traded 1x Chainmail Chestplate for 50x Ghast Tear,7x Ghast Tear in shop herreros on page "Page 39551"
[19/02/2025 18:43:05][TRADE]TheEnderpro42 traded 1x Chainmail Leggings for 50x Ghast Tear,7x Ghast Tear in shop herreros on page "Page 39551"
[19/02/2025 18:45:03][TRADE]TheEnderpro42 traded 1x Golden Hoe for 1x Ghast Tear in shop herreros on page "Page 73472"
[19/02/2025 18:45:06][TRADE]TheEnderpro42 traded 1x Golden Hoe for 1x Ghast Tear in shop herreros on page "Page 73472"
[19/02/2025 18:46:11][TRADE]TheEnderpro42 traded 1x Iron Hoe for 80x Ghast Tear in shop herreros on page "Page 73472"
[19/02/2025 18:46:12][TRADE]TheEnderpro42 traded 1x Iron Hoe for 80x Ghast Tear in shop herreros on page "Page 73472"
[19/02/2025 19:03:13][TRADE]TheEnderpro42 traded 1x Chainmail Boots for 50x Ghast Tear,7x Ghast Tear in shop herreros on page "Page 39551"
[19/02/2025 20:07:58][TRADE]zeta4401 traded 1x Stone Hoe for 60x Ghast Tear in shop herreros on page "Page 81116"
[19/02/2025 20:07:59][TRADE]zeta4401 traded 1x Stone Hoe for 60x Ghast Tear in shop herreros on page "Page 81116"
[19/02/2025 20:08:00][TRADE]zeta4401 traded 1x Stone Hoe for 60x Ghast Tear in shop herreros on page "Page 81116"
[19/02/2025 20:08:18][TRADE]zeta4401 traded 1x Stone Hoe for 60x Ghast Tear in shop herreros on page "Page 81116"
[19/02/2025 20:08:20][TRADE]zeta4401 traded 1x Stone Hoe for 60x Ghast Tear in shop herreros on page "Page 81116"
[19/02/2025 21:26:38][TRADE]zeta4401 traded 1x Stone Hoe for 60x Ghast Tear in shop herreros on page "Page 81116"
[19/02/2025 21:26:39][TRADE]zeta4401 traded 1x Stone Hoe for 60x Ghast Tear in shop herreros on page "Page 81116"
[19/02/2025 21:26:40][TRADE]zeta4401 traded 1x Stone Hoe for 60x Ghast Tear in shop herreros on page "Page 81116"
[19/02/2025 21:26:52][TRADE]zeta4401 traded 1x Stone Hoe for 60x Ghast Tear in shop herreros on page "Page 81116"
[19/02/2025 21:26:53][TRADE]zeta4401 traded 1x Stone Hoe for 60x Ghast Tear in shop herreros on page "Page 81116"
[19/02/2025 22:28:14][TRADE]zeta4401 traded 1x Wooden Sword for 2x Ghast Tear,50x Ghast Tear in shop herreros on page "Page 81116"
[19/02/2025 22:34:52][TRADE]zeta4401 traded 1x Ghast Tear,25x Ghast Tear for 1x Wooden Sword in shop herreros on page "Page 59271"
[19/02/2025 22:58:13][TRADE]zeta4401 traded 1x Iron Hoe for 80x Ghast Tear in shop herreros on page "Page 73472"
[19/02/2025 22:58:14][TRADE]zeta4401 traded 1x Iron Hoe for 80x Ghast Tear in shop herreros on page "Page 73472"
[19/02/2025 22:58:14][TRADE]zeta4401 traded 1x Iron Hoe for 80x Ghast Tear in shop herreros on page "Page 73472"
[19/02/2025 22:58:15][TRADE]zeta4401 traded 1x Iron Hoe for 80x Ghast Tear in shop herreros on page "Page 73472"
[19/02/2025 22:58:16][TRADE]zeta4401 traded 1x Iron Hoe for 80x Ghast Tear in shop herreros on page "Page 73472"
[19/02/2025 22:58:16][TRADE]zeta4401 traded 1x Iron Hoe for 80x Ghast Tear in shop herreros on page "Page 73472"
[19/02/2025 22:58:17][TRADE]zeta4401 traded 1x Iron Hoe for 80x Ghast Tear in shop herreros on page "Page 73472"
