[26/02/2025 04:38:37][TRADE]Molotove_ traded 1x Wooden Axe for 40x Ghast Tear in shop herreros on page "Page 81116"
[26/02/2025 05:01:30][TRADE]Molotove_ traded 1x Wooden Hoe for 40x Ghast Tear in shop herreros on page "Page 81116"
[26/02/2025 05:01:39][TRADE]Molotove_ traded 1x Stone Axe for 60x Ghast Tear in shop herreros on page "Page 81116"
[26/02/2025 10:32:05][TRADE]buykl traded 1x Ghast Tear,25x Ghast Tear for 1x Leather Helmet in shop herreros on page "Page 11692"
[26/02/2025 10:32:05][TRADE]buykl traded 1x Ghast Tear,25x Ghast Tear for 1x Leather Chestplate in shop herreros on page "Page 11692"
[26/02/2025 10:32:08][TRADE]buykl traded 1x Ghast Tear,25x Ghast Tear for 1x Leather Chestplate in shop herreros on page "Page 11692"
[26/02/2025 10:38:02][TRADE]buykl traded 3x Ghast Tear,75x Ghast Tear for 1x Chainmail Helmet in shop herreros on page "Page 11692"
[26/02/2025 10:38:02][TRADE]buykl traded 3x Ghast Tear,75x Ghast Tear for 1x Chainmail Chestplate in shop herreros on page "Page 11692"
[26/02/2025 10:38:08][TRADE]buykl traded 3x Ghast Tear,75x Ghast Tear for 1x Chainmail Chestplate in shop herreros on page "Page 11692"
[26/02/2025 10:38:17][TRADE]buykl traded 3x Ghast Tear,75x Ghast Tear for 1x Chainmail Leggings in shop herreros on page "Page 11692"
[26/02/2025 10:38:35][TRADE]buykl traded 3x Ghast Tear,75x Ghast Tear for 1x Chainmail Leggings in shop herreros on page "Page 11692"
[26/02/2025 10:42:12][TRADE]buykl traded 1x Ghast Tear,25x Ghast Tear for 1x Leather Helmet in shop herreros on page "Page 11692"
[26/02/2025 10:42:12][TRADE]buykl traded 1x Ghast Tear,25x Ghast Tear for 1x Leather Chestplate in shop herreros on page "Page 11692"
[26/02/2025 10:42:13][TRADE]buykl traded 1x Ghast Tear,25x Ghast Tear for 1x Leather Chestplate in shop herreros on page "Page 11692"
[26/02/2025 10:42:37][TRADE]buykl traded 1x Ghast Tear,25x Ghast Tear for 1x Leather Leggings in shop herreros on page "Page 11692"
[26/02/2025 10:42:38][TRADE]buykl traded 1x Ghast Tear,25x Ghast Tear for 1x Leather Leggings in shop herreros on page "Page 11692"
[26/02/2025 10:45:42][TRADE]buykl traded 3x Ghast Tear,75x Ghast Tear for 1x Chainmail Helmet in shop herreros on page "Page 11692"
[26/02/2025 10:46:00][TRADE]buykl traded 3x Ghast Tear,75x Ghast Tear for 1x Chainmail Leggings in shop herreros on page "Page 11692"
[26/02/2025 10:46:01][TRADE]buykl traded 3x Ghast Tear,75x Ghast Tear for 1x Chainmail Chestplate in shop herreros on page "Page 11692"
[26/02/2025 10:46:12][TRADE]buykl traded 3x Ghast Tear,75x Ghast Tear for 1x Chainmail Boots in shop herreros on page "Page 11692"
[26/02/2025 10:48:23][TRADE]buykl traded 3x Ghast Tear,75x Ghast Tear for 1x Chainmail Helmet in shop herreros on page "Page 11692"
[26/02/2025 10:48:35][TRADE]buykl traded 3x Ghast Tear,75x Ghast Tear for 1x Chainmail Leggings in shop herreros on page "Page 11692"
[26/02/2025 10:48:37][TRADE]buykl traded 3x Ghast Tear,75x Ghast Tear for 1x Chainmail Helmet in shop herreros on page "Page 11692"
[26/02/2025 10:48:38][TRADE]buykl traded 3x Ghast Tear,75x Ghast Tear for 1x Chainmail Boots in shop herreros on page "Page 11692"
[26/02/2025 10:53:26][TRADE]buykl traded 3x Ghast Tear,75x Ghast Tear for 1x Chainmail Helmet in shop herreros on page "Page 11692"
[26/02/2025 10:53:27][TRADE]buykl traded 3x Ghast Tear,75x Ghast Tear for 1x Chainmail Helmet in shop herreros on page "Page 11692"
[26/02/2025 10:53:28][TRADE]buykl traded 3x Ghast Tear,75x Ghast Tear for 1x Chainmail Boots in shop herreros on page "Page 11692"
[26/02/2025 10:53:29][TRADE]buykl traded 3x Ghast Tear,75x Ghast Tear for 1x Chainmail Chestplate in shop herreros on page "Page 11692"
[26/02/2025 10:53:33][TRADE]buykl traded 3x Ghast Tear,75x Ghast Tear for 1x Chainmail Leggings in shop herreros on page "Page 11692"
[26/02/2025 10:54:40][TRADE]buykl traded 3x Ghast Tear,75x Ghast Tear for 1x Chainmail Chestplate in shop herreros on page "Page 11692"
[26/02/2025 10:54:40][TRADE]buykl traded 3x Ghast Tear,75x Ghast Tear for 1x Chainmail Helmet in shop herreros on page "Page 11692"
[26/02/2025 10:55:07][TRADE]buykl traded 3x Ghast Tear,75x Ghast Tear for 1x Chainmail Chestplate in shop herreros on page "Page 11692"
[26/02/2025 10:57:54][TRADE]buykl traded 3x Ghast Tear,75x Ghast Tear for 1x Chainmail Helmet in shop herreros on page "Page 11692"
[26/02/2025 10:59:27][TRADE]buykl traded 3x Ghast Tear,75x Ghast Tear for 1x Chainmail Helmet in shop herreros on page "Page 11692"
[26/02/2025 11:00:20][TRADE]buykl traded 3x Ghast Tear,75x Ghast Tear for 1x Chainmail Boots in shop herreros on page "Page 11692"
[26/02/2025 11:00:21][TRADE]buykl traded 3x Ghast Tear,75x Ghast Tear for 1x Chainmail Leggings in shop herreros on page "Page 11692"
[26/02/2025 11:00:22][TRADE]buykl traded 3x Ghast Tear,75x Ghast Tear for 1x Chainmail Chestplate in shop herreros on page "Page 11692"
[26/02/2025 11:03:38][TRADE]buykl traded 1x Ghast Tear,25x Ghast Tear for 1x Leather Boots in shop herreros on page "Page 11692"
[26/02/2025 11:03:38][TRADE]buykl traded 1x Ghast Tear,25x Ghast Tear for 1x Leather Leggings in shop herreros on page "Page 11692"
[26/02/2025 11:03:39][TRADE]buykl traded 1x Ghast Tear,25x Ghast Tear for 1x Leather Chestplate in shop herreros on page "Page 11692"
[26/02/2025 11:03:39][TRADE]buykl traded 1x Ghast Tear,25x Ghast Tear for 1x Leather Helmet in shop herreros on page "Page 11692"
[26/02/2025 11:08:11][TRADE]buykl traded 3x Ghast Tear,75x Ghast Tear for 1x Chainmail Helmet in shop herreros on page "Page 11692"
[26/02/2025 11:08:22][TRADE]buykl traded 3x Ghast Tear,75x Ghast Tear for 1x Chainmail Chestplate in shop herreros on page "Page 11692"
[26/02/2025 11:08:31][TRADE]buykl traded 3x Ghast Tear,75x Ghast Tear for 1x Chainmail Leggings in shop herreros on page "Page 11692"
[26/02/2025 11:10:01][TRADE]buykl traded 3x Ghast Tear,75x Ghast Tear for 1x Chainmail Boots in shop herreros on page "Page 11692"
[26/02/2025 11:10:02][TRADE]buykl traded 3x Ghast Tear,75x Ghast Tear for 1x Chainmail Chestplate in shop herreros on page "Page 11692"
[26/02/2025 11:10:03][TRADE]buykl traded 3x Ghast Tear,75x Ghast Tear for 1x Chainmail Helmet in shop herreros on page "Page 11692"
[26/02/2025 11:10:04][TRADE]buykl traded 1x Ghast Tear,25x Ghast Tear for 1x Leather Helmet in shop herreros on page "Page 11692"
[26/02/2025 11:12:06][TRADE]buykl traded 1x Ghast Tear,25x Ghast Tear for 1x Leather Helmet in shop herreros on page "Page 11692"
[26/02/2025 11:12:06][TRADE]buykl traded 1x Ghast Tear,25x Ghast Tear for 1x Leather Chestplate in shop herreros on page "Page 11692"
[26/02/2025 11:12:06][TRADE]buykl traded 1x Ghast Tear,25x Ghast Tear for 1x Leather Leggings in shop herreros on page "Page 11692"
[26/02/2025 11:17:02][TRADE]buykl traded 1x Ghast Tear,25x Ghast Tear for 1x Leather Helmet in shop herreros on page "Page 11692"
[26/02/2025 11:17:02][TRADE]buykl traded 1x Ghast Tear,25x Ghast Tear for 1x Leather Chestplate in shop herreros on page "Page 11692"
[26/02/2025 11:17:02][TRADE]buykl traded 1x Ghast Tear,25x Ghast Tear for 1x Leather Leggings in shop herreros on page "Page 11692"
[26/02/2025 11:17:03][TRADE]buykl traded 1x Ghast Tear,25x Ghast Tear for 1x Leather Boots in shop herreros on page "Page 11692"
[26/02/2025 11:21:56][TRADE]buykl traded 3x Ghast Tear,75x Ghast Tear for 1x Chainmail Helmet in shop herreros on page "Page 11692"
[26/02/2025 11:21:56][TRADE]buykl traded 3x Ghast Tear,75x Ghast Tear for 1x Chainmail Chestplate in shop herreros on page "Page 11692"
[26/02/2025 11:21:56][TRADE]buykl traded 3x Ghast Tear,75x Ghast Tear for 1x Chainmail Leggings in shop herreros on page "Page 11692"
[26/02/2025 11:21:57][TRADE]buykl traded 3x Ghast Tear,75x Ghast Tear for 1x Chainmail Boots in shop herreros on page "Page 11692"
[26/02/2025 11:21:58][TRADE]buykl traded 3x Ghast Tear,75x Ghast Tear for 1x Chainmail Chestplate in shop herreros on page "Page 11692"
[26/02/2025 11:21:58][TRADE]buykl traded 3x Ghast Tear,75x Ghast Tear for 1x Chainmail Helmet in shop herreros on page "Page 11692"
[26/02/2025 11:21:59][TRADE]buykl traded 3x Ghast Tear,75x Ghast Tear for 1x Chainmail Helmet in shop herreros on page "Page 11692"
[26/02/2025 12:49:19][TRADE]buykl traded 30x Ghast Tear for 1x Stone Axe in shop herreros on page "Page 59271"
[26/02/2025 12:49:26][TRADE]buykl traded 40x Ghast Tear for 1x Iron Pickaxe in shop herreros on page "Page 56594"
[26/02/2025 12:57:35][TRADE]buykl traded 3x Ghast Tear,75x Ghast Tear for 1x Chainmail Helmet in shop herreros on page "Page 11692"
[26/02/2025 12:57:35][TRADE]buykl traded 3x Ghast Tear,75x Ghast Tear for 1x Chainmail Chestplate in shop herreros on page "Page 11692"
[26/02/2025 12:57:36][TRADE]buykl traded 3x Ghast Tear,75x Ghast Tear for 1x Chainmail Leggings in shop herreros on page "Page 11692"
[26/02/2025 12:57:36][TRADE]buykl traded 3x Ghast Tear,75x Ghast Tear for 1x Chainmail Boots in shop herreros on page "Page 11692"
[26/02/2025 13:01:45][TRADE]buykl traded 3x Ghast Tear,75x Ghast Tear for 1x Chainmail Boots in shop herreros on page "Page 11692"
[26/02/2025 13:01:45][TRADE]buykl traded 3x Ghast Tear,75x Ghast Tear for 1x Chainmail Leggings in shop herreros on page "Page 11692"
[26/02/2025 13:01:45][TRADE]buykl traded 3x Ghast Tear,75x Ghast Tear for 1x Chainmail Chestplate in shop herreros on page "Page 11692"
[26/02/2025 13:01:46][TRADE]buykl traded 3x Ghast Tear,75x Ghast Tear for 1x Chainmail Helmet in shop herreros on page "Page 11692"
[26/02/2025 13:07:00][TRADE]buykl traded 3x Ghast Tear,75x Ghast Tear for 1x Chainmail Boots in shop herreros on page "Page 11692"
[26/02/2025 13:07:00][TRADE]buykl traded 3x Ghast Tear,75x Ghast Tear for 1x Chainmail Leggings in shop herreros on page "Page 11692"
[26/02/2025 13:07:00][TRADE]buykl traded 3x Ghast Tear,75x Ghast Tear for 1x Chainmail Chestplate in shop herreros on page "Page 11692"
[26/02/2025 13:07:01][TRADE]buykl traded 3x Ghast Tear,75x Ghast Tear for 1x Chainmail Helmet in shop herreros on page "Page 11692"
[26/02/2025 13:08:22][TRADE]buykl traded 3x Ghast Tear,75x Ghast Tear for 1x Chainmail Boots in shop herreros on page "Page 11692"
[26/02/2025 13:08:23][TRADE]buykl traded 3x Ghast Tear,75x Ghast Tear for 1x Chainmail Leggings in shop herreros on page "Page 11692"
[26/02/2025 13:08:23][TRADE]buykl traded 3x Ghast Tear,75x Ghast Tear for 1x Chainmail Chestplate in shop herreros on page "Page 11692"
[26/02/2025 13:08:23][TRADE]buykl traded 3x Ghast Tear,75x Ghast Tear for 1x Chainmail Helmet in shop herreros on page "Page 11692"
[26/02/2025 13:18:53][TRADE]buykl traded 3x Ghast Tear,75x Ghast Tear for 1x Chainmail Helmet in shop herreros on page "Page 11692"
[26/02/2025 13:18:54][TRADE]buykl traded 3x Ghast Tear,75x Ghast Tear for 1x Chainmail Helmet in shop herreros on page "Page 11692"
[26/02/2025 13:18:54][TRADE]buykl traded 3x Ghast Tear,75x Ghast Tear for 1x Chainmail Chestplate in shop herreros on page "Page 11692"
[26/02/2025 13:18:55][TRADE]buykl traded 3x Ghast Tear,75x Ghast Tear for 1x Chainmail Chestplate in shop herreros on page "Page 11692"
[26/02/2025 13:18:55][TRADE]buykl traded 3x Ghast Tear,75x Ghast Tear for 1x Chainmail Leggings in shop herreros on page "Page 11692"
[26/02/2025 13:18:56][TRADE]buykl traded 3x Ghast Tear,75x Ghast Tear for 1x Chainmail Leggings in shop herreros on page "Page 11692"
[26/02/2025 13:18:56][TRADE]buykl traded 3x Ghast Tear,75x Ghast Tear for 1x Chainmail Boots in shop herreros on page "Page 11692"
[26/02/2025 13:18:57][TRADE]buykl traded 3x Ghast Tear,75x Ghast Tear for 1x Chainmail Boots in shop herreros on page "Page 11692"
[26/02/2025 19:41:01][TRADE]YudaxNot traded 1x Wooden Pickaxe for 40x Ghast Tear in shop herreros on page "Page 81116"
[26/02/2025 19:42:55][TRADE]NivlekNot traded 1x Diamond Helmet for 37x Ghast Tear,50x Ghast Tear in shop herreros on page "Page 93756"
[26/02/2025 19:52:30][TRADE]RKurai_ traded 1x Chainmail Leggings for 50x Ghast Tear,7x Ghast Tear in shop herreros on page "Page 39551"
